0.0 275
0.520364 274
1.575134 273
2.336789 272
2.954748 271
3.369964 270
3.861828 269
4.537743 268
4.942827 267
5.434727 266
5.753651 265
6.101139 264
6.44338 263
6.782811 262
7.011546 261
7.487573 260
7.830858 259
8.325318 258
8.670975 257
8.853007 256
9.25749 255
9.51076 254
9.790177 253
10.171274 252
10.565516 251
10.796797 250
11.190033 249
11.579941 248
11.966868 247
12.219211 246
12.700024 245
13.143227 244
13.415818 243
13.896479 242
14.183502 241
14.617872 240
14.87815 239
15.222687 238
15.48871 237
15.940328 236
16.199377 235
16.478155 234
16.772437 233
16.947955 232
17.372811 231
17.574766 230
17.898766 229
18.201341 228
18.441895 227
18.898092 226
19.333044 225
19.430778 224
19.963609 223
20.2637 222
20.643639 221
20.9129 220
21.159526 219
21.50611 218
21.751361 217
22.087664 216
22.422747 215
22.706692 214
22.824001 213
23.197327 212
23.473612 211
23.715856 210
24.020448 209
24.12351 208
24.418483 207
24.590635 206
24.807227 205
25.123886 204
25.206258 203
25.505267 202
25.786411 201
26.077197 200
26.31166 199
26.499817 198
