0.0 209
1.861008 208
3.476469 207
4.62332 206
5.675139 205
6.593737 204
7.750577 203
8.59697 202
9.445086 201
10.309931 200
11.277859 199
12.210578 198
13.070657 197
14.068699 196
15.069218 195
15.826187 194
16.715313 193
17.631308 192
18.530736 191
19.602757 190
20.550093 189
21.2478 188
22.117878 187
23.070588 186
23.94079 185
24.659518 184
25.427126 183
26.254848 182
26.665583 181
27.257563 180
27.870535 179
28.609952 178
29.156354 177
29.784006 176
30.309896 175
30.879776 174
31.51347 173
32.128255 172
32.664569 171
33.292981 170
34.0614 169
34.604323 168
35.093906 167
35.665397 166
36.191969 165
36.726289 164
37.29437 163
37.718642 162
38.265931 161
38.80164 160
39.300283 159
39.750671 158
40.184981 157
40.540455 156
40.926311 155
41.376791 154
41.761151 153
42.175229 152
42.53886 151
42.918885 150
