0.0 543
0.781642 542
1.850025 541
3.129921 540
3.625757 539
4.220696 538
4.808957 537
5.45443 536
5.933939 535
6.582558 534
7.073351 533
7.676132 532
8.195971 531
8.638198 530
9.043075 529
9.597756 528
9.931192 527
10.494233 526
10.899561 525
11.442612 524
11.978421 523
12.552833 522
12.969097 521
13.525206 520
14.09151 519
14.460884 518
15.131296 517
15.730067 516
16.114102 515
16.494423 514
16.917292 513
17.388745 512
17.824246 511
18.325341 510
19.152489 509
19.655851 508
20.07831 507
20.695637 506
21.089053 505
21.395732 504
22.029303 503
22.51233 502
22.900091 501
23.34187 500
23.85868 499
24.243955 498
24.643673 497
25.065787 496
25.460271 495
25.846987 494
26.31798 493
26.69671 492
27.079974 491
27.369602 490
27.703374 489
28.075475 488
28.394644 487
28.806061 486
29.129803 485
29.467002 484
29.797397 483
30.129227 482
30.446543 481
30.776425 480
31.038331 479
31.327119 478
31.719664 477
32.089209 476
32.42808 475
32.760683 474
33.017073 473
33.501066 472
33.742262 471
34.181873 470
34.521139 469
34.868152 468
35.139018 467
35.402421 466
35.687012 465
36.017356 464
36.328157 463
36.631445 462
36.933517 461
37.197381 460
37.489029 459
37.787266 458
38.111873 457
38.395971 456
38.66831 455
38.917652 454
39.197206 453
39.446534 452
39.76124 451
39.984872 450
40.298058 449
40.551862 448
40.892997 447
41.234548 446
41.451736 445
41.592063 444
41.8116 443
42.005083 442
42.212912 441
42.44505 440
42.662558 439
42.856939 438
43.066297 437
43.271975 436
43.4934 435
43.66428 434
43.896888 433
44.045634 432
44.149643 431
44.449271 430
44.578656 429
44.800627 428
44.835585 427
45.114908 426
45.244042 425
45.326789 424
45.485222 423
45.599636 422
45.720258 421
45.862526 420
45.942332 419
45.97752 418
46.157213 417
46.249163 416
46.394452 415
46.498214 414
46.548838 413
46.582646 412
46.680504 411
46.780156 410
46.945623 409
46.979018 408
47.064209 407
47.139625 406
47.23936 405
47.272083 404
47.341288 403
47.411948 402
47.446156 401
47.527866 400
47.579279 399
47.643294 398
47.681827 397
47.729695 396
47.76363 395
47.796183 394
47.828371 393
