0.0 327
3.311647 326
5.376201 325
7.502132 324
9.423215 323
11.06949 322
13.152707 321
14.680399 320
16.444143 319
17.909081 318
19.580979 317
20.957428 316
22.914465 315
24.756082 314
26.482639 313
28.294394 312
29.669697 311
31.328613 310
33.306295 309
35.148106 308
36.840227 307
38.504582 306
39.984175 305
41.567204 304
42.938838 303
44.495215 302
46.117524 301
47.601212 300
48.880431 299
49.834563 298
50.569793 297
51.456193 296
52.494446 295
53.19354 294
54.171893 293
54.811052 292
55.461686 291
56.153182 290
57.096412 289
58.269838 288
59.024108 287
59.840104 286
60.771089 285
61.721857 284
62.732052 283
63.788374 282
64.673771 281
65.58933 280
66.397223 279
67.231746 278
68.041605 277
68.907357 276
69.903688 275
70.826026 274
71.594766 273
72.500501 272
73.387989 271
74.270649 270
75.143058 269
76.001427 268
76.862752 267
77.616274 266
78.255321 265
79.036108 264
79.821739 263
80.573092 262
81.209315 261
81.706022 260
82.226239 259
82.676152 258
83.273771 257
83.863726 256
84.289685 255
85.387979 254
85.684221 253
85.994443 252
86.311767 251
86.541532 250
86.804796 249
87.022343 248
87.221003 247
87.435769 246
87.605451 245
87.831567 244
87.956876 243
88.10786 242
88.272968 241
88.56947 240
88.664908 239
88.787988 238
88.922347 237
89.009524 236
