0.0 311
1.140605 310
1.913342 309
2.811502 308
3.357918 307
4.133318 306
5.042196 305
5.707431 304
6.355385 303
7.25565 302
8.031936 301
8.824247 300
9.610001 299
10.280493 298
11.102854 297
11.934689 296
12.853344 295
13.507487 294
14.215073 293
14.854333 292
15.517191 291
16.397019 290
17.003181 289
17.925866 288
18.486616 287
19.18031 286
19.775607 285
20.448329 284
21.152176 283
21.706049 282
22.288916 281
22.907619 280
23.495588 279
24.237815 278
24.67442 277
25.172217 276
25.704257 275
26.220694 274
26.816225 273
27.210269 272
27.77902 271
28.147073 270
28.622607 269
29.049464 268
29.564588 267
30.069935 266
30.610326 265
31.040386 264
31.677003 263
32.106813 262
32.572594 261
33.038366 260
33.352727 259
33.874069 258
34.388634 257
34.748334 256
35.16743 255
35.496761 254
36.006085 253
36.376546 252
36.711467 251
37.139377 250
37.498205 249
37.914003 248
38.309277 247
38.682598 246
39.012541 245
39.363123 244
39.626598 243
40.045604 242
40.344306 241
40.641934 240
40.872201 239
41.208361 238
41.507337 237
41.782313 236
42.100207 235
42.292645 234
