0.0 269
0.519762 268
1.058118 267
1.640265 266
2.060112 265
2.467512 264
2.881385 263
3.245531 262
3.595128 261
3.912758 260
4.264279 259
4.577056 258
4.854553 257
5.175409 256
5.459319 255
5.837563 254
6.048921 253
6.509269 252
6.845359 251
7.224378 250
7.694135 249
7.994865 248
8.332554 247
8.68177 246
9.127212 245
9.497107 244
9.908469 243
10.266822 242
10.666627 241
11.017485 240
11.244083 239
11.481955 238
11.808614 237
12.265622 236
12.547715 235
12.929785 234
13.298949 233
13.495119 232
13.74044 231
14.009271 230
14.381658 229
14.659304 228
14.986229 227
15.245923 226
15.506397 225
15.931881 224
16.096858 223
16.545933 222
16.997496 221
17.310053 220
17.681701 219
17.911514 218
18.296675 217
18.555207 216
18.771243 215
19.110768 214
19.291472 213
19.593157 212
19.941448 211
20.171136 210
20.496699 209
20.750974 208
20.881173 207
21.260066 206
21.576807 205
21.760561 204
21.915827 203
22.206661 202
22.230751 201
22.571844 200
22.811295 199
23.014006 198
23.153634 197
23.397302 196
23.566841 195
23.864337 194
