0.0 203
2.004557 202
2.958156 201
4.071546 200
5.045611 199
6.190439 198
7.048958 197
8.129376 196
9.030577 195
9.909139 194
10.931327 193
11.846976 192
12.637707 191
13.375364 190
14.331757 189
15.219956 188
16.095092 187
17.194043 186
18.196611 185
19.078013 184
20.025563 183
20.33575 182
21.357384 181
22.239754 180
22.958496 179
23.705639 178
24.318658 177
25.099792 176
25.748855 175
26.362102 174
26.946418 173
27.51664 172
28.145009 171
28.625034 170
29.060794 169
29.721138 168
30.280639 167
30.812865 166
31.415987 165
31.982686 164
32.378592 163
32.811805 162
33.34304 161
33.759993 160
34.304423 159
34.814753 158
35.252153 157
35.738066 156
36.199369 155
36.705861 154
37.084407 153
37.656556 152
38.090649 151
38.465143 150
38.86737 149
