0.0 269
1.15247 268
1.804723 267
2.188609 266
2.672005 265
3.140047 264
3.604032 263
3.893073 262
4.199698 261
4.676483 260
4.794733 259
5.271967 258
5.794203 257
6.167569 256
6.600372 255
6.904512 254
7.113113 253
7.505309 252
7.831976 251
8.217923 250
8.637938 249
8.914243 248
9.317572 247
9.731941 246
9.966977 245
10.531997 244
11.053307 243
11.36656 242
11.661375 241
11.949688 240
12.195224 239
12.518737 238
12.850996 237
13.073355 236
13.473596 235
13.927646 234
14.381023 233
14.593275 232
14.846317 231
15.198597 230
15.541583 229
15.812312 228
16.082561 227
16.350205 226
16.631676 225
17.137305 224
17.327976 223
17.707251 222
18.0353 221
18.363994 220
18.665388 219
18.897966 218
19.201877 217
19.490453 216
19.753505 215
20.019544 214
20.285831 213
20.594416 212
20.855317 211
21.213359 210
21.496681 209
21.725902 208
22.059315 207
22.226902 206
22.527608 205
22.724591 204
22.981248 203
23.240773 202
23.5201 201
23.728848 200
24.001622 199
24.25723 198
24.469336 197
24.701558 196
