0.0 528
1.127833 527
3.736132 526
6.844596 525
7.408459 524
8.753622 523
10.183859 522
11.569632 521
12.905043 520
13.7605 519
15.04988 518
15.792487 517
16.923554 516
17.874093 515
19.055665 514
19.913348 513
20.73373 512
21.755967 511
22.906365 510
23.643313 509
24.853205 508
25.933485 507
26.684512 506
27.962101 505
28.80051 504
29.601361 503
30.588113 502
31.512731 501
32.572773 500
33.663188 499
34.704145 498
35.547692 497
36.410547 496
37.260397 495
38.224627 494
39.08574 493
40.354529 492
41.603634 491
42.941838 490
43.801645 489
44.765878 488
45.493188 487
46.660384 486
47.604333 485
48.373351 484
49.259413 483
50.145402 482
51.193222 481
52.145007 480
52.868738 479
53.622239 478
54.209718 477
54.75445 476
55.2053 475
55.579252 474
55.97108 473
56.694905 472
57.152264 471
57.632876 470
58.11913 469
58.634584 468
59.034422 467
59.489325 466
59.946331 465
60.260254 464
60.689519 463
61.163716 462
61.784586 461
62.452644 460
62.905783 459
63.512513 458
64.065706 457
64.614801 456
65.038888 455
65.439553 454
66.099673 453
66.446415 452
67.314917 451
67.68354 450
68.381126 449
69.101977 448
69.558345 447
70.046766 446
70.483452 445
70.926366 444
71.436688 443
71.981875 442
72.253193 441
72.905697 440
73.40905 439
73.893211 438
74.731834 437
75.270318 436
75.848493 435
76.200859 434
76.684415 433
77.248739 432
77.778787 431
78.182613 430
78.797969 429
79.424944 428
80.004218 427
80.422518 426
80.847568 425
81.344028 424
81.901043 423
82.388737 422
82.790168 421
83.279343 420
83.698144 419
84.019098 418
84.483221 417
84.983429 416
85.39172 415
85.782183 414
85.999479 413
86.462567 412
86.726608 411
87.022841 410
87.344348 409
87.652026 408
88.014046 407
88.318911 406
88.552693 405
89.030701 404
89.452097 403
