0.0 210
2.764191 209
6.715741 208
9.032278 207
11.553185 206
13.913914 205
16.46675 204
18.544709 203
20.060655 202
21.878562 201
23.666657 200
25.769398 199
27.899791 198
29.506345 197
31.71151 196
33.616299 195
35.694776 194
37.643276 193
39.519861 192
41.627481 191
43.617617 190
45.546162 189
47.466724 188
49.074385 187
50.77628 186
52.653604 185
53.904035 184
54.797578 183
55.841023 182
57.089296 181
57.960454 180
58.772596 179
59.540164 178
60.517278 177
61.587323 176
62.689974 175
63.486788 174
64.66042 173
65.799146 172
67.094788 171
68.092692 170
69.44058 169
69.990511 168
70.930326 167
71.664988 166
72.518894 165
73.274154 164
74.483029 163
75.496235 162
76.354011 161
77.350711 160
78.223665 159
79.131533 158
79.937154 157
80.973945 156
81.637953 155
82.379531 154
83.125176 153
83.762782 152
84.70397 151
