0.0 271
0.226065 270
1.007817 269
1.578968 268
2.245207 267
2.971485 266
3.671111 265
4.438733 264
4.532535 263
5.082322 262
5.667513 261
6.092283 260
6.452328 259
6.860309 258
7.208545 257
7.617464 256
7.841039 255
8.33887 254
8.680701 253
9.019094 252
9.26375 251
9.688497 250
9.900181 249
10.2214 248
10.596657 247
11.003141 246
11.25547 245
11.662779 244
11.992611 243
12.23941 242
12.727777 241
12.933261 240
13.361601 239
13.675049 238
13.968765 237
14.438823 236
14.808198 235
15.123123 234
15.3793 233
15.691828 232
16.051263 231
16.318471 230
16.645965 229
16.842692 228
17.196945 227
17.512328 226
17.708957 225
18.011745 224
18.323877 223
18.68628 222
19.001683 221
19.230081 220
19.760824 219
20.067587 218
20.093343 217
20.418606 216
20.87536 215
21.069314 214
21.420391 213
21.681175 212
22.019855 211
22.25649 210
22.527844 209
22.653355 208
23.061307 207
23.210734 206
23.235274 205
23.568449 204
23.836159 203
24.109801 202
24.364472 201
24.609566 200
24.889233 199
25.041762 198
25.394947 197
25.597811 196
25.789845 195
25.940987 194
