0.0 330
4.800525 329
7.500412 328
9.954271 327
11.75222 326
13.592732 325
15.456227 324
17.609609 323
19.138594 322
20.685235 321
22.207681 320
24.033471 319
25.824929 318
27.809684 317
29.446969 316
31.411117 315
33.517961 314
35.412075 313
37.526837 312
39.329338 311
41.169681 310
42.924291 309
44.350316 308
46.126052 307
47.812219 306
49.051964 305
50.376439 304
52.073285 303
53.366326 302
54.304345 301
55.048907 300
55.777199 299
56.661341 298
57.373421 297
58.105602 296
58.930641 295
59.717334 294
60.383398 293
61.689635 292
62.655425 291
63.586904 290
64.412489 289
65.358239 288
66.548869 287
67.571997 286
68.468701 285
69.49039 284
70.415754 283
71.311282 282
72.170158 281
72.943222 280
74.094881 279
74.907553 278
75.788253 277
76.715192 276
77.511904 275
78.43239 274
79.478791 273
80.235211 272
80.959368 271
81.764703 270
82.413478 269
83.307613 268
84.138763 267
84.938846 266
85.507801 265
86.080641 264
86.666609 263
87.220765 262
87.629546 261
88.218028 260
88.777599 259
89.462562 258
89.735139 257
90.089144 256
90.347594 255
90.60557 254
90.876635 253
91.13361 252
91.360663 251
91.575902 250
91.75409 249
91.978951 248
92.132384 247
92.246312 246
92.402638 245
92.500291 244
92.599169 243
92.717716 242
92.817308 241
92.947292 240
93.023438 239
93.10256 238
93.182934 237
