0.0 276
0.765226 275
1.149391 274
1.553529 273
2.099384 272
2.688891 271
3.01042 270
3.376099 269
3.769021 268
4.167268 267
4.481026 266
4.968023 265
5.319679 264
5.655261 263
5.928652 262
6.353743 261
6.803402 260
7.14074 259
7.27289 258
7.894675 257
8.119003 256
8.471772 255
8.868252 254
9.282616 253
9.677345 252
10.089798 251
10.405751 250
10.759895 249
11.095158 248
11.462986 247
11.857815 246
12.149799 245
12.513396 244
12.69158 243
13.142637 242
13.385977 241
13.680522 240
13.961372 239
14.326438 238
14.644697 237
14.920522 236
15.224801 235
15.493547 234
15.7893 233
16.314401 232
16.727766 231
17.01154 230
17.406349 229
17.71673 228
17.983669 227
18.190204 226
18.568675 225
18.815747 224
19.157368 223
19.520639 222
19.74006 221
20.0353 220
20.36304 219
20.579221 218
20.83999 217
21.078478 216
21.442126 215
21.708367 214
21.91447 213
22.150283 212
22.31818 211
22.628435 210
22.890918 209
23.109514 208
23.478165 207
23.653789 206
23.882863 205
24.110749 204
24.339157 203
24.55571 202
24.770723 201
24.86893 200
25.062664 199
25.278395 198
25.506462 197
