0.0 540
0.933182 539
1.591051 538
2.312858 537
2.825517 536
3.292057 535
3.834661 534
4.326446 533
4.943329 532
5.358608 531
5.867247 530
6.419592 529
6.886081 528
7.480724 527
7.975011 526
8.503879 525
8.947838 524
9.352609 523
10.058795 522
10.475699 521
10.921365 520
11.566394 519
11.9647 518
12.553523 517
13.057854 516
13.556669 515
13.943252 514
14.529105 513
14.9931 512
15.482578 511
16.153204 510
16.666674 509
17.23853 508
17.545714 507
18.136361 506
18.604735 505
19.061803 504
19.539518 503
19.900748 502
20.40032 501
20.850364 500
21.162023 499
21.705784 498
21.8211 497
22.363479 496
22.665 495
23.116793 494
23.600531 493
23.975287 492
24.409475 491
24.755932 490
25.087066 489
25.450278 488
25.83267 487
26.185254 486
26.527253 485
26.767887 484
26.982785 483
27.360199 482
27.759634 481
28.025224 480
28.269066 479
28.655604 478
28.875147 477
29.155273 476
29.399916 475
29.805331 474
30.082109 473
30.485521 472
30.845425 471
31.12058 470
31.395386 469
31.865438 468
32.091432 467
32.392951 466
32.782175 465
33.100871 464
33.438891 463
33.70644 462
34.080897 461
34.305659 460
34.598355 459
34.828267 458
35.139659 457
35.39124 456
35.640124 455
35.965992 454
36.252273 453
36.56002 452
36.826073 451
37.099423 450
37.343358 449
37.566663 448
37.84786 447
38.141998 446
38.385307 445
38.670276 444
38.917029 443
39.124406 442
39.329082 441
39.571489 440
39.807391 439
39.995982 438
40.273132 437
40.52412 436
40.712962 435
40.923862 434
41.143515 433
41.297321 432
41.514398 431
41.705692 430
41.905147 429
42.061138 428
42.125028 427
42.160716 426
42.505712 425
42.723679 424
42.861523 423
42.96621 422
43.027815 421
43.184737 420
43.276302 419
43.407859 418
43.443163 417
43.583353 416
43.645164 415
43.753493 414
43.891401 413
43.925649 412
44.031921 411
44.086512 410
44.174689 409
44.310216 408
44.386631 407
44.504576 406
44.571621 405
44.644893 404
44.711723 403
44.780223 402
44.837407 401
44.901047 400
44.966882 399
