0.0 527
0.941775 526
1.882823 525
2.679616 524
3.387019 523
3.939375 522
4.337574 521
4.83283 520
5.306963 519
5.598793 518
6.109992 517
6.560744 516
7.097684 515
7.709756 514
8.020183 513
8.641791 512
9.1606 511
9.653618 510
10.099144 509
10.74223 508
11.320259 507
11.825823 506
12.369021 505
12.888834 504
13.279567 503
13.750166 502
14.154856 501
14.628968 500
15.058212 499
15.454133 498
16.003677 497
16.482015 496
16.876527 495
17.601607 494
18.101297 493
18.441249 492
18.894022 491
19.46993 490
19.860001 489
20.379069 488
20.771431 487
21.266732 486
21.713402 485
22.17183 484
22.579383 483
22.994153 482
23.374935 481
23.831585 480
24.251907 479
24.629942 478
25.140146 477
25.511003 476
25.786477 475
26.047046 474
26.434502 473
26.704345 472
27.127742 471
27.501067 470
27.76779 469
28.097919 468
28.445578 467
28.672658 466
29.00276 465
29.324453 464
29.690027 463
29.810613 462
30.213258 461
30.467206 460
30.853326 459
31.050083 458
31.08897 457
31.543332 456
31.759744 455
32.004377 454
32.281712 453
32.61889 452
32.86626 451
33.181933 450
33.459041 449
33.769662 448
34.085938 447
34.370868 446
34.620847 445
34.951859 444
35.280016 443
35.439347 442
35.771938 441
36.036582 440
36.265863 439
36.580351 438
36.832228 437
37.018251 436
37.37079 435
37.586995 434
37.852815 433
38.042483 432
38.291761 431
38.490318 430
38.733245 429
38.9515 428
39.200493 427
39.385322 426
39.693923 425
39.917447 424
40.212949 423
40.39056 422
40.632669 421
40.843696 420
41.02332 419
41.254425 418
41.506841 417
41.666629 416
41.816591 415
42.067168 414
42.280441 413
42.469855 412
42.659348 411
42.816475 410
43.069929 409
43.210091 408
43.399378 407
43.624748 406
43.843636 405
43.998399 404
44.132933 403
44.236791 402
44.380737 401
44.496517 400
44.547113 399
44.662928 398
44.788129 397
44.892408 396
44.957104 395
45.040955 394
45.164095 393
