0.0 322
1.881286 321
2.817285 320
3.759293 319
4.638748 318
5.458227 317
6.275486 316
7.065357 315
7.708885 314
8.397945 313
9.326423 312
9.946656 311
10.830566 310
11.716148 309
12.476448 308
13.017876 307
13.875302 306
14.705054 305
15.438315 304
16.066615 303
16.821115 302
17.62672 301
18.400525 300
19.265085 299
19.989166 298
20.651693 297
20.930336 296
21.880764 295
22.420219 294
23.097216 293
23.644527 292
24.327095 291
24.832819 290
25.492558 289
25.997918 288
26.453604 287
26.817121 286
27.451609 285
28.005082 284
28.570709 283
29.133926 282
29.622198 281
29.993145 280
30.489524 279
30.90723 278
31.374295 277
31.860386 276
32.301489 275
32.698764 274
33.392531 273
33.873389 272
34.316222 271
34.664534 270
35.272995 269
35.706858 268
36.110328 267
36.55384 266
37.015182 265
37.211828 264
37.537817 263
37.918041 262
38.319582 261
38.76685 260
39.110364 259
39.528925 258
40.013588 257
40.411725 256
40.703263 255
41.123464 254
41.367502 253
41.719392 252
42.064855 251
42.298936 250
42.608535 249
42.877095 248
43.172739 247
43.518111 246
43.698819 245
43.968414 244
44.083994 243
44.300607 242
44.501703 241
44.65425 240
44.824103 239
45.015043 238
45.180215 237
45.324826 236
45.534854 235
45.671167 234
