0.0 264
0.769046 263
1.80185 262
2.185715 261
2.59154 260
3.282398 259
3.634201 258
4.136553 257
4.474339 256
4.830539 255
5.202597 254
5.580353 253
5.797264 252
6.226031 251
6.585038 250
6.994072 249
7.240236 248
7.564684 247
7.94584 246
8.381926 245
8.705734 244
8.982548 243
9.033812 242
9.54329 241
9.913779 240
10.127621 239
10.499374 238
10.954072 237
11.281012 236
11.663158 235
12.010178 234
12.421788 233
12.753654 232
12.974374 231
13.316847 230
13.556682 229
14.039536 228
14.408985 227
14.64738 226
14.802264 225
15.281496 224
15.483139 223
16.004817 222
16.281045 221
16.620887 220
16.797146 219
17.186589 218
17.686893 217
17.95961 216
18.127353 215
18.618215 214
18.851266 213
19.128149 212
19.510226 211
19.652867 210
19.791723 209
20.15589 208
20.180544 207
20.624394 206
20.843341 205
21.141762 204
21.412201 203
21.551179 202
21.893143 201
22.108622 200
