0.0 274
29.563425 273
31.323428 272
42.70121 271
43.757141 270
45.487652 269
51.269901 268
63.703433 267
72.47843 266
90.326293 265
100.168443 264
101.481164 263
102.025392 262
102.607619 261
116.160142 260
120.81311 259
122.715965 258
125.01256 257
126.587461 256
127.838257 255
130.688365 254
132.446418 253
135.205016 252
136.257195 251
140.866722 250
142.946042 249
144.249755 248
144.888447 247
146.604378 246
147.853242 245
151.111146 244
158.156411 243
162.615599 242
169.953417 241
171.41894 240
172.268671 239
172.724258 238
173.351836 237
174.84639 236
176.874094 235
178.96935 234
180.617916 233
182.695394 232
186.274032 231
188.883454 230
189.469615 229
