0.0 526
2.323203 525
4.588261 524
5.762988 523
6.978669 522
8.01463 521
9.074975 520
10.261485 519
11.299986 518
12.013973 517
13.551442 516
14.503754 515
15.296488 514
16.177462 513
17.075865 512
17.963603 511
18.956021 510
20.175931 509
21.24027 508
22.174325 507
23.289283 506
24.579659 505
25.541865 504
26.394453 503
27.40897 502
28.27324 501
29.576974 500
30.540876 499
31.673436 498
32.136862 497
33.132833 496
34.006181 495
35.450734 494
36.638067 493
37.669418 492
38.962869 491
39.818981 490
40.786013 489
41.732935 488
42.550541 487
43.690494 486
44.563077 485
45.49041 484
46.321663 483
47.260321 482
48.307446 481
49.414917 480
50.045512 479
50.833934 478
51.402532 477
51.790726 476
52.163451 475
52.517049 474
53.033679 473
53.643809 472
54.124555 471
54.682562 470
55.142099 469
55.616238 468
56.015086 467
56.41437 466
57.032589 465
57.430244 464
57.976332 463
58.882932 462
59.640462 461
60.141795 460
60.61934 459
61.206837 458
61.842168 457
62.243751 456
62.727749 455
63.179786 454
63.972976 453
64.544595 452
65.02319 451
65.490766 450
65.960263 449
66.707728 448
67.178979 447
67.642392 446
68.120161 445
68.638669 444
69.135229 443
69.466135 442
70.146039 441
70.652892 440
71.32933 439
72.045151 438
72.404734 437
72.94011 436
73.607348 435
74.10184 434
74.527923 433
75.06404 432
75.690442 431
76.29493 430
76.84412 429
77.085021 428
77.759729 427
78.171735 426
78.712037 425
79.332301 424
79.709769 423
80.159713 422
80.659671 421
81.010749 420
81.570297 419
81.944561 418
82.294596 417
82.709961 416
83.210023 415
83.51144 414
83.802818 413
84.155673 412
84.559325 411
84.800811 410
85.135644 409
85.48053 408
85.778301 407
86.116321 406
86.459815 405
86.985293 404
87.072282 403
87.215787 402
87.379868 401
87.670785 400
87.828181 399
88.001211 398
