0.0 313
1.588541 312
2.947498 311
4.033168 310
4.979176 309
5.599915 308
6.383885 307
7.063777 306
7.767977 305
8.528278 304
9.166169 303
9.974223 302
10.699444 301
11.521676 300
12.327249 299
13.072857 298
13.807417 297
14.471284 296
15.361338 295
15.981282 294
16.639808 293
17.519839 292
18.314041 291
19.224141 290
19.825828 289
20.584227 288
21.171459 287
21.895959 286
22.642616 285
23.280103 284
23.880965 283
24.418815 282
24.894444 281
25.516119 280
26.060303 279
26.757599 278
27.294778 277
27.847731 276
28.36164 275
28.843317 274
29.3284 273
29.734781 272
30.182128 271
30.691052 270
31.147793 269
31.651605 268
32.164262 267
32.586044 266
32.926542 265
33.582861 264
33.990896 263
34.564873 262
34.97147 261
35.426477 260
35.855292 259
36.357525 258
36.828618 257
37.245673 256
37.651718 255
38.051738 254
38.479911 253
38.972396 252
39.381345 251
39.804863 250
40.23717 249
40.545738 248
40.965921 247
41.387936 246
41.770707 245
42.061199 244
42.362385 243
42.658419 242
43.007814 241
43.315282 240
43.625272 239
43.851867 238
