0.0 215
4.694278 214
6.884355 213
9.363572 212
11.62808 211
14.259378 210
16.345367 209
18.371695 208
20.119589 207
22.534283 206
24.692257 205
26.612108 204
28.45498 203
30.782516 202
33.165435 201
34.971879 200
37.364159 199
39.85773 198
41.808682 197
43.742016 196
45.792754 195
47.365137 194
49.408912 193
50.861034 192
51.839173 191
52.719187 190
53.597761 189
54.755678 188
55.739154 187
56.596413 186
57.610601 185
58.516602 184
59.504413 183
60.466445 182
61.535868 181
62.492281 180
63.585792 179
64.76287 178
66.093851 177
67.320451 176
68.113586 175
68.885649 174
69.80954 173
70.796462 172
71.989292 171
72.983333 170
74.114111 169
74.938127 168
76.035732 167
77.010942 166
77.917907 165
78.912144 164
79.601205 163
80.335345 162
81.049751 161
81.832986 160
82.611747 159
83.244375 158
83.829711 157
84.36546 156
84.877029 155
85.456178 154
86.008081 153
