0.0 266
1.18912 265
3.483164 264
4.292759 263
5.146236 262
5.938613 261
6.900861 260
7.818038 259
8.774862 258
9.564497 257
10.303056 256
11.14336 255
11.984991 254
12.611787 253
13.173921 252
13.840532 251
14.661752 250
15.332115 249
15.859787 248
16.391172 247
17.092776 246
17.670186 245
18.345765 244
19.194946 243
19.816816 242
20.687404 241
21.345209 240
21.953454 239
22.759079 238
23.11077 237
23.842256 236
24.394442 235
24.781408 234
25.375159 233
25.898729 232
26.535156 231
27.019539 230
27.762999 229
28.325629 228
28.990228 227
29.732383 226
30.404414 225
31.04732 224
31.54471 223
32.313066 222
32.700662 221
33.044065 220
33.666442 219
34.169891 218
34.926582 217
35.535089 216
36.428335 215
37.00932 214
37.364021 213
38.113066 212
38.666903 211
39.32172 210
39.90256 209
40.696502 208
41.097308 207
41.655046 206
42.132733 205
42.721905 204
43.269898 203
43.860231 202
44.42644 201
