0.0 543
0.894469 542
1.59292 541
2.280838 540
2.902057 539
3.331257 538
3.993973 537
4.422222 536
5.014005 535
5.409173 534
5.986652 533
6.393829 532
6.950241 531
7.505083 530
8.149267 529
8.537453 528
9.095785 527
9.617777 526
10.209676 525
10.669444 524
11.264307 523
11.650979 522
12.216301 521
12.663098 520
13.256711 519
13.69795 518
14.212671 517
14.71652 516
15.171088 515
15.694644 514
16.430628 513
16.869436 512
17.316148 511
17.915488 510
18.355618 509
18.723599 508
19.284239 507
19.729876 506
20.287078 505
20.72217 504
21.182283 503
21.696771 502
22.010643 501
22.430805 500
22.917263 499
23.228961 498
23.674629 497
24.019522 496
24.549651 495
24.807281 494
25.240016 493
25.561495 492
25.903545 491
26.225542 490
26.633511 489
26.833475 488
27.239663 487
27.471274 486
27.809832 485
28.080449 484
28.418091 483
28.828283 482
29.090312 481
29.463499 480
29.844117 479
29.905731 478
29.945449 477
30.453208 476
30.659986 475
31.054505 474
31.357955 473
31.898092 472
32.175035 471
32.546604 470
32.850851 469
33.130635 468
33.454237 467
33.678464 466
33.862435 465
34.283123 464
34.59992 463
34.858708 462
35.209716 461
35.481148 460
35.671409 459
35.910397 458
36.271224 457
36.508171 456
36.665592 455
37.020254 454
37.249034 453
37.519096 452
37.823089 451
38.033462 450
38.285954 449
38.499741 448
38.536079 447
38.857865 446
39.124914 445
39.404254 444
39.601105 443
39.818299 442
39.942447 441
40.210028 440
40.362751 439
40.597184 438
40.839352 437
40.965611 436
41.193161 435
41.353875 434
41.547498 433
41.767932 432
41.925216 431
42.06391 430
42.226316 429
42.472624 428
42.669389 427
42.791474 426
42.953714 425
43.042252 424
43.175254 423
43.277389 422
43.440785 421
43.581047 420
43.715631 419
43.826614 418
43.860589 417
44.000586 416
44.03661 415
44.069774 414
44.225674 413
44.285009 412
44.391854 411
44.543547 410
44.605852 409
44.676741 408
44.743862 407
44.810415 406
44.901628 405
44.939999 404
44.991873 403
45.046512 402
45.080799 401
45.15449 400
45.206476 399
45.254807 398
45.292677 397
