0.0 317
1.577218 316
2.48538 315
3.449198 314
4.147922 313
4.85505 312
5.715275 311
6.430791 310
7.134004 309
8.018413 308
8.888102 307
9.684317 306
10.540957 305
11.228367 304
11.950227 303
12.725064 302
13.411371 301
14.29014 300
15.033488 299
15.796673 298
16.46971 297
17.416016 296
18.280545 295
18.836071 294
19.593806 293
20.372347 292
21.042121 291
21.814968 290
22.41412 289
22.933056 288
23.649191 287
24.352104 286
24.981245 285
25.503322 284
25.936301 283
26.495993 282
26.871913 281
27.437364 280
27.938122 279
28.51408 278
28.926463 277
29.411788 276
29.849025 275
30.2419 274
30.724838 273
31.212432 272
31.788245 271
32.24106 270
32.687655 269
33.19331 268
33.747585 267
34.172631 266
34.585633 265
34.953078 264
35.445457 263
35.857205 262
36.244048 261
36.707056 260
37.130318 259
37.50785 258
37.919734 257
38.299307 256
38.614106 255
39.090716 254
39.464588 253
39.847484 252
40.16817 251
40.506638 250
40.898816 249
41.246588 248
41.455335 247
41.802492 246
42.108168 245
42.410246 244
42.630245 243
43.039404 242
