0.0 535
0.85755 534
1.7588 533
2.519919 532
2.9464 531
3.572061 530
4.178712 529
4.711464 528
5.286479 527
5.798358 526
6.274291 525
6.703051 524
7.160081 523
7.786755 522
8.233578 521
8.617427 520
9.30086 519
9.959242 518
10.379685 517
10.912628 516
11.393788 515
11.911319 514
12.324009 513
12.840395 512
13.368031 511
13.773671 510
14.231706 509
14.716304 508
15.152183 507
15.714086 506
16.140651 505
16.667432 504
17.121594 503
17.644319 502
17.820456 501
18.694905 500
19.129839 499
19.549543 498
19.915086 497
20.403469 496
20.669285 495
20.952753 494
21.514807 493
21.961657 492
22.46024 491
22.839513 490
23.27377 489
23.566295 488
23.97791 487
24.223574 486
24.750907 485
25.199782 484
25.522637 483
25.899273 482
26.249207 481
26.663933 480
26.940692 479
27.26135 478
27.627167 477
27.870689 476
28.216047 475
28.556708 474
28.725576 473
29.203657 472
29.54939 471
29.757254 470
30.133039 469
30.413381 468
30.7851 467
31.073812 466
31.363842 465
31.628069 464
31.895654 463
32.236828 462
32.645889 461
33.025354 460
33.332242 459
33.675519 458
33.922937 457
34.206351 456
34.530195 455
34.883551 454
35.144139 453
35.361118 452
35.67012 451
35.888065 450
36.143321 449
36.44362 448
36.768089 447
37.048039 446
37.312225 445
37.548381 444
37.748725 443
37.952671 442
38.301838 441
38.587056 440
38.796663 439
39.081503 438
39.419655 437
39.608635 436
39.833625 435
40.140242 434
40.363134 433
40.585645 432
40.814619 431
41.019632 430
41.056713 429
41.299388 428
41.50767 427
41.754196 426
41.975324 425
42.177126 424
42.33234 423
42.477391 422
42.682837 421
42.918396 420
43.140367 419
43.375764 418
43.535389 417
43.615725 416
43.770476 415
43.868509 414
43.976609 413
44.10526 412
44.14192 411
44.292846 410
44.347609 409
44.38115 408
44.542189 407
44.640903 406
44.741655 405
44.845907 404
44.879418 403
45.016337 402
45.088845 401
45.121552 400
45.153149 399
45.185424 398
45.320525 397
45.434214 396
45.466835 395
45.545273 394
45.600406 393
45.633029 392
45.723397 391
45.773835 390
45.823127 389
45.895992 388
45.939138 387
45.974539 386
