0.0 334
1.693492 333
3.855299 332
4.885466 331
6.060007 330
6.679296 329
7.458155 328
8.110648 327
9.001847 326
9.742252 325
10.656301 324
11.377167 323
12.049328 322
13.031175 321
13.781144 320
14.69847 319
15.45418 318
16.283155 317
17.055001 316
17.779746 315
18.593381 314
19.643834 313
20.60571 312
21.440165 311
22.094251 310
23.169639 309
23.765842 308
24.497843 307
25.077871 306
25.690778 305
26.334427 304
26.893563 303
27.522559 302
27.592653 301
28.29522 300
28.912039 299
29.464316 298
29.992863 297
30.234104 296
30.821891 295
31.350281 294
31.788905 293
32.366419 292
32.828876 291
33.423352 290
34.061288 289
34.550169 288
35.256409 287
35.680993 286
36.223436 285
36.63762 284
36.896245 283
37.464155 282
37.862158 281
38.337717 280
38.763085 279
39.324264 278
39.666515 277
40.207898 276
40.640394 275
41.045089 274
41.524567 273
41.830223 272
42.120667 271
42.574491 270
42.861084 269
43.208941 268
43.566643 267
43.943194 266
44.215413 265
44.555412 264
44.915243 263
45.214928 262
45.58488 261
45.807269 260
46.013273 259
46.22392 258
46.378469 257
46.537556 256
46.672275 255
46.835887 254
47.013817 253
47.165023 252
47.332417 251
47.525826 250
47.675659 249
47.800025 248
47.904053 247
48.001073 246
48.098092 245
48.155398 244
