0.0 522
0.638683 521
1.95051 520
2.913335 519
4.072248 518
4.65367 517
5.391157 516
6.021361 515
6.425968 514
6.919577 513
7.369797 512
7.805127 511
8.366272 510
8.778302 509
9.263636 508
9.643575 507
10.165828 506
10.634747 505
10.960317 504
11.39941 503
11.895084 502
12.407178 501
12.849715 500
13.363885 499
13.912256 498
14.469988 497
14.9172 496
15.344672 495
15.771186 494
16.376212 493
16.602465 492
17.062243 491
17.627998 490
18.140145 489
18.584532 488
19.049086 487
19.752598 486
20.32509 485
20.709167 484
20.993745 483
21.589925 482
22.020625 481
22.518249 480
22.894312 479
23.389826 478
23.761512 477
24.09847 476
24.513321 475
24.918788 474
25.307416 473
25.635977 472
26.123066 471
26.503069 470
26.898011 469
27.182067 468
27.678064 467
27.947802 466
28.278313 465
28.54774 464
28.970476 463
29.30963 462
29.601837 461
29.925483 460
30.301095 459
30.512001 458
30.76953 457
31.088097 456
31.458915 455
31.706224 454
32.018681 453
32.344197 452
32.679326 451
32.899137 450
33.17947 449
33.492576 448
33.823072 447
34.203071 446
34.517143 445
34.859264 444
35.173527 443
35.514511 442
35.833142 441
36.079663 440
36.332562 439
36.650564 438
36.928582 437
37.202932 436
37.497444 435
37.779831 434
38.082948 433
38.343962 432
38.615293 431
38.84108 430
39.131954 429
39.398862 428
39.637315 427
39.715378 426
40.066635 425
40.327106 424
40.555711 423
40.829601 422
41.08965 421
41.35067 420
41.618286 419
41.84889 418
42.096408 417
42.260847 416
42.506813 415
42.737033 414
42.901831 413
43.10535 412
43.290176 411
43.530685 410
43.746969 409
43.90528 408
44.066398 407
44.216113 406
44.393506 405
44.431122 404
44.63559 403
