0.0 202
119.927243 201
120.398458 200
121.729253 199
122.206365 198
123.967753 197
125.666984 196
126.709916 195
129.140946 194
131.085572 193
133.672437 192
134.096264 191
135.065426 190
135.508011 189
136.445034 188
136.704538 187
138.388599 186
141.149361 185
142.024877 184
142.861756 183
143.536142 182
144.025915 181
146.508515 180
148.133685 179
148.397581 178
150.058605 177
150.348358 176
150.695367 175
152.659729 174
152.987263 173
153.161764 172
153.846197 171
154.016723 170
154.153229 169
