0.0 524
68.675305 523
70.440753 522
71.789814 521
74.583949 520
76.714888 519
77.962407 518
78.496912 517
80.467481 516
82.335784 515
82.789517 514
84.09778 513
85.124483 512
86.066601 511
87.175395 510
88.528149 509
91.569116 508
92.120792 507
92.560902 506
93.723238 505
94.150383 504
95.044273 503
97.124441 502
98.521209 501
98.915907 500
102.03746 499
102.471339 498
103.570818 497
103.950157 496
104.457805 495
106.318061 494
106.745536 493
108.735685 492
109.123328 491
111.910743 490
113.926608 489
