0.0 273
2.417419 272
47.452604 271
48.700086 270
54.40169 269
55.16004 268
58.099576 267
58.565504 266
59.070083 265
59.433738 264
61.234663 263
61.535846 262
63.284656 261
63.508652 260
64.807677 259
65.780613 258
66.183095 257
66.370146 256
67.846539 255
68.12045 254
68.409964 253
68.744836 252
69.692089 251
69.985391 250
70.181651 249
73.354972 248
74.050628 247
77.106404 246
77.859323 245
78.09761 244
78.491258 243
78.823467 242
79.773111 241
80.128657 240
80.841309 239
81.099918 238
82.00078 237
82.327081 236
85.041144 235
87.299855 234
87.850949 233
88.439044 232
89.153427 231
91.894933 230
