0.0 314
1.421792 313
2.589396 312
3.47626 311
4.294508 310
5.080892 309
5.806088 308
6.519414 307
7.331326 306
8.134945 305
8.82658 304
9.599293 303
10.352598 302
11.123113 301
11.910962 300
12.598226 299
13.405649 298
14.218043 297
14.91187 296
15.634257 295
16.274545 294
17.159126 293
17.986425 292
18.753264 291
19.477726 290
20.17025 289
20.351894 288
20.948775 287
21.602848 286
22.08387 285
22.772317 284
23.285902 283
23.782721 282
24.423576 281
25.015775 280
25.510595 279
26.080553 278
26.60497 277
27.06348 276
27.550754 275
28.012041 274
28.454071 273
28.978861 272
29.483237 271
29.879671 270
30.399239 269
30.828586 268
31.286506 267
31.39718 266
31.994674 265
32.580108 264
33.10306 263
33.542271 262
33.973985 261
34.402985 260
34.808571 259
35.262154 258
35.6999 257
36.173317 256
36.525446 255
36.956088 254
37.332679 253
37.764829 252
38.152399 251
38.561011 250
38.93868 249
39.380507 248
39.804983 247
40.071787 246
40.382122 245
40.761784 244
41.049397 243
41.343351 242
41.690276 241
41.984271 240
42.199497 239
42.493946 238
42.690592 237
43.039638 236
43.276736 235
43.554758 234
43.669779 233
43.898676 232
44.063613 231
