0.0 547
1.009169 546
1.920242 545
2.384454 544
3.044297 543
3.660759 542
4.088056 541
4.651908 540
5.095016 539
5.702855 538
6.118762 537
6.600536 536
7.053749 535
7.590771 534
7.840445 533
8.430814 532
9.048404 531
9.526402 530
10.089828 529
10.780639 528
11.239425 527
11.878337 526
12.375101 525
12.881948 524
13.394622 523
13.7798 522
14.295294 521
14.789661 520
15.362355 519
15.868308 518
16.305983 517
16.938308 516
17.65038 515
18.047978 514
18.638944 513
19.200988 512
19.61678 511
19.991555 510
20.609359 509
21.161209 508
21.722054 507
21.975098 506
22.311506 505
22.790995 504
23.039719 503
23.556075 502
23.974868 501
24.430915 500
24.678236 499
25.024277 498
25.425859 497
25.727442 496
26.112366 495
26.546767 494
26.829977 493
27.199258 492
27.423771 491
27.659942 490
28.047597 489
28.354818 488
28.732593 487
29.044589 486
29.378606 485
29.738189 484
30.012926 483
30.399058 482
30.697268 481
31.048804 480
31.347617 479
31.75745 478
32.126405 477
32.315907 476
32.677491 475
33.002347 474
33.298355 473
33.591509 472
33.931725 471
34.211582 470
34.587351 469
34.938564 468
35.174721 467
35.447566 466
35.711682 465
36.05998 464
36.276211 463
36.593798 462
36.96268 461
37.222166 460
37.525466 459
37.780782 458
38.091575 457
38.384678 456
38.723096 455
39.043406 454
39.243546 453
39.493502 452
39.625919 451
39.950828 450
40.142818 449
40.397259 448
40.587746 447
40.857547 446
41.090307 445
41.292886 444
41.446931 443
41.682705 442
41.90381 441
42.140532 440
42.338291 439
42.482744 438
42.519384 437
42.797757 436
43.00984 435
43.225726 434
43.407339 433
43.539071 432
43.622301 431
43.744651 430
43.885581 429
44.01801 428
44.131054 427
44.244342 426
44.338765 425
44.412076 424
44.584712 423
44.62012 422
44.757055 421
44.83533 420
44.940473 419
44.975605 418
45.011147 417
45.045357 416
45.078205 415
45.250324 414
45.343514 413
45.396521 412
45.469305 411
45.54822 410
45.581933 409
45.641398 408
45.707193 407
45.76869 406
45.826147 405
45.865783 404
45.910532 403
