0.0 327
1.593025 326
3.088543 325
4.212929 324
4.835729 323
5.740301 322
6.613404 321
7.287086 320
8.05895 319
8.730853 318
9.464137 317
10.311575 316
10.89917 315
11.731348 314
12.544792 313
13.358449 312
14.344322 311
15.165453 310
15.963234 309
16.720647 308
17.539021 307
18.139576 306
19.151741 305
20.052995 304
20.708323 303
21.508436 302
22.242875 301
22.840908 300
23.55847 299
24.337741 298
24.810173 297
25.481217 296
26.286356 295
26.959093 294
27.621581 293
28.068024 292
28.512494 291
29.070052 290
29.427595 289
29.944071 288
30.391542 287
30.928186 286
31.40788 285
31.825235 284
32.337049 283
32.738978 282
33.275025 281
33.798402 280
34.367774 279
34.843623 278
35.293455 277
35.754089 276
36.301143 275
36.773958 274
37.168555 273
37.594425 272
37.98816 271
38.399257 270
38.838509 269
39.249059 268
39.683211 267
40.000873 266
40.475329 265
40.943678 264
41.27416 263
41.668539 262
41.963583 261
42.353303 260
42.628988 259
42.954967 258
43.234249 257
43.530115 256
43.88976 255
44.193238 254
44.489127 253
44.894257 252
45.152591 251
45.380234 250
45.594471 249
45.747711 248
45.944921 247
46.149912 246
46.305507 245
46.469635 244
46.583143 243
46.702411 242
46.880185 241
47.006191 240
47.12142 239
47.180464 238
47.306122 237
47.406546 236
