0.0 267
0.894389 266
1.644748 265
2.195915 264
2.712239 263
2.788257 262
3.293828 261
3.711486 260
4.075063 259
4.389905 258
4.708814 257
5.107963 256
5.385042 255
5.95076 254
6.147991 253
6.46286 252
6.721884 251
7.056292 250
7.351829 249
7.69206 248
8.041914 247
8.293513 246
8.690225 245
9.053007 244
9.303987 243
9.821246 242
10.135205 241
10.654608 240
11.007272 239
11.370242 238
11.725312 237
11.93468 236
12.272763 235
12.62156 234
13.044549 233
13.295049 232
13.622834 231
13.878381 230
14.175557 229
14.588201 228
14.866047 227
15.190577 226
15.466921 225
15.792565 224
16.170489 223
16.428304 222
16.701781 221
17.01624 220
17.366375 219
17.748794 218
18.04508 217
18.262637 216
18.629403 215
18.88604 214
19.132689 213
19.299751 212
19.595124 211
19.812256 210
20.083501 209
20.365883 208
20.746365 207
20.965395 206
21.268615 205
21.445681 204
21.853388 203
21.987552 202
22.326466 201
22.507756 200
22.766626 199
22.95667 198
23.166038 197
23.276662 196
23.720858 195
23.835076 194
24.132405 193
24.180103 192
