0.0 210
2.077843 209
3.288161 208
4.248791 207
5.270104 206
6.24671 205
7.059403 204
8.129699 203
9.071741 202
10.028444 201
11.125631 200
12.10399 199
13.035954 198
14.032249 197
14.956072 196
15.805904 195
16.788155 194
17.655056 193
18.72882 192
19.724654 191
20.570453 190
21.489983 189
22.316653 188
23.039339 187
23.845801 186
24.612956 185
25.317441 184
26.056236 183
26.536891 182
27.250286 181
27.92251 180
28.448786 179
29.15928 178
29.769479 177
30.359743 176
30.841792 175
31.362352 174
31.973997 173
32.352613 172
33.114745 171
33.632519 170
34.134126 169
34.739863 168
35.288184 167
35.854259 166
36.275979 165
36.727041 164
37.314709 163
37.781565 162
38.16368 161
38.620692 160
39.06295 159
39.535576 158
39.921306 157
40.420077 156
40.791557 155
41.19468 154
41.536361 153
41.862254 152
