0.0 311
114.620956 310
115.836097 309
117.447236 308
118.586532 307
119.74956 306
122.904952 305
123.815265 304
124.228808 303
124.579205 302
125.675249 301
126.250084 300
127.251446 299
128.264525 298
128.995385 297
129.868897 296
130.203417 295
132.794127 294
133.145507 293
134.549703 292
135.653131 291
136.120298 290
136.53619 289
136.85783 288
137.996453 287
139.738342 286
141.894595 285
142.284156 284
144.983262 283
146.153127 282
147.865341 281
149.001887 280
149.686566 279
150.025519 278
