0.0 202
1.354731 201
2.616642 200
3.63572 199
4.646783 198
5.622795 197
6.485711 196
7.48081 195
8.340023 194
9.277786 193
10.080489 192
10.971465 191
11.871377 190
12.870919 189
13.732422 188
14.489379 187
15.398167 186
16.47035 185
17.327608 184
18.192084 183
18.839153 182
19.728188 181
20.49057 180
21.2417 179
21.853749 178
22.626521 177
23.193085 176
23.971418 175
24.506361 174
25.149426 173
25.633684 172
26.177361 171
26.649537 170
27.184409 169
27.760761 168
28.300863 167
28.802437 166
29.292872 165
29.864583 164
30.247334 163
30.961507 162
31.606882 161
32.105843 160
32.635785 159
33.096342 158
33.677 157
34.158868 156
34.692431 155
35.114436 154
35.532196 153
36.043075 152
36.537268 151
36.947433 150
37.369608 149
37.819078 148
