0.0 524
0.899494 523
1.51884 522
1.901834 521
2.60152 520
3.103826 519
3.688666 518
4.097018 517
4.671677 516
5.185969 515
5.651885 514
6.095855 513
6.511762 512
7.056533 511
7.533699 510
8.020444 509
8.430565 508
9.053129 507
9.682683 506
10.243173 505
10.83752 504
11.215631 503
11.733733 502
12.281908 501
12.706648 500
13.266285 499
13.694607 498
14.147986 497
14.679351 496
15.250698 495
15.634856 494
16.27948 493
16.802034 492
17.386271 491
17.787307 490
18.353541 489
18.590633 488
19.095629 487
19.557216 486
19.8872 485
20.324175 484
20.809486 483
21.190124 482
21.686503 481
22.080945 480
22.547151 479
23.085231 478
23.429674 477
23.784259 476
24.132637 475
24.430909 474
24.783739 473
25.146043 472
25.55589 471
25.863926 470
26.187837 469
26.548081 468
26.913487 467
27.275247 466
27.620558 465
27.838432 464
27.876818 463
28.378848 462
28.681944 461
28.963947 460
29.347445 459
29.68228 458
30.01112 457
30.345342 456
30.794172 455
30.940403 454
31.342262 453
31.695131 452
31.913338 451
32.243936 450
32.598458 449
32.932191 448
33.227547 447
33.404816 446
33.762255 445
34.043917 444
34.345071 443
34.601727 442
34.877431 441
35.140274 440
35.41332 439
35.604958 438
35.837692 437
36.1906 436
36.226981 435
36.612749 434
36.807471 433
37.128437 432
37.39396 431
37.605622 430
37.92284 429
38.229709 428
38.473987 427
38.684865 426
38.89102 425
39.194804 424
39.404184 423
39.584373 422
39.825725 421
39.89426 420
40.124742 419
40.312873 418
40.52151 417
40.655455 416
40.898366 415
41.108777 414
41.271122 413
41.423311 412
41.581812 411
41.755541 410
41.999339 409
42.033437 408
42.23743 407
42.419125 406
42.530231 405
42.648164 404
42.782464 403
42.896155 402
