0.0 543
16.172108 542
20.843663 541
27.588156 540
54.842895 539
55.626405 538
60.559729 537
144.924463 536
145.59071 535
146.483023 534
148.701487 533
151.534338 532
153.219784 531
154.108306 530
158.150622 529
162.695732 528
165.054532 527
166.736638 526
167.544158 525
168.385441 524
172.797123 523
173.816243 522
176.362526 521
178.930017 520
181.238744 519
182.176176 518
184.739449 517
185.33535 516
188.134048 515
190.727105 514
194.18597 513
198.144275 512
200.595665 511
205.372385 510
206.930546 509
207.804988 508
208.725803 507
210.964546 506
211.366494 505
213.309026 504
213.701293 503
215.932403 502
216.467666 501
217.262606 500
218.383764 499
220.462609 498
221.509809 497
222.028344 496
223.905122 495
225.615902 494
