0.0 317
90.151708 316
92.216367 315
93.753661 314
96.757483 313
97.288006 312
98.016812 311
101.186581 310
101.861506 309
103.123029 308
107.16885 307
107.753244 306
112.511165 305
114.843801 304
120.056127 303
121.715269 302
124.507784 301
125.549707 300
125.857785 299
127.995908 298
128.921189 297
129.319507 296
129.950347 295
131.978838 294
136.761107 293
138.217601 292
139.055238 291
140.305844 290
141.387742 289
141.693939 288
144.937831 287
145.625053 286
145.95032 285
146.416524 284
147.08266 283
147.414493 282
148.043036 281
148.40038 280
