0.0 202
1.72405 201
3.635331 200
4.848488 199
5.775193 198
6.813413 197
7.876645 196
8.744091 195
9.564956 194
10.635043 193
11.454931 192
12.381457 191
13.51421 190
14.415191 189
15.346964 188
16.247239 187
17.008947 186
17.806745 185
18.699431 184
19.775932 183
20.792745 182
21.561287 181
22.534614 180
23.279795 179
24.098603 178
24.842209 177
25.663276 176
26.361332 175
26.925068 174
27.473168 173
27.968509 172
28.746225 171
29.276428 170
29.96958 169
30.420715 168
30.95633 167
31.458762 166
32.082144 165
32.615405 164
33.157018 163
33.698566 162
34.346382 161
34.741086 160
35.232935 159
35.774715 158
36.243929 157
36.783189 156
37.216092 155
