0.0 529
3.239581 528
5.240512 527
6.311886 526
7.471019 525
8.812955 524
9.713175 523
11.427601 522
12.359259 521
13.245969 520
14.279269 519
15.963925 518
16.919471 517
17.79462 516
18.708673 515
19.443086 514
20.348125 513
21.294416 512
22.248269 511
23.235447 510
24.180249 509
24.807526 508
26.159009 507
26.971675 506
27.337152 505
28.10781 504
28.925969 503
29.910095 502
30.933636 501
31.839161 500
32.85375 499
33.616218 498
34.933568 497
35.769684 496
37.148378 495
38.214975 494
38.804896 493
40.190016 492
40.901724 491
42.164922 490
43.099734 489
44.148786 488
44.923379 487
46.237243 486
47.231374 485
47.954771 484
48.781236 483
49.681343 482
50.703223 481
51.514818 480
52.101474 479
52.956182 478
53.37318 477
53.722461 476
54.263674 475
54.744857 474
55.229438 473
55.783233 472
56.225178 471
56.845355 470
57.198542 469
57.677548 468
58.22317 467
58.550581 466
58.995865 465
59.485556 464
59.871307 463
60.709981 462
61.410843 461
61.821461 460
62.323182 459
62.781037 458
63.328181 457
63.903374 456
64.486442 455
64.859285 454
65.806345 453
66.328145 452
66.912956 451
67.117898 450
68.172131 449
68.574012 448
68.94909 447
69.491309 446
70.000136 445
70.403881 444
70.875292 443
71.369901 442
71.932704 441
72.461375 440
73.222096 439
73.810285 438
74.227449 437
74.853342 436
75.313657 435
75.876956 434
76.33505 433
76.976662 432
77.503552 431
78.043358 430
78.623322 429
78.99736 428
79.701205 427
80.25643 426
80.745126 425
81.205277 424
81.675072 423
82.006545 422
82.368187 421
82.745902 420
83.090134 419
83.574808 418
84.051416 417
84.406582 416
84.74432 415
84.911116 414
85.346166 413
85.667815 412
86.035515 411
86.332707 410
86.606274 409
86.92642 408
87.28643 407
87.624643 406
88.195648 405
88.738793 404
88.90925 403
89.056194 402
89.23998 401
89.430258 400
