0.0 320
1.517296 319
3.551305 318
4.882773 317
5.829761 316
6.759465 315
7.572414 314
8.38199 313
9.013297 312
9.840996 311
10.676712 310
11.495747 309
12.352578 308
13.162004 307
13.86266 306
14.704459 305
15.518561 304
16.150383 303
17.004767 302
17.650122 301
18.394114 300
19.196134 299
20.08928 298
20.828526 297
21.628688 296
22.357631 295
22.979907 294
23.719023 293
24.397957 292
25.135297 291
25.777475 290
26.005634 289
26.76775 288
27.455157 287
28.064038 286
28.535172 285
29.062135 284
29.586319 283
30.165857 282
30.696101 281
31.171286 280
31.712893 279
32.166489 278
32.585062 277
33.043855 276
33.1573 275
33.730385 274
34.090731 273
34.622196 272
35.21146 271
35.688681 270
36.043345 269
36.563603 268
36.973259 267
37.387791 266
37.894262 265
38.33201 264
38.711176 263
39.116458 262
39.565384 261
39.868573 260
40.325046 259
40.685064 258
41.00425 257
41.526631 256
42.047806 255
42.39422 254
42.782915 253
43.102041 252
43.42758 251
43.780298 250
44.061932 249
44.424171 248
44.725888 247
45.022932 246
45.214511 245
45.51992 244
45.673852 243
45.968969 242
46.228553 241
46.409437 240
46.591649 239
46.744695 238
46.864183 237
47.091038 236
47.198575 235
47.395134 234
47.524599 233
47.633837 232
