0.0 214
4.938384 213
7.503442 212
10.448739 211
12.791806 210
15.312921 209
17.518581 208
19.411786 207
21.333783 206
23.692454 205
26.035597 204
28.070316 203
30.23206 202
31.978085 201
33.908463 200
36.214689 199
37.727902 198
40.059997 197
42.411649 196
43.916061 195
45.58325 194
47.141221 193
48.627459 192
50.681985 191
52.147768 190
53.084726 189
54.099405 188
55.087139 187
56.167071 186
57.029651 185
57.734206 184
58.469286 183
59.197331 182
60.369841 181
61.577477 180
62.406525 179
63.350347 178
64.303884 177
65.571858 176
66.541356 175
67.623558 174
68.749713 173
69.597596 172
70.324148 171
71.308232 170
72.284386 169
73.392883 168
74.32725 167
75.283198 166
76.271921 165
77.274464 164
78.432098 163
79.362379 162
80.267189 161
81.235684 160
81.869456 159
82.565612 158
83.307112 157
84.114696 156
84.659215 155
85.291184 154
