0.0 202
3.473359 201
6.037949 200
8.201529 199
10.015209 198
12.27694 197
13.939744 196
15.651205 195
17.461605 194
19.272324 193
21.040292 192
22.948866 191
24.717596 190
26.834771 189
28.672413 188
30.79067 187
32.288638 186
33.680883 185
35.414124 184
37.483667 183
39.5438 182
41.24983 181
42.685012 180
44.413835 179
46.349212 178
47.983884 177
49.116394 176
49.969498 175
50.697395 174
51.553683 173
52.653904 172
53.493868 171
54.213423 170
55.055399 169
55.758522 168
56.374523 167
57.59258 166
58.401259 165
59.327164 164
60.4231 163
61.283701 162
62.44553 161
63.288717 160
64.204347 159
65.26341 158
66.092859 157
66.807131 156
67.512641 155
