0.0 548
1.007697 547
2.195619 546
2.971861 545
3.762448 544
4.337696 543
4.927117 542
5.504492 541
5.929 540
6.40097 539
6.971033 538
7.607333 537
8.009059 536
8.418629 535
8.958203 534
9.534721 533
10.030234 532
10.48916 531
10.962054 530
11.391993 529
11.99774 528
12.469882 527
13.085609 526
13.556805 525
14.158705 524
14.528991 523
14.996157 522
15.477357 521
16.07391 520
16.466054 519
16.941452 518
17.33187 517
17.920899 516
18.381395 515
18.960113 514
19.547325 513
20.221383 512
20.616688 511
21.031488 510
21.473152 509
21.893675 508
22.430976 507
22.858513 506
23.374968 505
23.79569 504
24.163968 503
24.676965 502
25.021672 501
25.505786 500
25.880852 499
26.331214 498
26.691773 497
27.083974 496
27.397366 495
27.728062 494
28.134848 493
28.532743 492
28.902488 491
29.227852 490
29.523643 489
29.798373 488
30.088836 487
30.46628 486
30.855413 485
31.191459 484
31.5477 483
31.976044 482
32.420897 481
32.62599 480
32.93177 479
33.30308 478
33.592629 477
33.820768 476
34.210538 475
34.398375 474
34.769076 473
34.995081 472
35.226933 471
35.59629 470
35.96283 469
36.201972 468
36.484336 467
36.851643 466
37.096852 465
37.323257 464
37.634287 463
37.928741 462
38.235113 461
38.572729 460
38.761085 459
39.109448 458
39.422199 457
39.584846 456
39.846052 455
40.182567 454
40.439307 453
40.711746 452
41.035478 451
41.245251 450
41.550052 449
41.758167 448
42.045959 447
42.266996 446
42.519148 445
42.698247 444
42.955607 443
43.114299 442
43.339554 441
43.504244 440
43.726771 439
43.921929 438
44.109986 437
44.29493 436
44.45058 435
44.648883 434
45.047689 433
45.174665 432
45.356858 431
45.485039 430
45.606581 429
45.720848 428
45.867827 427
45.909914 426
46.064741 425
46.192198 424
46.272736 423
46.317974 422
46.447638 421
46.577628 420
46.672763 419
46.707303 418
46.82023 417
46.994792 416
47.029631 415
47.064693 414
47.147941 413
47.260759 412
47.319 411
47.391426 410
