0.0 266
1.755677 265
2.807124 264
3.866168 263
4.711548 262
5.28624 261
5.827141 260
6.846715 259
7.777859 258
8.457038 257
9.123224 256
9.781156 255
10.642638 254
11.320673 253
12.174261 252
12.972262 251
13.556446 250
14.132215 249
14.936273 248
15.378437 247
15.976733 246
16.660615 245
17.272767 244
17.811573 243
18.578209 242
19.131642 241
19.784065 240
20.51466 239
21.043649 238
21.662847 237
22.638877 236
23.081842 235
23.795274 234
24.450206 233
24.868199 232
25.572 231
25.980456 230
26.663231 229
27.417438 228
27.951459 227
28.378673 226
29.02604 225
29.769759 224
30.429283 223
30.838887 222
31.748986 221
32.342183 220
33.092848 219
33.307002 218
33.976232 217
34.902625 216
35.366294 215
35.799039 214
36.739742 213
37.513976 212
38.213174 211
38.540327 210
39.073152 209
39.508384 208
40.012661 207
40.63597 206
41.103172 205
41.787863 204
42.002656 203
42.873339 202
43.227573 201
