0.0 324
3.322732 323
5.274158 322
7.254039 321
9.011456 320
10.725604 319
12.811904 318
14.303843 317
15.866798 316
17.515997 315
18.846838 314
20.347865 313
21.895867 312
23.830687 311
25.311002 310
27.52593 309
29.293623 308
30.957513 307
32.606353 306
35.010239 305
36.821465 304
38.541449 303
39.822129 302
41.18511 301
43.200262 300
44.553883 299
45.963483 298
47.830501 297
48.909172 296
50.047588 295
50.799728 294
51.507985 293
52.407406 292
53.195732 291
53.846532 290
54.503941 289
55.168475 288
56.014647 287
56.860859 286
58.138921 285
59.076474 284
59.875459 283
60.933047 282
61.713371 281
63.043753 280
63.936215 279
64.774784 278
65.760446 277
66.442035 276
67.30334 275
68.274056 274
68.905082 273
69.99502 272
70.799836 271
71.650527 270
72.373595 269
73.339061 268
74.223632 267
75.157801 266
75.976124 265
76.928148 264
77.767007 263
78.397692 262
78.966052 261
79.594313 260
80.294587 259
80.855701 258
81.478515 257
82.013792 256
82.498133 255
82.896252 254
83.339189 253
83.814981 252
84.326506 251
85.024445 250
85.772717 249
86.059148 248
86.337675 247
