0.0 522
3.38794 521
4.743818 520
5.666661 519
7.045291 518
8.474378 517
9.133584 516
10.299949 515
11.301104 514
12.279828 513
13.1879 512
14.573054 511
15.382551 510
16.533509 509
17.560704 508
18.363263 507
19.326136 506
20.463045 505
21.612423 504
22.695415 503
23.578831 502
24.899997 501
25.80875 500
26.661841 499
27.634005 498
28.819652 497
29.653674 496
30.777434 495
31.895851 494
33.068241 493
33.851918 492
35.313756 491
36.414107 490
37.440348 489
38.674868 488
39.550676 487
40.597394 486
41.408613 485
42.329487 484
43.347079 483
44.424631 482
45.411052 481
46.115221 480
46.988117 479
47.923802 478
48.538115 477
49.344192 476
50.005082 475
50.6815 474
51.213057 473
51.687571 472
52.106135 471
52.56336 470
53.129897 469
53.702922 468
54.200829 467
54.44809 466
54.9297 465
55.236087 464
55.772642 463
56.195209 462
56.630824 461
57.155278 460
57.594853 459
58.044774 458
58.776726 457
59.662864 456
60.082438 455
60.58537 454
60.921958 453
61.169037 452
61.917426 451
62.47174 450
62.933607 449
63.422244 448
64.222562 447
64.726698 446
65.208337 445
65.905339 444
66.487006 443
66.922724 442
67.260848 441
67.794116 440
68.28021 439
68.636283 438
69.047623 437
69.545167 436
69.9335 435
70.468829 434
70.963612 433
71.351596 432
71.960474 431
72.467576 430
72.837374 429
73.273725 428
73.880854 427
74.428878 426
74.825821 425
75.261517 424
75.466201 423
76.122004 422
76.607477 421
77.048357 420
77.387931 419
78.141075 418
78.64333 417
79.204244 416
79.527466 415
79.957223 414
80.224642 413
80.875525 412
81.14054 411
81.7378 410
82.190899 409
82.58615 408
82.861701 407
83.249832 406
83.615379 405
83.973193 404
84.328947 403
