0.0 334
3.706714 333
6.140526 332
8.612226 331
10.168671 330
11.707086 329
13.640326 328
15.160711 327
16.989181 326
18.843176 325
20.353815 324
22.136033 323
24.252395 322
25.934535 321
27.76242 320
29.681736 319
31.343817 318
33.198082 317
35.021018 316
36.751937 315
38.890515 314
40.879303 313
42.285628 312
44.066859 311
45.654325 310
47.522575 309
49.363605 308
50.38809 307
51.193751 306
52.134467 305
53.16112 304
53.87401 303
54.654799 302
55.487646 301
56.257926 300
56.87289 299
58.005407 298
59.284341 297
60.12606 296
60.988123 295
62.060721 294
63.063376 293
64.114385 292
64.966529 291
66.176169 290
67.000954 289
67.823636 288
68.637542 287
69.66952 286
70.801065 285
71.709474 284
72.768552 283
73.588649 282
74.546493 281
75.66206 280
76.50006 279
77.532213 278
78.210743 277
78.878342 276
79.486781 275
80.370152 274
81.242641 273
82.064225 272
82.542433 271
83.207828 270
83.676555 269
84.140837 268
84.781163 267
85.277719 266
86.271397 265
86.648402 264
86.960964 263
87.288399 262
87.539341 261
87.827492 260
88.088997 259
88.309418 258
88.569806 257
88.810901 256
88.956343 255
89.088019 254
89.206806 253
89.368756 252
89.474152 251
89.583701 250
89.734874 249
89.8907 248
89.991592 247
90.089858 246
90.166229 245
90.242517 244
