0.0 206
1.970765 205
3.917706 204
4.853 203
5.693027 202
6.572925 201
7.329771 200
8.595673 199
9.542925 198
10.433865 197
11.300988 196
12.247811 195
13.296272 194
14.278722 193
15.318746 192
16.162677 191
17.080458 190
18.016458 189
18.918501 188
20.179205 187
21.114195 186
21.817587 185
22.682184 184
23.520646 183
24.140645 182
24.982363 181
25.676566 180
26.379095 179
27.079076 178
27.639442 177
28.283178 176
28.9789 175
29.517567 174
30.00609 173
30.572457 172
31.196914 171
31.541757 170
32.210437 169
32.772759 168
33.345701 167
33.971078 166
34.510505 165
34.827346 164
35.336181 163
35.807242 162
36.306316 161
36.830792 160
37.400308 159
37.917184 158
38.454639 157
38.952769 156
39.399903 155
39.827422 154
40.288607 153
40.677718 152
40.851964 151
