0.0 264
0.517414 263
1.067942 262
1.719463 261
2.287749 260
3.54756 259
4.250287 258
4.679691 257
4.740194 256
5.369508 255
5.697148 254
6.013737 253
6.449753 252
6.713234 251
7.091724 250
7.281752 249
7.671569 248
8.096096 247
8.455598 246
8.779698 245
9.102823 244
9.420183 243
9.656059 242
9.943843 241
10.274037 240
10.63855 239
10.986389 238
11.37274 237
11.686012 236
11.991877 235
12.32015 234
12.552809 233
12.840437 232
13.131905 231
13.569955 230
13.859518 229
14.292574 228
14.545612 227
14.95295 226
15.167425 225
15.583071 224
15.82749 223
16.07105 222
16.396672 221
16.64076 220
16.855131 219
17.176262 218
17.601122 217
17.984674 216
18.28449 215
18.56469 214
18.789014 213
19.100471 212
19.531228 211
19.78035 210
19.965959 209
20.276878 208
20.403124 207
20.778623 206
21.121667 205
21.277894 204
21.548742 203
