0.0 266
0.817195 265
1.708116 264
2.519901 263
3.356536 262
4.001641 261
4.439892 260
4.979842 259
5.445349 258
5.60979 257
6.046961 256
6.397924 255
6.718131 254
7.089268 253
7.357107 252
7.747106 251
8.120284 250
8.437004 249
8.713363 248
9.193358 247
9.438951 246
9.744216 245
10.071821 244
10.403592 243
10.719923 242
10.88709 241
11.319908 240
11.587163 239
11.818295 238
12.235652 237
12.489309 236
12.904148 235
13.220363 234
13.426161 233
13.942947 232
14.225581 231
14.531357 230
14.846277 229
15.081467 228
15.424787 227
15.696051 226
16.012011 225
16.344336 224
16.663754 223
16.859515 222
17.242914 221
17.529163 220
17.895049 219
18.067286 218
18.405424 217
18.71285 216
19.003436 215
19.496661 214
19.776806 213
20.135011 212
20.397964 211
20.710808 210
21.09428 209
21.11885 208
21.439005 207
21.695529 206
21.984824 205
22.302989 204
22.439952 203
22.690218 202
23.010249 201
