0.0 203
1.723757 202
2.725752 201
3.656393 200
4.707663 199
5.593538 198
6.616311 197
7.544005 196
8.52543 195
9.43936 194
10.297122 193
11.548127 192
12.376167 191
13.24038 190
14.023195 189
14.872157 188
15.691855 187
16.816266 186
17.78229 185
18.546812 184
19.393603 183
20.218209 182
21.091254 181
21.780008 180
22.542517 179
23.198909 178
24.051133 177
24.687797 176
25.265886 175
25.950979 174
26.439784 173
27.030691 172
27.598662 171
28.090681 170
28.66532 169
29.212497 168
29.872893 167
30.370874 166
31.025335 165
31.75203 164
32.240078 163
32.765264 162
33.242091 161
33.775546 160
34.242177 159
34.784561 158
35.216042 157
35.711098 156
36.225822 155
36.65835 154
37.080622 153
37.459975 152
37.896697 151
38.42934 150
38.815354 149
