0.0 126
0.275266 125
0.567237 124
0.691369 123
0.842339 122
0.999645 121
1.00886 120
1.156184 119
1.419369 118
1.486924 117
1.621197 116
1.699981 115
1.709855 114
1.981327 113
1.989449 112
2.110349 111
2.201046 110
2.301391 109
2.319115 108
2.491153 107
2.743025 106
2.768198 105
2.82884 104
2.894713 103
2.956655 102
3.096747 101
3.103816 100
3.209027 99
3.252952 98
3.358202 97
3.402627 96
3.514279 95
3.525136 94
3.532443 93
3.731714 92
3.738097 91
3.849594 90
4.022138 89
4.028352 88
4.100712 87
4.155882 86
4.189542 85
4.287863 84
4.373474 83
4.429277 82
4.504306 81
