0.0 311
1.355342 310
2.287352 309
3.132143 308
3.98625 307
4.729788 306
5.39717 305
5.984217 304
6.66414 303
7.481251 302
8.111482 301
8.988038 300
9.887585 299
10.624289 298
11.236356 297
12.13586 296
12.783315 295
13.466953 294
14.233005 293
15.03812 292
15.680161 291
16.660163 290
17.369188 289
18.20719 288
18.924065 287
19.450168 286
20.285535 285
20.868461 284
21.549164 283
22.139553 282
22.763196 281
23.333962 280
23.979111 279
24.648753 278
25.16153 277
25.697139 276
26.238586 275
26.648312 274
27.161743 273
27.681323 272
28.167713 271
28.676857 270
29.230204 269
29.63328 268
30.026665 267
30.442817 266
31.02 265
31.602678 264
32.010405 263
32.496789 262
32.965393 261
33.46762 260
33.873358 259
34.338495 258
34.723316 257
35.113225 256
35.542788 255
35.990336 254
36.389037 253
36.745601 252
37.163301 251
37.594129 250
37.922461 249
38.239791 248
38.600196 247
38.99929 246
39.356867 245
39.646442 244
39.855905 243
40.284916 242
40.598423 241
40.861061 240
41.219644 239
41.463397 238
41.754382 237
42.002743 236
42.175229 235
42.48213 234
42.731667 233
