0.0 210
62.598927 209
64.451521 208
68.243434 207
224.118979 206
225.19198 205
228.194791 204
229.084568 203
232.491078 202
233.532323 201
234.800962 200
236.082512 199
240.412077 198
245.614686 197
247.291245 196
248.885352 195
252.528314 194
253.176776 193
257.755203 192
258.576162 191
263.236721 190
264.683681 189
266.092475 188
268.115857 187
269.546653 186
270.918169 185
273.839692 184
275.388239 183
282.758082 182
283.962391 181
290.150078 180
293.138381 179
294.483433 178
295.306518 177
296.762006 176
297.143444 175
298.068292 174
