0.0 324
28.633812 323
41.267442 322
222.797187 321
224.680462 320
227.74191 319
230.192509 318
230.767373 317
232.264319 316
234.452289 315
236.088671 314
237.885943 313
243.593427 312
245.555671 311
251.417605 310
252.018336 309
253.845487 308
254.473621 307
255.290666 306
255.921686 305
257.344294 304
259.181525 303
261.066168 302
261.655779 301
263.447809 300
265.070572 299
270.321399 298
271.637728 297
273.464276 296
274.533323 295
275.063905 294
279.127337 293
282.738125 292
283.364471 291
286.04592 290
286.847517 289
