0.0 271
31.257348 270
39.942697 269
63.416119 268
70.03816 267
70.754549 266
117.105656 265
121.472885 264
122.301087 263
124.91098 262
125.583866 261
128.659432 260
133.165319 259
133.95405 258
134.938088 257
138.704596 256
141.168785 255
144.190554 254
148.157215 253
149.681114 252
151.442519 251
154.060848 250
156.918791 249
159.11797 248
162.075127 247
163.116026 246
163.471422 245
164.346692 244
169.62701 243
170.734551 242
173.186483 241
177.701707 240
180.516085 239
182.484714 238
187.187654 237
189.28905 236
189.813202 235
190.440752 234
