0.00508427619934082 6
0.005251169204711914 6
0.010631322860717773 6
0.01488804817199707 6
0.014938116073608398 6
0.02609729766845703 6
0.02947211265563965 6
0.03461098670959473 6
0.043177127838134766 6
0.04970407485961914 6
0.04975318908691406 6
0.04976534843444824 6
0.04981422424316406 6
0.05140423774719238 6
0.0514981746673584 6
0.10179996490478516 6
0.12697315216064453 6
0.3130781650543213 6
0.3916361331939697 6
0.3916511535644531 6
0.39171719551086426 6
0.39182114601135254 6
0.39183616638183594 6
0.3964560031890869 6
0.39646124839782715 6
0.3964991569519043 6
0.3966071605682373 6
0.39672017097473145 6
0.39676332473754883 6
0.4032173156738281 6
0.40483617782592773 6
0.40888023376464844 6
0.41779613494873047 6
0.4368720054626465 6
0.45118212699890137 6
0.48711299896240234 6
0.48767638206481934 6
0.4876983165740967 6
0.48777127265930176 6
0.48784422874450684 6
0.49242329597473145 6
0.4924449920654297 6
0.4924659729003906 6
0.4924769401550293 6
0.49248814582824707 6
0.4924890995025635 6
0.4925520420074463 6
0.49255824089050293 6
0.4925682544708252 6
0.49257516860961914 6
0.4926621913909912 6
0.49266624450683594 6
0.4926741123199463 6
0.49268007278442383 6
0.49276018142700195 6
0.4995913505554199 6
0.5010292530059814 6
0.5043661594390869 6
0.5098562240600586 6
0.5100390911102295 6
0.5126972198486328 6
0.516289234161377 6
0.5226850509643555 6
0.5227069854736328 6
0.5290639400482178 6
0.5290961265563965 6
0.5881402492523193 6
0.5979032516479492 6
0.6008791923522949 6
0.6044831275939941 6
0.6408021450042725 6
0.6854820251464844 6
0.6855082511901855 6
0.6855931282043457 6
0.6856372356414795 6
0.6857752799987793 6
0.6934762001037598 6
0.6998050212860107 6
0.7749772071838379 6
0.7793233394622803 6
0.7815680503845215 6
0.7833993434906006 6
0.7837493419647217 6
0.7858431339263916 6
0.7871971130371094 6
0.7872200012207031 6
0.7872731685638428 6
0.7873001098632812 6
0.7874000072479248 6
0.7876491546630859 6
0.7896592617034912 6
0.7897250652313232 6
0.7913250923156738 6
0.7913360595703125 6
0.7913460731506348 6
0.7913522720336914 6
0.7913532257080078 6
0.7913591861724854 6
0.7913942337036133 6
0.7914071083068848 6
0.7914152145385742 6
0.7914161682128906 6
0.791419267654419 6
0.7914412021636963 6
0.7914540767669678 6
0.7914772033691406 6
0.7914912700653076 6
0.7914931774139404 6
0.7914953231811523 6
0.7915101051330566 6
0.7915472984313965 6
0.7915821075439453 6
0.7916131019592285 6
0.7916302680969238 6
0.7916460037231445 6
0.7916653156280518 6
0.795147180557251 6
0.8012652397155762 6
0.8030872344970703 6
0.8174362182617188 6
0.8174653053283691 6
0.8175201416015625 6
0.8250632286071777 6
0.8696801662445068 6
0.8698372840881348 6
0.869866132736206 6
0.8699121475219727 6
0.8746991157531738 6
0.8747951984405518 6
0.8792619705200195 6
0.8793082237243652 6
0.8793590068817139 6
0.879371166229248 6
0.8794209957122803 6
0.8836002349853516 6
0.8875162601470947 6
0.8975543975830078 6
0.90450119972229 6
0.9308481216430664 6
0.9350631237030029 6
0.9749681949615479 6
0.9946162700653076 6
0.9946613311767578 6
1.006291151046753 6
1.0305261611938477 6
1.084388256072998 6
1.0848321914672852 6
1.085254192352295 6
1.0860590934753418 6
1.088426113128662 6
1.0891931056976318 6
1.0892431735992432 6
1.0892951488494873 6
1.0894169807434082 6
1.0903832912445068 6
1.0907931327819824 6
1.0919480323791504 6
1.0919523239135742 6
1.0919930934906006 6
1.0919952392578125 6
1.092036247253418 6
1.0920441150665283 6
1.0921261310577393 6
1.0921311378479004 6
1.0921661853790283 6
1.092292308807373 6
1.0923280715942383 6
1.0931801795959473 6
1.0939500331878662 6
1.0950331687927246 6
1.0957419872283936 6
1.0958263874053955 6
1.0958421230316162 6
1.0958490371704102 6
1.0958530902862549 6
1.095884084701538 6
1.0979912281036377 6
1.0980072021484375 6
1.0980801582336426 6
1.0981030464172363 6
1.0984971523284912 6
1.0995571613311768 6
1.0995709896087646 6
1.0995721817016602 6
1.0995841026306152 6
1.0995919704437256 6
1.0995991230010986 6
1.0996150970458984 6
1.0996241569519043 6
1.0996360778808594 6
1.099642276763916 6
1.099647045135498 6
1.0996553897857666 6
1.0996692180633545 6
1.0997531414031982 6
1.0997772216796875 6
1.0997812747955322 6
1.0997931957244873 6
1.0998551845550537 6
1.0998561382293701 6
1.1007041931152344 6
1.1007161140441895 6
1.1007821559906006 6
1.1008741855621338 6
1.1009740829467773 6
1.1010651588439941 6
1.1018083095550537 6
1.1025512218475342 6
1.1025662422180176 6
1.1026413440704346 6
1.1026582717895508 6
1.1026651859283447 6
1.102668046951294 6
1.1026780605316162 6
1.1027002334594727 6
1.102708101272583 6
1.102720022201538 6
1.102783203125 6
1.1028013229370117 6
1.1028151512145996 6
1.1033260822296143 6
1.1048152446746826 6
1.104823112487793 6
1.104830026626587 6
1.1048352718353271 6
1.10483717918396 6
1.1048872470855713 6
1.1049022674560547 6
1.104910135269165 6
1.1049160957336426 6
1.1049222946166992 6
1.104933261871338 6
1.1049861907958984 6
1.1050121784210205 6
1.10502028465271 6
1.1050431728363037 6
1.10506010055542 6
1.105098009109497 6
1.105154275894165 6
1.1067373752593994 6
1.1070060729980469 6
1.1070170402526855 6
1.1070451736450195 6
1.107046365737915 6
1.1070621013641357 6
1.1071381568908691 6
1.1071491241455078 6
1.1071550846099854 6
1.1071701049804688 6
1.1071932315826416 6
1.1072032451629639 6
1.1072189807891846 6
1.107222080230713 6
1.107267141342163 6
1.108227252960205 6
1.1096200942993164 6
1.1111760139465332 6
1.1113371849060059 6
1.112821102142334 6
1.112868309020996 6
1.1128771305084229 6
1.1128971576690674 6
1.1129391193389893 6
1.1129570007324219 6
1.1129653453826904 6
1.1129679679870605 6
1.1129710674285889 6
1.1129863262176514 6
1.1129920482635498 6
1.1130073070526123 6
1.1130352020263672 6
1.1130452156066895 6
1.1130602359771729 6
1.1130661964416504 6
1.1131131649017334 6
1.11313796043396 6
1.113152027130127 6
1.1132442951202393 6
1.11326003074646 6
1.1132721900939941 6
1.113274335861206 6
1.1133010387420654 6
1.1133310794830322 6
1.1133613586425781 6
1.1134090423583984 6
1.1134800910949707 6
1.114950180053711 6
1.1152071952819824 6
1.1153652667999268 6
1.116279125213623 6
1.116302251815796 6
1.1179802417755127 6
1.1190462112426758 6
1.1199371814727783 6
1.1201391220092773 6
1.1201601028442383 6
1.1211903095245361 6
1.1215002536773682 6
1.1230342388153076 6
1.129974126815796 6
1.1299951076507568 6
1.1302390098571777 6
1.1302552223205566 6
1.1302599906921387 6
1.1302642822265625 6
1.1302921772003174 6
1.1307542324066162 6
1.1308701038360596 6
1.1322293281555176 6
1.133094310760498 6
1.1357450485229492 6
1.135768175125122 6
1.1378731727600098 6
1.1378850936889648 6
1.1378912925720215 6
1.1379060745239258 6
1.1379289627075195 6
1.1379389762878418 6
1.1379551887512207 6
1.1379573345184326 6
1.1380012035369873 6
1.1414191722869873 6
1.1429650783538818 6
1.1429791450500488 6
1.1446590423583984 6
1.1446712017059326 6
1.1446771621704102 6
1.1446921825408936 6
1.1447162628173828 6
1.1447272300720215 6
1.1447422504425049 6
1.144745111465454 6
1.144789218902588 6
1.1455340385437012 6
1.1455800533294678 6
1.1455881595611572 6
1.14559006690979 6
1.1456031799316406 6
1.145611047744751 6
1.1456561088562012 6
1.145672082901001 6
1.145693063735962 6
1.145733118057251 6
1.1498303413391113 6
1.1534361839294434 6
1.1534512042999268 6
1.1540281772613525 6
1.1552271842956543 6
1.158616065979004 6
1.1593291759490967 6
1.1604812145233154 6
1.1605281829833984 6
1.1605792045593262 6
1.1606132984161377 6
1.1606321334838867 6
1.1606462001800537 6
1.1625351905822754 6
1.1625921726226807 6
1.1634562015533447 6
1.1634812355041504 6
1.1634891033172607 6
1.1635262966156006 6
1.163602352142334 6
1.1660521030426025 6
1.167579174041748 6
1.1682162284851074 6
1.1729190349578857 6
1.1867573261260986 6
1.1875650882720947 6
1.1876633167266846 6
1.1879301071166992 6
1.196228265762329 6
1.197587013244629 6
1.2006590366363525 6
1.2042460441589355 6
1.2147750854492188 6
1.221712350845337 6
1.2382771968841553 6
1.2383842468261719 6
1.2806143760681152 6
1.2899081707000732 6
1.2899131774902344 6
1.28993821144104 6
1.2899410724639893 6
1.2982690334320068 6
1.3810381889343262 6
1.381040334701538 6
1.3848741054534912 6
1.3891351222991943 6
1.4590270519256592 6
1.459031105041504 6
1.4590511322021484 6
1.459078311920166 6
1.4591302871704102 6
1.4591681957244873 6
1.4702253341674805 6
1.4737181663513184 6
1.4797132015228271 6
1.496622085571289 6
1.512932300567627 6
1.5618770122528076 6
1.5657680034637451 6
1.5715982913970947 6
1.5718152523040771 6
1.6032702922821045 6
1.6390142440795898 6
1.6459200382232666 6
1.6614410877227783 6
1.6615869998931885 6
1.6766831874847412 6
1.7831261157989502 6
1.8310952186584473 6
1.8349361419677734 6
2.0989091396331787 6
2.098912000656128 6
2.0989372730255127 6
2.09895920753479 6
2.0990121364593506 6
2.0990242958068848 6
2.099046230316162 6
2.099083185195923 6
2.0991129875183105 6
2.099114179611206 6
2.1028542518615723 6
2.176788091659546 6
2.1883132457733154 6
2.1919119358062744 6
2.272188186645508 6
2.273350238800049 6
2.2734501361846924 6
2.2744431495666504 6
2.2744619846343994 6
2.2744650840759277 6
2.274487257003784 6
2.2744901180267334 6
2.2744929790496826 6
2.2745180130004883 6
2.274541139602661 6
2.2745940685272217 6
2.2746009826660156 6
2.274604082107544 6
2.2746081352233887 6
2.274620294570923 6
2.274630308151245 6
2.274639129638672 6
2.274649143218994 6
2.274663209915161 6
2.274670124053955 6
2.274702310562134 6
2.27470326423645 6
2.274721145629883 6
2.274739980697632 6
2.2752373218536377 6
2.2753090858459473 6
2.2753500938415527 6
2.2754790782928467 6
2.2760140895843506 6
2.2767281532287598 6
2.2781262397766113 6
2.2781331539154053 6
2.2792441844940186 6
2.279582977294922 6
2.2795891761779785 6
2.2799692153930664 6
2.279973268508911 6
2.27999210357666 6
2.2800183296203613 6
2.280069351196289 6
2.2801082134246826 6
2.280703067779541 6
2.2807083129882812 6
2.2817862033843994 6
2.2821450233459473 6
2.2828211784362793 6
2.2828590869903564 6
2.282879114151001 6
2.283494234085083 6
2.28359317779541 6
2.283708333969116 6
2.2837531566619873 6
2.284203052520752 6
2.284302234649658 6
2.2845540046691895 6
2.2845571041107178 6
2.2845592498779297 6
2.2846641540527344 6
2.284710168838501 6
2.2859442234039307 6
2.2860450744628906 6
2.2861580848693848 6
2.286203145980835 6
2.286295175552368 6
2.2867610454559326 6
2.287682056427002 6
2.2877912521362305 6
2.287893056869507 6
2.2883641719818115 6
2.2883682250976562 6
2.2883872985839844 6
2.2884130477905273 6
2.288464307785034 6
2.2885022163391113 6
2.2890591621398926 6
2.2920262813568115 6
2.292358160018921 6
2.2923593521118164 6
2.2924270629882812 6
2.292569160461426 6
2.292694091796875 6
2.292736053466797 6
2.292785167694092 6
2.292795181274414 6
2.2927980422973633 6
2.2928051948547363 6
2.292828321456909 6
2.29284405708313 6
2.292854070663452 6
2.2929022312164307 6
2.2929341793060303 6
2.2929391860961914 6
2.2929632663726807 6
2.292978048324585 6
2.2930071353912354 6
2.293403148651123 6
2.2937490940093994 6
2.2937872409820557 6
2.29390811920166 6
2.2943291664123535 6
2.29433012008667 6
2.294332265853882 6
2.294332981109619 6
2.294342279434204 6
2.294343948364258 6
2.2943460941314697 6
2.294347047805786 6
2.294349193572998 6
2.2943551540374756 6
2.2943570613861084 6
2.2943592071533203 6
2.2943642139434814 6
2.2943649291992188 6
2.2943670749664307 6
2.29437518119812 6
2.2943811416625977 6
2.294382095336914 6
2.294386148452759 6
2.294389009475708 6
2.294396162033081 6
2.2943990230560303 6
2.294401168823242 6
2.294405221939087 6
2.2944161891937256 6
2.294426202774048 6
2.2944283485412598 6
2.2944300174713135 6
2.2944321632385254 6
2.294433116912842 6
2.29443621635437 6
2.2944393157958984 6
2.2944421768188477 6
2.2944493293762207 6
2.29445219039917 6
2.294457197189331 6
2.2944602966308594 6
2.2944631576538086 6
2.294469118118286 6
2.29447603225708 6
2.294482946395874 6
2.294490337371826 6
2.29449725151062 6
2.2945122718811035 6
2.2945151329040527 6
2.294523239135742 6
2.2945291996002197 6
2.2945361137390137 6
2.29453706741333 6
2.294539213180542 6
2.294541120529175 6
2.294544219970703 6
2.294548988342285 6
2.2945611476898193 6
2.2945632934570312 6
2.294565200805664 6
2.294567346572876 6
2.2945711612701416 6
2.2945752143859863 6
2.2945799827575684 6
2.2945821285247803 6
2.294591188430786 6
2.294593095779419 6
2.2945961952209473 6
2.294598340988159 6
2.294600009918213 6
2.2946040630340576 6
2.2946581840515137 6
2.294664144515991 6
2.2946691513061523 6
2.2946712970733643 6
2.2946722507476807 6
2.294673204421997 6
2.2946841716766357 6
2.294694185256958 6
2.2946979999542236 6
2.2947142124176025 6
2.2947189807891846 6
2.2947211265563965 6
2.294724225997925 6
2.294746160507202 6
2.2947962284088135 6
2.2948031425476074 6
2.29483699798584 6
2.2948460578918457 6
2.2948532104492188 6
2.294863224029541 6
2.2948801517486572 6
2.29489803314209 6
2.294912099838257 6
2.294985055923462 6
2.294992208480835 6
2.2949981689453125 6
2.2950422763824463 6
2.2982242107391357 6
2.2993311882019043 6
2.2994492053985596 6
2.3014280796051025 6
2.301485061645508 6
2.301560163497925 6
2.3035600185394287 6
2.303678035736084 6
2.3059961795806885 6
2.3102800846099854 6
2.3102893829345703 6
2.310523271560669 6
2.310580015182495 6
2.310655117034912 6
2.311429262161255 6
2.3114750385284424 6
2.312230348587036 6
2.3125052452087402 6
2.3130502700805664 6
2.313153028488159 6
2.313328266143799 6
2.3134169578552246 6
2.313436269760132 6
2.3144102096557617 6
2.314448356628418 6
2.317105293273926 6
2.317115306854248 6
2.3188560009002686 6
2.3237409591674805 6
2.3239731788635254 6
2.324101209640503 6
2.324143171310425 6
2.3246331214904785 6
2.325843095779419 6
2.3264501094818115 6
2.326526165008545 6
2.327937126159668 6
2.3279852867126465 6
2.329728126525879 6
2.331102132797241 6
2.331116199493408 6
2.3311502933502197 6
2.331156015396118 6
2.3322761058807373 6
2.336341142654419 6
2.3407742977142334 6
2.3447439670562744 6
2.3447611331939697 6
2.34904408454895 6
2.3520121574401855 6
2.3520712852478027 6
2.367854118347168 6
2.369312047958374 6
2.381775140762329 6
2.381815195083618 6
2.3818371295928955 6
2.381850242614746 6
2.386631965637207 6
2.456395149230957 6
2.54586124420166 6
2.5458641052246094 6
2.5497422218322754 6
2.5542500019073486 6
2.5556271076202393 6
2.5875682830810547 6
2.6258952617645264 6
2.6273441314697266 6
2.6316301822662354 6
2.631648063659668 6
2.631747245788574 6
2.631801128387451 6
2.6323201656341553 6
2.632322072982788 6
2.632345199584961 6
2.6323671340942383 6
2.6324172019958496 6
2.6324281692504883 6
2.632449150085449 6
2.632484197616577 6
2.6325130462646484 6
2.6325151920318604 6
2.6361773014068604 6
2.7088630199432373 6
2.795342206954956 6
2.7956271171569824 6
2.805284261703491 6
2.808326244354248 6
2.811946153640747 6
2.8223962783813477 6
2.829038143157959 6
2.845485210418701 6
2.8455862998962402 6
2.8831522464752197 6
2.8874711990356445 6
2.888184070587158 6
2.8939390182495117 6
2.894113063812256 6
2.8941240310668945 6
2.896902322769165 6
2.901319980621338 6
2.907151222229004 6
2.9139151573181152 6
2.9139840602874756 6
2.9155001640319824 6
2.9155220985412598 6
2.915534257888794 6
2.926406145095825 6
2.9702751636505127 6
2.981114149093628 6
2.9827373027801514 6
3.0514352321624756 6
3.057222366333008 6
3.057234287261963 6
3.057239055633545 6
3.0572421550750732 6
3.0572433471679688 6
3.0572800636291504 6
3.057286262512207 6
3.0573151111602783 6
3.05734920501709 6
3.057370185852051 6
3.057389259338379 6
3.057394027709961 6
3.057396173477173 6
3.057429075241089 6
3.0574653148651123 6
3.0574951171875 6
3.0575003623962402 6
3.0575170516967773 6
3.061098098754883 6
3.0624072551727295 6
3.068955183029175 6
3.2201032638549805 6
3.2204742431640625 6
3.220501184463501 6
3.2246322631835938 6
3.225337266921997 6
3.2260360717773438 6
3.2281851768493652 6
3.228209972381592 6
3.2292113304138184 6
3.23016619682312 6
3.2304391860961914 6
3.2315452098846436 6
3.2317891120910645 6
3.233457326889038 6
3.23346209526062 6
3.233504056930542 6
3.2350552082061768 6
3.2350690364837646 6
3.2350711822509766 6
3.2351081371307373 6
3.2351322174072266 6
3.2351861000061035 6
3.2351932525634766 6
3.2352383136749268 6
3.2352750301361084 6
3.23530912399292 6
3.2370481491088867 6
3.242335081100464 6
3.2508223056793213 6
3.2516531944274902 6
3.252246141433716 6
3.253366231918335 6
3.2536189556121826 6
3.2594339847564697 6
3.259442090988159 6
3.259443998336792 6
3.2594711780548096 6
3.2594990730285645 6
3.2595012187957764 6
3.2595152854919434 6
3.259545087814331 6
3.259573221206665 6
3.259629249572754 6
3.2596302032470703 6
3.266989231109619 6
3.2670023441314697 6
3.2670280933380127 6
3.267045259475708 6
3.267059087753296 6
3.2671051025390625 6
3.267111301422119 6
3.267120122909546 6
3.267122983932495 6
3.3077821731567383 6
3.308181047439575 6
3.308845281600952 6
3.308847188949585 6
3.3109681606292725 6
3.3125712871551514 6
3.3125760555267334 6
3.312645196914673 6
3.312671184539795 6
3.3139522075653076 6
3.3178842067718506 6
3.318547010421753 6
3.3187520503997803 6
3.3187692165374756 6
3.318887233734131 6
3.318904161453247 6
3.3189220428466797 6
3.3189291954040527 6
3.3189330101013184 6
3.3189823627471924 6
3.3189942836761475 6
3.3190090656280518 6
3.319017171859741 6
3.319038152694702 6
3.319056272506714 6
3.319087266921997 6
3.3190882205963135 6
3.3191120624542236 6
3.319122314453125 6
3.3191239833831787 6
3.319139242172241 6
3.3191680908203125 6
3.3191702365875244 6
3.3233602046966553 6
3.3277292251586914 6
3.327820062637329 6
3.327913999557495 6
3.334456205368042 6
3.3345532417297363 6
3.3553781509399414 6
3.355525255203247 6
3.39743709564209 6
3.4755001068115234 6
3.4755022525787354 6
3.4793972969055176 6
3.56866717338562 6
3.5686821937561035 6
3.5687901973724365 6
3.5689501762390137 6
3.727046251296997 6
3.7339510917663574 6
3.7680482864379883 6
3.8080010414123535 6
3.811923027038574 6
3.8890461921691895 6
3.890122175216675 6
3.890127182006836 6
3.8901402950286865 6
3.8901431560516357 6
3.8901450634002686 6
3.890155076980591 6
3.8901591300964355 6
3.890198230743408 6
3.8902363777160645 6
3.890244245529175 6
3.8902573585510254 6
3.890268325805664 6
3.8903040885925293 6
3.8903491497039795 6
3.8903892040252686 6
3.8904521465301514 6
3.8940701484680176 6
3.8983781337738037 6
3.9004101753234863 6
3.9689481258392334 6
3.97039794921875 6
3.971101999282837 6
3.9739673137664795 6
3.982053279876709 6
3.986582040786743 6
4.0547473430633545 6
4.054858207702637 6
4.057969331741333 6
4.061612129211426 6
4.0956971645355225 6
4.1298582553863525 6
4.131407260894775 6
4.142333030700684 6
4.15971302986145 6
4.176437139511108 6
4.223275184631348 6
4.225231170654297 6
4.233881235122681 6
4.240756034851074 6
4.244570255279541 6
4.2545201778411865 6
4.284717082977295 6
4.303106069564819 6
4.337244272232056 6
4.374721050262451 6
4.378658056259155 6
4.531803131103516 6
4.533047199249268 6
4.533709287643433 6
4.533711194992065 6
4.533851146697998 6
4.536153316497803 6
4.537523031234741 6
4.538459300994873 6
4.538800239562988 6
4.542034387588501 6
4.5434770584106445 6
4.543691158294678 6
4.543783187866211 6
4.543798208236694 6
4.543820142745972 6
4.543825149536133 6
4.5438292026519775 6
4.5438573360443115 6
4.543885231018066 6
4.543909311294556 6
4.543915033340454 6
4.543919324874878 6
4.543921947479248 6
4.5439841747283936 6
4.544028997421265 6
4.551084041595459 6
4.551173210144043 6
4.551264047622681 6
4.55907416343689 6
4.559386253356934 6
4.560754060745239 6
4.56138014793396 6
4.563605070114136 6
4.568135976791382 6
4.56818413734436 6
4.573329210281372 6
4.5756731033325195 6
4.575790166854858 6
4.580524206161499 6
4.5875279903411865 6
4.587565183639526 6
4.603276252746582 6
4.637468338012695 6
4.7683351039886475 6
4.778513193130493 6
4.785670280456543 6
4.793683052062988 6
4.793689250946045 6
4.80145525932312 6
4.822140216827393 6
4.845365047454834 6
4.849242210388184 6
4.855193138122559 6
4.855204105377197 6
4.855207204818726 6
4.855215311050415 6
4.8552210330963135 6
4.855222225189209 6
4.855230093002319 6
4.855239391326904 6
4.855242013931274 6
4.855338096618652 6
4.855439186096191 6
4.855497121810913 6
4.873273134231567 6
4.887495994567871 6
4.921825170516968 6
4.922352313995361 6
4.922511100769043 6
4.935500144958496 6
4.937108993530273 6
4.964545249938965 6
4.964616060256958 6
5.000509023666382 6
5.003490209579468 6
5.0035552978515625 6
5.006592035293579 6
5.0088951587677 6
5.008916139602661 6
5.0089311599731445 6
5.008936166763306 6
5.008954286575317 6
5.008969068527222 6
5.008998155593872 6
5.009016275405884 6
5.0090413093566895 6
5.009056091308594 6
5.009066104888916 6
5.0091001987457275 6
5.009109020233154 6
5.009122133255005 6
5.009131193161011 6
5.009160995483398 6
5.009206056594849 6
5.024508953094482 6
5.024628162384033 6
5.024822235107422 6
5.024929046630859 6
5.026900053024292 6
5.02800726890564 6
5.028077125549316 6
5.028094053268433 6
5.041246175765991 6
5.051100969314575 6
5.059539079666138 6
5.059608221054077 6
5.05962610244751 6
5.15278434753418 6
5.15279221534729 6
5.152835130691528 6
5.152940034866333 6
5.152942180633545 6
5.153509140014648 6
5.153557062149048 6
5.154637098312378 6
5.154645204544067 6
5.154685974121094 6
5.154787302017212 6
5.154789209365845 6
5.155621290206909 6
5.155623197555542 6
5.155646085739136 6
5.155668020248413 6
5.155717134475708 6
5.155728340148926 6
5.155750274658203 6
5.1557841300964355 6
5.155814170837402 6
5.155815362930298 6
5.1559531688690186 6
5.1567182540893555 6
5.157320976257324 6
5.157323122024536 6
5.157376050949097 6
5.157565116882324 6
5.159025192260742 6
5.159732103347778 6
5.1603522300720215 6
5.160701036453247 6
5.160704135894775 6
5.160726070404053 6
5.160764217376709 6
5.160768032073975 6
5.160833120346069 6
5.160873174667358 6
5.160896062850952 6
5.161021947860718 6
5.161357164382935 6
5.1613640785217285 6
5.16136622428894 6
5.161367177963257 6
5.161370277404785 6
5.161375999450684 6
5.161380290985107 6
5.161383390426636 6
5.1613850593566895 6
5.161388158798218 6
5.161393165588379 6
5.1613991260528564 6
5.161404371261597 6
5.161415338516235 6
5.161416053771973 6
5.161418199539185 6
5.161421060562134 6
5.161424160003662 6
5.161431074142456 6
5.161440134048462 6
5.161445140838623 6
5.1614463329315186 6
5.161448955535889 6
5.161451101303101 6
5.1614580154418945 6
5.161471128463745 6
5.1614720821380615 6
5.161482095718384 6
5.161490201950073 6
5.161492109298706 6
5.161510229110718 6
5.161518096923828 6
5.16152024269104 6
5.161522150039673 6
5.161532163619995 6
5.16153621673584 6
5.161540269851685 6
5.1615471839904785 6
5.161550283432007 6
5.16155219078064 6
5.161563158035278 6
5.161565065383911 6
5.1615681648254395 6
5.161574363708496 6
5.161584138870239 6
5.161591053009033 6
5.161592245101929 6
5.1615941524505615 6
5.161596298217773 6
5.161597967147827 6
5.161606311798096 6
5.1616151332855225 6
5.161616325378418 6
5.161628246307373 6
5.161633253097534 6
5.161638259887695 6
5.161639213562012 6
5.161642074584961 6
5.161644220352173 6
5.161649227142334 6
5.161654233932495 6
5.161656141281128 6
5.1616692543029785 6
5.161689281463623 6
5.161692380905151 6
5.161693096160889 6
5.16169810295105 6
5.161700248718262 6
5.1617090702056885 6
5.163963317871094 6
5.163967132568359 6
5.1643640995025635 6
5.164976358413696 6
5.165077209472656 6
5.1650800704956055 6
5.165300130844116 6
5.166254281997681 6
5.166353225708008 6
5.166355133056641 6
5.1718432903289795 6
5.173657178878784 6
5.1773011684417725 6
5.177346229553223 6
5.178988218307495 6
5.178991317749023 6
5.179002285003662 6
5.179020166397095 6
5.179109334945679 6
5.179166078567505 6
5.180545091629028 6
5.181558132171631 6
5.18161416053772 6
5.181687116622925 6
5.186567306518555 6
5.190352201461792 6
5.190730094909668 6
5.191688060760498 6
5.19344425201416 6
5.194430112838745 6
5.19696307182312 6
5.196981191635132 6
5.202623128890991 6
5.202642202377319 6
5.204428195953369 6
5.20710301399231 6
5.2071213722229 6
5.207877159118652 6
5.217816114425659 6
5.218347072601318 6
5.218360185623169 6
5.220511198043823 6
5.314815044403076 6
5.315004348754883 6
5.459580183029175 6
5.4606170654296875 6
5.46156907081604 6
5.461633205413818 6
5.46190619468689 6
5.462006092071533 6
5.46212100982666 6
5.46216607093811 6
5.46302604675293 6
5.464992046356201 6
5.466632127761841 6
5.466698169708252 6
5.466851234436035 6
5.468653202056885 6
5.468931198120117 6
5.477927207946777 6
5.482637166976929 6
5.483463287353516 6
5.4840521812438965 6
5.484118223190308 6
5.485177278518677 6
5.491377353668213 6
5.499029159545898 6
5.49904727935791 6
5.499072074890137 6
5.499089241027832 6
5.499104022979736 6
5.499150276184082 6
5.4991559982299805 6
5.499165058135986 6
5.499168157577515 6
5.536803245544434 6
5.61037802696228 6
5.611664295196533 6
5.611776113510132 6
5.61188006401062 6
5.616403102874756 6
5.616621255874634 6
5.617408037185669 6
5.62188720703125 6
5.622513294219971 6
5.625296354293823 6
5.627405166625977 6
5.6277031898498535 6
5.630374193191528 6
5.633576154708862 6
5.633864164352417 6
5.633960008621216 6
5.634063243865967 6
5.634122133255005 6
5.648949146270752 6
5.690698146820068 6
5.759933948516846 6
5.763480186462402 6
5.797518253326416 6
5.832441091537476 6
5.833744287490845 6
5.838758230209351 6
5.854299306869507 6
5.980276107788086 6
5.98063325881958 6
5.982026100158691 6
5.983743190765381 6
5.984366178512573 6
5.984403133392334 6
5.984407186508179 6
5.985095977783203 6
5.985742092132568 6
5.985769033432007 6
5.986776113510132 6
5.989383935928345 6
5.989410161972046 6
5.98973536491394 6
5.990062236785889 6
5.991023302078247 6
5.9929211139678955 6
5.9941792488098145 6
5.995106220245361 6
5.995725154876709 6
5.996645212173462 6
5.998464107513428 6
6.000241994857788 6
6.00199031829834 6
6.002686023712158 6
6.005395174026489 6
6.005421161651611 6
6.005701303482056 6
6.00626015663147 6
6.007086277008057 6
6.007904052734375 6
6.009799957275391 6
6.011115074157715 6
6.012446165084839 6
6.014003038406372 6
6.014263153076172 6
6.015017032623291 6
6.015271186828613 6
6.017235994338989 6
6.018929958343506 6
6.018931150436401 6
6.0189409255981445 6
6.018949270248413 6
6.018951177597046 6
6.018968105316162 6
6.018976211547852 6
6.018978118896484 6
6.018980264663696 6
6.0189902782440186 6
6.018993377685547 6
6.0189971923828125 6
6.019005060195923 6
6.019008159637451 6
6.019010066986084 6
6.019021272659302 6
6.019023180007935 6
6.019026279449463 6
6.01903223991394 6
6.019042253494263 6
6.019047975540161 6
6.019050121307373 6
6.019052028656006 6
6.019053220748901 6
6.019055128097534 6
6.019063234329224 6
6.01907205581665 6
6.019073247909546 6
6.019106149673462 6
6.019111394882202 6
6.019116163253784 6
6.019118309020996 6
6.019121170043945 6
6.019122123718262 6
6.019127130508423 6
6.0191330909729 6
6.019134044647217 6
6.019148111343384 6
6.019168138504028 6
6.019170045852661 6
6.019171237945557 6
6.019176006317139 6
6.019179105758667 6
6.019186973571777 6
6.0542662143707275 6
6.057514190673828 6
6.068474292755127 6
6.0762622356414795 6
6.076354265213013 6
6.076373100280762 6
6.076488971710205 6
6.126513242721558 6
6.126794099807739 6
6.1279401779174805 6
6.129939079284668 6
6.131599187850952 6
6.13166618347168 6
6.131819009780884 6
6.13364315032959 6
6.147818088531494 6
6.148654222488403 6
6.1492531299591064 6
6.150391101837158 6
6.156686305999756 6
6.164430141448975 6
6.164443254470825 6
6.164470195770264 6
6.164487361907959 6
6.164501190185547 6
6.16454815864563 6
6.164554119110107 6
6.164562940597534 6
6.1645660400390625 6
6.204106092453003 6
6.204301118850708 6
6.229093313217163 6
6.235871076583862 6
6.260416030883789 6
6.274759292602539 6
6.275426149368286 6
6.2757861614227295 6
6.2758049964904785 6
6.275885105133057 6
6.2759881019592285 6
6.276108026504517 6
6.276153087615967 6
6.276180028915405 6
6.276272296905518 6
6.276275157928467 6
6.276289224624634 6
6.276292324066162 6
6.276346206665039 6
6.2763831615448 6
6.276405096054077 6
6.280519962310791 6
6.280757188796997 6
6.280884027481079 6
6.2829670906066895 6
6.28302526473999 6
6.283095121383667 6
6.284774303436279 6
6.284892320632935 6
6.285200357437134 6
6.29310417175293 6
6.2951061725616455 6
6.295210123062134 6
6.295225143432617 6
6.299581050872803 6
6.30662727355957 6
6.3083062171936035 6
6.311307191848755 6
6.313298225402832 6
6.327136039733887 6
6.3271400928497314 6
6.327150106430054 6
6.327160120010376 6
6.327247142791748 6
6.334485054016113 6
6.345456123352051 6
6.488008975982666 6
6.522686004638672 6
6.560444355010986 6
6.576372146606445 6
6.698883295059204 6
6.855457067489624 6
6.907957077026367 6
6.908292293548584 6
6.9086291790008545 6
6.910264253616333 6
6.9104530811309814 6
6.91059422492981 6
6.911103010177612 6
6.913157224655151 6
6.913296222686768 6
6.91597318649292 6
6.917211294174194 6
6.918424129486084 6
6.922565221786499 6
6.922857046127319 6
6.9240171909332275 6
6.924022197723389 6
6.924023151397705 6
6.92402720451355 6
6.924029111862183 6
6.924031019210815 6
6.924034118652344 6
6.92403507232666 6
6.924037218093872 6
6.924041986465454 6
6.924044132232666 6
6.924048185348511 6
6.924050331115723 6
6.924052000045776 6
6.9240562915802 6
6.924058198928833 6
6.9240641593933105 6
6.924065113067627 6
6.924071311950684 6
6.924076080322266 6
6.924081325531006 6
6.9240851402282715 6
6.924087047576904 6
6.9240882396698 6
6.9240992069244385 6
6.924102306365967 6
6.9241180419921875 6
6.924123287200928 6
6.924126148223877 6
6.9241321086883545 6
6.924138069152832 6
6.924143314361572 6
6.924144268035889 6
6.924148082733154 6
6.924150228500366 6
6.924152135848999 6
6.92415714263916 6
6.924161195755005 6
6.924166202545166 6
6.9241673946380615 6
6.924175262451172 6
6.924181222915649 6
6.924183130264282 6
6.92418909072876 6
6.9241931438446045 6
6.924197196960449 6
6.924209356307983 6
6.924211025238037 6
6.9242119789123535 6
6.924214124679565 6
6.924219131469727 6
6.924223184585571 6
6.9242260456085205 6
6.924229145050049 6
6.924230337142944 6
6.924232006072998 6
6.924236059188843 6
6.924248218536377 6
6.924262285232544 6
6.924263954162598 6
6.924270153045654 6
6.924271106719971 6
6.924293279647827 6
6.924297094345093 6
6.924300193786621 6
6.924309015274048 6
6.924316167831421 6
6.924322128295898 6
6.92585015296936 6
6.92595100402832 6
6.926244258880615 6
6.942766189575195 6
6.948667287826538 6
6.9496941566467285 6
6.956463098526001 6
6.959404230117798 6
6.9687042236328125 6
6.968734979629517 6
7.045209169387817 6
7.0607991218566895 6
7.185928106307983 6
7.188421249389648 6
7.247073173522949 6
7.247075080871582 6
7.24707818031311 6
7.247089147567749 6
7.247118234634399 6
7.247142314910889 6
7.247154951095581 6
7.247192144393921 6
7.247200012207031 6
7.24720311164856 6
7.247220039367676 6
7.247267246246338 6
7.247315168380737 6
7.24731707572937 6
7.247328042984009 6
7.247368097305298 6
7.247442960739136 6
7.250002384185791 6
7.250017166137695 6
7.250019073486328 6
7.251615047454834 6
7.252254009246826 6
7.2546162605285645 6
7.255671262741089 6
7.25568413734436 6
7.2557291984558105 6
7.2557373046875 6
7.255752086639404 6
7.255758285522461 6
7.255799055099487 6
7.255835294723511 6
7.25583815574646 6
7.255890369415283 6
7.25780725479126 6
7.257822036743164 6
7.257831335067749 6
7.257855176925659 6
7.257868051528931 6
7.257887125015259 6
7.2579121589660645 6
7.257939100265503 6
7.257977247238159 6
7.257989168167114 6
7.257997274398804 6
7.2581140995025635 6
7.260346174240112 6
7.260912179946899 6
7.2625579833984375 6
7.262587308883667 6
7.262646198272705 6
7.262654066085815 6
7.26270318031311 6
7.262742042541504 6
7.262779235839844 6
7.263697147369385 6
7.263846158981323 6
7.2638561725616455 6
7.264075040817261 6
7.270257949829102 6
7.270281076431274 6
7.2703633308410645 6
7.276863098144531 6
7.276876211166382 6
7.277615308761597 6
7.277709245681763 6
7.2792980670928955 6
7.279399394989014 6
7.2811362743377686 6
7.281219244003296 6
7.282389163970947 6
7.286327123641968 6
7.286511182785034 6
7.287942171096802 6
7.292196273803711 6
7.2924323081970215 6
7.3022661209106445 6
7.30271315574646 6
7.3059961795806885 6
7.305998086929321 6
7.306007146835327 6
7.306072235107422 6
7.320493221282959 6
7.328277111053467 6
7.3283851146698 6
7.328823089599609 6
7.330008268356323 6
7.33204197883606 6
7.332103252410889 6
7.340764999389648 6
7.340834140777588 6
7.345721244812012 6
7.347066164016724 6
7.34712815284729 6
7.349541187286377 6
7.354017019271851 6
7.354078054428101 6
7.356050252914429 6
7.356870174407959 6
7.359053134918213 6
7.359125137329102 6
7.359182119369507 6
7.360561370849609 6
7.3668413162231445 6
7.3705971240997314 6
7.370652198791504 6
7.6518871784210205 6
7.656816244125366 6
7.659306049346924 6
7.662208080291748 6
7.676749229431152 6
7.676769256591797 6
7.939192295074463 6
7.955022096633911 6
7.955116033554077 6
7.955168008804321 6
7.962700128555298 6
8.251205205917358 6
8.253278970718384 6
8.257721185684204 6
8.25801396369934 6
8.259990215301514 6
8.263536214828491 6
8.27433705329895 6
8.274407386779785 6
8.274428367614746 6
8.274456262588501 6
8.274478197097778 6
8.274495124816895 6
8.274509191513062 6
8.382102012634277 6
8.444585084915161 6
8.682251214981079 6
8.920143127441406 6
9.034215211868286 6
9.049581050872803 6
9.049595355987549 6
9.04964303970337 6
9.110615253448486 6
9.110688209533691 6
9.332719326019287 6
9.445237159729004 6
9.50070309638977 6
9.50081205368042 6
9.500869274139404 6
9.512011051177979 6
9.994353294372559 6
10.010396242141724 6
10.10012698173523 6
10.222264289855957 6
10.2223219871521 6
10.222394227981567 6
10.309604167938232 6
10.30980920791626 6
10.31069803237915 6
10.312096118927002 6
10.313513040542603 6
10.313789129257202 6
10.315688133239746 6
10.318063259124756 6
10.318072080612183 6
10.318078994750977 6
10.318089008331299 6
10.318106174468994 6
10.31812310218811 6
10.318136215209961 6
10.318209171295166 6
10.318217039108276 6
10.318223237991333 6
10.318267345428467 6
10.321890115737915 6
10.325761079788208 6
10.325774192810059 6
10.325797319412231 6
10.325815200805664 6
10.325817108154297 6
10.325828313827515 6
10.325852155685425 6
10.32586121559143 6
10.32587718963623 6
10.325891256332397 6
10.325900077819824 6
10.335813283920288 6
10.376689195632935 6
10.519837141036987 6
10.519856214523315 6
10.526564121246338 6
10.526583194732666 6
10.550897359848022 6
10.56172227859497 6
10.564439058303833 6
10.576929092407227 6
10.579477071762085 6
10.617039203643799 6
10.61715817451477 6
10.625990152359009 6
10.626091003417969 6
10.820778131484985 6
11.104000091552734 6
11.196156978607178 6
11.640645265579224 6
11.854008197784424 6
11.875816106796265 6
11.877108097076416 6
12.417096138000488 6
12.454678058624268 6
12.469625234603882 6
12.697807312011719 6
12.793418169021606 6
13.042012214660645 6
13.042113065719604 6
13.04246711730957 6
13.042559146881104 6
13.04261302947998 6
13.042832136154175 6
13.045384168624878 6
13.04541015625 6
13.045437097549438 6
13.045475244522095 6
13.04548716545105 6
13.045496225357056 6
13.047555208206177 6
13.048672199249268 6
13.05184006690979 6
13.053701162338257 6
13.054449319839478 6
13.05518913269043 6
13.055542230606079 6
13.05622410774231 6
13.05656909942627 6
13.056775331497192 6
13.058418035507202 6
13.0592041015625 6
13.059253215789795 6
13.060758113861084 6
13.064682006835938 6
13.064699172973633 6
13.06472134590149 6
13.064768075942993 6
13.066279172897339 6
13.067082166671753 6
13.067314147949219 6
13.067317008972168 6
13.068499088287354 6
13.06853723526001 6
13.431969165802002 6
16.436246156692505 6
16.451824188232422 6
16.45499610900879 6
16.455037117004395 6
16.455140113830566 6
16.46613097190857 6
16.54843235015869 6
16.55407214164734 6
16.563237190246582 6
16.57881498336792 6
16.60227108001709 6
16.60420823097229 6
16.635483264923096 6
16.635581016540527 6
16.63913130760193 6
16.641420125961304 6
16.643635988235474 6
16.653491020202637 6
16.678014993667603 6
16.678113222122192 6
16.737548112869263 6
16.740706205368042 6
16.746427297592163 6
16.75204610824585 6
16.75710415840149 6
16.760273218154907 6
16.76109218597412 6
16.776570320129395 6
16.778378009796143 6
16.79926609992981 6
16.799776077270508 6
16.80166506767273 6
16.83127212524414 6
16.84073519706726 6
16.84454607963562 6
16.846915245056152 6
16.85008430480957 6
16.850125074386597 6
16.850225925445557 6
16.85057520866394 6
16.861212253570557 6
16.863237142562866 6
16.87172818183899 6
16.87435507774353 6
16.904656171798706 6
16.9277241230011 6
16.937085151672363 6
16.93709111213684 6
16.93723225593567 6
16.937716007232666 6
16.94421410560608 6
16.947381019592285 6
16.947450160980225 6
16.947463989257812 6
16.94749903678894 6
16.947652101516724 6
16.947721004486084 6
16.972130060195923 6
16.972146034240723 6
16.972193241119385 6
16.972225189208984 6
16.981945276260376 6
16.998881101608276 6
17.035012245178223 6
17.039374113082886 6
17.045024156570435 6
17.069761037826538 6
17.0697762966156 6
17.069838285446167 6
17.121832132339478 6
17.12183928489685 6
17.121881246566772 6
17.121904134750366 6
17.12200117111206 6
17.123528957366943 6
17.12371826171875 6
17.12431812286377 6
17.12975311279297 6
17.13053798675537 6
17.132103204727173 6
17.132126092910767 6
17.132434368133545 6
17.132925033569336 6
17.132983207702637 6
17.13305115699768 6
17.134334087371826 6
17.134554147720337 6
17.136160135269165 6
17.136598110198975 6
17.136775255203247 6
17.136887073516846 6
17.13692331314087 6
17.136967182159424 6
17.13698101043701 6
17.136990070343018 6
17.136993169784546 6
17.13707399368286 6
17.139097213745117 6
17.139106273651123 6
17.13912296295166 6
17.13916802406311 6
17.140952110290527 6
17.140993118286133 6
17.141008138656616 6
17.141016244888306 6
17.141019344329834 6
17.14110016822815 6
17.142423152923584 6
17.14244508743286 6
17.142833948135376 6
17.142892122268677 6
17.142961263656616 6
17.144850254058838 6
17.144890308380127 6
17.14490509033203 6
17.14491319656372 6
17.14491605758667 6
17.14499306678772 6
17.145591259002686 6
17.145613193511963 6
17.14623522758484 6
17.151337146759033 6
17.151353120803833 6
17.151378393173218 6
17.15138006210327 6
17.151393175125122 6
17.15140199661255 6
17.151405096054077 6
17.151434183120728 6
17.1514413356781 6
17.15146517753601 6
17.151470184326172 6
17.151484966278076 6
17.151543140411377 6
17.15157413482666 6
17.153685092926025 6
17.15368914604187 6
17.153698205947876 6
17.153701305389404 6
17.153707027435303 6
17.153731107711792 6
17.153747081756592 6
17.153757095336914 6
17.153805255889893 6
17.153834104537964 6
17.15384316444397 6
17.15386700630188 6
17.153882265090942 6
17.153911113739014 6
17.155692100524902 6
17.155750274658203 6
17.155819177627563 6
17.16009020805359 6
17.160112142562866 6
17.160175323486328 6
17.16698408126831 6
17.166991233825684 6
17.1670081615448 6
17.168427228927612 6
17.168442249298096 6
17.168452262878418 6
17.168455362319946 6
17.168537139892578 6
17.168782234191895 6
17.168797969818115 6
17.16880512237549 6
17.1688551902771 6
17.168884992599487 6
17.1688871383667 6
17.168902158737183 6
17.16896414756775 6
17.169087171554565 6
17.16919207572937 6
17.17624020576477 6
17.17625617980957 6
17.176263332366943 6
17.17631220817566 6
17.176343202590942 6
17.176345109939575 6
17.17636013031006 6
17.17642331123352 6
17.186147212982178 6
17.186907291412354 6
17.193931102752686 6
17.193947315216064 6
17.200402975082397 6
17.21212124824524 6
17.21919322013855 6
17.219651222229004 6
17.219691038131714 6
17.222785234451294 6
17.222833156585693 6
17.222952127456665 6
17.224021196365356 6
17.228358268737793 6
17.229364156723022 6
17.229412317276 6
17.22946524620056 6
17.229478359222412 6
17.22953224182129 6
17.23201632499695 6
17.233506202697754 6
17.235684156417847 6
17.235965967178345 6
17.236019134521484 6
17.23604917526245 6
17.236197233200073 6
17.239233255386353 6
17.24381709098816 6
17.24748921394348 6
17.24753737449646 6
17.24759817123413 6
17.24765419960022 6
17.24772834777832 6
17.25443720817566 6
17.25471806526184 6
17.25598120689392 6
17.25752305984497 6
17.26022720336914 6
17.26115107536316 6
17.2620050907135 6
17.26436710357666 6
17.2655611038208 6
17.265579223632812 6
17.265661001205444 6
17.265671253204346 6
17.265676259994507 6
17.267221212387085 6
17.267751216888428 6
17.26837730407715 6
17.27055311203003 6
17.276713132858276 6
17.276721954345703 6
17.27673029899597 6
17.27674913406372 6
17.27677011489868 6
17.276779174804688 6
17.276811122894287 6
17.276822090148926 6
17.276825189590454 6
17.28479528427124 6
17.290557146072388 6
17.2905752658844 6
17.315736293792725 6
17.315895080566406 6
17.316144227981567 6
17.316517114639282 6
17.316611289978027 6
17.321033000946045 6
17.325152158737183 6
17.32520031929016 6
17.329283237457275 6
17.330071210861206 6
17.33405613899231 6
17.33410406112671 6
17.335525274276733 6
17.335817098617554 6
17.33800220489502 6
17.338017225265503 6
17.338051080703735 6
17.338199138641357 6
17.338306188583374 6
17.33874821662903 6
17.339399337768555 6
17.344162225723267 6
17.344205141067505 6
17.344292163848877 6
17.344512224197388 6
17.344552993774414 6
17.344762325286865 6
17.34687900543213 6
17.353259086608887 6
17.3625431060791 6
17.362667083740234 6
17.3626971244812 6
17.3628191947937 6
17.365128993988037 6
17.36546015739441 6
17.365475177764893 6
17.365482091903687 6
17.365530252456665 6
17.365560293197632 6
17.36556124687195 6
17.365576028823853 6
17.365634202957153 6
17.385523080825806 6
17.41527509689331 6
17.41540002822876 6
17.415725231170654 6
17.415740251541138 6
17.415804386138916 6
17.41610598564148 6
17.416224002838135 6
17.41648530960083 6
17.41652822494507 6
17.416970014572144 6
17.417010068893433 6
17.417790174484253 6
17.418055295944214 6
17.4182071685791 6
17.41930317878723 6
17.419360160827637 6
17.41942811012268 6
17.420019149780273 6
17.42003321647644 6
17.420096158981323 6
17.421157121658325 6
17.421170949935913 6
17.421234130859375 6
17.421937942504883 6
17.422243118286133 6
17.422285079956055 6
17.423822164535522 6
17.423861026763916 6
17.424675226211548 6
17.424910306930542 6
17.424917221069336 6
17.42492914199829 6
17.42494010925293 6
17.424957990646362 6
17.424963235855103 6
17.424975156784058 6
17.42501401901245 6
17.42505407333374 6
17.425077199935913 6
17.425132036209106 6
17.42514204978943 6
17.42514419555664 6
17.425159215927124 6
17.425169229507446 6
17.42522120475769 6
17.42525315284729 6
17.4252769947052 6
17.42532205581665 6
17.426259994506836 6
17.426810264587402 6
17.426960229873657 6
17.428938150405884 6
17.42895007133484 6
17.42895817756653 6
17.428964138031006 6
17.42896795272827 6
17.428977966308594 6
17.428980112075806 6
17.42901110649109 6
17.429039239883423 6
17.42904305458069 6
17.42906618118286 6
17.429132223129272 6
17.429134130477905 6
17.429137229919434 6
17.42919921875 6
17.42921805381775 6
17.42924213409424 6
17.429389238357544 6
17.430341243743896 6
17.430355072021484 6
17.4304141998291 6
17.43128204345703 6
17.431291341781616 6
17.43130612373352 6
17.43131113052368 6
17.43131923675537 6
17.43135118484497 6
17.43138313293457 6
17.4314022064209 6
17.431448221206665 6
17.431456089019775 6
17.431458234786987 6
17.431472301483154 6
17.43148112297058 6
17.431527376174927 6
17.431544065475464 6
17.431565284729004 6
17.43160605430603 6
17.431777238845825 6
17.432435035705566 6
17.433144092559814 6
17.43381929397583 6
17.433860301971436 6
17.434525966644287 6
17.43454909324646 6
17.434609174728394 6
17.43527126312256 6
17.435930252075195 6
17.43597435951233 6
17.437190294265747 6
17.437430143356323 6
17.437560081481934 6
17.4378981590271 6
17.438509225845337 6
17.43943214416504 6
17.439472198486328 6
17.440460205078125 6
17.44057822227478 6
17.441107034683228 6
17.441256999969482 6
17.44276714324951 6
17.442808151245117 6
17.443117141723633 6
17.443233251571655 6
17.44356107711792 6
17.445089101791382 6
17.445093154907227 6
17.445096969604492 6
17.445101261138916 6
17.445104360580444 6
17.445123195648193 6
17.445138216018677 6
17.445143222808838 6
17.44520401954651 6
17.44521927833557 6
17.44522500038147 6
17.4452862739563 6
17.44532322883606 6
17.445330381393433 6
17.445438146591187 6
17.445561170578003 6
17.44579315185547 6
17.445804119110107 6
17.44580626487732 6
17.44581913948059 6
17.44583296775818 6
17.445844173431396 6
17.44588327407837 6
17.445895195007324 6
17.44590711593628 6
17.445926189422607 6
17.445967197418213 6
17.44597029685974 6
17.44597816467285 6
17.44598412513733 6
17.44602394104004 6
17.4465491771698 6
17.448191165924072 6
17.44848322868347 6
17.448540925979614 6
17.448609113693237 6
17.450080156326294 6
17.450138330459595 6
17.450210094451904 6
17.450427293777466 6
17.451361179351807 6
17.451418161392212 6
17.451487064361572 6
17.45166325569153 6
17.45200204849243 6
17.452041149139404 6
17.45234727859497 6
17.4529972076416 6
17.454146146774292 6
17.454161167144775 6
17.454169273376465 6
17.454174995422363 6
17.45418405532837 6
17.454195976257324 6
17.454238176345825 6
17.454265117645264 6
17.454272031784058 6
17.454294204711914 6
17.45430827140808 6
17.454341173171997 6
17.45439910888672 6
17.455480098724365 6
17.45669412612915 6
17.457606315612793 6
17.458466053009033 6
17.458675146102905 6
17.458697080612183 6
17.458757162094116 6
17.45926523208618 6
17.45927929878235 6
17.45934796333313 6
17.459554195404053 6
17.460495233535767 6
17.46053409576416 6
17.46081829071045 6
17.46106219291687 6
17.461101055145264 6
17.461109161376953 6
17.461130142211914 6
17.461207151412964 6
17.461321115493774 6
17.461323022842407 6
17.461336135864258 6
17.461352109909058 6
17.461364030838013 6
17.46140432357788 6
17.461416006088257 6
17.461426973342896 6
17.461446285247803 6
17.461486101150513 6
17.46148920059204 6
17.46149730682373 6
17.46150302886963 6
17.46154022216797 6
17.46341609954834 6
17.463420391082764 6
17.463451147079468 6
17.463582038879395 6
17.463616132736206 6
17.464561223983765 6
17.4658682346344 6
17.46619701385498 6
17.466447114944458 6
17.466976165771484 6
17.4672372341156 6
17.46749711036682 6
17.468008041381836 6
17.46801209449768 6
17.468042135238647 6
17.46816325187683 6
17.468194246292114 6
17.468485116958618 6
17.468521118164062 6
17.468528270721436 6
17.468550205230713 6
17.468636989593506 6
17.469040155410767 6
17.46909809112549 6
17.469170093536377 6
17.469284296035767 6
17.469621181488037 6
17.470388174057007 6
17.470893144607544 6
17.471150159835815 6
17.47210121154785 6
17.472108125686646 6
17.472132205963135 6
17.472136974334717 6
17.472151041030884 6
17.47221040725708 6
17.472241163253784 6
17.4723961353302 6
17.474635124206543 6
17.47531819343567 6
17.475321292877197 6
17.475365161895752 6
17.475372076034546 6
17.47537899017334 6
17.475386142730713 6
17.47544026374817 6
17.475459098815918 6
17.47550106048584 6
17.47551703453064 6
17.477521181106567 6
17.478231191635132 6
17.47825312614441 6
17.478283166885376 6
17.478299140930176 6
17.478322982788086 6
17.479183197021484 6
17.48035216331482 6
17.48042130470276 6
17.482481241226196 6
17.483320236206055 6
17.484140157699585 6
17.48434829711914 6
17.4849591255188 6
17.485165119171143 6
17.485777378082275 6
17.485991954803467 6
17.485993146896362 6
17.48599910736084 6
17.486003160476685 6
17.486006021499634 6
17.48600721359253 6
17.486011266708374 6
17.486012935638428 6
17.48601508140564 6
17.48602032661438 6
17.48602318763733 6
17.486025094985962 6
17.486030101776123 6
17.48603320121765 6
17.486034393310547 6
17.486040115356445 6
17.486046075820923 6
17.486050128936768 6
17.486056089401245 6
17.486067056655884 6
17.4860680103302 6
17.486072063446045 6
17.48607325553894 6
17.48608422279358 6
17.486085176467896 6
17.486088037490845 6
17.486091136932373 6
17.486093282699585 6
17.486095190048218 6
17.486109972000122 6
17.486117124557495 6
17.486136198043823 6
17.486140251159668 6
17.486144065856934 6
17.48614501953125 6
17.486151218414307 6
17.486155033111572 6
17.486157178878784 6
17.486162185668945 6
17.486178159713745 6
17.48618507385254 6
17.48618721961975 6
17.486189126968384 6
17.486194133758545 6
17.48947834968567 6
17.48948621749878 6
17.48950719833374 6
17.489521980285645 6
17.48955512046814 6
17.48961305618286 6
17.490594148635864 6
17.492058277130127 6
17.492094039916992 6
17.492101192474365 6
17.492363214492798 6
17.492379188537598 6
17.492403984069824 6
17.492935180664062 6
17.495985984802246 6
17.500174283981323 6
17.5136981010437 6
17.513721227645874 6
17.51379919052124 6
17.513895273208618 6
17.513909101486206 6
17.519748210906982 6
17.519811153411865 6
17.51983118057251 6
17.52017116546631 6
17.520194053649902 6
17.520281314849854 6
17.520382165908813 6
17.520397186279297 6
17.524598121643066 6
17.52700114250183 6
17.527326107025146 6
17.52737522125244 6
17.52755117416382 6
17.52811908721924 6
17.530296087265015 6
17.530362129211426 6
17.530375957489014 6
17.530396938323975 6
17.53082013130188 6
17.539443016052246 6
17.539456129074097 6
17.53957724571228 6
17.53968620300293 6
17.548384189605713 6
17.548450231552124 6
17.551286220550537 6
17.552634239196777 6
17.55366611480713 6
17.555297136306763 6
17.559981107711792 6
17.564021110534668 6
17.578201293945312 6
17.580085039138794 6
17.581712245941162 6
17.585243225097656 6
17.597222328186035 6
17.607028007507324 6
17.607044219970703 6
17.607174158096313 6
17.60732913017273 6
17.607550144195557 6
17.608652114868164 6
17.60867404937744 6
17.608750104904175 6
17.608808040618896 6
17.608887195587158 6
17.613152027130127 6
17.613728046417236 6
17.6148841381073 6
17.614899158477783 6
17.61496114730835 6
17.61517024040222 6
17.615190029144287 6
17.615259170532227 6
17.61531925201416 6
17.615400075912476 6
17.618930101394653 6
17.618942975997925 6
17.61905527114868 6
17.61916494369507 6
17.622040271759033 6
17.622748374938965 6
17.623629093170166 6
17.62505030632019 6
17.62507128715515 6
17.625133275985718 6
17.62523126602173 6
17.62819218635559 6
17.62825298309326 6
17.629889249801636 6
17.631518125534058 6
17.631571054458618 6
17.63160014152527 6
17.63174819946289 6
17.63258719444275 6
17.633209228515625 6
17.633224964141846 6
17.633302211761475 6
17.633889198303223 6
17.63745617866516 6
17.641189336776733 6
17.64305806159973 6
17.64397430419922 6
17.647512197494507 6
17.64751625061035 6
17.647518157958984 6
17.64752221107483 6
17.647529125213623 6
17.647536277770996 6
17.647550106048584 6
17.64755630493164 6
17.647584199905396 6
17.647600173950195 6
17.647663116455078 6
17.647693157196045 6
17.647701025009155 6
17.648866176605225 6
17.653504133224487 6
17.653810024261475 6
17.653829336166382 6
17.653873920440674 6
17.653902292251587 6
17.653922080993652 6
17.653942108154297 6
17.653943061828613 6
17.653964042663574 6
17.653985023498535 6
17.654041290283203 6
17.654053211212158 6
17.6579692363739 6
17.657987117767334 6
17.662310361862183 6
17.670103073120117 6
17.674152135849 6
17.67575216293335 6
17.67577028274536 6
17.681018114089966 6
17.68456506729126 6
17.685670375823975 6
17.69003129005432 6
17.7152042388916 6
17.718395233154297 6
17.729527235031128 6
17.767622232437134 6
17.794149160385132 6
17.795300245285034 6
17.797186136245728 6
17.79719614982605 6
17.797214031219482 6
17.79722499847412 6
17.797253131866455 6
17.797266244888306 6
17.7972731590271 6
17.797280073165894 6
17.7972891330719 6
17.797292232513428 6
17.797303199768066 6
17.797311067581177 6
17.797370195388794 6
17.7973792552948 6
17.797414302825928 6
17.797431230545044 6
17.797490119934082 6
17.797529220581055 6
17.79842519760132 6
17.799106121063232 6
17.801404237747192 6
17.801445245742798 6
17.801546096801758 6
17.801786184310913 6
17.801920175552368 6
17.804429054260254 6
17.804551362991333 6
17.804670095443726 6
17.80608105659485 6
17.80734920501709 6
17.80842924118042 6
17.80874228477478 6
17.808760166168213 6
17.80880117416382 6
17.80890130996704 6
17.811613082885742 6
17.81206512451172 6
17.81231713294983 6
17.81265902519226 6
17.814723253250122 6
17.81539511680603 6
17.815582990646362 6
17.815595149993896 6
17.8161039352417 6
17.818446159362793 6
17.81973934173584 6
17.82211208343506 6
17.822704315185547 6
17.822739124298096 6
17.822749137878418 6
17.82277512550354 6
17.822779178619385 6
17.822781085968018 6
17.8228542804718 6
17.822928190231323 6
17.822962045669556 6
17.822997093200684 6
17.823238372802734 6
17.823406219482422 6
17.823509216308594 6
17.825001001358032 6
17.82906222343445 6
17.83325219154358 6
17.83585214614868 6
17.835859060287476 6
17.835867166519165 6
17.83587622642517 6
17.8358793258667 6
17.83589005470276 6
17.83589816093445 6
17.835960149765015 6
17.83596920967102 6
17.836005210876465 6
17.836021184921265 6
17.83611512184143 6
17.836156368255615 6
17.83714723587036 6
17.837626218795776 6
17.837635278701782 6
17.83765935897827 6
17.83767604827881 6
17.837695121765137 6
17.83772110939026 6
17.837748050689697 6
17.837786197662354 6
17.837798357009888 6
17.837807178497314 6
17.842371225357056 6
17.845644235610962 6
17.852779150009155 6
17.855345249176025 6
17.865873336791992 6
17.86594009399414 6
17.873180389404297 6
17.87779998779297 6
17.892032146453857 6
17.89236307144165 6
17.89444613456726 6
17.89698839187622 6
17.901153087615967 6
17.901689291000366 6
17.9041531085968 6
17.90460705757141 6
17.90811014175415 6
17.91063404083252 6
17.912595987319946 6
17.912622213363647 6
17.912814140319824 6
17.915220022201538 6
17.91570210456848 6
17.917774200439453 6
17.921964168548584 6
17.924044132232666 6
17.92435312271118 6
17.926764249801636 6
17.928856134414673 6
17.929054021835327 6
17.930335998535156 6
17.930345058441162 6
17.9303879737854 6
17.930456161499023 6
17.930504083633423 6
17.930512189865112 6
17.930544137954712 6
17.93329429626465 6
17.93329620361328 6
17.938587188720703 6
17.95028519630432 6
17.95112705230713 6
17.95613121986389 6
17.961751222610474 6
17.984448194503784 6
17.99318218231201 6
17.99873423576355 6
17.99878215789795 6
18.023303985595703 6
18.023396253585815 6
18.023468255996704 6
18.023471117019653 6
18.085299968719482 6
18.089585304260254 6
18.092132091522217 6
18.095175981521606 6
18.11788511276245 6
18.119678020477295 6
18.140815258026123 6
18.14654231071472 6
18.173299074172974 6
18.174466133117676 6
18.177433252334595 6
18.177481174468994 6
18.178187131881714 6
18.179931163787842 6
18.18040919303894 6
18.18154215812683 6
18.181893348693848 6
18.182019233703613 6
18.182273149490356 6
18.182321310043335 6
18.18346905708313 6
18.18441915512085 6
18.186222076416016 6
18.186269998550415 6
18.18762230873108 6
18.187669038772583 6
18.187962293624878 6
18.190044164657593 6
18.190054178237915 6
18.19006109237671 6
18.190062284469604 6
18.190068006515503 6
18.19010305404663 6
18.190118312835693 6
18.190126180648804 6
18.19012999534607 6
18.190134048461914 6
18.190157175064087 6
18.19017219543457 6
18.19019603729248 6
18.190211296081543 6
18.19021224975586 6
18.190215349197388 6
18.19023108482361 6
18.190272092819214 6
18.190307140350342 6
18.190341234207153 6
18.190359115600586 6
18.19037699699402 6
18.19039535522461 6
18.190768241882324 6
18.190814971923828 6
18.19145917892456 6
18.19619917869568 6
18.196227073669434 6
18.196248292922974 6
18.196254014968872 6
18.196325302124023 6
18.196343183517456 6
18.196351051330566 6
18.196407079696655 6
18.19644331932068 6
18.196444272994995 6
18.19646120071411 6
18.19652819633484 6
18.196601152420044 6
18.19664716720581 6
18.196869134902954 6
18.198402166366577 6
18.198496103286743 6
18.198594093322754 6
18.19861626625061 6
18.19913125038147 6
18.199193239212036 6
18.19927406311035 6
18.2056782245636 6
18.20613932609558 6
18.212911128997803 6
18.212971210479736 6
18.212985277175903 6
18.213046073913574 6
18.21444320678711 6
18.21478509902954 6
18.21480131149292 6
18.214808225631714 6
18.21485710144043 6
18.214888095855713 6
18.214890003204346 6
18.214905261993408 6
18.214964151382446 6
18.215083122253418 6
18.23457908630371 6
18.234583139419556 6
18.23461413383484 6
18.23473620414734 6
18.234767198562622 6
18.245399236679077 6
18.27994704246521 6
18.366228103637695 6
18.3717782497406 6
18.380751132965088 6
18.396120071411133 6
18.41913604736328 6
18.42102313041687 6
18.452263355255127 6
18.456369161605835 6
18.457152128219604 6
18.46059513092041 6
18.461129188537598 6
18.462537050247192 6
18.46352529525757 6
18.464986324310303 6
18.46500015258789 6
18.465022087097168 6
18.465689182281494 6
18.466331243515015 6
18.47139620780945 6
18.473663091659546 6
18.479917287826538 6
18.486719131469727 6
18.487930297851562 6
18.488152265548706 6
18.48849105834961 6
18.48850727081299 6
18.488514184951782 6
18.488563060760498 6
18.48859429359436 6
18.488595008850098 6
18.48861026763916 6
18.4886691570282 6
18.50834012031555 6
18.508461236953735 6
18.511609315872192 6
18.51816415786743 6
18.530269145965576 6
18.552425146102905 6
18.57860016822815 6
18.601650953292847 6
18.630391120910645 6
18.63079309463501 6
18.630836009979248 6
18.631986141204834 6
18.632419109344482 6
18.634143114089966 6
18.634186029434204 6
18.635602235794067 6
18.63564419746399 6
18.635943174362183 6
18.63600730895996 6
18.63602614402771 6
18.63667917251587 6
18.638832330703735 6
18.638842344284058 6
18.638859033584595 6
18.638900995254517 6
18.63890528678894 6
18.638915300369263 6
18.638918161392212 6
18.63892412185669 6
18.638947248458862 6
18.638962984085083 6
18.63897395133972 6
18.6390221118927 6
18.639050006866455 6
18.63905620574951 6
18.639080047607422 6
18.639095067977905 6
18.639124155044556 6
18.639628171920776 6
18.63963508605957 6
18.639652252197266 6
18.642093181610107 6
18.6421000957489 6
18.64211630821228 6
18.64314913749695 6
18.644506216049194 6
18.644525051116943 6
18.645209312438965 6
18.64605212211609 6
18.648527145385742 6
18.648528337478638 6
18.648534059524536 6
18.64856719970703 6
18.648577213287354 6
18.648584127426147 6
18.648600101470947 6
18.648627042770386 6
18.64863109588623 6
18.64864420890808 6
18.648648023605347 6
18.64867615699768 6
18.648698329925537 6
18.648747205734253 6
18.64875030517578 6
18.64879536628723 6
18.64891505241394 6
18.64892816543579 6
18.649085998535156 6
18.649749040603638 6
18.650565147399902 6
18.650734186172485 6
18.650896310806274 6
18.652847290039062 6
18.65319037437439 6
18.655723094940186 6
18.65635919570923 6
18.65884232521057 6
18.658931016921997 6
18.659001111984253 6
18.65900421142578 6
18.659770250320435 6
18.659784078598022 6
18.65984797477722 6
18.66013526916504 6
18.66134524345398 6
18.661880254745483 6
18.662180185317993 6
18.662543296813965 6
18.66354012489319 6
18.66368007659912 6
18.66373610496521 6
18.663811206817627 6
18.664544105529785 6
18.66455316543579 6
18.664560317993164 6
18.664576053619385 6
18.664603233337402 6
18.664608001708984 6
18.66462016105652 6
18.664624214172363 6
18.664653062820435 6
18.66467523574829 6
18.66472315788269 6
18.66472601890564 6
18.66477108001709 6
18.66531729698181 6
18.66659426689148 6
18.668025255203247 6
18.668033123016357 6
18.668074131011963 6
18.668139219284058 6
18.668187141418457 6
18.668195247650146 6
18.66822624206543 6
18.670269012451172 6
18.670297145843506 6
18.670300245285034 6
18.67030620574951 6
18.67032814025879 6
18.670331239700317 6
18.670401096343994 6
18.670404195785522 6
18.670420169830322 6
18.67043924331665 6
18.670452117919922 6
18.67045521736145 6
18.67047119140625 6
18.67083215713501 6
18.6708402633667 6
18.670843362808228 6
18.670854330062866 6
18.670862197875977 6
18.67092204093933 6
18.670932054519653 6
18.67096710205078 6
18.670984029769897 6
18.671045303344727 6
18.671080112457275 6
18.671704292297363 6
18.671720027923584 6
18.671767234802246 6
18.671799182891846 6
18.67490530014038 6
18.674997091293335 6
18.675015211105347 6
18.676462173461914 6
18.684574127197266 6
18.68708300590515 6
18.6878662109375 6
18.687880992889404 6
18.68788719177246 6
18.687947034835815 6
18.687984228134155 6
18.68799114227295 6
18.68817901611328 6
18.688542127609253 6
18.688611268997192 6
18.688615322113037 6
18.69115114212036 6
18.692740201950073 6
18.692758083343506 6
18.693735361099243 6
18.70023202896118 6
18.70156502723694 6
18.702028036117554 6
18.70700716972351 6
18.70895528793335 6
18.708969116210938 6
18.708999395370483 6
18.72690224647522 6
18.727941274642944 6
18.728032112121582 6
18.728103399276733 6
18.731171131134033 6
18.731194257736206 6
18.739766120910645 6
18.757225036621094 6
18.774096250534058 6
18.781901121139526 6
18.785306215286255 6
18.820029973983765 6
18.871016025543213 6
18.899025201797485 6
18.905717134475708 6
18.906252145767212 6
18.908721923828125 6
18.91268825531006 6
18.915215253829956 6
18.919803142547607 6
18.922353267669678 6
18.92640733718872 6
18.926470279693604 6
18.92849898338318 6
18.928797006607056 6
18.93115234375 6
18.93317413330078 6
18.93460512161255 6
18.934612035751343 6
18.934653997421265 6
18.934718132019043 6
18.93476629257202 6
18.934774160385132 6
18.934808254241943 6
18.937441110610962 6
18.937502145767212 6
18.937511205673218 6
18.941477298736572 6
18.941569089889526 6
18.95363426208496 6
18.954414129257202 6
18.957693099975586 6
18.95928120613098 6
18.968146324157715 6
18.973608016967773 6
18.990816116333008 6
18.996541023254395 6
19.007668018341064 6
19.015786170959473 6
19.020204067230225 6
19.022523164749146 6
19.02255916595459 6
19.02256727218628 6
19.022588968276978 6
19.022669076919556 6
19.045647144317627 6
19.0727801322937 6
19.073991298675537 6
19.074080228805542 6
19.074150323867798 6
19.074153184890747 6
19.08136820793152 6
19.084174156188965 6
19.084222078323364 6
19.084290266036987 6
19.08924913406372 6
19.092666149139404 6
19.093176126480103 6
19.10175108909607 6
19.113219261169434 6
19.113230228424072 6
19.11725425720215 6
19.133413314819336 6
19.135022163391113 6
19.152067184448242 6
19.161336183547974 6
19.161372184753418 6
19.161413192749023 6
19.161427974700928 6
19.161437034606934 6
19.161440134048462 6
19.161518096923828 6
19.16174626350403 6
19.161769151687622 6
19.16185235977173 6
19.16195511817932 6
19.161970138549805 6
19.166022300720215 6
19.168352127075195 6
19.168689966201782 6
19.16890811920166 6
19.171531200408936 6
19.17154622077942 6
19.171935081481934 6
19.171979188919067 6
19.172043085098267 6
19.17257308959961 6
19.174642086029053 6
19.17465615272522 6
19.175299167633057 6
19.175496101379395 6
19.178344011306763 6
19.180488109588623 6
19.182591199874878 6
19.182778120040894 6
19.18886923789978 6
19.188883066177368 6
19.188953161239624 6
19.193073987960815 6
19.195703268051147 6
19.19571018218994 6
19.19571828842163 6
19.19572615623474 6
19.19572925567627 6
19.195740938186646 6
19.195749282836914 6
19.19580912590027 6
19.19581699371338 6
19.19585418701172 6
19.195871114730835 6
19.195934057235718 6
19.195969104766846 6
19.197487115859985 6
19.197587966918945 6
19.202182292938232 6
19.202283143997192 6
19.214518070220947 6
19.222135066986084 6
19.225661039352417 6
19.232869148254395 6
19.237491130828857 6
19.237531185150146 6
19.237540245056152 6
19.25492835044861 6
19.258138179779053 6
19.284146070480347 6
19.31228017807007 6
19.334623098373413 6
19.34127116203308 6
19.34438729286194 6
19.344406127929688 6
19.344447135925293 6
19.34454917907715 6
19.350945234298706 6
19.354897260665894 6
19.35554528236389 6
19.358861207962036 6
19.3613440990448 6
19.36701536178589 6
19.398621082305908 6
19.39863920211792 6
19.420717239379883 6
19.425049304962158 6
19.430569171905518 6
19.433084964752197 6
19.441665172576904 6
19.454752206802368 6
19.45476722717285 6
19.454830169677734 6
19.506385326385498 6
19.508970022201538 6
19.513158321380615 6
19.516193151474 6
19.538756132125854 6
19.561320066452026 6
19.566996097564697 6
19.591763019561768 6
19.591800212860107 6
19.591849088668823 6
19.5919029712677 6
19.59191608428955 6
19.593351364135742 6
19.594471216201782 6
19.594486236572266 6
19.59454917907715 6
19.595123052597046 6
19.59528398513794 6
19.595932960510254 6
19.596110105514526 6
19.596113204956055 6
19.59810209274292 6
19.598400115966797 6
19.598403215408325 6
19.598409175872803 6
19.598418951034546 6
19.598424196243286 6
19.598462104797363 6
19.598467111587524 6
19.59847116470337 6
19.598520278930664 6
19.598533153533936 6
19.598559141159058 6
19.598576307296753 6
19.59859013557434 6
19.598637104034424 6
19.5986430644989 6
19.598652362823486 6
19.598654985427856 6
19.599188089370728 6
19.5992112159729 6
19.600613117218018 6
19.601659297943115 6
19.603004217147827 6
19.603045225143433 6
19.60305905342102 6
19.603068351745605 6
19.603070974349976 6
19.60314917564392 6
19.60544514656067 6
19.60553503036499 6
19.605605125427246 6
19.605607986450195 6
19.606428384780884 6
19.606470346450806 6
19.606484174728394 6
19.60649299621582 6
19.60649609565735 6
19.606574296951294 6
19.608100175857544 6
19.60814619064331 6
19.609549283981323 6
19.60976004600525 6
19.609801054000854 6
19.60990333557129 6
19.610110998153687 6
19.61011528968811 6
19.610119342803955 6
19.61012315750122 6
19.610125064849854 6
19.61014199256897 6
19.610157251358032 6
19.610162019729614 6
19.61022114753723 6
19.610236167907715 6
19.610242128372192 6
19.610300302505493 6
19.61033821105957 6
19.610345125198364 6
19.612073183059692 6
19.612092971801758 6
19.612508296966553 6
19.612606048583984 6
19.612733125686646 6
19.612744092941284 6
19.612746000289917 6
19.612759113311768 6
19.612775325775146 6
19.612786054611206 6
19.61282515525818 6
19.61283826828003 6
19.612849235534668 6
19.612868309020996 6
19.612909078598022 6
19.61291217803955 6
19.612919092178345 6
19.612925052642822 6
19.61296319961548 6
19.613078117370605 6
19.615293979644775 6
19.616544008255005 6
19.616567134857178 6
19.616629123687744 6
19.616859197616577 6
19.617480039596558 6
19.61750316619873 6
19.61810326576233 6
19.619412183761597 6
19.619633197784424 6
19.620845079421997 6
19.621440172195435 6
19.62173819541931 6
19.622035026550293 6
19.62233304977417 6
19.62321424484253 6
19.624093055725098 6
19.62524914741516 6
19.62527108192444 6
19.62583017349243 6
19.626111030578613 6
19.62612509727478 6
19.626134157180786 6
19.626137256622314 6
19.626214265823364 6
19.62639808654785 6
19.627527952194214 6
19.62753415107727 6
19.627536296844482 6
19.627548933029175 6
19.6275532245636 6
19.62755513191223 6
19.627564191818237 6
19.627568244934082 6
19.627575159072876 6
19.627581119537354 6
19.62759304046631 6
19.627602338790894 6
19.627605199813843 6
19.627608060836792 6
19.62761116027832 6
19.627618074417114 6
19.62761926651001 6
19.627631187438965 6
19.627634048461914 6
19.62764024734497 6
19.627644300460815 6
19.62765121459961 6
19.627654314041138 6
19.627662181854248 6
19.62766432762146 6
19.627668142318726 6
19.62767004966736 6
19.627692222595215 6
19.627695322036743 6
19.627697229385376 6
19.627703189849854 6
19.627708196640015 6
19.627711057662964 6
19.627713203430176 6
19.62772011756897 6
19.627722024917603 6
19.627726078033447 6
19.627740383148193 6
19.627743005752563 6
19.627746105194092 6
19.627750158309937 6
19.627755165100098 6
19.627767086029053 6
19.627779245376587 6
19.62778115272522 6
19.627798080444336 6
19.6278133392334 6
19.627817153930664 6
19.627827167510986 6
19.628143310546875 6
19.62983512878418 6
19.629868030548096 6
19.629889249801636 6
19.6299090385437 6
19.629913091659546 6
19.629916191101074 6
19.629948377609253 6
19.629984140396118 6
19.63001298904419 6
19.630019187927246 6
19.630036115646362 6
19.630471229553223 6
19.63236403465271 6
19.63446617126465 6
19.63446831703186 6
19.634916305541992 6
19.634990215301514 6
19.63499903678894 6
19.635017156600952 6
19.63504910469055 6
19.635091066360474 6
19.63577914237976 6
19.638553142547607 6
19.641173124313354 6
19.641212940216064 6
19.641715049743652 6
19.641724348068237 6
19.643569231033325 6
19.644034147262573 6
19.64661407470703 6
19.64661717414856 6
19.647393226623535 6
19.65217423439026 6
19.65217900276184 6
19.652181148529053 6
19.652189016342163 6
19.65219211578369 6
19.652197122573853 6
19.652201175689697 6
19.652215242385864 6
19.652242183685303 6
19.652247190475464 6
19.65224814414978 6
19.65226411819458 6
19.655089378356934 6
19.65566110610962 6
19.65656304359436 6
19.656583309173584 6
19.656623125076294 6
19.656625986099243 6
19.65663433074951 6
19.65664005279541 6
19.656678199768066 6
19.659765005111694 6
19.676948070526123 6
19.677833080291748 6
19.678439378738403 6
19.67845106124878 6
19.678491353988647 6
19.678579092025757 6
19.678670167922974 6
19.67871904373169 6
19.67882513999939 6
19.679193258285522 6
19.679920196533203 6
19.67992615699768 6
19.679928064346313 6
19.680163145065308 6
19.680318117141724 6
19.68045425415039 6
19.68066906929016 6
19.68079423904419 6
19.681044101715088 6
19.681047201156616 6
19.681071281433105 6
19.681095361709595 6
19.681148290634155 6
19.681162118911743 6
19.681185245513916 6
19.681222200393677 6
19.68125319480896 6
19.681255340576172 6
19.682252168655396 6
19.682847023010254 6
19.683204174041748 6
19.683560132980347 6
19.68368625640869 6
19.683932304382324 6
19.68427324295044 6
19.68433117866516 6
19.684399127960205 6
19.684515237808228 6
19.684994220733643 6
19.684996128082275 6
19.685020923614502 6
19.685044050216675 6
19.685096979141235 6
19.68510913848877 6
19.685132026672363 6
19.685169219970703 6
19.685200214385986 6
19.685201168060303 6
19.68580937385559 6
19.68639636039734 6
19.686443090438843 6
19.686496019363403 6
19.686508178710938 6
19.68673324584961 6
19.68720531463623 6
19.68742609024048 6
19.688005208969116 6
19.68881106376648 6
19.688817262649536 6
19.688820123672485 6
19.688823223114014 6
19.68882417678833 6
19.688830137252808 6
19.688831090927124 6
19.68883728981018 6
19.688842058181763 6
19.688844203948975 6
19.68885040283203 6
19.68885111808777 6
19.688863039016724 6
19.688865184783936 6
19.68886709213257 6
19.688873052597046 6
19.68887710571289 6
19.688884019851685 6
19.688891172409058 6
19.688892364501953 6
19.68889617919922 6
19.688915014266968 6
19.688915967941284 6
19.688919067382812 6
19.688927173614502 6
19.688931226730347 6
19.688937187194824 6
19.688939094543457 6
19.688944339752197 6
19.688945293426514 6
19.688946962356567 6
19.688950061798096 6
19.688952207565308 6
19.68895697593689 6
19.6889591217041 6
19.68896222114563 6
19.688965320587158 6
19.688966274261475 6
19.68897008895874 6
19.688972234725952 6
19.688979148864746 6
19.68898105621338 6
19.688990116119385 6
19.688992023468018 6
19.688998222351074 6
19.68899917602539 6
19.689000129699707 6
19.689003229141235 6
19.68900418281555 6
19.689009189605713 6
19.68901014328003 6
19.689012050628662 6
19.68901515007019 6
19.68901824951172 6
19.689022064208984 6
19.68902826309204 6
19.689029216766357 6
19.689030170440674 6
19.68903923034668 6
19.689042329788208 6
19.68904709815979 6
19.689048290252686 6
19.689059257507324 6
19.68906331062317 6
19.689069271087646 6
19.68907332420349 6
19.689074993133545 6
19.689077138900757 6
19.68907904624939 6
19.689083337783813 6
19.68908715248108 6
19.689090251922607 6
19.689093351364136 6
19.689095973968506 6
19.689115285873413 6
19.689130067825317 6
19.689133167266846 6
19.689137935638428 6
19.689139127731323 6
19.689143180847168 6
19.689149141311646 6
19.689152002334595 6
19.689170360565186 6
19.68917417526245 6
19.689175128936768 6
19.689188241958618 6
19.68919014930725 6
19.689195156097412 6
19.689207077026367 6
19.68920922279358 6
19.689212322235107 6
19.689579010009766 6
19.689627170562744 6
19.6896812915802 6
19.689692974090576 6
19.690269947052002 6
19.691513299942017 6
19.694284200668335 6
19.694329261779785 6
19.69494318962097 6
19.69496726989746 6
19.694987058639526 6
19.694992303848267 6
19.69505000114441 6
19.695066213607788 6
19.695073127746582 6
19.695122241973877 6
19.69515323638916 6
19.695153951644897 6
19.69516921043396 6
19.695228338241577 6
19.695289134979248 6
19.695306062698364 6
19.69532322883606 6
19.695330142974854 6
19.695335388183594 6
19.69538426399231 6
19.69539713859558 6
19.695412158966064 6
19.695420265197754 6
19.695441246032715 6
19.69545817375183 6
19.69549012184143 6
19.695491075515747 6
19.69551420211792 6
19.695524215698242 6
19.695526361465454 6
19.695542097091675 6
19.695570945739746 6
19.695573091506958 6
19.696935176849365 6
19.697023153305054 6
19.69711422920227 6
19.69713306427002 6
19.697617292404175 6
19.697674036026 6
19.697750091552734 6
19.698323011398315 6
19.699823141098022 6
19.699912071228027 6
19.700003147125244 6
19.702102184295654 6
19.703636169433594 6
19.703878164291382 6
19.70393133163452 6
19.703943252563477 6
19.7039852142334 6
19.704185247421265 6
19.704220294952393 6
19.704241275787354 6
19.704289197921753 6
19.70429801940918 6
19.70430016517639 6
19.70431423187256 6
19.70432209968567 6
19.70436930656433 6
19.704387187957764 6
19.70440912246704 6
19.704451084136963 6
19.70576000213623 6
19.70984721183777 6
19.710137128829956 6
19.710240125656128 6
19.710647106170654 6
19.710700035095215 6
19.710713148117065 6
19.71076512336731 6
19.71101212501526 6
19.711040019989014 6
19.711109161376953 6
19.711854219436646 6
19.71207308769226 6
19.712125062942505 6
19.712138175964355 6
19.712160110473633 6
19.712197303771973 6
19.712229251861572 6
19.71223020553589 6
19.71241807937622 6
19.71243405342102 6
19.712441205978394 6
19.712489128112793 6
19.71251916885376 6
19.712521076202393 6
19.712536096572876 6
19.712594270706177 6
19.71271300315857 6
19.713690280914307 6
19.715304136276245 6
19.715826988220215 6
19.717714309692383 6
19.718247175216675 6
19.718510150909424 6
19.718773126602173 6
19.72211003303528 6
19.722363233566284 6
19.723353147506714 6
19.723445177078247 6
19.725786209106445 6
19.728628158569336 6
19.72885036468506 6
19.728867292404175 6
19.72887420654297 6
19.728923320770264 6
19.728954315185547 6
19.728955268859863 6
19.728970050811768 6
19.729029178619385 6
19.7293221950531 6
19.729412317276 6
19.730225324630737 6
19.730266332626343 6
19.732216119766235 6
19.73222017288208 6
19.73222303390503 6
19.732240200042725 6
19.73224401473999 6
19.732245206832886 6
19.732248067855835 6
19.732259273529053 6
19.73226022720337 6
19.732266187667847 6
19.73227024078369 6
19.73227334022522 6
19.732274055480957 6
19.7322781085968 6
19.732280254364014 6
19.732282161712646 6
19.732288122177124 6
19.732290267944336 6
19.73229217529297 6
19.732298135757446 6
19.732301235198975 6
19.73230218887329 6
19.73230814933777 6
19.73231530189514 6
19.732319116592407 6
19.732325315475464 6
19.732335329055786 6
19.73233723640442 6
19.732340097427368 6
19.73234224319458 6
19.73235321044922 6
19.732354164123535 6
19.732357263565063 6
19.732360124588013 6
19.732362031936646 6
19.732364177703857 6
19.732372999191284 6
19.732380390167236 6
19.732399225234985 6
19.73240303993225 6
19.732407093048096 6
19.73240828514099 6
19.73241400718689 6
19.732418060302734 6
19.73241925239563 6
19.73242497444153 6
19.732441186904907 6
19.7324481010437 6
19.732450246810913 6
19.732452154159546 6
19.732457160949707 6
19.73554015159607 6
19.738706350326538 6
19.739440202713013 6
19.741299152374268 6
19.74204707145691 6
19.742382287979126 6
19.74239706993103 6
19.74307632446289 6
19.74341917037964 6
19.74526596069336 6
19.746057987213135 6
19.74759817123413 6
19.751509189605713 6
19.751527309417725 6
19.751549005508423 6
19.751591205596924 6
19.75310230255127 6
19.75335121154785 6
19.753902196884155 6
19.75413203239441 6
19.754135131835938 6
19.764981031417847 6
19.770977020263672 6
19.771157026290894 6
19.79478096961975 6
19.796982049942017 6
19.79976511001587 6
19.801936149597168 6
19.808101177215576 6
19.81994605064392 6
19.855050086975098 6
19.86617398262024 6
19.904256105422974 6
19.93605613708496 6
19.93905806541443 6
19.947569370269775 6
19.96159315109253 6
19.98421025276184 6
19.98985505104065 6
20.02266216278076 6
20.02579116821289 6
20.0401132106781 6
20.04698133468628 6
20.048773288726807 6
20.048874139785767 6
20.103512287139893 6
20.103690147399902 6
20.10663414001465 6
20.106694221496582 6
20.110533237457275 6
20.113250255584717 6
20.118208169937134 6
20.12934708595276 6
20.129353046417236 6
20.129377126693726 6
20.129409074783325 6
20.12948727607727 6
20.129554271697998 6
20.152011156082153 6
20.15770411491394 6
20.16767120361328 6
20.19006109237671 6
20.19260597229004 6
20.201276302337646 6
20.266966104507446 6
20.2670841217041 6
20.269830226898193 6
20.26985502243042 6
20.27163600921631 6
20.271679162979126 6
20.27240300178528 6
20.273097038269043 6
20.273118019104004 6
20.273180961608887 6
20.273280143737793 6
20.275557279586792 6
20.27562117576599 6
20.276254177093506 6
20.27631902694702 6
20.279579162597656 6
20.281949996948242 6
20.284255027770996 6
20.290260076522827 6
20.29239511489868 6
20.297014236450195 6
20.298568964004517 6
20.299427270889282 6
20.30197811126709 6
20.30198097229004 6
20.30202603340149 6
20.302032232284546 6
20.302040100097656 6
20.30204701423645 6
20.3020920753479 6
20.30211114883423 6
20.302154064178467 6
20.302170276641846 6
20.306154012680054 6
20.322347164154053 6
20.32396697998047 6
20.349730253219604 6
20.355481147766113 6
20.38164210319519 6
20.3928062915802 6
20.39281415939331 6
20.4064462184906 6
20.4343101978302 6
20.437469005584717 6
20.437528133392334 6
20.4375422000885 6
20.43761110305786 6
20.440752267837524 6
20.444053173065186 6
20.46009397506714 6
20.460363149642944 6
20.48839807510376 6
20.513367176055908 6
20.513458967208862 6
20.5135440826416 6
20.5159170627594 6
20.516021013259888 6
20.519087314605713 6
20.51912808418274 6
20.519230127334595 6
20.519582986831665 6
20.523743152618408 6
20.52730131149292 6
20.5277681350708 6
20.53005599975586 6
20.530254125595093 6
20.530258178710938 6
20.5302631855011 6
20.53027105331421 6
20.530277252197266 6
20.530386209487915 6
20.530404090881348 6
20.53048300743103 6
20.530493021011353 6
20.530497074127197 6
20.53231906890869 6
20.54083013534546 6
20.543472290039062 6
20.545286178588867 6
20.549992084503174 6
20.552406072616577 6
20.55266833305359 6
20.55326008796692 6
20.553457260131836 6
20.56038212776184 6
20.564275979995728 6
20.57037615776062 6
20.57345223426819 6
20.57345414161682 6
20.573456287384033 6
20.573471069335938 6
20.573512077331543 6
20.573546171188354 6
20.573580026626587 6
20.573596954345703 6
20.57361626625061 6
20.573634147644043 6
20.595721006393433 6
20.596467971801758 6
20.59683632850647 6
20.597560167312622 6
20.598278284072876 6
20.598632097244263 6
20.600597143173218 6
20.600778102874756 6
20.602534294128418 6
20.60288119316101 6
20.603087186813354 6
20.60323929786682 6
20.6037540435791 6
20.603934049606323 6
20.604501008987427 6
20.604560136795044 6
20.604631185531616 6
20.605473041534424 6
20.606842279434204 6
20.607362270355225 6
20.60770010948181 6
20.608389139175415 6
20.608723163604736 6
20.60939598083496 6
20.6098849773407 6
20.61235523223877 6
20.6130051612854 6
20.614285230636597 6
20.615235090255737 6
20.617746353149414 6
20.61818504333496 6
20.618677139282227 6
20.619290113449097 6
20.6223042011261 6
20.623322248458862 6
20.623326063156128 6
20.62350630760193 6
20.623915195465088 6
20.624107122421265 6
20.624688148498535 6
20.624977350234985 6
20.625087022781372 6
20.62517523765564 6
20.625269174575806 6
20.626145124435425 6
20.6268413066864 6
20.62685537338257 6
20.62688422203064 6
20.62690305709839 6
20.626928329467773 6
20.626944065093994 6
20.626957178115845 6
20.626992225646973 6
20.627002239227295 6
20.6270112991333 6
20.627021074295044 6
20.62705111503601 6
20.62709617614746 6
20.62843418121338 6
20.62939214706421 6
20.629780054092407 6
20.630561113357544 6
20.631039142608643 6
20.631903171539307 6
20.632988929748535 6
20.634600162506104 6
20.63485813140869 6
20.639296054840088 6
20.639431953430176 6
20.63980507850647 6
20.640305995941162 6
20.64055609703064 6
20.642024040222168 6
20.642505168914795 6
20.64274835586548 6
20.644636392593384 6
20.646482229232788 6
20.647159099578857 6
20.648054122924805 6
20.648277044296265 6
20.648720264434814 6
20.649161100387573 6
20.6512770652771 6
20.651692152023315 6
20.652307987213135 6
20.652894020080566 6
20.653724193572998 6
20.65392518043518 6
20.655476093292236 6
20.65566611289978 6
20.657889127731323 6
20.65807008743286 6
20.6582510471344 6
20.65878415107727 6
20.660497188568115 6
20.661648273468018 6
20.66180992126465 6
20.662290334701538 6
20.662912130355835 6
20.66426920890808 6
20.664416074752808 6
20.664855241775513 6
20.665569067001343 6
20.666397094726562 6
20.667316198349 6
20.66744613647461 6
20.667575120925903 6
20.668687105178833 6
20.670071125030518 6
20.670615196228027 6
20.670725345611572 6
20.671252012252808 6
20.67125415802002 6
20.671256065368652 6
20.671257257461548 6
20.67125916481018 6
20.671260356903076 6
20.671261072158813 6
20.67127513885498 6
20.67129135131836 6
20.671300172805786 6
20.671306133270264 6
20.671308040618896 6
20.671321153640747 6
20.671327114105225 6
20.671353101730347 6
20.679776191711426 6
20.67996597290039 6
20.68300700187683 6
20.68696928024292 6
20.691264152526855 6
20.698434114456177 6
20.699682235717773 6
20.701231241226196 6
20.703975200653076 6
20.70576310157776 6
20.709721088409424 6
20.709740161895752 6
20.709834098815918 6
20.70984411239624 6
20.7098491191864 6
20.753420114517212 6
20.767903089523315 6
20.771684169769287 6
20.798349142074585 6
20.809903144836426 6
20.82354426383972 6
20.88084101676941 6
20.880864143371582 6
20.932997226715088 6
20.95884919166565 6
20.95921516418457 6
20.959761381149292 6
20.962260007858276 6
20.963300228118896 6
20.96626305580139 6
20.968822240829468 6
20.971280336380005 6
20.9713773727417 6
20.973500967025757 6
20.976060390472412 6
20.97750210762024 6
20.980145931243896 6
20.980213165283203 6
20.982282161712646 6
20.982586145401 6
20.98425602912903 6
20.984958171844482 6
20.986716985702515 6
20.98699712753296 6
20.987011194229126 6
20.987033128738403 6
20.987467050552368 6
20.988029956817627 6
20.98843502998352 6
20.988442182540894 6
20.988487243652344 6
20.98855209350586 6
20.988599061965942 6
20.988607168197632 6
20.988638162612915 6
20.99082326889038 6
20.990872144699097 6
20.99129033088684 6
20.99135112762451 6
20.991360187530518 6
20.995350122451782 6
20.995441198349 6
21.00758934020996 6
21.008378267288208 6
21.009777307510376 6
21.00998306274414 6
21.01167631149292 6
21.013272285461426 6
21.016204118728638 6
21.02047634124756 6
21.022112131118774 6
21.027620315551758 6
21.02924919128418 6
21.02960729598999 6
21.041874170303345 6
21.066530227661133 6
21.121812105178833 6
21.12498903274536 6
21.139471292495728 6
21.145190238952637 6
21.146377086639404 6
21.14646625518799 6
21.146557092666626 6
21.148197174072266 6
21.148300170898438 6
21.19831919670105 6
21.198378086090088 6
21.198451042175293 6
21.198570013046265 6
21.199300289154053 6
21.199826955795288 6
21.199841022491455 6
21.199846267700195 6
21.19990611076355 6
21.199925184249878 6
21.199934005737305 6
21.199992179870605 6
21.200003147125244 6
21.20002007484436 6
21.200732231140137 6
21.2011981010437 6
21.201255321502686 6
21.20125913619995 6
21.20144009590149 6
21.202136278152466 6
21.20265221595764 6
21.20365595817566 6
21.203665256500244 6
21.203700065612793 6
21.203710079193115 6
21.203736066818237 6
21.20374035835266 6
21.2037410736084 6
21.20381808280945 6
21.20389199256897 6
21.203930139541626 6
21.203964233398438 6
21.20405626296997 6
21.204355239868164 6
21.204411268234253 6
21.20441508293152 6
21.20459222793579 6
21.205433130264282 6
21.206101179122925 6
21.206120014190674 6
21.206197023391724 6
21.206300258636475 6
21.20713233947754 6
21.209472179412842 6
21.20980930328369 6
21.21014404296875 6
21.210156202316284 6
21.210161924362183 6
21.210220098495483 6
21.21023917198181 6
21.21024799346924 6
21.210305213928223 6
21.21031618118286 6
21.210334062576294 6
21.211774110794067 6
21.211963176727295 6
21.212103366851807 6
21.21261429786682 6
21.21307921409607 6
21.213146209716797 6
21.213266372680664 6
21.214686155319214 6
21.21483325958252 6
21.21488118171692 6
21.21707820892334 6
21.21751618385315 6
21.218634128570557 6
21.21876311302185 6
21.218767166137695 6
21.2189462184906 6
21.219985246658325 6
21.220770120620728 6
21.224152088165283 6
21.224449157714844 6
21.224925994873047 6
21.225219249725342 6
21.225619077682495 6
21.22562313079834 6
21.22562527656555 6
21.22562837600708 6
21.225630044937134 6
21.225633144378662 6
21.225635290145874 6
21.22563624382019 6
21.225638151168823 6
21.22633409500122 6
21.226336002349854 6
21.226341247558594 6
21.226343393325806 6
21.226344108581543 6
21.226349115371704 6
21.2263503074646 6
21.226383209228516 6
21.226385354995728 6
21.226391077041626 6
21.226397037506104 6
21.226405143737793 6
21.226413249969482 6
21.226415157318115 6
21.226417303085327 6
21.22642731666565 6
21.226431131362915 6
21.226447105407715 6
21.226452112197876 6
21.226455211639404 6
21.2264621257782 6
21.226468324661255 6
21.226473093032837 6
21.226474046707153 6
21.22648310661316 6
21.226485013961792 6
21.226487159729004 6
21.22649312019348 6
21.226498126983643 6
21.226503372192383 6
21.226505041122437 6
21.22651433944702 6
21.226522207260132 6
21.226524353027344 6
21.226531267166138 6
21.226539134979248 6
21.226543188095093 6
21.226556301116943 6
21.226559162139893 6
21.22656226158142 6
21.22656512260437 6
21.226569175720215 6
21.22657322883606 6
21.226576328277588 6
21.226578950881958 6
21.226580142974854 6
21.226582050323486 6
21.22658634185791 6
21.226598262786865 6
21.226612091064453 6
21.22661519050598 6
21.22662115097046 6
21.226622104644775 6
21.226648092269897 6
21.226651191711426 6
21.226654052734375 6
21.22666335105896 6
21.226670265197754 6
21.226675033569336 6
21.227620124816895 6
21.2276771068573 6
21.227747201919556 6
21.228034257888794 6
21.228212118148804 6
21.228313207626343 6
21.228607177734375 6
21.229340314865112 6
21.229440212249756 6
21.23103904724121 6
21.231670141220093 6
21.233572244644165 6
21.234111070632935 6
21.234382152557373 6
21.23465132713318 6
21.238020181655884 6
21.238275289535522 6
21.239304065704346 6
21.240960121154785 6
21.241778135299683 6
21.244606971740723 6
21.245253324508667 6
21.245302200317383 6
21.24621319770813 6
21.249497175216675 6
21.25035333633423 6
21.25119638442993 6
21.251410961151123 6
21.25194025039673 6
21.252016305923462 6
21.252033233642578 6
21.252236127853394 6
21.252849340438843 6
21.255237340927124 6
21.255434036254883 6
21.25654101371765 6
21.256579160690308 6
21.257333040237427 6
21.257882118225098 6
21.258061170578003 6
21.258774042129517 6
21.25912618637085 6
21.25947618484497 6
21.26050615310669 6
21.260849952697754 6
21.2611882686615 6
21.26213312149048 6
21.262181282043457 6
21.262664079666138 6
21.262824058532715 6
21.26375722885132 6
21.264968156814575 6
21.265552282333374 6
21.26654601097107 6
21.268120288848877 6
21.26824712753296 6
21.26874017715454 6
21.268863201141357 6
21.270402193069458 6
21.27051615715027 6
21.270846128463745 6
21.271177053451538 6
21.271286010742188 6
21.271499156951904 6
21.271611213684082 6
21.271619081497192 6
21.27163815498352 6
21.271642208099365 6
21.27164602279663 6
21.271648168563843 6
21.271653175354004 6
21.271658182144165 6
21.27165913581848 6
21.271664142608643 6
21.271680116653442 6
21.271687269210815 6
21.27168917655945 6
21.271692037582397 6
21.271697282791138 6
21.278292179107666 6
21.278316259384155 6
21.278378009796143 6
21.280856132507324 6
21.282276153564453 6
21.28342604637146 6
21.284719228744507 6
21.284732341766357 6
21.284893035888672 6
21.285728216171265 6
21.28738832473755 6
21.287394046783447 6
21.28743624687195 6
21.289425373077393 6
21.289599180221558 6
21.2913920879364 6
21.29206919670105 6
21.294641256332397 6
21.297791004180908 6
21.297903299331665 6
21.29880404472351 6
21.300852060317993 6
21.30115509033203 6
21.30353617668152 6
21.305602073669434 6
21.30704426765442 6
21.307051181793213 6
21.307096242904663 6
21.307160139083862 6
21.307207345962524 6
21.307215213775635 6
21.307247161865234 6
21.30949306488037 6
21.30995202064514 6
21.31413507461548 6
21.32644510269165 6
21.327248334884644 6
21.332223176956177 6
21.332273244857788 6
21.337566137313843 6
21.342180252075195 6
21.35953116416931 6
21.359952211380005 6
21.360250234603882 6
21.36268424987793 6
21.367714166641235 6
21.36859917640686 6
21.370118141174316 6
21.37075424194336 6
21.370784044265747 6
21.370938301086426 6
21.371419191360474 6
21.37144136428833 6
21.373059272766113 6
21.37307333946228 6
21.377195119857788 6
21.377277135849 6
21.384181022644043 6
21.384188175201416 6
21.384204149246216 6
21.385940074920654 6
21.38595199584961 6
21.3859760761261 6
21.38598918914795 6
21.386009216308594 6
21.386034965515137 6
21.386062145233154 6
21.38610005378723 6
21.386112213134766 6
21.386125087738037 6
21.39077925682068 6
21.390850067138672 6
21.391168117523193 6
21.397449016571045 6
21.397513151168823 6
21.397656202316284 6
21.401298999786377 6
21.40332818031311 6
21.403396129608154 6
21.41113805770874 6
21.411150217056274 6
21.43801498413086 6
21.446609258651733 6
21.44858717918396 6
21.45206093788147 6
21.453657150268555 6
21.454930305480957 6
21.460856199264526 6
21.462614059448242 6
21.46262812614441 6
21.462691068649292 6
21.463068962097168 6
21.468615293502808 6
21.47243905067444 6
21.478716373443604 6
21.483590364456177 6
21.489280223846436 6
21.489307165145874 6
21.496169090270996 6
21.499255180358887 6
21.503507137298584 6
21.51572823524475 6
21.542335033416748 6
21.59364914894104 6
21.59369397163391 6
21.593801021575928 6
21.597698211669922 6
21.601988315582275 6
21.602299213409424 6
21.602311372756958 6
21.60242223739624 6
21.602534294128418 6
21.604971170425415 6
21.609161138534546 6
21.61042308807373 6
21.611980199813843 6
21.614708185195923 6
21.61649203300476 6
21.616594314575195 6
21.61659598350525 6
21.620082139968872 6
21.620100259780884 6
21.620179176330566 6
21.62018895149231 6
21.620193243026733 6
21.62259006500244 6
21.639296054840088 6
21.639381170272827 6
21.645084381103516 6
21.64853811264038 6
21.648613214492798 6
21.65400505065918 6
21.6595561504364 6
21.671019077301025 6
21.674193382263184 6
21.68879795074463 6
21.695752143859863 6
21.697576999664307 6
21.697678089141846 6
21.748154163360596 6
21.770971298217773 6
21.7938072681427 6
21.79955220222473 6
21.824770212173462 6
21.902857065200806 6
21.903048992156982 6
21.90305209159851 6
21.903223037719727 6
21.90353012084961 6
21.903536319732666 6
21.903579235076904 6
21.903939247131348 6
21.90395426750183 6
21.9043071269989 6
21.904669046401978 6
21.905028104782104 6
21.90504217147827 6
21.90539026260376 6
21.90574312210083 6
21.906100034713745 6
21.9061222076416 6
21.90640115737915 6
21.906403303146362 6
21.906408071517944 6
21.90644097328186 6
21.906450986862183 6
21.906458139419556 6
21.906474113464355 6
21.90650701522827 6
21.906513214111328 6
21.9065260887146 6
21.906530141830444 6
21.9065580368042 6
21.906579971313477 6
21.906628131866455 6
21.906631231307983 6
21.906676054000854 6
21.906818151474 6
21.90716814994812 6
21.907358169555664 6
21.907483339309692 6
21.907525300979614 6
21.907539129257202 6
21.907548189163208 6
21.907551050186157 6
21.907628059387207 6
21.907873153686523 6
21.90820622444153 6
21.9085431098938 6
21.908881187438965 6
21.909223318099976 6
21.909574270248413 6
21.909919023513794 6
21.91026210784912 6
21.910598278045654 6
21.91068124771118 6
21.91089105606079 6
21.91093111038208 6
21.911034107208252 6
21.911253213882446 6
21.91126036643982 6
21.911271333694458 6
21.91127300262451 6
21.911288261413574 6
21.911295175552368 6
21.91131019592285 6
21.911345958709717 6
21.911362171173096 6
21.91139817237854 6
21.911463260650635 6
21.911490201950073 6
21.911497116088867 6
21.911519050598145 6
21.911574125289917 6
21.911615133285522 6
21.911720991134644 6
21.911952257156372 6
21.91227912902832 6
21.912607192993164 6
21.91293215751648 6
21.913259029388428 6
21.913273096084595 6
21.91329836845398 6
21.913591146469116 6
21.913593292236328 6
21.913665056228638 6
21.91378116607666 6
21.91389799118042 6
21.913926362991333 6
21.9139301776886 6
21.91393208503723 6
21.913936138153076 6
21.91394305229187 6
21.913949012756348 6
21.91396403312683 6
21.91396927833557 6
21.913998126983643 6
21.91401720046997 6
21.914080142974854 6
21.914111137390137 6
21.914119243621826 6
21.914265155792236 6
21.91427206993103 6
21.91428828239441 6
21.914592027664185 6
21.914921045303345 6
21.915240049362183 6
21.915566205978394 6
21.91558814048767 6
21.915887117385864 6
21.916070222854614 6
21.916208267211914 6
21.916529178619385 6
21.916850090026855 6
21.917169332504272 6
21.917492151260376 6
21.917803049087524 6
21.91788601875305 6
21.918122053146362 6
21.91843819618225 6
21.91875410079956 6
21.919077157974243 6
21.91918110847473 6
21.91939425468445 6
21.919706344604492 6
21.920022010803223 6
21.920335292816162 6
21.920640230178833 6
21.92072296142578 6
21.920950174331665 6
21.921261072158813 6
21.92157006263733 6
21.921882152557373 6
21.922182321548462 6
21.922479152679443 6
21.922778129577637 6
21.923083066940308 6
21.923386335372925 6
21.923683166503906 6
21.923975944519043 6
21.924267053604126 6
21.92456030845642 6
21.924856185913086 6
21.925150156021118 6
21.925447940826416 6
21.925742149353027 6
21.92604112625122 6
21.92633819580078 6
21.92662525177002 6
21.926910161972046 6
21.927196979522705 6
21.927204132080078 6
21.927220106124878 6
21.927489042282104 6
21.92750310897827 6
21.927778244018555 6
21.928065061569214 6
21.928348302841187 6
21.9283709526062 6
21.928465366363525 6
21.92863631248474 6
21.92892336845398 5
22.72724413871765 5
22.8232901096344 5
22.90958023071289 5
23.024916172027588 5
23.032727241516113 5
23.049594163894653 5
23.064295291900635 5
23.388590097427368 5
23.40377402305603 5
23.409935235977173 5
23.444348335266113 5
23.50496816635132 5
24.05071210861206 5
24.240077257156372 5
24.240079164505005 5
24.240153312683105 5
24.240297079086304 5
24.240478992462158 5
24.2421293258667 5
24.242300987243652 5
24.760517120361328 5
25.292354106903076 5
25.303421020507812 5
25.30379605293274 5
25.303999185562134 5
25.304015159606934 5
26.794461011886597 5
26.954442024230957 5
26.983842134475708 5
27.48892617225647 5
27.48919129371643 5
27.51152801513672 5
27.64038610458374 5
27.656440258026123 5
28.03419804573059 5
28.332340002059937 5
29.288450241088867 5
29.288464307785034 5
31.521809339523315 5
32.550082206726074 5
32.55010008811951 5
39.40971612930298 5
56.51845932006836 5
56.52475023269653 5
56.55905318260193 5
73.0103371143341 5
74.03800296783447 5
74.03874111175537 5
74.04200911521912 5
74.04559016227722 5
74.05184412002563 5
74.05192303657532 5
74.05204510688782 5
75.62793231010437 5
76.35691809654236 5
76.38202905654907 5
76.59504318237305 5
90.40756416320801 5
92.25254106521606 5
93.42594003677368 5
121.29900598526001 5
121.29906415939331 5
122.06158328056335 5
122.06520509719849 5
122.06525325775146 5
124.68834018707275 5
124.68840408325195 5
1139.7452630996704 5
1139.7727329730988 5
1139.7781121730804 5
1139.9209611415863 5
1139.921156167984 5
1140.1035592556 5
1141.136747121811 5
1141.5976340770721 5
1188.4134993553162 5
1188.4194560050964 5
1188.4205193519592 5
1188.4259581565857 5
1188.4306871891022 5
1188.4307401180267 5
1188.4307751655579 5
1188.4390110969543 5
1188.4410722255707 5
1188.4411911964417 5
1188.4579210281372 5
1188.4786472320557 5
1188.6141321659088 5
1189.384529352188 5
1190.1946470737457 5
1190.2060952186584 5
1190.9650931358337 5
1190.9757990837097 5
1190.975857257843 5
1190.975886106491 5
1190.9759182929993 5
1191.295487165451 5
1192.4561920166016 5
1194.7410142421722 5
1195.716479063034 5
1209.4105143547058 5
1220.5589430332184 5
1220.6092011928558 5
1220.6433050632477 5
1220.6437032222748 5
1220.9930732250214 5
1221.002387046814 5
1221.9764223098755 5
1221.9764752388 5
1221.976790189743 5
1221.9768142700195 5
1222.8630242347717 5
1224.537281036377 5
1225.5323781967163 5
1237.4532182216644 5
1237.4807832241058 5
1237.4933512210846 5
1237.4959251880646 5
1237.4984152317047 5
1237.4999322891235 5
1254.515382051468 5
1440.5634372234344 5
1440.5930812358856 5
1444.284107208252 5
1446.3834221363068 5
1473.9270930290222 5
1489.2062420845032 5
1489.2106320858002 5
1489.213063955307 5
1489.2130932807922 5
1582.260637998581 5
1583.474204301834 5
1583.6547362804413 5
1584.4492490291595 5
1585.0515463352203 5
