0.00017905235290527344 3
0.00018310546875 3
0.00018525123596191406 3
0.0001862049102783203 3
0.00018906593322753906 3
0.0001900196075439453 3
0.00019216537475585938 3
0.00019693374633789062 3
0.0001990795135498047 3
0.00020003318786621094 3
0.00020313262939453125 3
0.0002040863037109375 3
0.00020623207092285156 3
0.0002079010009765625 3
0.00021195411682128906 3
0.00021314620971679688 3
0.0002219676971435547 3
0.00022411346435546875 3
0.0002288818359375 3
0.00023102760314941406 3
0.0002319812774658203 3
0.00023508071899414062 3
0.0002391338348388672 2
0.00024509429931640625 2
0.00025200843811035156 2
0.0002570152282714844 2
0.0002620220184326172 2
