0.00023674964904785156 4
0.0002486705780029297 4
0.0003497600555419922 4
0.0003619194030761719 4
0.0003635883331298828 4
0.00036787986755371094 4
0.00036978721618652344 4
0.0004496574401855469 4
0.00046062469482421875 4
0.000537872314453125 4
0.0005488395690917969 4
0.0005507469177246094 4
0.0005538463592529297 4
0.0005576610565185547 4
0.0006327629089355469 4
0.0006957054138183594 4
0.0006978511810302734 4
0.0006997585296630859 4
0.000701904296875 4
0.0007708072662353516 4
0.0007727146148681641 4
0.0007739067077636719 4
0.0007758140563964844 4
0.0008006095886230469 4
0.0010747909545898438 4
0.0010857582092285156 4
0.0010879039764404297 4
0.001092672348022461 4
0.001094818115234375 4
0.0011768341064453125 4
0.0011878013610839844 4
0.0012669563293457031 4
0.0012788772583007812 4
0.0012807846069335938 4
0.0012848377227783203 4
0.0012867450714111328 4
0.0013468265533447266 4
0.0013577938079833984 4
0.001359701156616211 4
0.001363992691040039 4
0.0013666152954101562 4
0.0014257431030273438 3
0.0014369487762451172 3
0.0018198490142822266 3
