0.0005991458892822266 6
0.0006000995635986328 6
0.0006120204925537109 6
0.0006189346313476562 6
0.0006420612335205078 6
0.0006442070007324219 6
0.0006551742553710938 6
0.0006611347198486328 6
0.0006861686706542969 6
0.0006902217864990234 6
0.0006930828094482422 6
0.0006961822509765625 6
0.0007300376892089844 6
0.0007443428039550781 6
0.0007531642913818359 6
0.0007662773132324219 6
0.0008192062377929688 6
0.0008211135864257812 6
0.0008611679077148438 5
0.0008623600006103516 5
0.0009031295776367188 5
0.0009043216705322266 5
0.0009481906890869141 5
0.0009551048278808594 5
0.002145051956176758 5
