0.0 318
3.280901 317
7.727578 316
9.655124 315
11.528599 314
13.515061 313
15.190563 312
16.992908 311
18.823451 310
20.372314 309
22.032564 308
23.505836 307
24.788826 306
26.360389 305
28.134777 304
29.431633 303
30.621384 302
32.165418 301
33.915202 300
35.333563 299
37.201698 298
39.295306 297
40.59365 296
42.195178 295
43.904719 294
45.052974 293
46.400858 292
47.748848 291
49.285266 290
50.392791 289
52.241942 288
53.466239 287
54.452432 286
55.16019 285
55.78331 284
56.401264 283
57.250878 282
57.926398 281
58.687572 280
59.545259 279
60.209672 278
60.703618 277
61.716263 276
62.844711 275
63.767178 274
64.483393 273
65.253248 272
66.145767 271
67.181647 270
67.91642 269
68.768182 268
69.952569 267
70.53067 266
71.429214 265
72.127438 264
72.899269 263
73.662806 262
74.780859 261
75.453264 260
76.260053 259
77.017355 258
77.806529 257
78.568191 256
79.565178 255
80.318536 254
81.275711 253
82.074937 252
82.647165 251
83.321056 250
84.025297 249
84.512042 248
85.194988 247
85.847374 246
86.260934 245
86.856889 244
87.370422 243
87.883041 242
88.355556 241
88.825457 240
89.308617 239
