0.0 523
2.108507 522
6.390606 521
7.663464 520
8.974316 519
10.208907 518
11.235747 517
12.174156 516
13.36614 515
14.417984 514
15.255443 513
16.615024 512
17.852138 511
18.807906 510
19.714195 509
20.367249 508
21.258834 507
22.172136 506
23.379988 505
24.289412 504
25.436693 503
26.420456 502
27.705425 501
28.920992 500
29.645681 499
30.554325 498
31.817367 497
32.798292 496
34.046694 495
35.376545 494
35.974285 493
36.894623 492
38.214734 491
39.695952 490
40.432789 489
41.728645 488
42.62056 487
43.927626 486
44.81631 485
45.744813 484
46.914871 483
47.898797 482
48.834014 481
49.805832 480
50.841605 479
51.853878 478
52.666119 477
53.390533 476
54.104354 475
54.629997 474
55.130027 473
55.650733 472
56.121105 471
56.406476 470
57.174705 469
57.640908 468
58.154579 467
58.656759 466
59.018861 465
59.358111 464
59.723686 463
60.178794 462
60.597718 461
61.139832 460
61.744611 459
62.448704 458
62.855704 457
63.501185 456
64.010038 455
64.573127 454
65.10712 453
65.523296 452
66.135047 451
66.620402 450
67.559339 449
68.117881 448
68.741168 447
69.343447 446
69.975511 445
70.399349 444
70.930604 443
71.362413 442
71.833193 441
72.360617 440
72.810483 439
73.271802 438
73.803947 437
74.685671 436
75.175289 435
75.700997 434
76.214766 433
76.82699 432
77.178371 431
77.547273 430
78.054906 429
78.659251 428
79.199342 427
79.590717 426
80.186987 425
80.798929 424
81.287804 423
81.716768 422
82.253009 421
82.525951 420
83.007815 419
83.439951 418
83.786749 417
84.192273 416
84.747826 415
85.154857 414
85.591253 413
85.844816 412
86.240306 411
86.674386 410
87.003983 409
87.333453 408
87.655853 407
88.061938 406
88.334169 405
88.595569 404
88.89822 403
89.353751 402
89.728473 401
90.169822 400
