0.0 200
1.156965 199
2.729184 198
4.61673 197
5.621399 196
6.549872 195
7.341657 194
8.343577 193
9.326025 192
10.189171 191
11.124239 190
11.846378 189
12.523186 188
13.652172 187
14.637666 186
15.468564 185
16.401853 184
17.262849 183
17.999803 182
18.831159 181
19.694289 180
20.503796 179
21.54818 178
22.355912 177
23.194587 176
23.941224 175
24.704643 174
25.443723 173
26.12432 172
26.745401 171
27.103989 170
27.695804 169
28.356434 168
28.996034 167
29.571595 166
30.066477 165
30.538264 164
31.010199 163
31.563962 162
32.088318 161
32.585846 160
33.047872 159
33.612213 158
34.088893 157
34.691693 156
35.09674 155
35.594957 154
36.110003 153
36.641932 152
