0.0 204
1.159939 203
2.245878 202
3.175722 201
4.081388 200
5.02082 199
5.889201 198
6.794799 197
7.606299 196
8.550748 195
9.64023 194
10.554885 193
11.522052 192
12.486223 191
13.472139 190
14.383515 189
15.09393 188
16.044914 187
17.060595 186
17.930046 185
18.635024 184
19.583893 183
20.300969 182
20.901254 181
21.684276 180
22.594494 179
23.312899 178
24.178823 177
24.721136 176
25.309219 175
25.872684 174
26.461506 173
27.066775 172
27.649366 171
28.18617 170
28.736012 169
29.25343 168
29.826604 167
30.369442 166
30.876674 165
31.544847 164
32.029134 163
32.504459 162
32.996034 161
33.400939 160
34.008076 159
34.504342 158
