0.0 324
1.53529 323
2.466961 322
3.344504 321
4.245365 320
5.015913 319
5.728021 318
6.401662 317
7.252631 316
7.984992 315
8.492677 314
9.414372 313
10.192886 312
10.866161 311
11.719274 310
12.409251 309
13.07893 308
13.862358 307
14.606787 306
15.41174 305
16.058476 304
16.989155 303
17.988941 302
18.643113 301
19.208717 300
20.059051 299
20.578373 298
21.37244 297
21.939722 296
22.462956 295
23.154499 294
23.91298 293
24.628158 292
25.06712 291
25.643209 290
26.281025 289
26.645148 288
27.324576 287
27.740115 286
28.287367 285
28.738452 284
29.197553 283
29.699008 282
30.114515 281
30.651402 280
31.254634 279
31.830292 278
32.352103 277
32.761605 276
33.242539 275
33.713293 274
34.166003 273
34.596958 272
35.06937 271
35.538911 270
36.051194 269
36.444668 268
36.861474 267
37.314658 266
37.726067 265
38.116719 264
38.603549 263
38.927938 262
39.265613 261
39.619111 260
39.982852 259
40.333329 258
40.607171 257
40.82413 256
41.169871 255
41.402628 254
41.708873 253
42.076218 252
42.455519 251
42.752099 250
42.969174 249
43.165428 248
43.363207 247
43.537545 246
43.687371 245
43.856525 244
43.943195 243
44.062391 242
44.247513 241
44.347428 240
44.554254 239
44.714238 238
44.814645 237
44.911539 236
44.987198 235
45.087502 234
45.183681 233
45.246987 232
45.301214 231
