0.0 276
0.799086 275
1.529331 274
2.010604 273
2.542332 272
2.925206 271
3.213417 270
3.565443 269
3.925963 268
4.296262 267
4.665432 266
5.140782 265
5.452705 264
5.868159 263
6.136332 262
6.542001 261
6.799624 260
7.158367 259
7.565685 258
7.948452 257
8.243886 256
8.606019 255
8.931811 254
9.252193 253
9.574861 252
9.961597 251
10.361722 250
10.751212 249
10.783973 248
11.432684 247
11.777438 246
12.09321 245
12.52086 244
12.852781 243
13.205635 242
13.544448 241
13.986214 240
14.310786 239
14.651387 238
14.915022 237
15.296674 236
15.503946 235
15.905377 234
16.181852 233
16.62149 232
16.891623 231
17.065228 230
17.565666 229
17.890127 228
17.935608 227
18.205932 226
18.515398 225
18.721431 224
19.069868 223
19.305556 222
19.637739 221
19.875648 220
20.173373 219
20.374584 218
20.623039 217
20.942111 216
21.194491 215
21.506871 214
21.720401 213
21.929537 212
22.037941 211
22.062819 210
22.404862 209
22.653642 208
22.955295 207
23.162331 206
23.435212 205
23.654663 204
23.678234 203
23.99853 202
