0.0 311
2.024778 310
4.279766 309
6.463735 308
8.195695 307
9.647897 306
11.71021 305
13.301108 304
14.996058 303
16.676632 302
18.329539 301
20.095978 300
21.301721 299
22.721522 298
24.285089 297
26.293653 296
28.092994 295
29.928161 294
31.479369 293
32.916677 292
34.586066 291
36.456496 290
38.129133 289
39.319707 288
41.064353 287
42.370999 286
43.549782 285
45.1347 284
46.400936 283
47.406446 282
48.139623 281
48.832716 280
49.543877 279
50.496002 278
51.23152 277
51.978974 276
52.539004 275
53.223617 274
53.900731 273
54.581737 272
55.772991 271
56.355646 270
57.175189 269
57.889007 268
58.750653 267
59.65774 266
60.533941 265
61.430308 264
62.049329 263
63.197512 262
63.765877 261
64.576345 260
65.381277 259
66.149892 258
66.912121 257
67.892022 256
68.704842 255
69.452915 254
70.077459 253
70.994552 252
71.839583 251
72.703236 250
73.379288 249
74.293709 248
75.257059 247
75.905025 246
76.668923 245
77.346554 244
78.172636 243
78.780352 242
79.18896 241
79.770041 240
80.277245 239
80.779688 238
81.175186 237
81.647934 236
82.04017 235
82.566997 234
