0.0 268
1.707429 267
2.478294 266
3.349297 265
4.321041 264
4.854105 263
5.814542 262
6.557564 261
7.553193 260
8.354921 259
8.926742 258
9.698616 257
10.262108 256
11.417096 255
12.141612 254
12.851486 253
13.306133 252
14.084508 251
14.784278 250
15.389583 249
15.837556 248
16.591243 247
17.351286 246
17.955342 245
18.720533 244
19.188552 243
19.859374 242
20.588032 241
21.402031 240
22.199163 239
22.92996 238
23.475935 237
24.093993 236
24.746482 235
25.376681 234
25.971937 233
26.713484 232
27.516935 231
28.059918 230
28.762406 229
29.486154 228
29.801445 227
30.567573 226
31.050331 225
31.694908 224
32.413178 223
32.937298 222
33.94924 221
34.391688 220
35.194014 219
36.016926 218
36.633247 217
37.137692 216
37.971318 215
38.623384 214
38.976353 213
39.382946 212
39.865694 211
40.289681 210
41.064988 209
41.532822 208
42.083331 207
42.575135 206
43.152986 205
43.830318 204
44.433877 203
44.784283 202
45.041948 201
45.446658 200
45.865977 199
46.545954 198
47.108701 197
47.493751 196
47.798068 195
