0.0 544
1.288343 543
2.378243 542
3.698618 541
4.641805 540
5.616753 539
7.105339 538
8.164186 537
9.235058 536
10.374741 535
11.313337 534
12.214 533
13.334532 532
14.1706 531
15.215609 530
16.411169 529
17.378699 528
18.311612 527
19.17552 526
20.088809 525
21.15197 524
22.170868 523
23.034907 522
23.899081 521
24.939317 520
26.033188 519
27.144623 518
28.252067 517
29.380128 516
30.280304 515
31.413285 514
32.742556 513
33.821231 512
34.922358 511
35.920901 510
37.283933 509
37.967717 508
38.843212 507
39.742628 506
41.161103 505
42.086798 504
43.022977 503
43.853626 502
45.031019 501
46.049371 500
47.001513 499
47.830323 498
48.405362 497
49.017331 496
49.465543 495
50.022656 494
50.523986 493
51.223726 492
51.64772 491
52.267604 490
52.623939 489
53.071599 488
53.501571 487
53.984899 486
54.398485 485
54.932134 484
55.943129 483
56.563007 482
57.204004 481
57.664964 480
58.077565 479
58.770897 478
59.261957 477
59.720737 476
60.173073 475
60.826879 474
61.536893 473
62.060836 472
62.433791 471
63.107441 470
63.743964 469
64.069487 468
64.664437 467
65.244524 466
65.684822 465
66.190348 464
66.788982 463
67.36668 462
67.830038 461
68.630265 460
69.120854 459
69.721389 458
70.247182 457
70.650877 456
71.338072 455
71.952694 454
72.548882 453
73.193105 452
73.700371 451
74.335583 450
75.029756 449
75.6874 448
76.169341 447
76.657943 446
77.163346 445
77.55889 444
77.989426 443
78.484661 442
78.846935 441
79.277 440
79.69604 439
80.04623 438
80.398646 437
80.683156 436
81.047579 435
81.35558 434
81.671312 433
81.982561 432
82.328224 431
82.704501 430
83.115138 429
83.788651 428
83.992194 427
84.159304 426
84.384098 425
84.547705 424
84.75677 423
84.879503 422
85.075561 421
85.216663 420
85.359655 419
85.510675 418
85.705758 417
85.810728 416
85.989764 415
86.121761 414
86.274408 413
86.361793 412
86.436452 411
86.523694 410
86.601379 409
