0.0 205
2.523902 204
5.253107 203
7.447526 202
9.847948 201
11.713141 200
13.886108 199
15.953711 198
18.25761 197
20.337214 196
22.481215 195
24.252437 194
26.319792 193
28.246581 192
30.748826 191
32.992746 190
35.160218 189
36.856314 188
38.063062 187
39.54332 186
41.40538 185
42.591787 184
44.385188 183
45.994304 182
47.47149 181
48.452562 180
49.346751 179
50.284875 178
51.245386 177
52.192553 176
53.020665 175
53.760945 174
54.617502 173
55.713457 172
56.663139 171
57.64107 170
58.473092 169
59.394281 168
60.201151 167
61.400937 166
62.296267 165
63.488199 164
64.302064 163
65.226922 162
66.02227 161
66.768941 160
67.612476 159
67.878521 158
69.114729 157
70.003346 156
71.099878 155
71.866467 154
72.832468 153
73.834473 152
74.711164 151
75.405479 150
