0.0 548
7.28025 547
37.704169 546
83.507228 545
158.842248 544
161.723844 543
166.837472 542
169.895278 541
170.855656 540
171.887322 539
172.838604 538
173.572578 537
175.397231 536
177.41507 535
178.333266 534
180.426246 533
182.905506 532
189.57283 531
191.771205 530
195.015134 529
195.547518 528
199.702828 527
204.831916 526
206.5641 525
207.532146 524
207.964621 523
211.497535 522
212.000177 521
212.516106 520
217.745979 519
218.364995 518
218.878847 517
219.916804 516
220.898912 515
221.326642 514
221.992925 513
222.449723 512
224.361896 511
