0.0 210
1.378129 209
3.483875 208
5.059111 207
6.218905 206
7.224327 205
8.333576 204
9.271814 203
10.177885 202
11.228917 201
11.89097 200
12.892118 199
13.977853 198
15.002417 197
15.960915 196
16.888255 195
17.742912 194
18.593455 193
19.329719 192
20.14626 191
21.289688 190
21.793796 189
22.838082 188
23.600202 187
24.382647 186
25.156391 185
25.836964 184
26.61998 183
27.381221 182
28.038197 181
28.58742 180
29.248384 179
29.704116 178
30.376704 177
31.039077 176
31.544326 175
32.08231 174
32.565038 173
33.172963 172
33.751117 171
34.182791 170
34.8563 169
35.541906 168
36.018418 167
36.532033 166
37.140257 165
37.764179 164
38.252568 163
38.67073 162
39.145133 161
39.555035 160
39.623824 159
40.288718 158
40.734849 157
41.201746 156
41.666725 155
42.155911 154
42.597727 153
42.951906 152
43.289174 151
