0.0 528
0.364208 527
1.218262 526
2.285674 525
3.220948 524
4.512859 523
5.0147 522
5.683398 521
6.225338 520
6.707394 519
7.102481 518
7.740187 517
8.214635 516
8.802074 515
9.265254 514
9.750549 513
10.192229 512
10.694124 511
11.177552 510
11.679964 509
12.185491 508
12.747165 507
13.292402 506
13.85843 505
14.420317 504
14.895749 503
15.27387 502
15.762086 501
16.27475 500
16.857576 499
17.384113 498
17.831459 497
18.197804 496
18.746989 495
19.06968 494
19.520481 493
20.158589 492
20.695111 491
21.370288 490
21.868217 489
22.326663 488
22.612265 487
23.132113 486
23.558825 485
23.996681 484
24.378375 483
24.777533 482
25.193208 481
25.540256 480
25.939471 479
26.380333 478
26.703499 477
27.145095 476
27.564984 475
28.040927 474
28.341597 473
28.680807 472
28.950466 471
29.353748 470
29.703181 469
30.034004 468
30.247004 467
30.54264 466
30.580182 465
30.90849 464
31.205817 463
31.563498 462
31.841331 461
32.104463 460
32.416122 459
32.702207 458
32.995962 457
33.395711 456
33.63199 455
33.965841 454
34.279244 453
34.622448 452
34.907326 451
35.265373 450
35.58532 449
35.878384 448
36.223057 447
36.474566 446
36.766359 445
37.053282 444
37.317152 443
37.549076 442
37.804449 441
38.078624 440
38.294186 439
38.62822 438
38.886687 437
39.123456 436
39.437884 435
39.516103 434
39.551983 433
39.58595 432
40.13609 431
40.339897 430
40.59311 429
40.89606 428
41.114241 427
41.149293 426
41.540249 425
41.823315 424
42.066522 423
42.246619 422
42.459997 421
42.632956 420
42.838148 419
43.043618 418
43.242771 417
43.403967 416
43.562568 415
43.820812 414
44.00352 413
44.207821 412
44.394759 411
44.588342 410
44.784476 409
45.02499 408
45.13998 407
45.293327 406
45.539488 405
45.697467 404
45.970009 403
