0.0 215
21.749128 214
23.156196 213
140.270442 212
140.842856 211
143.219645 210
144.101775 209
145.041109 208
146.011937 207
147.942911 206
148.826057 205
150.315182 204
150.780211 203
151.280131 202
151.761071 201
152.167091 200
153.696434 199
154.072159 198
155.017156 197
158.093046 196
158.261928 195
158.863122 194
159.347431 193
159.458679 192
160.001536 191
160.210029 190
160.500071 189
160.728996 188
160.93515 187
161.759631 186
163.569272 185
163.748298 184
163.896913 183
164.426883 182
164.590277 181
164.887813 180
165.29678 179
165.459052 178
165.965583 177
