0.0 544
1.113454 543
1.819161 542
2.905964 541
3.23379 540
3.991411 539
4.587926 538
5.04312 537
5.597188 536
6.061937 535
6.536632 534
7.071679 533
7.603469 532
8.099668 531
8.634158 530
9.145176 529
9.687814 528
10.221787 527
10.629249 526
11.248795 525
11.707136 524
12.142335 523
12.675834 522
13.21638 521
13.650403 520
14.135708 519
14.527234 518
15.064115 517
15.657757 516
16.058478 515
16.521791 514
17.12297 513
17.639563 512
18.072556 511
18.864853 510
19.385364 509
19.926573 508
20.081938 507
20.652013 506
21.077885 505
21.563076 504
21.963998 503
22.407161 502
22.812219 501
23.202416 500
23.758071 499
24.140496 498
24.483649 497
24.945429 496
25.298915 495
25.643021 494
26.087568 493
26.59697 492
26.948311 491
27.18993 490
27.63882 489
28.054174 488
28.45111 487
28.731233 486
29.017376 485
29.373396 484
29.676668 483
30.106137 482
30.464709 481
30.779551 480
31.107838 479
31.447495 478
31.644565 477
31.999529 476
32.309285 475
32.514874 474
32.93778 473
32.9791 472
33.018105 471
33.057146 470
33.587404 469
34.075576 468
34.371674 467
34.68946 466
34.91066 465
35.285676 464
35.600153 463
35.888504 462
36.249523 461
36.578033 460
36.880364 459
37.233278 458
37.465885 457
37.773671 456
37.999384 455
38.315788 454
38.605668 453
38.880797 452
39.100854 451
39.363986 450
39.585221 449
39.874114 448
40.216036 447
40.49911 446
40.820841 445
41.032657 444
41.196098 443
41.43405 442
41.613164 441
41.801263 440
42.076013 439
42.264376 438
42.500079 437
42.650476 436
42.905367 435
43.161507 434
43.32837 433
43.576636 432
43.76905 431
43.959137 430
44.152109 429
44.301073 428
44.578247 427
44.779913 426
44.905761 425
45.0672 424
45.182917 423
45.309802 422
45.421914 421
45.530849 420
45.641678 419
45.760086 418
45.845229 417
45.967582 416
46.045397 415
46.172421 414
46.233828 413
46.266356 412
46.343845 411
46.500563 410
46.578499 409
