0.0 311
1.576895 310
3.156877 309
3.965671 308
4.63593 307
5.390825 306
6.311491 305
7.146763 304
7.910457 303
8.622279 302
9.311323 301
10.090256 300
10.696625 299
11.409422 298
12.233653 297
13.089773 296
13.776259 295
14.43435 294
15.236365 293
16.024338 292
16.707609 291
17.464961 290
18.179481 289
18.999436 288
19.556481 287
20.240087 286
20.979238 285
21.485863 284
22.214635 283
22.78297 282
23.444825 281
24.081801 280
24.615375 279
25.28673 278
25.926485 277
26.609399 276
27.111551 275
27.655556 274
28.165643 273
28.66624 272
29.147458 271
29.701447 270
30.184718 269
30.668713 268
31.059072 267
31.46489 266
31.999667 265
32.406625 264
32.861414 263
33.376074 262
33.87729 261
34.425827 260
34.897277 259
35.38354 258
35.802397 257
36.31234 256
36.757998 255
37.079964 254
37.44592 253
37.927945 252
38.33234 251
38.65874 250
39.201252 249
39.592558 248
39.956138 247
40.327135 246
40.732491 245
41.158108 244
41.470887 243
41.834322 242
42.11377 241
42.449209 240
42.760599 239
43.078668 238
43.35016 237
43.69235 236
43.944139 235
44.157274 234
