0.0 268
0.409479 267
1.096903 266
2.008594 265
3.037919 264
3.432136 263
3.803858 262
4.282712 261
4.681097 260
5.180562 259
5.481052 258
5.82229 257
6.207692 256
6.609437 255
7.048675 254
7.258255 253
7.711598 252
8.051144 251
8.424386 250
8.712895 249
9.045648 248
9.409593 247
9.797919 246
10.184955 245
10.494417 244
10.95628 243
11.190353 242
11.564362 241
12.068791 240
12.469401 239
12.694362 238
13.097434 237
13.430909 236
13.705496 235
13.998704 234
14.4004 233
14.627973 232
15.069378 231
15.3925 230
15.727599 229
15.960542 228
16.220023 227
16.538251 226
16.833351 225
17.05547 224
17.404743 223
17.636039 222
17.934059 221
18.374 220
18.687013 219
18.957542 218
19.300892 217
19.580571 216
19.908831 215
20.123218 214
20.418188 213
20.738137 212
20.917732 211
21.1818 210
21.517616 209
21.846596 208
22.104743 207
22.312235 206
22.724978 205
22.975533 204
23.256634 203
23.389858 202
23.726069 201
23.994401 200
24.205937 199
24.507995 198
24.730217 197
24.994578 196
25.212891 195
