0.0 210
1.938776 209
3.172433 208
3.818237 207
4.643391 206
5.628799 205
6.622487 204
7.517603 203
8.530968 202
9.468125 201
10.402087 200
11.471776 199
12.521926 198
13.422651 197
14.385018 196
15.33191 195
16.316402 194
17.164016 193
18.43887 192
19.497495 191
20.407782 190
21.230156 189
22.04931 188
22.934363 187
23.655163 186
24.434756 185
25.124699 184
25.806027 183
26.385721 182
27.127592 181
27.707156 180
28.259629 179
28.59707 178
29.216593 177
29.842257 176
30.353828 175
30.868602 174
31.560054 173
32.091392 172
32.165933 171
32.918373 170
33.477738 169
33.977578 168
34.429001 167
34.912861 166
35.586752 165
36.070521 164
36.563733 163
37.020719 162
37.602907 161
38.032353 160
38.435336 159
38.926837 158
39.381346 157
39.748933 156
40.14256 155
