0.0 124
0.381783 123
0.403796 122
0.862025 121
1.033889 120
1.50878 119
1.954086 118
2.063837 117
2.140644 116
2.182055 115
2.190169 114
2.198091 113
2.472077 112
2.547135 111
2.587581 110
2.595144 109
2.830562 108
2.973293 107
2.985221 106
3.142871 105
3.337838 104
3.345255 103
3.352497 102
3.404332 101
3.596816 100
3.603778 99
3.810972 98
3.934257 97
4.010673 96
4.017283 95
4.084166 94
4.156213 93
4.188099 92
4.338287 91
4.384287 90
4.413133 89
4.41921 88
4.550917 87
4.55684 86
4.570154 85
4.715778 84
