0.0 311
18.111231 310
23.887634 309
28.486621 308
193.578287 307
195.21261 306
199.997101 305
200.961276 304
205.410505 303
212.615063 302
213.691732 301
214.421885 300
215.350314 299
216.867044 298
217.573339 297
218.374422 296
219.130964 295
227.525679 294
228.966288 293
231.542181 292
235.953168 291
236.559611 290
237.690769 289
239.378318 288
240.578975 287
241.309774 286
241.897992 285
243.276953 284
243.973646 283
244.703856 282
248.518161 281
249.651362 280
251.599537 279
254.339008 278
257.202091 277
261.863976 276
265.615397 275
269.111718 274
270.17088 273
