0.0 544
138.283853 543
148.828077 542
151.101746 541
152.371609 540
155.435343 539
157.080479 538
158.771439 537
164.371078 536
167.867172 535
178.639798 534
182.558272 533
186.880941 532
187.622377 531
190.858111 530
193.62852 529
196.757547 528
197.956605 527
203.00609 526
204.155444 525
207.2772 524
207.859952 523
208.364627 522
208.721228 521
209.863542 520
211.444619 519
211.849195 518
213.917401 517
216.016892 516
216.491061 515
217.077378 514
218.711847 513
221.08266 512
223.326007 511
225.839045 510
226.355987 509
227.23135 508
227.631777 507
229.771811 506
230.238964 505
