0.0 548
2.708055 547
3.874625 546
4.866526 545
6.262702 544
7.709778 543
8.709566 542
9.64803 541
10.97505 540
12.299731 539
13.331437 538
14.261753 537
15.218235 536
16.199687 535
17.343045 534
18.076124 533
18.994284 532
20.049073 531
21.155708 530
22.097826 529
23.239008 528
24.409775 527
25.300516 526
26.195549 525
26.882646 524
27.528957 523
29.023506 522
30.183031 521
31.023104 520
31.976092 519
33.215361 518
34.405551 517
35.636183 516
36.304826 515
37.537218 514
38.015651 513
39.449012 512
40.264131 511
41.095969 510
42.28343 509
42.667404 508
43.601492 507
44.363283 506
45.222553 505
46.412957 504
47.484411 503
48.228057 502
48.914723 501
49.512151 500
50.056406 499
50.423066 498
50.924155 497
51.305591 496
51.681206 495
52.19206 494
52.670349 493
53.270586 492
53.661956 491
54.166723 490
54.743053 489
55.20434 488
55.493824 487
56.051326 486
56.525986 485
57.333852 484
58.091064 483
58.468529 482
59.082167 481
59.519254 480
60.067244 479
60.743268 478
61.37655 477
62.033401 476
62.8476 475
63.424801 474
63.918568 473
64.775068 472
65.367393 471
65.799726 470
66.221239 469
66.746655 468
67.209824 467
67.770563 466
68.374204 465
68.957243 464
69.34132 463
69.879254 462
70.651333 461
71.242256 460
71.819318 459
72.316421 458
72.974969 457
73.499419 456
74.139175 455
74.90725 454
75.467678 453
75.981886 452
76.540728 451
77.081675 450
77.507925 449
78.020647 448
78.396798 447
78.916274 446
79.469139 445
80.053182 444
80.349872 443
80.859292 442
81.282169 441
81.65292 440
82.055651 439
82.346198 438
82.719786 437
83.037429 436
83.35837 435
83.660023 434
84.045901 433
84.242096 432
84.820189 431
85.378584 430
85.577823 429
85.811629 428
86.057573 427
86.303671 426
86.445663 425
86.579393 424
86.715744 423
86.887194 422
87.022159 421
87.189932 420
87.332267 419
87.492301 418
87.656735 417
87.781175 416
88.086077 415
88.178521 414
88.277103 413
88.401346 412
88.466221 411
88.524687 410
88.599584 409
88.666326 408
88.736094 407
88.801668 406
88.866322 405
88.94344 404
89.019717 403
89.099146 402
89.147971 401
