0.0 200
2.400387 199
4.952939 198
7.346571 197
9.58872 196
11.837824 195
13.470089 194
15.461068 193
17.498829 192
19.364176 191
21.163116 190
22.816565 189
24.670717 188
26.358539 187
27.962221 186
30.095406 185
31.947144 184
34.093777 183
36.074834 182
37.953122 181
39.401421 180
41.272011 179
42.796111 178
44.088528 177
45.672018 176
47.021523 175
48.263821 174
49.004717 173
49.880026 172
50.882266 171
51.777122 170
52.509161 169
53.265367 168
54.119097 167
55.005461 166
56.128617 165
57.033828 164
58.06845 163
59.011578 162
59.759025 161
60.896978 160
61.898582 159
62.870289 158
63.741665 157
64.598676 156
65.37553 155
66.280767 154
67.122856 153
67.910586 152
68.781355 151
