0.0 330
2.0226 329
4.231549 328
6.128813 327
7.992917 326
10.33986 325
12.117033 324
13.891231 323
15.502122 322
17.219313 321
18.706405 320
20.691844 319
22.156898 318
23.845568 317
25.616891 316
27.289893 315
29.301954 314
31.097212 313
33.067721 312
34.563978 311
36.642352 310
38.27069 309
39.720601 308
41.593445 307
43.04542 306
44.611482 305
46.205607 304
47.259838 303
48.036234 302
48.872941 301
49.516634 300
50.553669 299
51.344931 298
52.063831 297
52.939225 296
53.439247 295
54.294877 294
55.566179 293
56.312041 292
57.176771 291
58.179352 290
59.180381 289
60.247927 288
61.234335 287
61.951518 286
63.020028 285
63.827988 284
64.513318 283
65.343334 282
65.967055 281
66.948625 280
68.057911 279
68.894981 278
69.72882 277
70.786611 276
71.559379 275
72.479304 274
73.345435 273
74.40687 272
75.221143 271
76.007726 270
76.702065 269
77.357147 268
78.183757 267
78.942867 266
79.486982 265
80.063523 264
80.614586 263
81.280621 262
81.843376 261
82.418305 260
83.471833 259
83.785867 258
84.049802 257
84.39516 256
84.654137 255
84.926939 254
85.097477 253
85.395819 252
85.597737 251
85.848896 250
86.044764 249
86.215462 248
86.355648 247
86.518614 246
86.607458 245
86.74841 244
86.834454 243
86.970628 242
87.057233 241
87.156252 240
87.241834 239
87.317377 238
87.387219 237
87.455199 236
