0.0 206
2.003297 205
3.061978 204
4.200594 203
5.245489 202
6.089944 201
6.989329 200
7.924991 199
8.764424 198
9.663021 197
10.753934 196
11.821705 195
12.707019 194
13.45631 193
14.399826 192
15.173506 191
16.166475 190
17.049128 189
18.222503 188
19.075734 187
19.878431 186
20.644202 185
21.421762 184
22.28428 183
23.079887 182
23.75828 181
24.618071 180
25.430019 179
26.024736 178
26.624711 177
27.198558 176
27.860982 175
28.464609 174
28.97919 173
29.335389 172
29.981443 171
30.597882 170
31.130206 169
31.557286 168
32.241096 167
32.870109 166
33.448908 165
34.135196 164
34.564521 163
35.104271 162
35.600458 161
36.047922 160
36.625091 159
37.028446 158
37.453635 157
37.920126 156
38.397289 155
38.86486 154
39.308771 153
39.692945 152
40.072722 151
