0.0 322
2.023812 321
3.133221 320
3.64676 319
4.772571 318
5.563086 317
6.322925 316
7.131913 315
7.823193 314
8.602584 313
9.348886 312
10.111101 311
11.066814 310
12.029841 309
12.752276 308
13.59764 307
14.571344 306
15.166425 305
15.994788 304
16.712674 303
17.605363 302
18.611101 301
19.27966 300
20.127247 299
20.814724 298
21.507466 297
22.150143 296
22.710049 295
23.363413 294
23.994624 293
24.5752 292
25.249873 291
25.887492 290
26.374039 289
26.924355 288
27.543931 287
28.075021 286
28.608371 285
29.13269 284
29.615159 283
30.102325 282
30.529365 281
31.159849 280
31.660127 279
32.268013 278
32.727753 277
33.133556 276
33.624102 275
34.051213 274
34.511294 273
34.933911 272
35.294968 271
35.760612 270
36.179237 269
36.675003 268
37.082789 267
37.514447 266
37.925865 265
38.288802 264
38.68387 263
39.124476 262
39.542138 261
39.932203 260
40.227088 259
40.593491 258
41.017108 257
41.400801 256
41.657035 255
41.97073 254
42.269255 253
42.606596 252
42.815995 251
43.195386 250
43.288857 249
43.731205 248
43.940772 247
44.169132 246
44.37998 245
44.535413 244
44.729503 243
44.820915 242
45.023638 241
45.177732 240
45.349141 239
45.41904 238
45.623698 237
45.749993 236
45.874137 235
45.985903 234
