0.0 328
1.601577 327
2.593408 326
3.523665 325
4.323268 324
5.13505 323
5.848011 322
6.691022 321
7.484578 320
8.180866 319
8.952161 318
9.949662 317
10.839761 316
11.74632 315
12.570571 314
13.243543 313
14.018468 312
14.810588 311
15.645436 310
16.262025 309
17.175774 308
18.060818 307
18.883136 306
19.513765 305
20.280535 304
21.021948 303
21.754925 302
22.471875 301
23.131346 300
23.773763 299
24.4542 298
25.233191 297
25.773757 296
26.363045 295
26.834179 294
27.377688 293
27.938794 292
28.410755 291
28.876731 290
29.308387 289
29.810748 288
30.345698 287
30.731605 286
31.437163 285
31.883801 284
32.478249 283
32.97818 282
33.425908 281
33.901526 280
34.454538 279
34.924429 278
35.368704 277
35.859369 276
36.304737 275
36.759257 274
37.181928 273
37.604511 272
38.102366 271
38.467974 270
38.941695 269
39.289343 268
39.668752 267
39.993274 266
40.285994 265
40.706865 264
41.01625 263
41.267607 262
41.578009 261
41.910625 260
42.185601 259
42.4883 258
42.894648 257
43.072345 256
43.329629 255
43.54052 254
43.724053 253
43.897306 252
44.086801 251
44.250763 250
44.379206 249
44.596966 248
44.684229 247
44.740883 246
44.796955 245
45.018736 244
45.158804 243
45.216926 242
45.334721 241
45.441993 240
45.506827 239
