0.0 273
1.026044 272
1.40237 271
1.958809 270
2.41044 269
2.783366 268
3.095674 267
3.406158 266
3.849616 265
4.266436 264
4.610844 263
4.998657 262
5.481016 261
5.755196 260
6.090382 259
6.466559 258
6.792122 257
7.107579 256
7.550233 255
7.870122 254
8.245408 253
8.629861 252
8.94554 251
9.238311 250
9.59962 249
9.856604 248
10.362567 247
10.73724 246
11.011072 245
11.272151 244
11.686098 243
12.040667 242
12.441312 241
12.801108 240
13.166734 239
13.489302 238
13.787339 237
14.039161 236
14.319357 235
14.571167 234
15.021652 233
15.508195 232
15.796698 231
16.075051 230
16.650508 229
17.039782 228
17.289023 227
17.844855 226
18.217805 225
18.574646 224
18.849217 223
19.047667 222
19.23149 221
19.47734 220
19.870894 219
20.145907 218
20.493674 217
20.758909 216
21.044433 215
21.323669 214
21.526976 213
21.844162 212
22.044419 211
22.280252 210
22.431381 209
22.743292 208
22.957482 207
23.179147 206
23.530757 205
23.774304 204
24.050421 203
24.229923 202
24.572572 201
24.774398 200
24.798092 199
24.8209 198
25.148152 197
25.339799 196
