0.0 210
29.737885 209
30.959686 208
33.033248 207
113.483156 206
114.193765 205
116.549324 204
117.269327 203
119.12733 202
120.060893 201
120.720062 200
121.487907 199
124.982308 198
128.349588 197
129.275381 196
130.185346 195
132.426039 194
132.855982 193
135.034032 192
135.3468 191
137.899696 190
138.90613 189
139.532753 188
140.974715 187
141.737586 186
142.572978 185
144.298195 184
145.059785 183
149.394552 182
150.310645 181
153.903964 180
155.699385 179
156.291188 178
156.625426 177
157.455295 176
157.753636 175
158.330353 174
159.967999 173
160.348266 172
160.597028 171
160.934317 170
