9.001095056533813 7
11.000067949295044 7
11.140061855316162 7
11.215855121612549 7
11.29854679107666 7
11.332328796386719 7
11.332382917404175 7
11.332560062408447 7
11.33266305923462 7
11.997976064682007 7
30.25949215888977 7
30.30071187019348 7
30.3008291721344 7
30.30086588859558 7
30.300957918167114 7
42.0132999420166 7
1015.0118250846863 7
1093.6823348999023 7
1093.8579618930817 7
1094.046727180481 7
1094.323480129242 7
1095.6512019634247 7
1101.1703951358795 7
1262.3743011951447 7
1262.3747761249542 7
1262.3749260902405 7
1265.7683749198914 7
1266.3177897930145 7
1421.708359003067 7
1422.7746999263763 7
1425.248573064804 7
1425.2944700717926 7
1426.2462830543518 7
1426.246402978897 7
1426.292664051056 7
1426.751168012619 7
1426.7831010818481 7
1426.8193368911743 7
1426.9077711105347 7
1430.7438530921936 7
1431.716964006424 7
1447.7787849903107 7
1450.0949239730835 7
1590.434602022171 7
1590.4731030464172 7
1590.8917150497437 7
1590.9297268390656 7
1594.3995139598846 7
1594.3997821807861 7
1756.5782389640808 7
1757.5790190696716 7
1757.5904610157013 7
1757.6025340557098 7
1757.6373999118805 7
1757.6736550331116 7
1757.820461988449 7
1757.8342220783234 7
1757.9706768989563 7
1757.9708762168884 7
1757.970890045166 7
1757.9709069728851 7
1760.0292301177979 7
1772.8456461429596 7
1915.7202699184418 7
1915.7440900802612 7
1915.7496180534363 7
1915.749666929245 7
1915.775741815567 7
1915.7834868431091 7
1915.7835309505463 7
1915.7835359573364 7
1915.7838549613953 7
1915.7839767932892 7
1915.783996105194 7
1918.1972708702087 7
1944.8890500068665 7
1971.6468441486359 7
2074.629546880722 7
2078.168184041977 7
2078.657109975815 7
2082.2546348571777 7
2101.3968739509583 7
2101.3973400592804 7
2101.43692111969 7
2101.4369990825653 7
2113.2650730609894 7
2238.0321049690247 7
2238.0322349071503 7
2238.0327129364014 7
2238.2724800109863 7
2238.5283069610596 7
2238.7322869300842 7
2239.5284299850464 7
2239.528918027878 7
2239.540020942688 7
2239.5422971248627 7
2239.5426049232483 7
2239.547415971756 7
2239.547430038452 7
2239.547451019287 7
2239.5475449562073 7
2239.5475509166718 7
2239.5475540161133 7
2239.547574043274 7
2239.5475890636444 7
2239.5476191043854 7
2239.5476410388947 7
2239.547646999359 7
2239.5476610660553 7
2239.5477061271667 7
2239.547742843628 7
2239.547754049301 7
2239.5477900505066 7
2239.5478019714355 7
2239.547856092453 7
2239.54785823822 7
2239.5478620529175 7
2239.547919034958 7
2239.547940015793 7
2239.5479600429535 7
2239.5479731559753 7
2239.548040866852 7
2239.5480999946594 7
2239.548168897629 7
2239.5481860637665 7
2239.5482211112976 7
2239.5482931137085 7
2239.548327922821 7
2239.54833817482 7
2239.5483791828156 7
2239.6091408729553 7
2239.6092290878296 7
2239.609261035919 7
2239.6092898845673 7
2239.609508037567 7
2239.609771966934 7
2239.6097860336304 7
2239.609862089157 7
2239.70241189003 7
2239.702414035797 7
2239.702430009842 7
2239.7285850048065 7
2239.859829902649 7
2239.8667209148407 7
2239.9493420124054 7
2239.949343919754 7
2239.94935798645 7
2239.9660930633545 7
2239.9661190509796 7
2240.0260741710663 7
2240.212229013443 7
2240.258350133896 7
2242.0769929885864 7
2252.0447130203247 7
2261.282628059387 7
2264.236147880554 7
2264.2726781368256 7
2264.3350389003754 7
2268.013356924057 7
2272.111310005188 7
2272.1146359443665 7
2272.218698978424 7
2272.239387989044 7
2273.3787608146667 7
2277.9384031295776 7
2278.3814630508423 7
2281.4922289848328 7
2284.0952281951904 7
2295.2134158611298 7
2332.204966068268 7
2334.1043651103973 7
2364.741383075714 7
2372.4506590366364 7
2400.1358330249786 7
2400.136157989502 7
2400.1508238315582 7
2400.293116092682 7
2400.4103770256042 7
2400.900155067444 7
2402.393565893173 7
2403.19917678833 7
2404.2157759666443 7
2406.557389974594 7
2406.575604915619 7
2406.575683116913 7
2406.5759069919586 7
2406.6160418987274 7
2406.7194380760193 7
2406.719584941864 7
2443.244430065155 7
2455.2059869766235 7
2456.926856994629 7
2458.5797979831696 7
2469.542718887329 7
2482.086655855179 7
2485.162610054016 7
2560.5406901836395 7
2560.5546491146088 7
2560.5750131607056 7
2560.6018290519714 7
2560.6182157993317 7
2560.6537380218506 7
2720.350805044174 7
2721.895378112793 7
2735.922204017639 7
2882.0713670253754 7
2882.0769739151 7
2882.0855479240417 7
2882.0884120464325 7
2882.0890970230103 7
2882.0989320278168 7
2882.1009788513184 7
2882.1011419296265 7
2882.10808300972 7
2882.1121520996094 7
2882.1122369766235 7
2882.1122410297394 7
2882.112316131592 7
2882.1127309799194 7
2882.115180015564 7
2882.116128921509 7
2882.1162469387054 7
2882.116500854492 7
2882.121369123459 7
2882.1503989696503 7
2882.1532621383667 7
2882.15518784523 7
2882.1552040576935 7
2882.1552119255066 7
2882.1552419662476 7
2882.1552481651306 7
2882.1552538871765 7
2882.155333042145 7
2882.1553478240967 7
2882.155375957489 7
2882.1553859710693 7
2882.1554090976715 7
2882.155450105667 7
2882.1554670333862 7
2882.1555349826813 7
2882.155548095703 7
2882.1555738449097 7
2882.1555819511414 7
2882.155618906021 7
2882.1556861400604 7
2882.1557109355927 7
2882.155783176422 7
2882.15580701828 7
2882.1558260917664 7
2882.1558730602264 7
2882.1559138298035 7
2882.1559278964996 7
2882.155960083008 7
2882.1559851169586 7
2882.1559941768646 7
2882.156000852585 7
2882.1560208797455 7
2882.156061887741 7
2882.1560690402985 7
2882.1590909957886 7
2882.1592020988464 7
2882.159452199936 7
2882.159539937973 7
2882.1596319675446 7
2882.183856010437 7
2882.195606946945 7
2882.1981999874115 7
2882.1987760066986 7
2882.201078891754 7
2882.201355934143 7
2882.2473549842834 7
2882.272758960724 7
2882.2727868556976 7
2882.272994041443 7
2882.273050069809 7
2882.2731890678406 7
2882.2733449935913 7
2882.273349046707 7
2882.273404121399 7
2882.2734310626984 7
2882.283385038376 7
2882.3582649230957 7
2882.3644330501556 7
2882.3745160102844 7
2882.4077529907227 7
2882.4544491767883 7
2882.5058319568634 7
2882.5093381404877 7
2883.2760400772095 7
2885.2605521678925 7
2885.260763168335 7
2886.236797094345 7
2887.0124258995056 7
2887.012976169586 7
2887.049993991852 7
2888.065736055374 7
2888.488291978836 7
2888.5480329990387 7
2888.818608045578 7
2888.8246529102325 7
2888.8294439315796 7
2888.8296189308167 7
2888.855864048004 7
2896.180039167404 7
2901.525490999222 7
2903.2796959877014 7
2905.4864780902863 7
2917.1346118450165 7
2917.301957130432 7
2917.379471063614 7
2918.0916578769684 7
2918.5099079608917 7
2920.5736150741577 7
2922.321475982666 7
2924.9992291927338 7
2937.527599096298 7
2937.5278100967407 7
2938.871118068695 7
2939.7495300769806 7
2947.458452939987 7
2948.0184540748596 7
2951.5009231567383 7
2966.1278791427612 7
2970.8378369808197 7
2970.8443779945374 7
2970.844578027725 7
2970.844754219055 7
2970.9599709510803 7
2970.960062980652 7
2970.960373878479 7
2974.7101621627808 7
2993.427898168564 7
3011.6503829956055 7
3041.1873240470886 7
3079.6970448493958 7
3199.548914909363 7
3199.5493218898773 7
3199.5630719661713 7
3199.563628911972 7
3199.5818531513214 7
3199.602968931198 7
3199.6290118694305 7
3199.6291120052338 7
3199.629213809967 7
3199.6292400360107 7
3199.6292819976807 7
3199.6294960975647 7
3199.6295940876007 7
3199.673019170761 7
3199.673145055771 7
3199.747433900833 7
3199.8828370571136 7
3199.929948091507 7
3200.0786538124084 7
3200.236979007721 7
3206.0594851970673 7
3206.440285921097 7
3216.960124015808 7
3231.3865299224854 7
3238.0574090480804 7
3238.110060930252 7
3238.1100809574127 7
3238.1101701259613 7
3238.1103348731995 7
3238.110527038574 7
3238.1105489730835 7
3238.590611934662 7
3239.438252925873 7
3239.750571012497 7
3256.48925113678 7
3260.3096680641174 7
3260.3096911907196 7
3269.158241033554 7
3323.887037038803 7
3358.8126389980316 7
3359.0349769592285 7
3359.0410549640656 7
3359.049597978592 7
3359.115518808365 7
3359.1159868240356 7
3359.1161329746246 7
3359.119745016098 7
3359.1199350357056 7
3359.147164106369 7
3359.1600160598755 7
3359.16024017334 7
3359.1604919433594 7
3359.160567045212 7
3359.1646180152893 7
3359.232269048691 7
3359.253118991852 7
3359.324033975601 7
3359.599009037018 7
3360.0213730335236 7
3360.0231630802155 7
3360.0566580295563 7
3360.06729388237 7
3360.0800261497498 7
3360.080062866211 7
3360.08065199852 7
3360.09183716774 7
3360.096736907959 7
3360.101154088974 7
3360.1012070178986 7
3360.10129404068 7
3360.101315021515 7
3360.101415872574 7
3360.101760864258 7
3360.118551969528 7
3360.151047229767 7
3360.1522579193115 7
3360.214813232422 7
3360.2189259529114 7
3360.288985967636 7
3360.2917869091034 7
3360.291901111603 7
3360.293927192688 7
3360.293967962265 7
3360.294013977051 7
3360.2940719127655 7
3360.294081926346 7
3360.3687138557434 7
3360.36877989769 7
3360.3689200878143 7
3360.369129896164 7
3361.085706949234 7
3361.1284840106964 7
3361.128723859787 7
3361.1289870738983 7
3361.129128932953 7
3361.2598400115967 7
3361.423058986664 7
3361.423105955124 7
3361.423213005066 7
3361.530745983124 7
3361.991348028183 7
3361.9924550056458 7
3361.992511987686 7
3361.992787837982 7
3361.9973759651184 7
3362.0042259693146 7
3362.011386156082 7
3362.0157558918 7
3362.015983104706 7
3362.019427061081 7
3362.0195450782776 7
3362.019618988037 7
3362.019634962082 7
3362.019653081894 7
3362.019812107086 7
3362.019910097122 7
3362.0199999809265 7
3362.0201408863068 7
3362.048008918762 7
3362.04900598526 7
3362.0586202144623 7
3362.058625936508 7
3362.058632850647 7
3362.0586590766907 7
3362.0586609840393 7
3362.0586779117584 7
3362.0587050914764 7
3362.058742046356 7
3362.0587639808655 7
3362.058784008026 7
3362.05881690979 7
3362.058867931366 7
3362.058881998062 7
3362.058893918991 7
3362.0589361190796 7
3362.058958053589 7
3362.0589628219604 7
3362.0590269565582 7
3362.059086084366 7
3362.0591399669647 7
3362.0591411590576 7
3362.0591559410095 7
3362.059166908264 7
3362.0591909885406 7
3362.059224128723 7
3362.059242963791 7
3362.0592579841614 7
3362.0592901706696 7
3362.059294939041 7
3362.059298992157 7
3362.059301137924 7
3362.059333086014 7
3362.0593631267548 7
3362.059420108795 7
3362.05948805809 7
3362.05952501297 7
3362.1012830734253 7
3362.1019110679626 7
3362.105782032013 7
3362.137062072754 7
3362.174090862274 7
3362.174721956253 7
3362.243542909622 7
3362.3318650722504 7
3362.5408260822296 7
3362.541297197342 7
3362.541316986084 7
3362.96808218956 7
3362.96915602684 7
3362.9802961349487 7
3362.993719100952 7
3362.993761062622 7
3363.027580022812 7
3363.02773809433 7
3363.027997970581 7
3363.028107881546 7
3363.029704809189 7
3363.2802958488464 7
3363.3016440868378 7
3363.5553221702576 7
3363.630640029907 7
3364.4161670207977 7
3364.4793231487274 7
3364.479470014572 7
3364.4794878959656 7
3364.479517221451 7
3364.4795351028442 7
3364.4795801639557 7
3364.4797990322113 7
3364.4798078536987 7
3364.479823112488 7
3364.4799420833588 7
3364.8957090377808 7
3365.0049619674683 7
3365.009382009506 7
3365.010780096054 7
3365.0758159160614 7
3365.075961112976 7
3365.0783829689026 7
3365.0786468982697 7
3365.152956008911 7
3365.3875770568848 7
3365.3956010341644 7
3365.4350728988647 7
3365.4351201057434 7
3365.435208082199 7
3365.4354100227356 7
3365.435672044754 7
3365.435698032379 7
3365.435786962509 7
3366.3640990257263 7
3366.379159927368 7
3366.4401531219482 7
3366.440199136734 7
3366.5775249004364 7
3366.704129934311 7
3366.837831020355 7
3366.8497970104218 7
3366.852947950363 7
3366.858887195587 7
3366.8700761795044 7
3366.8701071739197 7
3366.870434999466 7
3366.8705468177795 7
3366.870654821396 7
3366.9073479175568 7
3366.9152081012726 7
3366.959538936615 7
3366.981369972229 7
3366.988904953003 7
3367.0195229053497 7
3367.0990800857544 7
3367.099149942398 7
3367.099186897278 7
3367.0992500782013 7
3367.099282979965 7
3367.3803482055664 7
3368.290134906769 7
3368.3327589035034 7
3368.3327989578247 7
3368.3329598903656 7
3368.3329861164093 7
3368.3332810401917 7
3368.333513021469 7
3368.7437160015106 7
3368.7601039409637 7
3368.760204076767 7
3368.762109041214 7
3368.7828981876373 7
3368.7829978466034 7
3368.783124923706 7
3368.8052232265472 7
3368.805811882019 7
3368.83704996109 7
3368.8377451896667 7
3368.919178009033 7
3368.925462961197 7
3368.9972348213196 7
3368.9972698688507 7
3369.278836965561 7
3369.7454419136047 7
3369.7455060482025 7
3369.745773077011 7
3369.7457950115204 7
3369.7458941936493 7
3369.745903968811 7
3369.7459177970886 7
3369.74604511261 7
3369.7460930347443 7
3370.688910007477 7
3371.1352849006653 7
3371.1592149734497 7
3371.159296989441 7
3371.1593561172485 7
3371.159702062607 7
3373.0743012428284 7
3373.167883872986 7
3373.4489810466766 7
3374.4143941402435 7
3374.8325691223145 7
3375.3132169246674 7
3375.3364470005035 7
3375.3364610671997 7
3375.3364629745483 7
3375.33651304245 7
3375.3365149497986 7
3375.3365449905396 7
3375.336597919464 7
3375.336604118347 7
3375.336625099182 7
3375.3367280960083 7
3375.336774110794 7
3375.336788892746 7
3375.3367989063263 7
3375.336811065674 7
3375.3368549346924 7
3375.336893081665 7
3375.336899995804 7
3375.3369131088257 7
3375.336923122406 7
3375.3369250297546 7
3375.336937904358 7
3375.3369698524475 7
3375.337037086487 7
3375.3370690345764 7
3375.3370900154114 7
3375.337117910385 7
3375.3371720314026 7
3375.337194919586 7
3375.337340116501 7
3375.337361097336 7
3375.605983018875 7
3376.6813402175903 7
3376.700257062912 7
3376.7082579135895 7
3376.7385749816895 7
3376.73938703537 7
3376.751223087311 7
3376.751492023468 7
3376.751683950424 7
3376.751723051071 7
3376.75181889534 7
3376.799551010132 7
3376.8242049217224 7
3376.8250658512115 7
3376.825182914734 7
3376.825383901596 7
3376.825567960739 7
3377.15473818779 7
3377.154844045639 7
3377.1548840999603 7
3377.16411113739 7
3377.196765899658 7
3377.196783065796 7
3377.2087609767914 7
3377.2624218463898 7
3377.2817142009735 7
3377.3135759830475 7
3377.3256390094757 7
3377.3289799690247 7
3377.329073190689 7
3377.517235994339 7
3377.5221569538116 7
3377.522166967392 7
3377.5222158432007 7
3377.5435700416565 7
3377.60799407959 7
3377.6156210899353 7
3377.6157670021057 7
3377.6157779693604 7
3377.615804195404 7
3377.6158180236816 7
3377.6158618927 7
3377.6160809993744 7
3377.6160900592804 7
3377.6161048412323 7
3377.616225004196 7
3377.646553993225 7
3377.658427000046 7
3377.6586990356445 7
3377.658893108368 7
3377.6589307785034 7
3377.659026145935 7
3377.824594974518 7
3378.1493558883667 7
3378.1843609809875 7
3378.518042087555 7
3378.965605020523 7
3378.9658851623535 7
3378.966053009033 7
3378.9660778045654 7
3378.9662251472473 7
3378.972072839737 7
3378.980085849762 7
3379.0098531246185 7
3379.0150380134583 7
3379.016636133194 7
3379.053407907486 7
3379.0901589393616 7
3379.159488916397 7
3379.159735918045 7
3379.175814151764 7
3379.182965993881 7
3379.190263032913 7
3379.2209289073944 7
3379.237380027771 7
3379.2827858924866 7
3379.3341171741486 7
3379.3472669124603 7
3379.3508520126343 7
3380.3159029483795 7
3380.31636595726 7
3380.3163850307465 7
3380.583745956421 7
3380.7603330612183 7
3381.19589304924 7
3381.206069946289 7
3381.2061400413513 7
3381.2062051296234 7
3381.2064292430878 7
3381.2066779136658 7
3381.2092220783234 7
3381.2092678546906 7
3381.2217829227448 7
3381.252007961273 7
3381.252123117447 7
3381.252221107483 7
3381.2523460388184 7
3381.252464056015 7
3381.252790927887 7
3381.257115125656 7
3381.2571580410004 7
3381.2574751377106 7
3381.2842280864716 7
3381.294553041458 7
3381.30606007576 7
3381.306102991104 7
3381.3116290569305 7
3381.3116779327393 7
3381.3402638435364 7
3381.3590819835663 7
3381.359123945236 7
3381.38610291481 7
3381.386146068573 7
3381.4082469940186 7
3381.460119009018 7
3381.460324048996 7
3381.460373878479 7
3381.4766697883606 7
3381.480746984482 7
3381.480952978134 7
3381.4810030460358 7
3381.5943489074707 7
3382.0940511226654 7
3382.977127790451 7
3383.425390958786 7
3383.4259979724884 7
3383.866136074066 7
3384.829052209854 7
3385.635551929474 7
3385.6360409259796 7
3385.636190891266 7
3386.0725932121277 7
3386.074653863907 7
3386.0746941566467 7
3386.0747649669647 7
3386.074781894684 7
3386.0753540992737 7
3386.9363701343536 7
3386.9426968097687 7
3386.944133043289 7
3386.992453098297 7
3387.0240619182587 7
3387.0448570251465 7
3387.0613989830017 7
3387.0615129470825 7
3387.204605102539 7
3387.4946370124817 7
3387.80655503273 7
3388.6646530628204 7
3388.664692878723 7
3389.0926010608673 7
3389.948163986206 7
3391.6450350284576 7
3391.6879301071167 7
3392.065850019455 7
3392.1135029792786 7
3392.144914865494 7
3392.2584760189056 7
3392.258866071701 7
3392.902428150177 7
3392.904056072235 7
3392.9041659832 7
3392.904330968857 7
3392.9045350551605 7
3392.904680967331 7
3392.9047470092773 7
3392.904948949814 7
3392.9284570217133 7
3392.9556109905243 7
3392.986590862274 7
3392.9867701530457 7
3392.9868619441986 7
3392.987165927887 7
3392.9872748851776 7
3393.3193740844727 7
3393.3199651241302 7
3394.1556708812714 7
3394.199466943741 7
3394.1997039318085 7
3394.1999621391296 7
3394.2001011371613 7
3394.566550016403 7
3394.566612958908 7
3394.5666720867157 7
3394.5668761730194 7
3394.567108154297 7
3395.395655155182 7
3395.39573597908 7
3395.395793199539 7
3395.3961119651794 7
3395.445778131485 7
3395.5608921051025 7
3396.22345995903 7
3396.2234649658203 7
3396.223482131958 7
3396.2235260009766 7
3396.223562002182 7
3396.2236070632935 7
3396.2236120700836 7
3396.223646879196 7
3396.2236590385437 7
3396.223706007004 7
3396.22371506691 7
3396.223764896393 7
3396.22377204895 7
3396.2237911224365 7
3396.223794221878 7
3396.2238121032715 7
3396.223836183548 7
3396.223942041397 7
3396.2239558696747 7
3396.223990917206 7
3396.22403717041 7
3396.224067926407 7
3396.224086999893 7
3396.224134206772 7
3396.2241520881653 7
3396.224177122116 7
3396.2242391109467 7
3396.224249124527 7
3396.224322080612 7
3396.2243690490723 7
3396.224370956421 7
3396.224390029907 7
3396.224589109421 7
3396.2266030311584 7
3396.2271909713745 7
3396.227639913559 7
3396.2287039756775 7
3396.228847026825 7
3396.2315559387207 7
3396.2316999435425 7
3396.233057975769 7
3396.2331590652466 7
3396.2332611083984 7
3396.233289003372 7
3396.233330011368 7
3396.233556032181 7
3396.233652830124 7
3396.234115123749 7
3396.234153985977 7
3396.2342278957367 7
3396.2342450618744 7
3396.2348158359528 7
3396.2361268997192 7
3396.2398738861084 7
3396.244537115097 7
3396.2447011470795 7
3396.2447259426117 7
3396.244870185852 7
3396.2462980747223 7
3396.248149871826 7
3396.2491879463196 7
3396.2497749328613 7
3396.2499141693115 7
3396.250001192093 7
3396.2500331401825 7
3396.2500619888306 7
3396.2502779960632 7
3396.2505419254303 7
3396.2505559921265 7
3396.250631093979 7
3396.2518508434296 7
3396.2546060085297 7
3396.255522966385 7
3396.258253097534 7
3396.2591631412506 7
3396.2596130371094 7
3396.2596321105957 7
3396.2608880996704 7
3396.2629821300507 7
3396.263813018799 7
3396.2645139694214 7
3396.264601945877 7
3396.264624118805 7
3396.264724969864 7
3396.265072107315 7
3396.265424013138 7
3396.2655148506165 7
3396.2655549049377 7
3396.2658591270447 7
3396.2659680843353 7
3396.265986919403 7
3396.2664270401 7
3396.2682180404663 7
3396.269116163254 7
3396.27020406723 7
3396.2717940807343 7
3396.2725942134857 7
3396.2726278305054 7
3396.272640943527 7
3396.2726850509644 7
3396.272716999054 7
3396.272745847702 7
3396.272758960724 7
3396.272789001465 7
3396.27281498909 7
3396.272845029831 7
3396.2728538513184 7
3396.2728600502014 7
3396.272969007492 7
3396.2729930877686 7
3396.2729971408844 7
3396.273036956787 7
3396.2730770111084 7
3396.27308011055 7
3396.273113965988 7
3396.27312207222 7
3396.273157119751 7
3396.2731640338898 7
3396.2731659412384 7
3396.2731812000275 7
3396.2731828689575 7
3396.273185968399 7
3396.2732310295105 7
3396.2732458114624 7
3396.2732598781586 7
3396.273283958435 7
3396.2733359336853 7
3396.2734451293945 7
3396.2734808921814 7
3396.2745399475098 7
3396.2746028900146 7
3396.2746889591217 7
3396.2747271060944 7
3396.2751910686493 7
3396.2751989364624 7
3396.277288913727 7
3396.277451992035 7
3396.2774760723114 7
3396.2776198387146 7
3396.2781779766083 7
3396.2787671089172 7
3396.278956890106 7
3396.279407978058 7
3396.279427051544 7
3396.281611919403 7
3396.2816519737244 7
3396.2824959754944 7
3396.291563987732 7
3396.2947220802307 7
3396.2947618961334 7
3396.294834136963 7
3396.294851064682 7
3396.2954211235046 7
3396.296560049057 7
3396.3032240867615 7
3396.30326795578 7
3396.30327296257 7
3396.3035938739777 7
3396.303717136383 7
3396.303735971451 7
3396.3042290210724 7
3396.304423093796 7
3396.3045649528503 7
3396.304627895355 7
3396.30482506752 7
3396.3058211803436 7
3396.3066630363464 7
3396.308543920517 7
3396.309508085251 7
3396.318482875824 7
3396.3193378448486 7
3396.322853088379 7
3396.3235812187195 7
3396.3256051540375 7
3396.3278250694275 7
3396.32866191864 7
3396.32949590683 7
3396.3319940567017 7
3396.3320360183716 7
3396.332202911377 7
3396.332230091095 7
3396.332530975342 7
3396.3327689170837 7
3396.3328449726105 7
3396.337656021118 7
3396.337695837021 7
3396.3377010822296 7
3396.3377120494843 7
3396.3377590179443 7
3396.3377618789673 7
3396.337784051895 7
3396.3377940654755 7
3396.337811946869 7
3396.3378138542175 7
3396.3378570079803 7
3396.337916135788 7
3396.33794093132 7
3396.3379991054535 7
3396.3380069732666 7
3396.3380200862885 7
3396.3380239009857 7
3396.338089942932 7
3396.3380920886993 7
3396.3381061553955 7
3396.3381538391113 7
3396.338196992874 7
3396.3382229804993 7
3396.338271856308 7
3396.3383111953735 7
3396.3383548259735 7
3396.3384308815002 7
3396.3384659290314 7
3396.3393700122833 7
3396.340209007263 7
3396.340210914612 7
3396.3402240276337 7
3396.3402321338654 7
3396.3402438163757 7
3396.3402559757233 7
3396.3402609825134 7
3396.340274810791 7
3396.3402869701385 7
3396.3403010368347 7
3396.340308904648 7
3396.3403129577637 7
3396.340315103531 7
3396.3403198719025 7
3396.340327978134 7
3396.3403329849243 7
3396.3403351306915 7
3396.340339899063 7
3396.3403429985046 7
3396.340346097946 7
3396.3403520584106 7
3396.3403539657593 7
3396.3403749465942 7
3396.3403780460358 7
3396.3403828144073 7
3396.3403871059418 7
3396.3403980731964 7
3396.340404987335 7
3396.3404150009155 7
3396.340425014496 7
3396.340427875519 7
3396.3404359817505 7
3396.340439081192 7
3396.3404409885406 7
3396.340460062027 7
3396.340464115143 7
3396.3404788970947 7
3396.3404841423035 7
3396.3404881954193 7
3396.3404910564423 7
3396.3405051231384 7
3396.340507030487 7
3396.3405091762543 7
3396.3405108451843 7
3396.340528011322 7
3396.340533018112 7
3396.3405361175537 7
3396.3405401706696 7
3396.3405418395996 7
3396.3405520915985 7
3396.340564966202 7
3396.340565919876 7
3396.3405759334564 7
3396.340581178665 7
3396.3405969142914 7
3396.340600967407 7
3396.3406059741974 7
3396.3406162261963 7
3396.3406178951263 7
3396.340623140335 7
3396.340631008148 7
3396.3406341075897 7
3396.3406372070312 7
3396.340672969818 7
3396.3406891822815 7
3396.3406960964203 7
3396.3407139778137 7
3396.3407270908356 7
3396.3407311439514 7
3396.340754032135 7
3396.3407559394836 7
3396.3407640457153 7
3396.340765953064 7
3396.3407831192017 7
3396.340786933899 7
3396.3407940864563 7
3396.340805053711 7
3396.3408119678497 7
3396.3408160209656 7
3396.3408188819885 7
3396.34082698822 7
3396.3408291339874 7
3396.3408370018005 7
3396.3408391475677 7
3396.3408501148224 7
3396.340857028961 7
3396.340861082077 7
3396.3408617973328 7
3396.3408749103546 7
3396.340877056122 7
3396.3409049510956 7
3396.34091591835 7
3396.340933084488 7
3396.3409531116486 7
3396.3409678936005 7
3396.3409700393677 7
3396.340991973877 7
3396.3410108089447 7
3396.341012954712 7
3396.3410210609436 7
3396.3410260677338 7
3396.3410301208496 7
3396.341038942337 7
3396.3410511016846 7
3396.341053247452 7
3396.341062068939 7
3396.341075897217 7
3396.3410789966583 7
3396.3411090373993 7
3396.3411140441895 7
3396.3411178588867 7
3396.3411271572113 7
3396.341138124466 7
3396.3411400318146 7
3396.3411481380463 7
3396.342988014221 7
3396.344475030899 7
3396.352082014084 7
3396.3526849746704 7
3396.3527121543884 7
3396.352754831314 7
3396.3529739379883 7
3396.353073120117 7
3396.354301929474 7
3396.358232021332 7
3396.3583929538727 7
3396.358418226242 7
3396.3587131500244 7
3396.358951807022 7
3396.3622119426727 7
3396.3622760772705 7
3396.3623609542847 7
3396.3623988628387 7
3396.3628599643707 7
3396.362867832184 7
3396.3645420074463 7
3396.364588022232 7
3396.3648087978363 7
3396.364818096161 7
3396.364832878113 7
3396.364953994751 7
3396.366856098175 7
3396.366909980774 7
3396.3669350147247 7
3396.3670058250427 7
3396.367031097412 7
3396.3670692443848 7
3396.367070913315 7
3396.3671259880066 7
3396.3671300411224 7
3396.3672230243683 7
3396.3673288822174 7
3396.3673350811005 7
3396.367383956909 7
3396.3675060272217 7
3396.3675179481506 7
3396.367561817169 7
3396.3675649166107 7
3396.367609024048 7
3396.372421979904 7
3396.3725621700287 7
3396.3729350566864 7
3396.3731520175934 7
3396.3734152317047 7
3396.373430967331 7
3396.3735060691833 7
3396.375242948532 7
3396.3804240226746 7
3396.3805091381073 7
3396.3805470466614 7
3396.381006002426 7
3396.3810138702393 7
3396.3921761512756 7
3396.39506816864 7
3396.3950929641724 7
3396.3953840732574 7
3396.3956139087677 7
3396.400876045227 7
3396.4015789031982 7
3396.4017210006714 7
3396.4024319648743 7
3396.402450799942 7
3396.4064939022064 7
3396.4066338539124 7
3396.4070088863373 7
3396.4073519706726 7
3396.4094109535217 7
3396.4094309806824 7
3396.411992073059 7
3396.4120769500732 7
3396.412108898163 7
3396.4121351242065 7
3396.412173986435 7
3396.4121849536896 7
3396.412197113037 7
3396.412225008011 7
3396.4122490882874 7
3396.4122879505157 7
3396.4123141765594 7
3396.4123339653015 7
3396.4123940467834 7
3396.4124100208282 7
3396.412416934967 7
3396.412420988083 7
3396.4124269485474 7
3396.412503004074 7
3396.4125900268555 7
3396.4126241207123 7
3396.415547132492 7
3396.416291952133 7
3396.4163370132446 7
3396.4163608551025 7
3396.4163661003113 7
3396.4164340496063 7
3396.416496992111 7
3396.4165558815002 7
3396.4165580272675 7
3396.4165740013123 7
3396.416585922241 7
3396.416610956192 7
3396.416646003723 7
3396.416666030884 7
3396.4166820049286 7
3396.4167170524597 7
3396.41672205925 7
3396.41672706604 7
3396.4167280197144 7
3396.416762113571 7
3396.4167940616608 7
3396.4168560504913 7
3396.4169290065765 7
3396.4169688224792 7
3396.422320127487 7
3396.423187971115 7
3396.4310278892517 7
3396.4360558986664 7
3396.436189174652 7
3396.43620800972 7
3396.436695098877 7
3396.436835050583 7
3396.4385352134705 7
3396.4404730796814 7
3396.4404950141907 7
3396.4405949115753 7
3396.440605163574 7
3396.440618991852 7
3396.440752029419 7
3396.4408020973206 7
3396.4419491291046 7
3396.4473390579224 7
3396.451059818268 7
3396.4512062072754 7
3396.4518299102783 7
3396.451943874359 7
3396.452159881592 7
3396.4523561000824 7
3396.452502012253 7
3396.4541738033295 7
3396.4560849666595 7
3396.4616959095 7
3396.461714029312 7
3396.4617750644684 7
3396.4617772102356 7
3396.461795091629 7
3396.461802959442 7
3396.461812019348 7
3396.4618270397186 7
3396.461911916733 7
3396.4619460105896 7
3396.462000131607 7
3396.4620139598846 7
3396.4620201587677 7
3396.4620468616486 7
3396.46204996109 7
3396.4620621204376 7
3396.4621369838715 7
3396.4621579647064 7
3396.462234020233 7
3396.4631338119507 7
3396.4632439613342 7
3396.4634549617767 7
3396.47266292572 7
3396.4726819992065 7
3396.4742691516876 7
3396.474277973175 7
3396.4742929935455 7
3396.4744119644165 7
3396.47642493248 7
3396.4811618328094 7
3396.481420993805 7
3396.4814360141754 7
3396.4815101623535 7
3396.4835929870605 7
3396.483612060547 7
3396.491593837738 7
3396.493616104126 7
3396.4944729804993 7
3396.4971499443054 7
3396.503327846527 7
3396.5033349990845 7
3396.503611087799 7
3396.503629922867 7
3396.5037150382996 7
3396.510209083557 7
3396.5103170871735 7
3396.510525226593 7
3396.514111995697 7
3396.514126062393 7
3396.51416015625 7
3396.5142052173615 7
3396.5142362117767 7
3396.5142550468445 7
3396.5142979621887 7
3396.514314889908 7
3396.5143389701843 7
3396.5143971443176 7
3396.5144050121307 7
3396.5144770145416 7
3396.5145230293274 7
3396.5145251750946 7
3396.5145440101624 7
3396.5177340507507 7
3396.5179619789124 7
3396.520071029663 7
3396.520131111145 7
3396.520180940628 7
3396.5201959609985 7
3396.5202701091766 7
3396.5203120708466 7
3396.5203540325165 7
3396.520355939865 7
3396.520393848419 7
3396.5239868164062 7
3396.5242149829865 7
3396.524395942688 7
3396.524458885193 7
3396.5246529579163 7
3396.5293061733246 7
3396.5295209884644 7
3396.5295400619507 7
3396.5299780368805 7
3396.535416126251 7
3396.535437107086 7
3396.5367600917816 7
3396.5367789268494 7
3396.5400791168213 7
3396.5436849594116 7
3396.5479040145874 7
3396.5489590168 7
3396.5603308677673 7
3396.5603790283203 7
3396.5625908374786 7
3396.5689158439636 7
3396.5689351558685 7
3396.5689787864685 7
3396.568997144699 7
3396.5690219402313 7
3396.5690820217133 7
3396.5690898895264 7
3396.569164991379 7
3396.5692121982574 7
3396.5692138671875 7
3396.5692341327667 7
3396.5711410045624 7
3396.5711510181427 7
3396.5713279247284 7
3396.5713419914246 7
3396.575711965561 7
3396.5771040916443 7
3396.5771131515503 7
3396.577288866043 7
3396.5773029327393 7
3396.5843319892883 7
3396.5845448970795 7
3396.5927770137787 7
3396.59547495842 7
3396.5997529029846 7
3396.599760055542 7
3396.6003229618073 7
3396.6013050079346 7
3396.6020641326904 7
3396.603303194046 7
3396.603310108185 7
3396.6191720962524 7
3396.6191790103912 7
3396.6287767887115 7
3396.6288080215454 7
3397.9820709228516 7
3398.3171849250793 7
3399.5224509239197 7
3400.370311021805 7
3402.1559500694275 7
3405.895015001297 7
3408.242826938629 7
3408.243462085724 7
3408.243700027466 7
3408.244104862213 7
3408.291046142578 7
3408.3846929073334 7
3408.465791940689 7
3408.482619047165 7
3408.48264503479 7
3409.0005099773407 7
3412.2197680473328 7
3413.065218925476 7
3414.178931951523 7
3414.1810109615326 7
3414.1832501888275 7
3414.1833140850067 7
3414.1834321022034 7
3414.1839559078217 7
3414.183984041214 7
3414.2307529449463 7
3414.245181798935 7
3414.250032186508 7
3414.2501339912415 7
3414.250535964966 7
3414.250725030899 7
3414.261381149292 7
3414.261770963669 7
3414.2817299365997 7
3414.294672012329 7
3414.309757232666 7
3414.343360900879 7
3414.3644139766693 7
3414.3701128959656 7
3414.3804981708527 7
3414.3895111083984 7
3414.3895580768585 7
3414.3914091587067 7
3414.391582965851 7
3414.39875292778 7
3414.5085418224335 7
3414.527083873749 7
3415.272178888321 7
3415.2724668979645 7
3416.0147190093994 7
3416.0327038764954 7
3416.0428211688995 7
3416.0446059703827 7
3416.0682260990143 7
3416.068421125412 7
3416.0685119628906 7
3416.0688848495483 7
3416.1196241378784 7
3416.148241043091 7
3416.148400068283 7
3416.1484529972076 7
3417.109272003174 7
3417.134418964386 7
3417.171578168869 7
3417.1716589927673 7
3417.172189950943 7
3417.2193899154663 7
3417.219477891922 7
3417.254061937332 7
3418.6030991077423 7
3428.59258890152 7
3428.5927290916443 7
3428.592782020569 7
3428.592840194702 7
3428.593024969101 7
3428.6699619293213 7
3429.583541870117 7
3429.58359003067 7
3429.583606004715 7
3429.5838351249695 7
3429.5839779376984 7
3429.6532859802246 7
3429.653603076935 7
3430.893573999405 7
3430.89421415329 7
3431.692845106125 7
3433.7596459388733 7
3433.8307769298553 7
3434.1759870052338 7
3435.4204771518707 7
3435.4572310447693 7
3436.6079149246216 7
3437.9297289848328 7
3440.4152450561523 7
3441.162738084793 7
3441.80309510231 7
3442.6476871967316 7
3442.647747039795 7
3442.6484870910645 7
3442.6665630340576 7
3442.6889882087708 7
3442.7470479011536 7
3442.752893924713 7
3442.754935979843 7
3442.771712064743 7
3442.771828889847 7
3442.802062034607 7
3442.8021218776703 7
3442.8179318904877 7
3442.8286151885986 7
3442.847307920456 7
3442.847508907318 7
3442.847535133362 7
3442.9890899658203 7
3451.8147900104523 7
3452.6319501399994 7
3454.161596059799 7
3457.238039970398 7
3459.4616420269012 7
3459.505532026291 7
3459.5063400268555 7
3465.6758749485016 7
3466.3496611118317 7
3467.222198009491 7
3467.2222859859467 7
3467.222594022751 7
3467.2386479377747 7
3468.598384141922 7
3468.6415600776672 7
3473.2581601142883 7
3476.1834349632263 7
3478.2274589538574 7
3485.906924009323 7
3490.1565730571747 7
3490.1667759418488 7
3491.2985849380493 7
3516.678067922592 7
3516.678776025772 7
3516.805845975876 7
3518.169263124466 7
3518.1905760765076 7
3518.231852054596 7
3518.4324400424957 7
3518.54691696167 7
3525.6154050827026 7
3533.0715701580048 7
3533.917065858841 7
3536.7425179481506 7
3536.9544429779053 7
3539.126976966858 7
3543.3146710395813 7
3543.3833351135254 7
3554.804846048355 7
3566.59112906456 7
3566.5912799835205 7
3566.591490983963 7
3570.780306816101 7
3570.7959520816803 7
3570.7961649894714 7
