0.004189968109130859 6
0.0043299198150634766 6
0.009009838104248047 6
0.012750864028930664 6
0.012794971466064453 6
0.022085905075073242 6
0.02492499351501465 6
0.0297849178314209 6
0.03783893585205078 6
0.04397702217102051 6
0.04402494430541992 6
0.044036865234375 6
0.044085025787353516 6
0.045577049255371094 6
0.04566788673400879 6
0.0918588638305664 6
0.1160438060760498 6
0.28102993965148926 6
0.353748083114624 6
0.3537638187408447 6
0.35383081436157227 6
0.3540370464324951 6
0.35405588150024414 6
0.3585669994354248 6
0.35857105255126953 6
0.35860490798950195 6
0.35869908332824707 6
0.35880494117736816 6
0.3588449954986572 6
0.3653409481048584 6
0.36691999435424805 6
0.37083888053894043 6
0.3795328140258789 6
0.39714884757995605 6
0.40982675552368164 6
0.4396839141845703 6
0.44022679328918457 6
0.4402487277984619 6
0.4403228759765625 6
0.4403958320617676 6
0.44486188888549805 6
0.4448840618133545 6
0.4449038505554199 6
0.4449138641357422 6
0.4449269771575928 6
0.4449291229248047 6
0.4449880123138428 6
0.4449937343597412 6
0.4450068473815918 6
0.44501399993896484 6
0.4450979232788086 6
0.4451017379760742 6
0.445112943649292 6
0.4451179504394531 6
0.44519495964050293 6
0.4513888359069824 6
0.45279908180236816 6
0.4560520648956299 6
0.46139979362487793 6
0.4615797996520996 6
0.46416497230529785 6
0.4675939083099365 6
0.4737679958343506 6
0.47378993034362793 6
0.4798290729522705 6
0.4798569679260254 6
0.5340619087219238 6
0.543447732925415 6
0.5462968349456787 6
0.5496289730072021 6
0.5804228782653809 6
0.6155929565429688 6
0.6156160831451416 6
0.6156809329986572 6
0.615717887878418 6
0.6158328056335449 6
0.6221208572387695 6
0.6274349689483643 6
0.6963410377502441 6
0.7004580497741699 6
0.702650785446167 6
0.7043929100036621 6
0.7047157287597656 6
0.7067327499389648 6
0.7080628871917725 6
0.7080867290496826 6
0.7081398963928223 6
0.7081668376922607 6
0.7082629203796387 6
0.7085049152374268 6
0.710345983505249 6
0.7104127407073975 6
0.7119638919830322 6
0.7119770050048828 6
0.7119870185852051 6
0.7119927406311035 6
0.711993932723999 6
0.7119989395141602 6
0.7120327949523926 6
0.7120459079742432 6
0.7120530605316162 6
0.7120547294616699 6
0.7120578289031982 6
0.7120788097381592 6
0.7120919227600098 6
0.7121138572692871 6
0.7121291160583496 6
0.7121298313140869 6
0.7121317386627197 6
0.7121460437774658 6
0.7121849060058594 6
0.712216854095459 6
0.7122468948364258 6
0.7122619152069092 6
0.7122781276702881 6
0.7122929096221924 6
0.7155578136444092 6
0.7213137149810791 6
0.7230269908905029 6
0.7373340129852295 6
0.7373619079589844 6
0.7374129295349121 6
0.7451179027557373 6
0.7855587005615234 6
0.7857060432434082 6
0.7857329845428467 6
0.7857768535614014 6
0.7903509140014648 6
0.790442943572998 6
0.7945170402526855 6
0.7945611476898193 6
0.7946100234985352 6
0.7946219444274902 6
0.7946698665618896 6
0.7982888221740723 6
0.8016598224639893 6
0.8097269535064697 6
0.8156270980834961 6
0.8367438316345215 6
0.8402440547943115 6
0.8696849346160889 6
0.8861069679260254 6
0.8861520290374756 6
0.8897500038146973 6
0.9107747077941895 6
0.954077959060669 6
0.9544157981872559 6
0.9548108577728271 6
0.9555468559265137 6
0.9576389789581299 6
0.9583151340484619 6
0.9583597183227539 6
0.9584078788757324 6
0.9585180282592773 6
0.9593601226806641 6
0.9597289562225342 6
0.9607448577880859 6
0.9607489109039307 6
0.9607827663421631 6
0.960784912109375 6
0.9608190059661865 6
0.960824728012085 6
0.9608950614929199 6
0.960899829864502 6
0.9609270095825195 6
0.9610378742218018 6
0.9610638618469238 6
0.9618098735809326 6
0.9624898433685303 6
0.9634928703308105 6
0.964148998260498 6
0.9642257690429688 6
0.9642407894134521 6
0.9642477035522461 6
0.9642519950866699 6
0.9642798900604248 6
0.9661378860473633 6
0.9661529064178467 6
0.9662158489227295 6
0.9662368297576904 6
0.9665699005126953 6
0.9674439430236816 6
0.9674568176269531 6
0.9674587249755859 6
0.9674699306488037 6
0.9674770832061768 6
0.9674839973449707 6
0.9674997329711914 6
0.9675090312957764 6
0.9676990509033203 6
0.9677047729492188 6
0.967710018157959 6
0.9677157402038574 6
0.9677269458770752 6
0.9677999019622803 6
0.967822790145874 6
0.9678258895874023 6
0.9678390026092529 6
0.9678857326507568 6
0.9678869247436523 6
0.9686169624328613 6
0.9686279296875 6
0.9686908721923828 6
0.9687738418579102 6
0.9688577651977539 6
0.9689407348632812 6
0.9695858955383301 6
0.9702117443084717 6
0.9702248573303223 6
0.970289945602417 6
0.9703049659729004 6
0.9703109264373779 6
0.9703140258789062 6
0.970322847366333 6
0.9703428745269775 6
0.9703497886657715 6
0.9703607559204102 6
0.9704117774963379 6
0.9704279899597168 6
0.9704408645629883 6
0.9708669185638428 6
0.9721119403839111 6
0.9721198081970215 6
0.9721260070800781 6
0.9721319675445557 6
0.9721329212188721 6
0.9721717834472656 6
0.972186803817749 6
0.972193717956543 6
0.9721999168395996 6
0.9722058773040771 6
0.9722158908843994 6
0.9722518920898438 6
0.9722769260406494 6
0.9722838401794434 6
0.9723038673400879 6
0.9723169803619385 6
0.9723479747772217 6
0.9723987579345703 6
0.9737727642059326 6
0.9740040302276611 6
0.9740140438079834 6
0.97403883934021 6
0.9740407466888428 6
0.9740569591522217 6
0.9741268157958984 6
0.9741377830505371 6
0.9741439819335938 6
0.9741578102111816 6
0.974179744720459 6
0.9741888046264648 6
0.9742107391357422 6
0.9742128849029541 6
0.974254846572876 6
0.9750940799713135 6
0.9762980937957764 6
0.9776599407196045 6
0.9777989387512207 6
0.9791309833526611 6
0.9791669845581055 6
0.9791748523712158 6
0.9791908264160156 6
0.9792227745056152 6
0.9792399406433105 6
0.9792468547821045 6
0.9792499542236328 6
0.9792530536651611 6
0.9792678356170654 6
0.9792740345001221 6
0.9792888164520264 6
0.9793150424957275 6
0.9793238639831543 6
0.9793379306793213 6
0.9793448448181152 6
0.9793868064880371 6
0.97940993309021 6
0.979421854019165 6
0.9795100688934326 6
0.9795248508453369 6
0.9795370101928711 6
0.9795389175415039 6
0.9795608520507812 6
0.9795839786529541 6
0.9796109199523926 6
0.9796538352966309 6
0.9797098636627197 6
0.9809889793395996 6
0.981212854385376 6
0.9813518524169922 6
0.982123851776123 6
0.9821450710296631 6
0.9835789203643799 6
0.9844968318939209 6
0.9853389263153076 6
0.9855268001556396 6
0.985548734664917 6
0.9864587783813477 6
0.9867339134216309 6
0.988090991973877 6
0.9942569732666016 6
0.994276762008667 6
0.9945099353790283 6
0.9945249557495117 6
0.994534969329834 6
0.9945390224456787 6
0.9945659637451172 6
0.9950070381164551 6
0.9951157569885254 6
0.9963080883026123 6
0.9970688819885254 6
0.9993748664855957 6
0.9993948936462402 6
1.001297950744629 6
1.0013089179992676 6
1.0013148784637451 6
1.001328945159912 6
1.001349925994873 6
1.0013587474822998 6
1.0013740062713623 6
1.0013768672943115 6
1.001417875289917 6
1.0043787956237793 6
1.0057339668273926 6
1.0057480335235596 6
1.0071990489959717 6
1.0072100162506104 6
1.007215976715088 6
1.0072300434112549 6
1.0072510242462158 6
1.0072598457336426 6
1.007275104522705 6
1.0072777271270752 6
1.0073187351226807 6
1.007995843887329 6
1.0080389976501465 6
1.0080468654632568 6
1.0080490112304688 6
1.0080609321594238 6
1.0080687999725342 6
1.008110761642456 6
1.0081329345703125 6
1.008152723312378 6
1.0081889629364014 6
1.0118579864501953 6
1.015166997909546 6
1.0151808261871338 6
1.0157158374786377 6
1.016814947128296 6
1.0198800563812256 6
1.0205247402191162 6
1.0215628147125244 6
1.0216069221496582 6
1.0216548442840576 6
1.0216848850250244 6
1.021697759628296 6
1.0217077732086182 6
1.0233280658721924 6
1.0233690738677979 6
1.0241470336914062 6
1.0241680145263672 6
1.0241749286651611 6
1.0242090225219727 6
1.024277925491333 6
1.0264546871185303 6
1.0277609825134277 6
1.0283257961273193 6
1.0323388576507568 6
1.0444438457489014 6
1.0451557636260986 6
1.045248031616211 6
1.045504093170166 6
1.0531857013702393 6
1.0544750690460205 6
1.0573039054870605 6
1.0606119632720947 6
1.0701699256896973 6
1.0762786865234375 6
1.0911779403686523 6
1.091270923614502 6
1.1271870136260986 6
1.1358678340911865 6
1.1358730792999268 6
1.1358978748321533 6
1.1359009742736816 6
1.1436188220977783 6
1.2185618877410889 6
1.2185637950897217 6
1.2221789360046387 6
1.2261579036712646 6
1.289566993713379 6
1.289571762084961 6
1.2895889282226562 6
1.2896137237548828 6
1.2896618843078613 6
1.2896966934204102 6
1.300205945968628 6
1.3035099506378174 6
1.3091199398040771 6
1.3249218463897705 6
1.3399078845977783 6
1.3844318389892578 6
1.3880410194396973 6
1.393522024154663 6
1.3937199115753174 6
1.422778844833374 6
1.4544799327850342 6
1.4610388278961182 6
1.4755678176879883 6
1.4757049083709717 6
1.4895658493041992 6
1.5862150192260742 6
1.629166841506958 6
1.632822036743164 6
1.8719370365142822 6
1.8719398975372314 6
1.8719627857208252 6
1.8719849586486816 6
1.8720338344573975 6
1.8720457553863525 6
1.8720667362213135 6
1.872100830078125 6
1.872128963470459 6
1.8721299171447754 6
1.8755338191986084 6
1.9397368431091309 6
1.9503087997436523 6
1.9535918235778809 6
2.01953387260437 6
2.0205938816070557 6
2.0206868648529053 6
2.021589994430542 6
2.02160906791687 6
2.0216116905212402 6
2.0216331481933594 6
2.0216357707977295 6
2.0216379165649414 6
2.0216598510742188 6
2.0216829776763916 6
2.0217318534851074 6
2.021738052368164 6
2.0217409133911133 6
2.0217437744140625 6
2.0217559337615967 6
2.021765947341919 6
2.0217738151550293 6
2.0217838287353516 6
2.021796941757202 6
2.021803855895996 6
2.021833896636963 6
2.0218350887298584 6
2.0218539237976074 6
2.02187180519104 6
2.0223240852355957 6
2.022390127182007 6
2.022427797317505 6
2.022547960281372 6
2.0230369567871094 6
2.02371883392334 6
2.0250461101531982 6
2.0250518321990967 6
2.026064872741699 6
2.02636981010437 6
2.0263760089874268 6
2.0267229080200195 6
2.0267279148101807 6
2.026744842529297 6
2.0267698764801025 6
2.026817798614502 6
2.02685284614563 6
2.0273869037628174 6
2.0273919105529785 6
2.028378963470459 6
2.028704881668091 6
2.029352903366089 6
2.029392957687378 6
2.029411792755127 6
2.0300018787384033 6
2.0300939083099365 6
2.030198812484741 6
2.0302391052246094 6
2.0306460857391357 6
2.03073787689209 6
2.030963897705078 6
2.0309667587280273 6
2.0309698581695557 6
2.0310678482055664 6
2.0311098098754883 6
2.032235860824585 6
2.0323269367218018 6
2.0324318408966064 6
2.0324718952178955 6
2.0325539112091064 6
2.0329718589782715 6
2.0338168144226074 6
2.0339200496673584 6
2.0340139865875244 6
2.0344388484954834 6
2.034442901611328 6
2.03446102142334 6
2.034485101699829 6
2.034531831741333 6
2.034566879272461 6
2.035072088241577 6
2.0378308296203613 6
2.0381319522857666 6
2.0381340980529785 6
2.038200855255127 6
2.0383307933807373 6
2.0384409427642822 6
2.0384809970855713 6
2.0385398864746094 6
2.0385501384735107 6
2.038552761077881 6
2.0385589599609375 6
2.038580894470215 6
2.0385959148406982 6
2.0386078357696533 6
2.0386528968811035 6
2.0386829376220703 6
2.0386879444122314 6
2.038710832595825 6
2.038724899291992 6
2.0387508869171143 6
2.039127826690674 6
2.0394697189331055 6
2.0395078659057617 6
2.039632797241211 6
2.0400378704071045 6
2.040038824081421 6
2.040040969848633 6
2.040041923522949 6
2.040050983428955 6
2.040052890777588 6
2.0400540828704834 6
2.040055751800537 6
2.0400569438934326 6
2.04006290435791 6
2.040065050125122 6
2.040066719055176 6
2.040071964263916 6
2.0400729179382324 6
2.0400750637054443 6
2.040081024169922 6
2.0400867462158203 6
2.0400876998901367 6
2.0400919914245605 6
2.040095090866089 6
2.040102005004883 6
2.0401039123535156 6
2.040107011795044 6
2.0401108264923096 6
2.040120840072632 6
2.0401298999786377 6
2.0401318073272705 6
2.040134906768799 6
2.0401358604431152 6
2.0401370525360107 6
2.040139675140381 6
2.0401439666748047 6
2.040147066116333 6
2.0401549339294434 6
2.0401580333709717 6
2.04016375541687 6
2.040165901184082 6
2.0401690006256104 6
2.040174961090088 6
2.040182113647461 6
2.0401878356933594 6
2.040193796157837 6
2.0401999950408936 6
2.040214776992798 6
2.0402169227600098 6
2.04022479057312 6
2.0402309894561768 6
2.040235757827759 6
2.040236711502075 6
2.040238857269287 6
2.0402419567108154 6
2.0402450561523438 6
2.040249824523926 6
2.040259838104248 6
2.0402629375457764 6
2.0402638912200928 6
2.0402660369873047 6
2.0402698516845703 6
2.040273904800415 6
2.040278911590576 6
2.0402798652648926 6
2.0402886867523193 6
2.0402908325195312 6
2.040292978286743 6
2.040294885635376 6
2.040297031402588 6
2.040299892425537 6
2.04030704498291 6
2.040311813354492 6
2.040315866470337 6
2.040318012237549 6
2.0403199195861816 6
2.040321111679077 6
2.040329933166504 6
2.040339946746826 6
2.0403428077697754 6
2.0403568744659424 6
2.0403618812561035 6
2.0403637886047363 6
2.0403659343719482 6
2.0403857231140137 6
2.040430784225464 6
2.0404469966888428 6
2.040477991104126 6
2.0404858589172363 6
2.0404927730560303 6
2.0405020713806152 6
2.040517807006836 6
2.0405330657958984 6
2.0405447483062744 6
2.040609836578369 6
2.040616989135742 6
2.040621757507324 6
2.040661096572876 6
2.043524980545044 6
2.0445609092712402 6
2.044675827026367 6
2.0465028285980225 6
2.0465548038482666 6
2.0466229915618896 6
2.048438787460327 6
2.048548936843872 6
2.0506439208984375 6
2.0545458793640137 6
2.0545549392700195 6
2.0547637939453125 6
2.0548160076141357 6
2.0548839569091797 6
2.0555739402770996 6
2.055614948272705 6
2.056328058242798 6
2.056588888168335 6
2.0570859909057617 6
2.057177782058716 6
2.0573348999023438 6
2.0574169158935547 6
2.057433843612671 6
2.0583040714263916 6
2.0583388805389404 6
2.0607218742370605 6
2.0607309341430664 6
2.0623369216918945 6
2.0666728019714355 6
2.066891670227051 6
2.067011833190918 6
2.06705379486084 6
2.0675199031829834 6
2.068593978881836 6
2.06912899017334 6
2.0691967010498047 6
2.070441961288452 6
2.0704851150512695 6
2.072042942047119 6
2.0733020305633545 6
2.0733137130737305 6
2.0733449459075928 6
2.0733509063720703 6
2.0743308067321777 6
2.077850818634033 6
2.081728935241699 6
2.085150957107544 6
2.0851669311523438 6
2.088857889175415 6
2.0912928581237793 6
2.091346025466919 6
2.105578899383545 6
2.106961965560913 6
2.118577003479004 6
2.118616819381714 6
2.1186399459838867 6
2.118651866912842 6
2.123025894165039 6
2.1854090690612793 6
2.266484022140503 6
2.2664859294891357 6
2.270127773284912 6
2.2742867469787598 6
2.2756481170654297 6
2.3048830032348633 6
2.3385539054870605 6
2.339883804321289 6
2.3439056873321533 6
2.3439228534698486 6
2.3440158367156982 6
2.344066858291626 6
2.344573974609375 6
2.3445770740509033 6
2.3445987701416016 6
2.3446218967437744 6
2.3446710109710693 6
2.3446829319000244 6
2.3447039127349854 6
2.344738721847534 6
2.3447680473327637 6
2.34476900100708 6
2.348180055618286 6
2.41395902633667 6
2.492443799972534 6
2.4927029609680176 6
2.5017638206481934 6
2.5046348571777344 6
2.5079691410064697 6
2.5175588130950928 6
2.5236799716949463 6
2.5386760234832764 6
2.538766860961914 6
2.5719540119171143 6
2.5759360790252686 6
2.576637029647827 6
2.5819969177246094 6
2.582167863845825 6
2.582178831100464 6
2.584772825241089 6
2.5888919830322266 6
2.594290018081665 6
2.6004648208618164 6
2.600526809692383 6
2.601926803588867 6
2.60194993019104 6
2.601962089538574 6
2.6118619441986084 6
2.6507139205932617 6
2.6609199047088623 6
2.6624138355255127 6
2.724247932434082 6
2.729564905166626 6
2.72957706451416 6
2.7295827865600586 6
2.7295849323272705 6
2.7295868396759033 6
2.729620933532715 6
2.729625940322876 6
2.7296488285064697 6
2.7296810150146484 6
2.729700803756714 6
2.729721784591675 6
2.7297260761260986 6
2.729728937149048 6
2.729759931564331 6
2.729793071746826 6
2.7298200130462646 6
2.7298247814178467 6
2.7298409938812256 6
2.733215093612671 6
2.734438896179199 6
2.7405598163604736 6
2.8808610439300537 6
2.8811988830566406 6
2.8812220096588135 6
2.885068893432617 6
2.8857109546661377 6
2.886353015899658 6
2.8883137702941895 6
2.8883378505706787 6
2.8892717361450195 6
2.890186071395874 6
2.890429973602295 6
2.8914430141448975 6
2.891659736633301 6
2.8931689262390137 6
2.893173933029175 6
2.893213987350464 6
2.8946807384490967 6
2.8946948051452637 6
2.894695997238159 6
2.894732713699341 6
2.89475679397583 6
2.8948099613189697 6
2.8948168754577637 6
2.8948607444763184 6
2.894896984100342 6
2.8949289321899414 6
2.8965249061584473 6
2.9013619422912598 6
2.9091200828552246 6
2.909860849380493 6
2.9103870391845703 6
2.911388874053955 6
2.911613941192627 6
2.9168808460235596 6
2.9168877601623535 6
2.916890859603882 6
2.9169139862060547 6
2.9169397354125977 6
2.9169418811798096 6
2.91695499420166 6
2.9169809818267822 6
2.9170069694519043 6
2.917056083679199 6
2.9170570373535156 6
2.9236459732055664 6
2.9236578941345215 6
2.9236807823181152 6
2.923696994781494 6
2.9237098693847656 6
2.923750877380371 6
2.9237558841705322 6
2.9237639904022217 6
2.923766851425171 6
2.959420919418335 6
2.959789752960205 6
2.960397720336914 6
2.960399866104126 6
2.962415933609009 6
2.963881015777588 6
2.96388578414917 6
2.9639499187469482 6
2.9639739990234375 6
2.965132713317871 6
2.968775987625122 6
2.9693760871887207 6
2.969561815261841 6
2.969575881958008 6
2.969679832458496 6
2.969698905944824 6
2.969714879989624 6
2.969721794128418 6
2.969727039337158 6
2.969770908355713 6
2.969782829284668 6
2.9697959423065186 6
2.969803810119629 6
2.969822883605957 6
2.969838857650757 6
2.969867706298828 6
2.9698688983917236 6
2.9698898792266846 6
2.9698989391326904 6
2.9699008464813232 6
2.9699149131774902 6
2.969939947128296 6
2.969942092895508 6
2.973773717880249 6
2.977747917175293 6
2.9778308868408203 6
2.9779160022735596 6
2.983901023864746 6
2.9839890003204346 6
3.002779006958008 6
3.0029079914093018 6
3.039886951446533 6
3.10939884185791 6
3.109400749206543 6
3.1130177974700928 6
3.1936898231506348 6
3.1937029361724854 6
3.1938018798828125 6
3.1939449310302734 6
3.335526943206787 6
3.341852903366089 6
3.373918056488037 6
3.4185709953308105 6
3.4277987480163574 6
3.5136590003967285 6
3.514669895172119 6
3.514677047729492 6
3.5146889686584473 6
3.5146918296813965 6
3.514694929122925 6
3.5147039890289307 6
3.5147080421447754 6
3.514744758605957 6
3.5147769451141357 6
3.514784097671509 6
3.5147979259490967 6
3.5148067474365234 6
3.514840841293335 6
3.5148818492889404 6
3.5149199962615967 6
3.5149760246276855 6
3.5183067321777344 6
3.5222620964050293 6
3.5241129398345947 6
3.58431077003479 6
3.585632085800171 6
3.586271047592163 6
3.5889060497283936 6
3.596360921859741 6
3.600480794906616 6
3.660517930984497 6
3.660619020462036 6
3.6635007858276367 6
3.6668598651885986 6
3.6975619792938232 6
3.7269599437713623 6
3.728384017944336 6
3.7384541034698486 6
3.754187822341919 6
3.769084930419922 6
3.80987286567688 6
3.811649799346924 6
3.8195037841796875 6
3.8256897926330566 6
3.8291101455688477 6
3.8380088806152344 6
3.864285945892334 6
3.8806207180023193 6
3.911756753921509 6
3.9442787170410156 6
3.9479129314422607 6
4.083868980407715 6
4.085011959075928 6
4.085621118545532 6
4.085622787475586 6
4.085752725601196 6
4.087896823883057 6
4.089201927185059 6
4.090049743652344 6
4.090360879898071 6
4.093312978744507 6
4.09463095664978 6
4.094827890396118 6
4.094908952713013 6
4.09492301940918 6
4.094944000244141 6
4.094948768615723 6
4.094951868057251 6
4.0949788093566895 6
4.095005035400391 6
4.095026969909668 6
4.09503173828125 6
4.095036029815674 6
4.095038890838623 6
4.095094680786133 6
4.095136880874634 6
4.101571798324585 6
4.101653099060059 6
4.101735830307007 6
4.108860969543457 6
4.109142780303955 6
4.110383987426758 6
4.11095404624939 6
4.112965822219849 6
4.117057800292969 6
4.1171019077301025 6
4.121729850769043 6
4.123805046081543 6
4.123909950256348 6
4.128090858459473 6
4.13418984413147 6
4.134222745895386 6
4.147662878036499 6
4.178508758544922 6
4.293715000152588 6
4.303049087524414 6
4.309558868408203 6
4.3167266845703125 6
4.316731929779053 6
4.323716878890991 6
4.34180474281311 6
4.361841917037964 6
4.365633726119995 6
4.37108302116394 6
4.371094703674316 6
4.371096849441528 6
4.371104001998901 6
4.371109962463379 6
4.371111869812012 6
4.371118783950806 6
4.3711278438568115 6
4.37113094329834 6
4.371222019195557 6
4.371315002441406 6
4.37136697769165 6
4.38747501373291 6
4.400106906890869 6
4.429663896560669 6
4.430140018463135 6
4.430285930633545 6
4.4422290325164795 6
4.443701982498169 6
4.468310117721558 6
4.468374013900757 6
4.49928879737854 6
4.502064943313599 6
4.5021209716796875 6
4.50487494468689 6
4.506959915161133 6
4.506980895996094 6
4.506994009017944 6
4.506998777389526 6
4.507015943527222 6
4.507029056549072 6
4.507055997848511 6
4.5070719718933105 6
4.507094860076904 6
4.507108926773071 6
4.5071189403533936 6
4.507148742675781 6
4.507158041000366 6
4.507165908813477 6
4.507174968719482 6
4.5072009563446045 6
4.5072410106658936 6
4.52096700668335 6
4.521075963973999 6
4.52124810218811 6
4.521345138549805 6
4.52309775352478 6
4.524095058441162 6
4.524158000946045 6
4.524172782897949 6
4.535794019699097 6
4.544374704360962 6
4.551590919494629 6
4.551651954650879 6
4.551666975021362 6
4.633749961853027 6
4.633756875991821 6
4.633804798126221 6
4.633898973464966 6
4.633900880813599 6
4.634404897689819 6
4.6344499588012695 6
4.635385751724243 6
4.635397911071777 6
4.635436773300171 6
4.6355299949646 6
4.635531902313232 6
4.636341094970703 6
4.636342763900757 6
4.636366844177246 6
4.636388778686523 6
4.6364381313323975 6
4.636449813842773 6
4.636471748352051 6
4.636505842208862 6
4.636534690856934 6
4.636535882949829 6
4.636664867401123 6
4.637365102767944 6
4.637913942337036 6
4.6379170417785645 6
4.637964725494385 6
4.638136863708496 6
4.639455080032349 6
4.640101909637451 6
4.640668869018555 6
4.640987873077393 6
4.640991926193237 6
4.641011953353882 6
4.641046047210693 6
4.641049861907959 6
4.641113758087158 6
4.641149044036865 6
4.641170024871826 6
4.6412811279296875 6
4.641577959060669 6
4.6415839195251465 6
4.641585826873779 6
4.641587018966675 6
4.641590118408203 6
4.641594886779785 6
4.64159893989563 6
4.641601800918579 6
4.641603946685791 6
4.64160680770874 6
4.641611814498901 6
4.6416168212890625 6
4.641622066497803 6
4.641632080078125 6
4.641632795333862 6
4.641634941101074 6
4.641637802124023 6
4.641640901565552 6
4.641646862030029 6
4.64165472984314 6
4.64165997505188 6
4.641660928726196 6
4.641664028167725 6
4.641664981842041 6
4.6416709423065186 6
4.641682863235474 6
4.641684055328369 6
4.641692876815796 6
4.64169979095459 6
4.641701936721802 6
4.641718864440918 6
4.641726016998291 6
4.641726970672607 6
4.641729116439819 6
4.641737937927246 6
4.641741752624512 6
4.64174485206604 6
4.641751766204834 6
4.641753911972046 6
4.641755819320679 6
4.641765832901001 6
4.641767978668213 6
4.641771078109741 6
4.641775846481323 6
4.6417858600616455 6
4.641791105270386 6
4.641792058944702 6
4.641794919967651 6
4.641795873641968 6
4.641797780990601 6
4.6418046951293945 6
4.641813039779663 6
4.6418139934539795 6
4.641824722290039 6
4.641828775405884 6
4.641834020614624 6
4.64183497428894 6
4.64183783531189 6
4.641838788986206 6
4.641844034194946 6
4.641848802566528 6
4.641849756240845 6
4.641861915588379 6
4.641878843307495 6
4.6418797969818115 6
4.641881942749023 6
4.641885995864868 6
4.641887903213501 6
4.64189600944519 6
4.643954038619995 6
4.64395809173584 6
4.644310712814331 6
4.644855737686157 6
4.6449480056762695 6
4.644949913024902 6
4.64514684677124 6
4.645998954772949 6
4.646090030670166 6
4.64609169960022 6
4.6509459018707275 6
4.652533054351807 6
4.655683755874634 6
4.655724763870239 6
4.65715479850769 6
4.657157897949219 6
4.657168865203857 6
4.657184839248657 6
4.657265901565552 6
4.6573169231414795 6
4.658501863479614 6
4.659449815750122 6
4.659499883651733 6
4.6595659255981445 6
4.663771867752075 6
4.66705584526062 6
4.667373895645142 6
4.668194770812988 6
4.669667959213257 6
4.670497894287109 6
4.672708988189697 6
4.6727259159088135 6
4.67758584022522 6
4.6776018142700195 6
4.679149866104126 6
4.681458950042725 6
4.681474924087524 6
4.682123899459839 6
4.690621852874756 6
4.691092014312744 6
4.691103935241699 6
4.692973852157593 6
4.776089906692505 6
4.776260852813721 6
4.908659934997559 6
4.909610986709595 6
4.910468816757202 6
4.9105308055877686 6
4.910778999328613 6
4.910871744155884 6
4.910977840423584 6
4.9110190868377686 6
4.911799907684326 6
4.913599014282227 6
4.91507887840271 6
4.91513991355896 6
4.915277719497681 6
4.916919708251953 6
4.917171955108643 6
4.92534875869751 6
4.929597854614258 6
4.930341958999634 6
4.930870056152344 6
4.930929899215698 6
4.931872129440308 6
4.9373579025268555 6
4.944091796875 6
4.944103956222534 6
4.944127082824707 6
4.944141864776611 6
4.944154977798462 6
4.944195747375488 6
4.9442009925842285 6
4.944211006164551 6
4.944214105606079 6
4.9763689041137695 6
5.040538787841797 6
5.041708707809448 6
5.041811943054199 6
5.041904926300049 6
5.046020984649658 6
5.046219110488892 6
5.046932935714722 6
5.0510149002075195 6
5.051580905914307 6
5.054097890853882 6
5.056004762649536 6
5.05627703666687 6
5.05864405632019 6
5.0614800453186035 6
5.061737060546875 6
5.061825752258301 6
5.061915874481201 6
5.061966896057129 6
5.075105905532837 6
5.1111838817596436 6
5.1714959144592285 6
5.174875974655151 6
5.205673933029175 6
5.235385894775391 6
5.2365639209747314 6
5.241125822067261 6
5.25504994392395 6
5.371381998062134 6
5.37187385559082 6
5.373872995376587 6
5.376673698425293 6
5.377643823623657 6
5.37768292427063 6
5.3776867389678955 6
5.378848075866699 6
5.380077838897705 6
5.380105972290039 6
5.381767988204956 6
5.385678768157959 6
5.38570499420166 6
5.3861799240112305 6
5.386817693710327 6
5.387706995010376 6
5.389547824859619 6
5.390911102294922 6
5.391795873641968 6
5.39239501953125 6
5.393267869949341 6
5.394974946975708 6
5.396619081497192 6
5.398233890533447 6
5.398879051208496 6
5.4013519287109375 6
5.401376724243164 6
5.401632785797119 6
5.4021430015563965 6
5.402899980545044 6
5.403641939163208 6
5.405367851257324 6
5.406559944152832 6
5.407768726348877 6
5.409157991409302 6
5.4093897342681885 6
5.410080671310425 6
5.410311937332153 6
5.412106037139893 6
5.413630962371826 6
5.413633108139038 6
5.413641929626465 6
5.413648843765259 6
5.413651943206787 6
5.413668870925903 6
5.413675785064697 6
5.413677930831909 6
5.413679838180542 6
5.413690805435181 6
5.4136950969696045 6
5.41369891166687 6
5.413704872131348 6
5.413707733154297 6
5.413712978363037 6
5.413722991943359 6
5.413724899291992 6
5.4137279987335205 6
5.413733959197998 6
5.413742780685425 6
5.4137489795684814 6
5.413750886917114 6
5.413752794265747 6
5.4137537479400635 6
5.413755893707275 6
5.413762807846069 6
5.413770914077759 6
5.413772821426392 6
5.41378378868103 6
5.413789987564087 6
5.413794755935669 6
5.413796901702881 6
5.413800954818726 6
5.413801908493042 6
5.413806915283203 6
5.413811922073364 6
5.413814067840576 6
5.413825750350952 6
5.413843870162964 6
5.413846015930176 6
5.413846731185913 6
5.413851976394653 6
5.413853883743286 6
5.413861989974976 6
5.444646835327148 6
5.447565793991089 6
5.457722902297974 6
5.464922904968262 6
5.465004920959473 6
5.4650208950042725 6
5.465120792388916 6
5.509073972702026 6
5.509344816207886 6
5.5103819370269775 6
5.512197971343994 6
5.513705015182495 6
5.5137670040130615 6
5.513906955718994 6
5.515567779541016 6
5.528285980224609 6
5.529031991958618 6
5.529563903808594 6
5.530574798583984 6
5.536159038543701 6
5.542964935302734 6
5.5429770946502686 6
5.543000936508179 6
5.543015956878662 6
5.543030738830566 6
5.5430779457092285 6
5.543083667755127 6
5.5430920124053955 6
5.543094873428345 6
5.5770487785339355 6
5.577224969863892 6
5.599478721618652 6
5.605485916137695 6
5.626684904098511 6
5.638872861862183 6
5.639479875564575 6
5.639800786972046 6
5.639819860458374 6
5.639891862869263 6
5.639983892440796 6
5.640088796615601 6
5.640129804611206 6
5.640154838562012 6
5.640237808227539 6
5.640240907669067 6
5.640254020690918 6
5.640257120132446 6
5.640304803848267 6
5.640336990356445 6
5.640356779098511 6
5.6440589427948 6
5.6442787647247314 6
5.644395112991333 6
5.646282911300659 6
5.646334886550903 6
5.646399021148682 6
5.6479198932647705 6
5.6480278968811035 6
5.648302793502808 6
5.6553428173065186 6
5.6571269035339355 6
5.657219886779785 6
5.657233953475952 6
5.661076068878174 6
5.667304039001465 6
5.668766975402832 6
5.671380996704102 6
5.673106908798218 6
5.684927940368652 6
5.684931755065918 6
5.684939861297607 6
5.684945821762085 6
5.68501877784729 6
5.691065788269043 6
5.7003138065338135 6
5.824486970901489 6
5.85535192489624 6
5.887479782104492 6
5.901733875274658 6
6.008139133453369 6
6.14531683921814 6
6.190730094909668 6
6.191032886505127 6
6.191330909729004 6
6.19280481338501 6
6.192975997924805 6
6.193099021911621 6
6.193560838699341 6
6.195403814315796 6
6.195531129837036 6
6.197930097579956 6
6.199042797088623 6
6.200132846832275 6
6.203825950622559 6
6.2040839195251465 6
6.205109119415283 6
6.205113887786865 6
6.205114841461182 6
6.205118894577026 6
6.205121040344238 6
6.205122709274292 6
6.205124855041504 6
6.20512580871582 6
6.205128908157349 6
6.205132722854614 6
6.205134868621826 6
6.205138921737671 6
6.205142021179199 6
6.2051427364349365 6
6.205147981643677 6
6.205148935317993 6
6.205154895782471 6
6.205155849456787 6
6.205160856246948 6
6.205165863037109 6
6.2051708698272705 6
6.205174684524536 6
6.205176830291748 6
6.2051777839660645 6
6.205187797546387 6
6.205190896987915 6
6.205205917358398 6
6.205209970474243 6
6.205212831497192 6
6.20521879196167 6
6.205224990844727 6
6.205228805541992 6
6.205229759216309 6
6.205233812332153 6
6.205235958099365 6
6.205236911773682 6
6.205241918563843 6
6.205245018005371 6
6.205249786376953 6
6.2052507400512695 6
6.205257892608643 6
6.20526385307312 6
6.205265998840332 6
6.205270767211914 6
6.205274820327759 6
6.2052788734436035 6
6.205288887023926 6
6.205291032791138 6
6.205292701721191 6
6.205294847488403 6
6.205298900604248 6
6.205302000045776 6
6.205304861068726 6
6.205307960510254 6
6.20530891418457 6
6.205311059951782 6
6.2053139209747314 6
6.20532488822937 6
6.205336809158325 6
6.205338954925537 6
6.2053446769714355 6
6.205345869064331 6
6.205364942550659 6
6.205368757247925 6
6.205370903015137 6
6.205378770828247 6
6.20538592338562 6
6.205390930175781 6
6.206746816635132 6
6.206838130950928 6
6.207102060317993 6
6.221634864807129 6
6.226764917373657 6
6.227650880813599 6
6.233460903167725 6
6.235970735549927 6
6.243797063827515 6
6.243822813034058 6
6.310588836669922 6
6.3246307373046875 6
6.433666944503784 6
6.435934066772461 6
6.486862897872925 6
6.486864805221558 6
6.486867904663086 6
6.486877918243408 6
6.486904859542847 6
6.4869279861450195 6
6.486939907073975 6
6.486974000930786 6
6.48698091506958 6
6.486984014511108 6
6.486998796463013 6
6.487040996551514 6
6.487082004547119 6
6.487083673477173 6
6.487093925476074 6
6.487127780914307 6
6.487194776535034 6
6.489526748657227 6
6.489542007446289 6
6.489552974700928 6
6.490984916687012 6
6.491560935974121 6
6.493677854537964 6
6.494611024856567 6
6.4946229457855225 6
6.494664907455444 6
6.494673013687134 6
6.494687080383301 6
6.494691848754883 6
6.494729995727539 6
6.494763135910034 6
6.494765758514404 6
6.494812965393066 6
6.496525764465332 6
6.496539831161499 6
6.4965479373931885 6
6.496569871902466 6
6.496581792831421 6
6.496598720550537 6
6.496622800827026 6
6.496647834777832 6
6.496686935424805 6
6.496697902679443 6
6.496705770492554 6
6.496809005737305 6
6.498811960220337 6
6.499311923980713 6
6.500804901123047 6
6.500832796096802 6
6.500886678695679 6
6.500894069671631 6
6.500936985015869 6
6.500972747802734 6
6.5010058879852295 6
6.501833915710449 6
6.501971006393433 6
6.501979827880859 6
6.50217604637146 6
6.507694959640503 6
6.50771689414978 6
6.507790803909302 6
6.513465881347656 6
6.513477802276611 6
6.514119863510132 6
6.514194965362549 6
6.515567779541016 6
6.5156569480896 6
6.517163038253784 6
6.517235994338989 6
6.518239974975586 6
6.521625757217407 6
6.521784782409668 6
6.523011922836304 6
6.526646852493286 6
6.526849031448364 6
6.535096883773804 6
6.5354719161987305 6
6.538207054138184 6
6.538208723068237 6
6.538217067718506 6
6.538269996643066 6
6.550597906112671 6
6.557508945465088 6
6.557605981826782 6
6.557988882064819 6
6.559042930603027 6
6.560831069946289 6
6.5608861446380615 6
6.5684590339660645 6
6.568519830703735 6
6.572778940200806 6
6.57393479347229 6
6.573988914489746 6
6.576072931289673 6
6.579914093017578 6
6.579967975616455 6
6.581660032272339 6
6.582365989685059 6
6.58421778678894 6
6.584295988082886 6
6.584344863891602 6
6.585504055023193 6
6.590752840042114 6
6.593883991241455 6
6.593930959701538 6
6.838232755661011 6
6.842543840408325 6
6.844732999801636 6
6.847246885299683 6
6.8591108322143555 6
6.859127759933472 6
7.0674378871917725 6
7.081428050994873 6
7.0815110206604 6
7.081554889678955 6
7.0882439613342285 6
7.340196847915649 6
7.342059135437012 6
7.346041917800903 6
7.346297979354858 6
7.348077774047852 6
7.351266860961914 6
7.361286878585815 6
7.361349821090698 6
7.361369848251343 6
7.361396074295044 6
7.361415863037109 6
7.361431837081909 6
7.361443758010864 6
7.455392122268677 6
7.509900808334351 6
7.716507911682129 6
7.925285816192627 6
8.025558710098267 6
8.038919925689697 6
8.038932085037231 6
8.038974046707153 6
8.088687896728516 6
8.088751792907715 6
8.27332592010498 6
8.371583938598633 6
8.41967487335205 6
8.419774055480957 6
8.419826030731201 6
8.42964482307434 6
8.841551780700684 6
8.855633020401001 6
8.93154788017273 6
9.04129695892334 6
9.0413498878479 6
9.0414137840271 6
9.116342067718506 6
9.116524696350098 6
9.117316961288452 6
9.118550777435303 6
9.119809865951538 6
9.120054006576538 6
9.121729135513306 6
9.123810768127441 6
9.123819828033447 6
9.123826026916504 6
9.12383484840393 6
9.123851776123047 6
9.12386679649353 6
9.123878002166748 6
9.123942852020264 6
9.123949766159058 6
9.123955011367798 6
9.123992919921875 6
9.127161979675293 6
9.13055682182312 6
9.130568981170654 6
9.130589962005615 6
9.13060998916626 6
9.130610942840576 6
9.130620956420898 6
9.13064193725586 6
9.13064980506897 6
9.130663871765137 6
9.130676984786987 6
9.130684852600098 6
9.13921594619751 6
9.17421293258667 6
9.297290086746216 6
9.297306776046753 6
9.303228855133057 6
9.303245782852173 6
9.324302911758423 6
9.333401918411255 6
9.335850954055786 6
9.346949815750122 6
9.349188804626465 6
9.381738901138306 6
9.381846904754639 6
9.389689922332764 6
9.389780044555664 6
9.558337688446045 6
9.803730964660645 6
9.883469820022583 6
10.26829195022583 6
10.453351974487305 6
10.472022771835327 6
10.473063945770264 6
10.93661379814148 6
10.967110872268677 6
10.979603052139282 6
11.17708969116211 6
11.258283853530884 6
11.470703840255737 6
11.470799922943115 6
11.47110891342163 6
11.471190690994263 6
11.471234798431396 6
11.471425771713257 6
11.473654747009277 6
11.47367787361145 6
11.473703861236572 6
11.473737955093384 6
11.473747968673706 6
11.473755836486816 6
11.475539922714233 6
11.476497888565063 6
11.479215860366821 6
11.480792760848999 6
11.481424808502197 6
11.482053995132446 6
11.482349872589111 6
11.482929944992065 6
11.483221054077148 6
11.483402013778687 6
11.484792947769165 6
11.485460996627808 6
11.485503911972046 6
11.486758947372437 6
11.490038871765137 6
11.49005913734436 6
11.49007797241211 6
11.490113019943237 6
11.491369009017944 6
11.49203109741211 6
11.49222207069397 6
11.492223978042603 6
11.493196725845337 6
11.493228912353516 6
11.801625967025757 6
14.307914972305298 6
14.322030782699585 6
14.324920892715454 6
14.324964761734009 6
14.325060844421387 6
14.335092067718506 6
14.407527923583984 6
14.412607908248901 6
14.420732975006104 6
14.43464183807373 6
14.455013990402222 6
14.45665168762207 6
14.483014822006226 6
14.483106851577759 6
14.486317873001099 6
14.488411903381348 6
14.49043583869934 6
14.500321865081787 6
14.522403955459595 6
14.522495985031128 6
14.573641061782837 6
14.576485872268677 6
14.581603765487671 6
14.586619853973389 6
14.591230869293213 6
14.594093799591064 6
14.594818830490112 6
14.608537912368774 6
14.610166072845459 6
14.628283977508545 6
14.628727912902832 6
14.63036298751831 6
14.655221939086914 6
14.663744926452637 6
14.667179822921753 6
14.669314861297607 6
14.672171831130981 6
14.672209024429321 6
14.672302961349487 6
14.672619104385376 6
14.682219743728638 6
14.684087753295898 6
14.691653966903687 6
14.693980932235718 6
14.720126867294312 6
14.739295959472656 6
14.747742891311646 6
14.747748851776123 6
14.747874736785889 6
14.748317003250122 6
14.754163026809692 6
14.7570059299469 6
14.757069826126099 6
14.75708293914795 6
14.757118940353394 6
14.757250785827637 6
14.757309913635254 6
14.779062032699585 6
14.77908205986023 6
14.779130935668945 6
14.779159784317017 6
14.787675857543945 6
14.802379846572876 6
14.833257913589478 6
14.837183952331543 6
14.842199802398682 6
14.86412501335144 6
14.864139080047607 6
14.864197969436646 6
14.908291816711426 6
14.908298015594482 6
14.908336877822876 6
14.908358812332153 6
14.908446073532104 6
14.90979790687561 6
14.909956932067871 6
14.910468816757202 6
14.915339708328247 6
14.916035890579224 6
14.917444944381714 6
14.91746997833252 6
14.91774582862854 6
14.91817593574524 6
14.918229103088379 6
14.918290853500366 6
14.919440984725952 6
14.919639825820923 6
14.921087980270386 6
14.921462774276733 6
14.921617984771729 6
14.921712875366211 6
14.921746015548706 6
14.921783924102783 6
14.921796798706055 6
14.921804904937744 6
14.921807765960693 6
14.921879768371582 6
14.92367696762085 6
14.923686981201172 6
14.923702001571655 6
14.923743963241577 6
14.925305843353271 6
14.925343990325928 6
14.9253568649292 6
14.925365924835205 6
14.925367832183838 6
14.92543888092041 6
14.926613092422485 6
14.926634073257446 6
14.926978826522827 6
14.927030801773071 6
14.927093029022217 6
14.928764820098877 6
14.928802728652954 6
14.928818941116333 6
14.928826808929443 6
14.928829908370972 6
14.928900957107544 6
14.929429054260254 6
14.929450035095215 6
14.930005073547363 6
14.934514999389648 6
14.934529066085815 6
14.934552907943726 6
14.934554815292358 6
14.934566974639893 6
14.934574842453003 6
14.934577941894531 6
14.934603691101074 6
14.934610843658447 6
14.934633016586304 6
14.934643030166626 6
14.934657096862793 6
14.934710025787354 6
14.934737920761108 6
14.936598062515259 6
14.936600923538208 6
14.936609745025635 6
14.936611890792847 6
14.936618089675903 6
14.936639070510864 6
14.936653852462769 6
14.936668872833252 6
14.936712980270386 6
14.936737775802612 6
14.936743021011353 6
14.936764001846313 6
14.93677806854248 6
14.936802864074707 6
14.938395977020264 6
14.938447952270508 6
14.93851089477539 6
14.942276954650879 6
14.94229793548584 6
14.942353963851929 6
14.948355913162231 6
14.948362112045288 6
14.948376893997192 6
14.949617862701416 6
14.949631929397583 6
14.949640035629272 6
14.9496431350708 6
14.949712991714478 6
14.949925899505615 6
14.949940919876099 6
14.949946880340576 6
14.94999098777771 6
14.950019836425781 6
14.950020790100098 6
14.950034856796265 6
14.950085878372192 6
14.950196027755737 6
14.950289011001587 6
14.956372022628784 6
14.956385850906372 6
14.956393003463745 6
14.956435918807983 6
14.956462860107422 6
14.956465005874634 6
14.956482887268066 6
14.956533908843994 6
14.964854717254639 6
14.965492010116577 6
14.971404790878296 6
14.971417903900146 6
14.97685694694519 6
14.986495018005371 6
14.99212384223938 6
14.992528915405273 6
14.992566108703613 6
14.99531888961792 6
14.995362758636475 6
14.995470762252808 6
14.996417760848999 6
15.000298976898193 6
15.001204013824463 6
15.001248836517334 6
15.001296997070312 6
15.001308917999268 6
15.001356840133667 6
15.003607749938965 6
15.004992008209229 6
15.006956815719604 6
15.007206916809082 6
15.007255792617798 6
15.007282972335815 6
15.007415771484375 6
15.010177850723267 6
15.014360904693604 6
15.017725944519043 6
15.017772912979126 6
15.017832040786743 6
15.017884969711304 6
15.01795482635498 6
15.023916721343994 6
15.024165868759155 6
15.02527379989624 6
15.026664018630981 6
15.029071807861328 6
15.029887914657593 6
15.03063678741455 6
15.032726764678955 6
15.033789873123169 6
15.033805847167969 6
15.033875942230225 6
15.033883810043335 6
15.033888816833496 6
15.03524899482727 6
15.035714864730835 6
15.036261796951294 6
15.038201808929443 6
15.04358983039856 6
15.043597936630249 6
15.043605089187622 6
15.043622970581055 6
15.043640851974487 6
15.043648958206177 6
15.043676853179932 6
15.043686866760254 6
15.043689012527466 6
15.050462007522583 6
15.055361032485962 6
15.055377006530762 6
15.07623291015625 6
15.076374053955078 6
15.07659387588501 6
15.07692289352417 6
15.077008962631226 6
15.08098578453064 6
15.084673881530762 6
15.08472204208374 6
15.088427066802979 6
15.08912992477417 6
15.092669010162354 6
15.092712879180908 6
15.093989849090576 6
15.094250917434692 6
15.096214056015015 6
15.096226930618286 6
15.09625768661499 6
15.096388816833496 6
15.096449136734009 6
15.096844911575317 6
15.097425937652588 6
15.101709842681885 6
15.101750135421753 6
15.101826906204224 6
15.102015972137451 6
15.102053880691528 6
15.10224175453186 6
15.10411810874939 6
15.110086917877197 6
15.116715669631958 6
15.11677074432373 6
15.116783857345581 6
15.116838932037354 6
15.118144989013672 6
15.118477821350098 6
15.118494033813477 6
15.11850094795227 6
15.118549108505249 6
15.118578910827637 6
15.118579864501953 6
15.118594884872437 6
15.118650913238525 6
15.137783765792847 6
15.163909912109375 6
15.164038896560669 6
15.164321899414062 6
15.16433596611023 6
15.164395809173584 6
15.16466474533081 6
15.164772987365723 6
15.16500210762024 6
15.165040969848633 6
15.165437936782837 6
15.165473699569702 6
15.166183948516846 6
15.166420936584473 6
15.166566848754883 6
15.167572021484375 6
15.167624950408936 6
15.167686939239502 6
15.16823410987854 6
15.168246746063232 6
15.168303966522217 6
15.169262886047363 6
15.169283866882324 6
15.16934084892273 6
15.169981002807617 6
15.170256853103638 6
15.170294761657715 6
15.171682834625244 6
15.171717882156372 6
15.172329902648926 6
15.172518968582153 6
15.17252492904663 6
15.172533988952637 6
15.172543048858643 6
15.172557830810547 6
15.172562837600708 6
15.172569751739502 6
15.17260193824768 6
15.172634840011597 6
15.172653913497925 6
15.172696828842163 6
15.172704696655273 6
15.172706842422485 6
15.172721862792969 6
15.172729969024658 6
15.172772884368896 6
15.172791719436646 6
15.17281174659729 6
15.17284893989563 6
15.17370080947876 6
15.17422080039978 6
15.174365997314453 6
15.176248788833618 6
15.176261901855469 6
15.176269769668579 6
15.176276922225952 6
15.176280736923218 6
15.17629075050354 6
15.176292896270752 6
15.176322937011719 6
15.176349878311157 6
15.176362991333008 6
15.176385879516602 6
15.176445960998535 6
15.176449060440063 6
15.176451921463013 6
15.176507949829102 6
15.176525831222534 6
15.176547765731812 6
15.176692962646484 6
15.17759394645691 6
15.17760682106018 6
15.177664041519165 6
15.178483963012695 6
15.178493022918701 6
15.178508758544922 6
15.178512811660767 6
15.17851972579956 6
15.17855191230774 6
15.178583860397339 6
15.178603887557983 6
15.178646802902222 6
15.178654909133911 6
15.178656816482544 6
15.178669929504395 6
15.178678035736084 6
15.178720712661743 6
15.178736925125122 6
15.178755760192871 6
15.178793907165527 6
15.178956747055054 6
15.179588794708252 6
15.180225133895874 6
15.180819988250732 6
15.180854797363281 6
15.181404829025269 6
15.181426048278809 6
15.181480884552002 6
15.18210482597351 6
15.182624816894531 6
15.182662963867188 6
15.183659791946411 6
15.18387484550476 6
15.183981895446777 6
15.184277057647705 6
15.18484091758728 6
15.185680866241455 6
15.185719728469849 6
15.186596870422363 6
15.186701774597168 6
15.187168836593628 6
15.187304973602295 6
15.188634872436523 6
15.188673734664917 6
15.188950061798096 6
15.189055919647217 6
15.189334869384766 6
15.190680742263794 6
15.190685033798218 6
15.190687894821167 6
15.190691947937012 6
15.190693855285645 6
15.190710067749023 6
15.190722942352295 6
15.190727949142456 6
15.190780878067017 6
15.190794944763184 6
15.190799951553345 6
15.190850734710693 6
15.190882921218872 6
15.19088888168335 6
15.190980911254883 6
15.191085815429688 6
15.191280841827393 6
15.191290855407715 6
15.191293001174927 6
15.191304922103882 6
15.191318035125732 6
15.191328048706055 6
15.19136381149292 6
15.191374778747559 6
15.19138479232788 6
15.191402912139893 6
15.191438913345337 6
15.19144082069397 6
15.191447734832764 6
15.19145393371582 6
15.191487073898315 6
15.19193983078003 6
15.193351984024048 6
15.193609952926636 6
15.193662881851196 6
15.193723917007446 6
15.19499397277832 6
15.195045948028564 6
15.195106744766235 6
15.195297718048096 6
15.1960928440094 6
15.196144819259644 6
15.19620680809021 6
15.1963529586792 6
15.196635007858276 6
15.196670055389404 6
15.196940898895264 6
15.197504043579102 6
15.198484897613525 6
15.198498725891113 6
15.198505878448486 6
15.198511838912964 6
15.19851803779602 6
15.198527097702026 6
15.198561906814575 6
15.19860291481018 6
15.198609828948975 6
15.198628902435303 6
15.198642015457153 6
15.198673009872437 6
15.198722839355469 6
15.19965386390686 6
15.200684785842896 6
15.201451063156128 6
15.202191829681396 6
15.20237398147583 6
15.202393770217896 6
15.202447891235352 6
15.202884912490845 6
15.202898025512695 6
15.202954053878784 6
15.20313286781311 6
15.203917741775513 6
15.203951835632324 6
15.204200983047485 6
15.20440673828125 6
15.20443868637085 6
15.204446077346802 6
15.204465866088867 6
15.204534769058228 6
15.204632759094238 6
15.20463490486145 6
15.204646825790405 6
15.20465898513794 6
15.204668998718262 6
15.20470404624939 6
15.204715013504028 6
15.20472502708435 6
15.204741954803467 6
15.204777956008911 6
15.204779863357544 6
15.204787015914917 6
15.204792737960815 6
15.20482587814331 6
15.206403732299805 6
15.206408023834229 6
15.206434726715088 6
15.206540822982788 6
15.20656681060791 6
15.207371711730957 6
15.208503723144531 6
15.208796977996826 6
15.20901894569397 6
15.20948576927185 6
15.209716081619263 6
15.209944725036621 6
15.210397005081177 6
15.210400819778442 6
15.210433006286621 6
15.210539102554321 6
15.210564851760864 6
15.210821866989136 6
15.210853815078735 6
15.21086072921753 6
15.210880994796753 6
15.210948944091797 6
15.211293935775757 6
15.211344957351685 6
15.211404800415039 6
15.211503982543945 6
15.211796045303345 6
15.212456941604614 6
15.212883949279785 6
15.213101863861084 6
15.21393895149231 6
15.213945865631104 6
15.213966846466064 6
15.213972091674805 6
15.213984727859497 6
15.21403694152832 6
15.214063882827759 6
15.214199781417847 6
15.21608304977417 6
15.216672897338867 6
15.216675758361816 6
15.216715097427368 6
15.216720819473267 6
15.21672773361206 6
15.216734886169434 6
15.216773986816406 6
15.216790676116943 6
15.216826915740967 6
15.216840982437134 6
15.218520879745483 6
15.21909785270691 6
15.219116926193237 6
15.219145059585571 6
15.21915888786316 6
15.21917986869812 6
15.219902038574219 6
15.220897912979126 6
15.220958948135376 6
15.222729921340942 6
15.223453044891357 6
15.224179029464722 6
15.224356889724731 6
15.224880933761597 6
15.225052833557129 6
15.225568056106567 6
15.22574496269226 6
15.225745916366577 6
15.22575068473816 6
15.225754976272583 6
15.225756883621216 6
15.225759029388428 6
15.225761890411377 6
15.22576379776001 6
15.225765943527222 6
15.225770950317383 6
15.225772857666016 6
15.225775957107544 6
15.225780010223389 6
15.225782871246338 6
15.225783824920654 6
15.225788831710815 6
15.225794792175293 6
15.225798845291138 6
15.225803852081299 6
15.225812911987305 6
15.225814819335938 6
15.225817918777466 6
15.225818872451782 6
15.225828886032104 6
15.225831031799316 6
15.22583293914795 6
15.225835800170898 6
15.225836753845215 6
15.225838899612427 6
15.225846767425537 6
15.22585391998291 6
15.225868701934814 6
15.225872993469238 6
15.225877046585083 6
15.2258780002594 6
15.22588300704956 6
15.225887060165405 6
15.225888013839722 6
15.225891828536987 6
15.225905895233154 6
15.225911855697632 6
15.225913763046265 6
15.225915908813477 6
15.225919961929321 6
15.228731870651245 6
15.228738784790039 6
15.228758096694946 6
15.228769779205322 6
15.228799104690552 6
15.228848934173584 6
15.229665756225586 6
15.2308988571167 6
15.230929851531982 6
15.23093581199646 6
15.231153011322021 6
15.231168031692505 6
15.231189012527466 6
15.231642961502075 6
15.234215021133423 6
15.237733840942383 6
15.248599767684937 6
15.248620748519897 6
15.248695850372314 6
15.248789072036743 6
15.248802900314331 6
15.254127979278564 6
15.254187107086182 6
15.254204988479614 6
15.254498720169067 6
15.254519701004028 6
15.254594802856445 6
15.254687070846558 6
15.254700899124146 6
15.258394956588745 6
15.260517835617065 6
15.260798931121826 6
15.26083779335022 6
15.260993719100952 6
15.261486768722534 6
15.263362884521484 6
15.26342511177063 6
15.263437747955322 6
15.263467788696289 6
15.26384687423706 6
15.27139687538147 6
15.271408796310425 6
15.271507978439331 6
15.271601915359497 6
15.27920389175415 6
15.279262065887451 6
15.281816959381104 6
15.283016920089722 6
15.283929824829102 6
15.28537893295288 6
15.28955078125 6
15.293140888214111 6
15.305771112442017 6
15.307422876358032 6
15.30882477760315 6
15.311877965927124 6
15.321915864944458 6
15.329941034317017 6
15.329954862594604 6
15.33007287979126 6
15.330206871032715 6
15.330407857894897 6
15.331392049789429 6
15.331410884857178 6
15.331476926803589 6
15.331528902053833 6
15.33159875869751 6
15.335474014282227 6
15.335989952087402 6
15.337029933929443 6
15.337043046951294 6
15.337100744247437 6
15.337287902832031 6
15.33730697631836 6
15.33737301826477 6
15.337424993515015 6
15.337494134902954 6
15.340694904327393 6
15.340706825256348 6
15.34080696105957 6
15.340901851654053 6
15.343549013137817 6
15.344197988510132 6
15.344987869262695 6
15.34627103805542 6
15.346295833587646 6
15.346352815628052 6
15.346441984176636 6
15.349118947982788 6
15.34917688369751 6
15.35063886642456 6
15.352120876312256 6
15.35216999053955 6
15.352197885513306 6
15.352337837219238 6
15.353083848953247 6
15.35365104675293 6
15.35366678237915 6
15.353739023208618 6
15.354269981384277 6
15.357908010482788 6
15.36135983467102 6
15.36302399635315 6
15.36384892463684 6
15.367225885391235 6
15.36722993850708 6
15.367233037948608 6
15.367235898971558 6
15.36724305152893 6
15.367249011993408 6
15.36726188659668 6
15.36726689338684 6
15.367294073104858 6
15.367307901382446 6
15.367363929748535 6
15.36739206314087 6
15.367398977279663 6
15.36845088005066 6
15.372556924819946 6
15.37282681465149 6
15.372843742370605 6
15.37288498878479 6
15.372910976409912 6
15.372929096221924 6
15.372942924499512 6
15.372943878173828 6
15.372962713241577 6
15.372981071472168 6
15.373029947280884 6
15.373036861419678 6
15.37655782699585 6
15.376574039459229 6
15.380363702774048 6
15.387115716934204 6
15.390623092651367 6
15.391984939575195 6
15.392001152038574 6
15.396488904953003 6
15.399470806121826 6
15.400400876998901 6
15.404048919677734 6
15.426182985305786 6
15.429093837738037 6
15.439232110977173 6
15.473668813705444 6
15.496007919311523 6
15.497045993804932 6
15.498774766921997 6
15.49878478050232 6
15.498798847198486 6
15.498808860778809 6
15.498836040496826 6
15.498847961425781 6
15.498853921890259 6
15.49886178970337 6
15.498870134353638 6
15.498871803283691 6
15.498885869979858 6
15.498893737792969 6
15.498948812484741 6
15.49895691871643 6
15.498989820480347 6
15.499006032943726 6
15.499059915542603 6
15.499091863632202 6
15.499903917312622 6
15.500525951385498 6
15.502614736557007 6
15.502651929855347 6
15.502745866775513 6
15.502954959869385 6
15.503077983856201 6
15.505353927612305 6
15.50546383857727 6
15.505571842193604 6
15.506855010986328 6
15.508006811141968 6
15.50898289680481 6
15.509260892868042 6
15.509278059005737 6
15.509315967559814 6
15.50940990447998 6
15.511868953704834 6
15.512274980545044 6
15.512502908706665 6
15.512813806533813 6
15.514689683914185 6
15.515288829803467 6
15.51545786857605 6
15.515468835830688 6
15.51592493057251 6
15.518042802810669 6
15.519211769104004 6
15.521346807479858 6
15.521860837936401 6
15.521892786026001 6
15.521901845932007 6
15.521925926208496 6
15.52192997932434 6
15.521931886672974 6
15.521998882293701 6
15.522065877914429 6
15.522095918655396 6
15.522125720977783 6
15.522357940673828 6
15.522501945495605 6
15.522595882415771 6
15.523939847946167 6
15.527587890625 6
15.531357049942017 6
15.533700942993164 6
15.533706903457642 6
15.533715009689331 6
15.533735990524292 6
15.53373908996582 6
15.533750057220459 6
15.533756971359253 6
15.533812046051025 6
15.533820867538452 6
15.533854007720947 6
15.533868789672852 6
15.533974885940552 6
15.534006834030151 6
15.534898042678833 6
15.535325050354004 6
15.535336017608643 6
15.53535795211792 6
15.535368919372559 6
15.535386800765991 6
15.53541088104248 6
15.535435676574707 6
15.535469770431519 6
15.535480737686157 6
15.535489082336426 6
15.539575815200806 6
15.54244589805603 6
15.548705816268921 6
15.55099081993103 6
15.560133934020996 6
15.560190916061401 6
15.566373825073242 6
15.570268869400024 6
15.582551717758179 6
15.582849025726318 6
15.584736108779907 6
15.587053775787354 6
15.590898036956787 6
15.591379880905151 6
15.593621015548706 6
15.594037055969238 6
15.597229719161987 6
15.599527835845947 6
15.601316928863525 6
15.60133981704712 6
15.601512908935547 6
15.603692770004272 6
15.604128122329712 6
15.605990886688232 6
15.609702825546265 6
15.611523866653442 6
15.611790895462036 6
15.613892793655396 6
15.615704774856567 6
15.615880012512207 6
15.616978883743286 6
15.61698579788208 6
15.61702585220337 6
15.617084980010986 6
15.617126941680908 6
15.617133855819702 6
15.61716103553772 6
15.619563102722168 6
15.619564771652222 6
15.624022006988525 6
15.633940935134888 6
15.634644031524658 6
15.63892674446106 6
15.643556833267212 6
15.66219186782837 6
15.670032978057861 6
15.675002813339233 6
15.675046920776367 6
15.696868896484375 6
15.696950912475586 6
15.697014808654785 6
15.697017908096313 6
15.747117757797241 6
15.750945806503296 6
15.753249883651733 6
15.756000757217407 6
15.776387929916382 6
15.777943849563599 6
15.796343803405762 6
15.801296949386597 6
15.82378602027893 6
15.82483983039856 6
15.827510833740234 6
15.827554941177368 6
15.828180074691772 6
15.829768896102905 6
15.83019495010376 6
15.831218957901001 6
15.831533908843994 6
15.831652879714966 6
15.831883668899536 6
15.831928730010986 6
15.83298110961914 6
15.833865880966187 6
15.835494995117188 6
15.835540056228638 6
15.836774826049805 6
15.836819887161255 6
15.837080955505371 6
15.838992834091187 6
15.839002847671509 6
15.839008808135986 6
15.839009761810303 6
15.839015007019043 6
15.839048862457275 6
15.839061975479126 6
15.83906888961792 6
15.839071035385132 6
15.839073896408081 6
15.839094877243042 6
15.839108943939209 6
15.839130878448486 6
15.839144945144653 6
15.839147090911865 6
15.839148759841919 6
15.839162826538086 6
15.83919906616211 6
15.839231014251709 6
15.83925986289978 6
15.83927583694458 6
15.839290857315063 6
15.839307069778442 6
15.839645862579346 6
15.839689016342163 6
15.840263843536377 6
15.84450101852417 6
15.844522953033447 6
15.84454083442688 6
15.844545841217041 6
15.844598770141602 6
15.844613790512085 6
15.844619750976562 6
15.844663858413696 6
15.84469199180603 6
15.844692945480347 6
15.844706773757935 6
15.844758749008179 6
15.84481167793274 6
15.844848871231079 6
15.845033884048462 6
15.846295833587646 6
15.846378087997437 6
15.846459865570068 6
15.846476793289185 6
15.846913814544678 6
15.846967935562134 6
15.847034931182861 6
15.852596998214722 6
15.852972745895386 6
15.858654022216797 6
15.858703851699829 6
15.858716011047363 6
15.858763694763184 6
15.859925031661987 6
15.860230922698975 6
15.860244989395142 6
15.860251903533936 6
15.86029601097107 6
15.860322713851929 6
15.86032485961914 6
15.860337972640991 6
15.860389947891235 6
15.86049485206604 6
15.87762999534607 6
15.877634763717651 6
15.877661943435669 6
15.877768993377686 6
15.877794742584229 6
15.886972904205322 6
15.917038917541504 6
15.992535829544067 6
15.997555017471313 6
16.0056369304657 6
16.019339084625244 6
16.03963279724121 6
16.04127287864685 6
16.067810773849487 6
16.071472883224487 6
16.07217288017273 6
16.07526993751526 6
16.07574987411499 6
16.077023029327393 6
16.07791495323181 6
16.079227924346924 6
16.07924199104309 6
16.079262018203735 6
16.07985496520996 6
16.08043074607849 6
16.085007905960083 6
16.08707284927368 6
16.09270477294922 6
16.098784685134888 6
16.099862098693848 6
16.100055932998657 6
16.100360870361328 6
16.10037589073181 6
16.10038185119629 6
16.10042691230774 6
16.100454807281494 6
16.10045599937439 6
16.100470066070557 6
16.100521087646484 6
16.11783194541931 6
16.11794090270996 6
16.120665788650513 6
16.12630581855774 6
16.136526823043823 6
16.156018018722534 6
16.179481983184814 6
16.199740886688232 6
16.22411298751831 6
16.224478006362915 6
16.22451686859131 6
16.22555708885193 6
16.225950002670288 6
16.227529048919678 6
16.22756791114807 6
16.22886300086975 6
16.228901863098145 6
16.22917103767395 6
16.22922992706299 6
16.229249000549316 6
16.229835748672485 6
16.231793880462646 6
16.231802940368652 6
16.231817960739136 6
16.231858015060425 6
16.231861114501953 6
16.23186993598938 6
16.231873035430908 6
16.231878995895386 6
16.231899976730347 6
16.23191499710083 6
16.231924057006836 6
16.23196792602539 6
16.231993913650513 6
16.231998920440674 6
16.232019901275635 6
16.232033729553223 6
16.232059955596924 6
16.23251485824585 6
16.232522010803223 6
16.232536792755127 6
16.234750986099243 6
16.23475694656372 6
16.234771966934204 6
16.23569893836975 6
16.236926078796387 6
16.23694396018982 6
16.23756504058838 6
16.238347053527832 6
16.24058699607849 6
16.24058771133423 6
16.240593910217285 6
16.240623950958252 6
16.24063277244568 6
16.240638971328735 6
16.24065375328064 6
16.240679025650024 6
16.24068307876587 6
16.240694761276245 6
16.240697860717773 6
16.240724086761475 6
16.24074387550354 6
16.240787982940674 6
16.240790128707886 6
16.240830898284912 6
16.24093794822693 6
16.240950107574463 6
16.24109196662903 6
16.24168872833252 6
16.242419004440308 6
16.24257183074951 6
16.242714881896973 6
16.244471788406372 6
16.244784832000732 6
16.247061014175415 6
16.247628927230835 6
16.249862909317017 6
16.249944925308228 6
16.25000786781311 6
16.25001096725464 6
16.25068974494934 6
16.250710010528564 6
16.250767946243286 6
16.251025915145874 6
16.252104997634888 6
16.252578735351562 6
16.252842903137207 6
16.25316572189331 6
16.254045009613037 6
16.25416612625122 6
16.25421690940857 6
16.254284858703613 6
16.25493097305298 6
16.254940032958984 6
16.2549467086792 6
16.25496196746826 6
16.25498604774475 6
16.254990816116333 6
16.25500178337097 6
16.255006074905396 6
16.255030870437622 6
16.255051136016846 6
16.255094051361084 6
16.255095720291138 6
16.255136013031006 6
16.255615949630737 6
16.256739854812622 6
16.25800395011902 6
16.258009910583496 6
16.258048057556152 6
16.25810694694519 6
16.258147954940796 6
16.25815510749817 6
16.258183002471924 6
16.259968996047974 6
16.259994983673096 6
16.25999689102173 6
16.260002851486206 6
16.26002287864685 6
16.260024785995483 6
16.260087728500366 6
16.260090827941895 6
16.26010489463806 6
16.26012086868286 6
16.260132789611816 6
16.260135889053345 6
16.26014995574951 6
16.26046586036682 6
16.26047396659851 6
16.260475873947144 6
16.260486841201782 6
16.260493755340576 6
16.260547876358032 6
16.260555744171143 6
16.260586977005005 6
16.26060175895691 6
16.26065492630005 6
16.260684728622437 6
16.261241912841797 6
16.261255979537964 6
16.261298894882202 6
16.261326789855957 6
16.264065742492676 6
16.264147996902466 6
16.264164924621582 6
16.265435934066772 6
16.272528886795044 6
16.274704933166504 6
16.275378942489624 6
16.27539300918579 6
16.275398015975952 6
16.2754487991333 6
16.2754807472229 6
16.275486946105957 6
16.27564811706543 6
16.275958776474 6
16.276020050048828 6
16.276022911071777 6
16.2782039642334 6
16.27955985069275 6
16.27957582473755 6
16.280416011810303 6
16.285910844802856 6
16.287019729614258 6
16.287410974502563 6
16.29160189628601 6
16.293229818344116 6
16.29324197769165 6
16.293267011642456 6
16.308923959732056 6
16.30986499786377 6
16.3099467754364 6
16.310011863708496 6
16.31277894973755 6
16.31279993057251 6
16.320559978485107 6
16.336262941360474 6
16.351158142089844 6
16.35819387435913 6
16.361130952835083 6
16.391478776931763 6
16.436868906021118 6
16.460767030715942 6
16.466870069503784 6
16.467354774475098 6
16.469598054885864 6
16.47318196296692 6
16.47546696662903 6
16.479607820510864 6
16.48188805580139 6
16.485517740249634 6
16.485574960708618 6
16.487395763397217 6
16.487661838531494 6
16.489759922027588 6
16.491564750671387 6
16.49282693862915 6
16.492833852767944 6
16.492872953414917 6
16.49293088912964 6
16.49297285079956 6
16.492980003356934 6
16.493008852005005 6
16.495341777801514 6
16.495396852493286 6
16.495404720306396 6
16.498917818069458 6
16.49899983406067 6
16.50961685180664 6
16.51029086112976 6
16.513128995895386 6
16.514506101608276 6
16.52204990386963 6
16.526662826538086 6
16.541494131088257 6
16.54669189453125 6
16.556756019592285 6
16.56411600112915 6
16.56808090209961 6
16.570157766342163 6
16.570190906524658 6
16.57019877433777 6
16.570218086242676 6
16.57028889656067 6
16.590566873550415 6
16.613518953323364 6
16.614624738693237 6
16.614707946777344 6
16.614772081375122 6
16.614799976348877 6
16.62131381034851 6
16.623828887939453 6
16.623872995376587 6
16.62393593788147 6
16.628427028656006 6
16.63142204284668 6
16.63185167312622 6
16.639537811279297 6
16.649746894836426 6
16.649757862091064 6
16.653308868408203 6
16.66739583015442 6
16.668784856796265 6
16.683207988739014 6
16.6909499168396 6
16.690982818603516 6
16.691020727157593 6
16.69103479385376 6
16.69104290008545 6
16.691045999526978 6
16.691117763519287 6
16.691322803497314 6
16.69134497642517 6
16.691421031951904 6
16.691513776779175 6
16.691526889801025 6
16.69524383544922 6
16.697355031967163 6
16.697659969329834 6
16.69785714149475 6
16.70023512840271 6
16.700257778167725 6
16.70060968399048 6
16.700650930404663 6
16.700708866119385 6
16.701186895370483 6
16.703049898147583 6
16.703062772750854 6
16.703643798828125 6
16.703823804855347 6
16.706390142440796 6
16.708311796188354 6
16.710198879241943 6
16.710368871688843 6
16.71579885482788 6
16.71581196784973 6
16.715874910354614 6
16.719522714614868 6
16.721888065338135 6
16.72189497947693 6
16.721901893615723 6
16.72191071510315 6
16.721913814544678 6
16.721924781799316 6
16.72193169593811 6
16.721988916397095 6
16.721996784210205 6
16.722028732299805 6
16.722043991088867 6
16.72209906578064 6
16.72213101387024 6
16.723500728607178 6
16.72359299659729 6
16.727638006210327 6
16.72772789001465 6
16.738548040390015 6
16.74514389038086 6
16.748188018798828 6
16.754337787628174 6
16.75823187828064 6
16.758264780044556 6
16.758273124694824 6
16.773456811904907 6
16.77637004852295 6
16.799922943115234 6
16.82473087310791 6
16.843688011169434 6
16.84977388381958 6
16.852608919143677 6
16.85262703895569 6
16.852665901184082 6
16.852760791778564 6
16.858551740646362 6
16.862120866775513 6
16.862705945968628 6
16.86570692062378 6
16.867936849594116 6
16.872992038726807 6
16.901005744934082 6
16.901024103164673 6
16.919564723968506 6
16.923524856567383 6
16.92855978012085 6
16.930840730667114 6
16.938618898391724 6
16.95038390159607 6
16.950397968292236 6
16.950456857681274 6
16.99509882926941 6
16.997447967529297 6
17.001270055770874 6
17.004023790359497 6
17.024449110031128 6
17.044487953186035 6
17.04944682121277 6
17.070390701293945 6
17.070425748825073 6
17.07047200202942 6
17.07052183151245 6
17.070533990859985 6
17.071842908859253 6
17.072861909866333 6
17.072875022888184 6
17.072934865951538 6
17.073457956314087 6
17.073614835739136 6
17.074204921722412 6
17.074370861053467 6
17.074373960494995 6
17.076180934906006 6
17.076447010040283 6
17.076449871063232 6
17.076457023620605 6
17.076465845108032 6
17.076470851898193 6
17.076506853103638 6
17.076512098312378 6
17.076514720916748 6
17.076560974121094 6
17.07657289505005 6
17.076596975326538 6
17.076612949371338 6
17.07662582397461 6
17.07666802406311 6
17.07667374610901 6
17.076682090759277 6
17.076684713363647 6
17.077167987823486 6
17.077188968658447 6
17.07845187187195 6
17.079401969909668 6
17.080626964569092 6
17.08066487312317 6
17.080678939819336 6
17.080686807632446 6
17.080689907073975 6
17.080761909484863 6
17.082844018936157 6
17.082945108413696 6
17.08300805091858 6
17.08301091194153 6
17.083746910095215 6
17.08378505706787 6
17.08379888534546 6
17.08380699157715 6
17.083809852600098 6
17.08388090133667 6
17.085258960723877 6
17.08530282974243 6
17.086572885513306 6
17.0867600440979 6
17.086797952651978 6
17.086891889572144 6
17.087076902389526 6
17.08708095550537 6
17.08708381652832 6
17.087087869644165 6
17.087090969085693 6
17.087105751037598 6
17.087119817733765 6
17.087125062942505 6
17.087178945541382 6
17.08719277381897 6
17.08719801902771 6
17.087249994277954 6
17.087281942367554 6
17.087288856506348 6
17.088853120803833 6
17.088871002197266 6
17.089247941970825 6
17.08933687210083 6
17.08944797515869 6
17.089457988739014 6
17.089459896087646 6
17.08947205543518 6
17.089484691619873 6
17.089494705200195 6
17.08953094482422 6
17.089542865753174 6
17.089552879333496 6
17.089569807052612 6
17.089605808258057 6
17.089608907699585 6
17.08961582183838 6
17.089622020721436 6
17.089654684066772 6
17.089754819869995 6
17.0917489528656 6
17.092872858047485 6
17.09289288520813 6
17.092947959899902 6
17.09315276145935 6
17.093713998794556 6
17.09373378753662 6
17.094270944595337 6
17.095443964004517 6
17.09564185142517 6
17.09672784805298 6
17.097261905670166 6
17.097529888153076 6
17.09779381752014 6
17.098055839538574 6
17.098841905593872 6
17.099618911743164 6
17.10065007209778 6
17.100669860839844 6
17.101167917251587 6
17.101417064666748 6
17.101430892944336 6
17.101438999176025 6
17.101441144943237 6
17.10151195526123 6
17.101675748825073 6
17.102685928344727 6
17.102690935134888 6
17.10269284248352 6
17.10270380973816 6
17.102707862854004 6
17.102710008621216 6
17.102717876434326 6
17.102721691131592 6
17.102729082107544 6
17.102733850479126 6
17.10274577140808 6
17.10275387763977 6
17.102755784988403 6
17.10275888442993 6
17.10276198387146 6
17.102767944335938 6
17.10276985168457 6
17.102781057357788 6
17.10278296470642 6
17.102787733078003 6
17.102792024612427 6
17.10279893875122 6
17.102800846099854 6
17.102808952331543 6
17.102810859680176 6
17.102813959121704 6
17.102816104888916 6
17.10283589363098 6
17.102838039398193 6
17.102839708328247 6
17.102844953536987 6
17.10284972190857 6
17.102852821350098 6
17.102854013442993 6
17.102860927581787 6
17.10286283493042 6
17.102866888046265 6
17.1028790473938 6
17.102880716323853 6
17.10288381576538 6
17.102887868881226 6
17.10289168357849 6
17.102901935577393 6
17.10291314125061 6
17.102924823760986 6
17.10293984413147 6
17.10295295715332 6
17.10295581817627 6
17.10296392440796 6
17.10324478149414 6
17.104729890823364 6
17.10475993156433 6
17.104779720306396 6
17.104796886444092 6
17.104800701141357 6
17.104803800582886 6
17.104833126068115 6
17.104865789413452 6
17.104893922805786 6
17.104898929595947 6
17.10491394996643 6
17.105296850204468 6
17.106973886489868 6
17.10883378982544 6
17.108836889266968 6
17.10922884941101 6
17.10929584503174 6
17.10930371284485 6
17.109319925308228 6
17.109346866607666 6
17.109384059906006 6
17.10999083518982 6
17.112428903579712 6
17.114728927612305 6
17.114763736724854 6
17.115197896957397 6
17.115206003189087 6
17.11682105064392 6
17.11722183227539 6
17.119466066360474 6
17.119468927383423 6
17.12014079093933 6
17.124279737472534 6
17.124284982681274 6
17.124286890029907 6
17.1242938041687 6
17.124295949935913 6
17.124300718307495 6
17.124303817749023 6
17.124316930770874 6
17.124340057373047 6
17.12434482574463 6
17.124345779418945 6
17.124359846115112 6
17.126795053482056 6
17.127285957336426 6
17.128057956695557 6
17.128075122833252 6
17.1281099319458 6
17.12811279296875 6
17.128119707107544 6
17.128124952316284 6
17.128156900405884 6
17.13080096244812 6
17.145142078399658 6
17.14594793319702 6
17.14649772644043 6
17.146509885787964 6
17.146546840667725 6
17.146629810333252 6
17.146713972091675 6
17.146759033203125 6
17.146853923797607 6
17.147188901901245 6
17.147847890853882 6
17.14785385131836 6
17.14785599708557 6
17.148069858551025 6
17.14820885658264 6
17.148334741592407 6
17.148525953292847 6
17.148642778396606 6
17.148868799209595 6
17.148870944976807 6
17.14889407157898 6
17.148916959762573 6
17.14896583557129 6
17.148977994918823 6
17.148998975753784 6
17.149034023284912 6
17.149062871932983 6
17.14906406402588 6
17.14997410774231 6
17.150508880615234 6
17.15083384513855 6
17.151158809661865 6
17.15129780769348 6
17.15154004096985 6
17.151915788650513 6
17.151981830596924 6
17.152057886123657 6
17.152175903320312 6
17.1526198387146 6
17.152621746063232 6
17.15264582633972 6
17.152667999267578 6
17.152716875076294 6
17.15272879600525 6
17.15274977684021 6
17.152784824371338 6
17.152814865112305 6
17.152817010879517 6
17.153421878814697 6
17.153968811035156 6
17.154016733169556 6
17.154067993164062 6
17.154079914093018 6
17.154287815093994 6
17.15475296974182 6
17.154966115951538 6
17.155526876449585 6
17.156299829483032 6
17.15630602836609 6
17.156310081481934 6
17.156311750411987 6
17.1563138961792 6
17.156320095062256 6
17.15632176399231 6
17.15632700920105 6
17.156333923339844 6
17.156335830688477 6
17.156341075897217 6
17.15634274482727 6
17.156359910964966 6
17.156363010406494 6
17.156364917755127 6
17.1563720703125 6
17.156375885009766 6
17.156381845474243 6
17.156388759613037 6
17.15639090538025 6
17.156394958496094 6
17.15639877319336 6
17.15640091896057 6
17.1564040184021 6
17.156410932540894 6
17.15641498565674 6
17.156420946121216 6
17.15642285346985 6
17.15642786026001 6
17.156428813934326 6
17.156429767608643 6
17.15643286705017 6
17.156435012817383 6
17.15644073486328 6
17.156442880630493 6
17.15644598007202 6
17.156448125839233 6
17.156459093093872 6
17.156462907791138 6
17.15646481513977 6
17.156470775604248 6
17.156473875045776 6
17.156481742858887 6
17.1564838886261 6
17.15648889541626 6
17.15649104118347 6
17.15649175643921 6
17.156494855880737 6
17.156495809555054 6
17.1564998626709 6
17.15650200843811 6
17.156503915786743 6
17.156506776809692 6
17.15650987625122 6
17.15651273727417 6
17.156518936157227 6
17.156519889831543 6
17.156522035598755 6
17.156527996063232 6
17.156532049179077 6
17.15653681755066 6
17.156537771224976 6
17.156547784805298 6
17.156551837921143 6
17.156556844711304 6
17.15656089782715 6
17.15656304359436 6
17.156564950942993 6
17.156566858291626 6
17.15657091140747 6
17.156574010849 6
17.15657687187195 6
17.156580924987793 6
17.15658402442932 6
17.156600952148438 6
17.156619787216187 6
17.156622886657715 6
17.15662908554077 6
17.156630039215088 6
17.156633853912354 6
17.15664005279541 6
17.156641721725464 6
17.156657934188843 6
17.156661987304688 6
17.156662702560425 6
17.156673908233643 6
17.156675815582275 6
17.156681060791016 6
17.156692028045654 6
17.156693935394287 6
17.15669584274292 6
17.157046794891357 6
17.15709400177002 6
17.15714383125305 6
17.157155752182007 6
17.15769600868225 6
17.15886688232422 6
17.161566019058228 6
17.161614894866943 6
17.162227869033813 6
17.162251710891724 6
17.162271976470947 6
17.162275791168213 6
17.162333965301514 6
17.162348747253418 6
17.16235589981079 6
17.16240382194519 6
17.162433862686157 6
17.162434816360474 6
17.162449836730957 6
17.16250491142273 6
17.162561893463135 6
17.16257905960083 6
17.162595748901367 6
17.16260290145874 6
17.162608861923218 6
17.162656784057617 6
17.162668704986572 6
17.16268277168274 6
17.162691831588745 6
17.16271185874939 6
17.162729024887085 6
17.162760019302368 6
17.162760972976685 6
17.162784099578857 6
17.16279411315918 6
17.162795782089233 6
17.1628098487854 6
17.162837982177734 6
17.16283869743347 6
17.164188861846924 6
17.164275884628296 6
17.164363861083984 6
17.164381980895996 6
17.164851903915405 6
17.164906978607178 6
17.164979934692383 6
17.165530920028687 6
17.167026042938232 6
17.167117834091187 6
17.167208909988403 6
17.16922092437744 6
17.17073106765747 6
17.170960903167725 6
17.171013832092285 6
17.17102599143982 6
17.171066999435425 6
17.171255826950073 6
17.1712908744812 6
17.171314001083374 6
17.17136001586914 6
17.171369075775146 6
17.17137098312378 6
17.17138385772705 6
17.171392917633057 6
17.171437740325928 6
17.171453952789307 6
17.171474933624268 6
17.17151379585266 6
17.172765016555786 6
17.17693591117859 6
17.177205085754395 6
17.17730212211609 6
17.177677869796753 6
17.177727937698364 6
17.17773985862732 6
17.17778992652893 6
17.17802095413208 6
17.178049087524414 6
17.178115844726562 6
17.17882990837097 6
17.179040670394897 6
17.179094076156616 6
17.17910671234131 6
17.179128885269165 6
17.17916488647461 6
17.179195880889893 6
17.17919683456421 6
17.179378032684326 6
17.179393768310547 6
17.17940092086792 6
17.17944884300232 6
17.17947793006897 6
17.179479837417603 6
17.17949390411377 6
17.17954993247986 6
17.17966389656067 6
17.18065094947815 6
17.182363986968994 6
17.182848930358887 6
17.184575080871582 6
17.18505597114563 6
17.185292720794678 6
17.185527801513672 6
17.188842058181763 6
17.189111709594727 6
17.19007182121277 6
17.190159797668457 6
17.19254994392395 6
17.195084810256958 6
17.195279836654663 6
17.19529390335083 6
17.195300817489624 6
17.19534397125244 6
17.195371866226196 6
17.195380926132202 6
17.195393800735474 6
17.19544506072998 6
17.195703744888306 6
17.195783853530884 6
17.196568727493286 6
17.196613788604736 6
17.198354959487915 6
17.19835877418518 6
17.19836187362671 6
17.198413848876953 6
17.198421001434326 6
17.19842290878296 6
17.198425769805908 6
17.198434829711914 6
17.198436975479126 6
17.198441982269287 6
17.198445796966553 6
17.198447942733765 6
17.198449850082397 6
17.19845414161682 6
17.198455810546875 6
17.198457956314087 6
17.198462963104248 6
17.19846773147583 6
17.198469877243042 6
17.198475122451782 6
17.198482036590576 6
17.198482990264893 6
17.198487758636475 6
17.198503017425537 6
17.198507070541382 6
17.198511838912964 6
17.19852089881897 6
17.19852590560913 6
17.19852900505066 6
17.198530912399292 6
17.198540925979614 6
17.19854187965393 6
17.19854497909546 6
17.198548078536987 6
17.198549032211304 6
17.198550701141357 6
17.19856286048889 6
17.19856905937195 6
17.19858479499817 6
17.198588848114014 6
17.198593139648438 6
17.198593854904175 6
17.198598861694336 6
17.19860291481018 6
17.198603868484497 6
17.198608875274658 6
17.198622941970825 6
17.198628902435303 6
17.198630809783936 6
17.198632955551147 6
17.19863772392273 6
17.201315879821777 6
17.204063892364502 6
17.20469307899475 6
17.206296920776367 6
17.20694088935852 6
17.207226991653442 6
17.207239866256714 6
17.207823991775513 6
17.208117961883545 6
17.20969295501709 6
17.21036386489868 6
17.211671829223633 6
17.214982986450195 6
17.21499800682068 6
17.215017080307007 6
17.215052843093872 6
17.216320037841797 6
17.21653413772583 6
17.21699285507202 6
17.2171847820282 6
17.217187881469727 6
17.22645092010498 6
17.231921911239624 6
17.232086896896362 6
17.25330901145935 6
17.255271911621094 6
17.25774908065796 6
17.25966787338257 6
17.26509976387024 6
17.27544403076172 6
17.3056058883667 6
17.315833806991577 6
17.349749088287354 6
17.37733483314514 6
17.380069971084595 6
17.38780188560486 6
17.400349855422974 6
17.420307874679565 6
17.425254821777344 6
17.45354199409485 6
17.456382036209106 6
17.469326972961426 6
17.475491762161255 6
17.47709083557129 6
17.4771831035614 6
17.523794889450073 6
17.523966073989868 6
17.52664613723755 6
17.52670192718506 6
17.530179738998413 6
17.53263282775879 6
17.53706383705139 6
17.546953916549683 6
17.54695987701416 6
17.546981811523438 6
17.54701280593872 6
17.547083854675293 6
17.54714298248291 6
17.566845893859863 6
17.57176399230957 6
17.580255031585693 6
17.599255800247192 6
17.601563930511475 6
17.609359979629517 6
17.66669988632202 6
17.666809797286987 6
17.669301986694336 6
17.669326782226562 6
17.670994997024536 6
17.67104482650757 6
17.671811819076538 6
17.672489881515503 6
17.672511100769043 6
17.672574043273926 6
17.67267107963562 6
17.67490792274475 6
17.674969911575317 6
17.675577878952026 6
17.675639867782593 6
17.67875099182129 6
17.681147813796997 6
17.683284997940063 6
17.6887149810791 6
17.690638780593872 6
17.695122957229614 6
17.69658088684082 6
17.697389841079712 6
17.699777841567993 6
17.69978094100952 6
17.69982600212097 6
17.69983172416687 6
17.699838876724243 6
17.699845790863037 6
17.69988989830017 6
17.699906826019287 6
17.699944972991943 6
17.69995880126953 6
17.70370101928711 6
17.718788862228394 6
17.720295906066895 6
17.74268078804016 6
17.747883081436157 6
17.771299839019775 6
17.781112909317017 6
17.78112006187439 6
17.792962789535522 6
17.816524744033813 6
17.819360733032227 6
17.819416761398315 6
17.819430828094482 6
17.819495916366577 6
17.82231569290161 6
17.825281143188477 6
17.83956003189087 6
17.83980083465576 6
17.864267826080322 6
17.88501477241516 6
17.8850998878479 6
17.885178804397583 6
17.88731598854065 6
17.887412071228027 6
17.890183925628662 6
17.89022183418274 6
17.890315055847168 6
17.890628814697266 6
17.894347667694092 6
17.897515058517456 6
17.897936820983887 6
17.89997911453247 6
17.900152921676636 6
17.900156021118164 6
17.900161027908325 6
17.900168895721436 6
17.900173902511597 6
17.900271892547607 6
17.900289058685303 6
17.900357961654663 6
17.90036678314209 6
17.900370836257935 6
17.901996850967407 6
17.90953779220581 6
17.91185998916626 6
17.913460969924927 6
17.917595863342285 6
17.91969585418701 6
17.919925928115845 6
17.920435905456543 6
17.920608043670654 6
17.92664098739624 6
17.930012941360474 6
17.935252904891968 6
17.937867879867554 6
17.93786883354187 6
17.9378719329834 6
17.937885999679565 6
17.937921047210693 6
17.93795108795166 6
17.93797993659973 6
17.9379940032959 6
17.9380099773407 6
17.93802499771118 6
17.95624303817749 6
17.95690393447876 6
17.95723295211792 6
17.957881927490234 6
17.95853281021118 6
17.958855867385864 6
17.96060085296631 6
17.96076488494873 6
17.962323904037476 6
17.96263289451599 6
17.962809801101685 6
17.962943077087402 6
17.963398933410645 6
17.963563680648804 6
17.964071035385132 6
17.964122772216797 6
17.96418595314026 6
17.964926958084106 6
17.966137886047363 6
17.96660304069519 6
17.96690273284912 6
17.967499017715454 6
17.96779489517212 6
17.968387842178345 6
17.9688138961792 6
17.971004962921143 6
17.971580028533936 6
17.972733974456787 6
17.973580837249756 6
17.975809812545776 6
17.976197957992554 6
17.976635932922363 6
17.977180004119873 6
17.97985005378723 6
17.980730772018433 6
17.980735063552856 6
17.980897903442383 6
17.981250762939453 6
17.981419801712036 6
17.981936931610107 6
17.98219394683838 6
17.982287883758545 6
17.98236870765686 6
17.982450008392334 6
17.983213901519775 6
17.983819723129272 6
17.98383378982544 6
17.983866930007935 6
17.983882904052734 6
17.983905792236328 6
17.98391890525818 6
17.9839289188385 6
17.98395872116089 6
17.983968019485474 6
17.983975887298584 6
17.98398494720459 6
17.984010934829712 6
17.984050035476685 6
17.985228776931763 6
17.98605990409851 6
17.986387968063354 6
17.986464023590088 6
17.986706972122192 6
17.98742985725403 6
17.988384008407593 6
17.98978590965271 6
17.989995002746582 6
17.99381399154663 6
17.99393391609192 6
17.994255781173706 6
17.994688034057617 6
17.994902849197388 6
17.99617099761963 6
17.99658703804016 6
17.99679398536682 6
17.998416900634766 6
17.999990701675415 6
18.000566005706787 6
18.001327991485596 6
18.00151777267456 6
18.001892805099487 6
18.00226593017578 6
18.00406789779663 6
18.004419803619385 6
18.00494074821472 6
18.005435943603516 6
18.00613307952881 6
18.006303071975708 6
18.007611989974976 6
18.00777292251587 6
18.009636878967285 6
18.00978994369507 6
18.00994110107422 6
18.010387897491455 6
18.01182794570923 6
18.01279067993164 6
18.012927055358887 6
18.013327836990356 6
18.01385188102722 6
18.014986038208008 6
18.015108823776245 6
18.01547598838806 6
18.01606583595276 6
18.016756057739258 6
18.017521858215332 6
18.017629861831665 6
18.017738103866577 6
18.018659830093384 6
18.01980495452881 6
18.02025294303894 6
18.02034282684326 6
18.020773887634277 6
18.020774841308594 6
18.020776987075806 6
18.020779132843018 6
18.020779848098755 6
18.02078080177307 6
18.020781755447388 6
18.020801067352295 6
18.020814895629883 6
18.020822763442993 6
18.020828008651733 6
18.02082896232605 6
18.02083992958069 6
18.02084469795227 6
18.02086591720581 6
18.027945041656494 6
18.028118133544922 6
18.030876874923706 6
18.034465789794922 6
18.03833770751953 6
18.044697761535645 6
18.045811891555786 6
18.047191858291626 6
18.04960799217224 6
18.05118179321289 6
18.05437397956848 6
18.054390907287598 6
18.054461002349854 6
18.054468870162964 6
18.05447292327881 6
18.07107377052307 6
18.075971841812134 6
18.078975915908813 6
18.10107183456421 6
18.11115074157715 6
18.122976779937744 6
18.17124104499817 6
18.171262979507446 6
18.21652102470398 6
18.237915992736816 6
18.238242864608765 6
18.238730907440186 6
18.240972757339478 6
18.24191188812256 6
18.244575023651123 6
18.246859788894653 6
18.249032974243164 6
18.249120712280273 6
18.250990867614746 6
18.253265857696533 6
18.25455379486084 6
18.256890773773193 6
18.256947994232178 6
18.258776903152466 6
18.259042739868164 6
18.260517835617065 6
18.261137008666992 6
18.262683868408203 6
18.262933015823364 6
18.262945890426636 6
18.26296591758728 6
18.263351917266846 6
18.263844966888428 6
18.264203786849976 6
18.26421093940735 6
18.26424789428711 6
18.26430583000183 6
18.264348030090332 6
18.264354944229126 6
18.26438307762146 6
18.266336679458618 6
18.266379833221436 6
18.266745805740356 6
18.266799926757812 6
18.266807794570923 6
18.27029299736023 6
18.270373821258545 6
18.280930757522583 6
18.281601905822754 6
18.282805919647217 6
18.28297996520996 6
18.284433841705322 6
18.285796880722046 6
18.288301944732666 6
18.29193878173828 6
18.293323040008545 6
18.29791808128357 6
18.29927682876587 6
18.29957103729248 6
18.309909105300903 6
18.33190894126892 6
18.3797550201416 6
18.38259983062744 6
18.39557695388794 6
18.400636911392212 6
18.401674032211304 6
18.401753902435303 6
18.401834964752197 6
18.403267860412598 6
18.40336012840271 6
18.44624376296997 6
18.44630002975464 6
18.44636607170105 6
18.4464750289917 6
18.44712996482849 6
18.447606801986694 6
18.44761872291565 6
18.44762396812439 6
18.44767999649048 6
18.44769787788391 6
18.4477059841156 6
18.44775891304016 6
18.4477698802948 6
18.447784900665283 6
18.448429822921753 6
18.44884991645813 6
18.44890284538269 6
18.448907136917114 6
18.449429988861084 6
18.450586795806885 6
18.45105791091919 6
18.451977968215942 6
18.45198702812195 6
18.452019929885864 6
18.452029943466187 6
18.452054738998413 6
18.45205783843994 6
18.452058792114258 6
18.452127933502197 6
18.452194929122925 6
18.45222568511963 6
18.452255964279175 6
18.452337980270386 6
18.45260190963745 6
18.452655792236328 6
18.452658891677856 6
18.4528226852417 6
18.45357894897461 6
18.454174041748047 6
18.45419192314148 6
18.454262733459473 6
18.454355001449585 6
18.455105781555176 6
18.457202911376953 6
18.457515716552734 6
18.457828760147095 6
18.45784091949463 6
18.45784592628479 6
18.457899808883667 6
18.45791792869568 6
18.45792579650879 6
18.457977771759033 6
18.45798897743225 6
18.458017826080322 6
18.459316968917847 6
18.459604024887085 6
18.459744691848755 6
18.460214138031006 6
18.460643768310547 6
18.46070671081543 6
18.46081280708313 6
18.462065935134888 6
18.462191820144653 6
18.46223497390747 6
18.464186906814575 6
18.464570999145508 6
18.465564012527466 6
18.46567392349243 6
18.465677738189697 6
18.46583890914917 6
18.46675992012024 6
18.467461824417114 6
18.470439910888672 6
18.470696926116943 6
18.47111988067627 6
18.471373796463013 6
18.471717834472656 6
18.4717218875885 6
18.471723079681396 6
18.471726894378662 6
18.471728801727295 6
18.471736907958984 6
18.471738815307617 6
18.47174096107483 6
18.471742868423462 6
18.471751928329468 6
18.47175407409668 6
18.471757888793945 6
18.471759796142578 6
18.47176194190979 6
18.471765995025635 6
18.471766710281372 6
18.4718279838562 6
18.471830129623413 6
18.47183585166931 6
18.471840858459473 6
18.471848011016846 6
18.47185182571411 6
18.47185492515564 6
18.471855878829956 6
18.471868991851807 6
18.47187304496765 6
18.471887826919556 6
18.471894025802612 6
18.47189688682556 6
18.471903085708618 6
18.47191095352173 6
18.471915006637573 6
18.471916913986206 6
18.47192096710205 6
18.471922874450684 6
18.471925020217896 6
18.471929788589478 6
18.4719340801239 6
18.471937894821167 6
18.471938848495483 6
18.471946954727173 6
18.47195291519165 6
18.471955060958862 6
18.471959829330444 6
18.47196388244629 6
18.471967935562134 6
18.471977949142456 6
18.47197985649109 6
18.47198176383972 6
18.47198486328125 6
18.471988916397095 6
18.471991777420044 6
18.471994876861572 6
18.4719979763031 6
18.471998929977417 6
18.47200107574463 6
18.472003936767578 6
18.472014904022217 6
18.472026824951172 6
18.472028970718384 6
18.47203493118286 6
18.472036838531494 6
18.472055912017822 6
18.47205877304077 6
18.4720618724823 6
18.472068786621094 6
18.472075700759888 6
18.47207999229431 6
18.472922801971436 6
18.47297477722168 6
18.473037719726562 6
18.473293781280518 6
18.473451137542725 6
18.473540782928467 6
18.473798990249634 6
18.47444796562195 6
18.47453808784485 6
18.475947856903076 6
18.476507902145386 6
18.478185892105103 6
18.47865605354309 6
18.478891849517822 6
18.4791259765625 6
18.48207998275757 6
18.482301950454712 6
18.483181953430176 6
18.48461890220642 6
18.485325813293457 6
18.48778486251831 6
18.488343715667725 6
18.488385915756226 6
18.489177942276 6
18.49202275276184 6
18.492753982543945 6
18.4934720993042 6
18.493649005889893 6
18.49409794807434 6
18.494163990020752 6
18.494178771972656 6
18.494354009628296 6
18.494871854782104 6
18.496877908706665 6
18.49704098701477 6
18.497966766357422 6
18.497999906539917 6
18.49862790107727 6
18.499089002609253 6
18.49924087524414 6
18.499846935272217 6
18.50014591217041 6
18.500441789627075 6
18.501306772232056 6
18.501589059829712 6
18.501867055892944 6
18.502640962600708 6
18.50268292427063 6
18.5030837059021 6
18.50321888923645 6
18.504040956497192 6
18.5050687789917 6
18.505550861358643 6
18.506356954574585 6
18.50765585899353 6
18.507761001586914 6
18.50816798210144 6
18.5082688331604 6
18.509515047073364 6
18.50960683822632 6
18.509876012802124 6
18.510137796401978 6
18.510223865509033 6
18.51039695739746 6
18.510488748550415 6
18.51049494743347 6
18.510512828826904 6
18.510517120361328 6
18.510520935058594 6
18.51052188873291 6
18.51052689552307 6
18.510530710220337 6
18.510531902313232 6
18.510535955429077 6
18.510552883148193 6
18.51055908203125 6
18.510562896728516 6
18.51056480407715 6
18.51057004928589 6
18.51592493057251 6
18.51594591140747 6
18.516002893447876 6
18.51819396018982 6
18.51942777633667 6
18.520467042922974 6
18.521623849868774 6
18.52163791656494 6
18.521780967712402 6
18.5225248336792 6
18.524012804031372 6
18.52402091026306 6
18.52406096458435 6
18.525832891464233 6
18.525985717773438 6
18.527581930160522 6
18.528177976608276 6
18.53045678138733 6
18.533226013183594 6
18.533329010009766 6
18.534132957458496 6
18.535940885543823 6
18.536207914352417 6
18.53829789161682 6
18.540096044540405 6
18.541355848312378 6
18.541362047195435 6
18.541399717330933 6
18.54145884513855 6
18.541499853134155 6
18.54150676727295 6
18.541534900665283 6
18.5435049533844 6
18.543901920318604 6
18.54751491546631 6
18.558031797409058 6
18.558706998825073 6
18.562888860702515 6
18.562932014465332 6
18.567399978637695 6
18.571324825286865 6
18.58563208580017 6
18.58600091934204 6
18.586267948150635 6
18.588468074798584 6
18.59297490119934 6
18.593764781951904 6
18.595109939575195 6
18.59566903114319 6
18.595695972442627 6
18.595829963684082 6
18.59624409675598 6
18.596265077590942 6
18.59766674041748 6
18.59767985343933 6
18.601278066635132 6
18.60135293006897 6
18.60731601715088 6
18.607322931289673 6
18.60733699798584 6
18.60884189605713 6
18.60885000228882 6
18.608871936798096 6
18.60888409614563 6
18.608900785446167 6
18.60892391204834 6
18.608948945999146 6
18.608982801437378 6
18.608993768692017 6
18.609002113342285 6
18.613035678863525 6
18.613099813461304 6
18.61337184906006 6
18.618825912475586 6
18.618879079818726 6
18.619000911712646 6
18.62210202217102 6
18.62384009361267 6
18.623897790908813 6
18.630457878112793 6
18.63046884536743 6
18.652890920639038 6
18.66056489944458 6
18.6623318195343 6
18.66538977622986 6
18.666795015335083 6
18.667908906936646 6
18.673091888427734 6
18.674643993377686 6
18.674657821655273 6
18.674715995788574 6
18.67504596710205 6
18.679879903793335 6
18.68319797515869 6
18.68862295150757 6
18.6928129196167 6
18.697684049606323 6
18.697707891464233 6
18.703541040420532 6
18.706130981445312 6
18.709697008132935 6
18.71978783607483 6
18.743406772613525 6
18.787161827087402 6
18.787200927734375 6
18.787296056747437 6
18.790782928466797 6
18.79463505744934 6
18.79491376876831 6
18.794925928115845 6
18.79502582550049 6
18.795120000839233 6
18.797274827957153 6
18.80099582672119 6
18.802106857299805 6
18.80348491668701 6
18.805901765823364 6
18.807472944259644 6
18.807565927505493 6
18.807567834854126 6
18.810659885406494 6
18.810675859451294 6
18.81074595451355 6
18.81075382232666 6
18.81075882911682 6
18.812843084335327 6
18.827261924743652 6
18.827337980270386 6
18.832231998443604 6
18.835163831710815 6
18.835227966308594 6
18.83975577354431 6
18.84434700012207 6
18.853721857070923 6
18.85658288002014 6
18.869579792022705 6
18.87575888633728 6
18.877380847930908 6
18.87747287750244 6
18.920732021331787 6
18.941022872924805 6
18.961102962493896 6
18.96603488922119 6
18.986998796463013 6
19.05393099784851 6
19.05410099029541 6
19.054102897644043 6
19.054256916046143 6
19.05453085899353 6
19.054537057876587 6
19.054576873779297 6
19.054914712905884 6
19.05492901802063 6
19.055232048034668 6
19.055545806884766 6
19.05585789680481 6
19.055871963500977 6
19.056169986724854 6
19.056480884552002 6
19.056790113449097 6
19.056811094284058 6
19.057056665420532 6
19.057057857513428 6
19.05706286430359 6
19.057093858718872 6
19.057102918624878 6
19.05711007118225 6
19.05712389945984 6
19.057148933410645 6
19.05715298652649 6
19.05716371536255 6
19.057167768478394 6
19.057193994522095 6
19.05721402168274 6
19.057257890701294 6
19.057259798049927 6
19.057300090789795 6
19.057416915893555 6
19.057728052139282 6
19.057894945144653 6
19.05799889564514 6
19.058037996292114 6
19.058050870895386 6
19.058058977127075 6
19.058061838150024 6
19.058132886886597 6
19.058346033096313 6
19.058648824691772 6
19.058953046798706 6
19.059253931045532 6
19.05955696105957 6
19.059857845306396 6
19.060158014297485 6
19.06045389175415 6
19.060751914978027 6
19.06082797050476 6
19.061012983322144 6
19.06105089187622 6
19.06115198135376 6
19.061339855194092 6
19.061346769332886 6
19.06135582923889 6
19.06135892868042 6
19.06137180328369 6
19.061378717422485 6
19.06139302253723 6
19.06142497062683 6
19.061436891555786 6
19.061468839645386 6
19.06152606010437 6
19.06154990196228 6
19.061557054519653 6
19.061575889587402 6
19.061622858047485 6
19.061659812927246 6
19.061752796173096 6
19.06195592880249 6
19.06224799156189 6
19.06253981590271 6
19.062830924987793 6
19.063122034072876 6
19.063134908676147 6
19.063154935836792 6
19.063411951065063 6
19.063414096832275 6
19.063477993011475 6
19.063577890396118 6
19.063679933547974 6
19.063705921173096 6
19.06370997428894 6
19.063712120056152 6
19.063714742660522 6
19.063721895217896 6
19.063726902008057 6
19.063740968704224 6
19.063745737075806 6
19.063771963119507 6
19.06378698348999 6
19.0638427734375 6
19.063870906829834 6
19.063877820968628 6
19.064005851745605 6
19.064011812210083 6
19.064026832580566 6
19.064296007156372 6
19.06458282470703 6
19.06486988067627 6
19.065154790878296 6
19.065175771713257 6
19.065438985824585 6
19.065602779388428 6
19.06572389602661 6
19.066006898880005 6
19.066287994384766 6
19.06658101081848 6
19.066860914230347 6
19.067140817642212 6
19.067216873168945 6
19.067420959472656 6
19.067698001861572 6
19.06797480583191 6
19.06825590133667 6
19.06834888458252 6
19.06853485107422 6
19.068809986114502 6
19.06908392906189 6
19.06935691833496 6
19.069633722305298 6
19.06970977783203 6
19.06990694999695 6
19.070177793502808 6
19.07045292854309 6
19.07072687149048 6
19.070996046066284 6
19.071263074874878 6
19.071531772613525 6
19.071798086166382 6
19.072065114974976 6
19.07232904434204 6
19.072592973709106 6
19.072855710983276 6
19.073117971420288 6
19.073378801345825 6
19.073641061782837 6
19.07390284538269 6
19.074162006378174 6
19.074422121047974 6
19.074683904647827 6
19.0749409198761 6
19.075198888778687 6
19.075457096099854 6
19.075462818145752 6
19.075478076934814 6
19.075714826583862 6
19.075727939605713 6
19.07597279548645 6
19.076228857040405 6
19.076481103897095 6
19.076502084732056 6
19.076587677001953 6
19.076735973358154 6
19.07698893547058 5
19.774767875671387 5
19.859927892684937 5
19.935322999954224 5
20.038081884384155 5
20.04516100883484 5
20.060293912887573 5
20.073309898376465 5
20.36284589767456 5
20.37673282623291 5
20.382354974746704 5
20.413244009017944 5
20.466648817062378 5
20.949572801589966 5
21.117300033569336 5
21.117300987243652 5
21.117369890213013 5
21.117501974105835 5
21.117664098739624 5
21.119160890579224 5
21.11931800842285 5
21.57963800430298 5
22.044654846191406 5
22.054655075073242 5
22.05499291419983 5
22.055171966552734 5
22.0551860332489 5
23.36278986930847 5
23.5029399394989 5
23.529176950454712 5
23.970400094985962 5
23.970637798309326 5
23.990660905838013 5
24.102102041244507 5
24.116536855697632 5
24.446857929229736 5
24.708144903182983 5
25.547982931137085 5
25.547996997833252 5
27.496887922286987 5
28.382603883743286 5
28.38262104988098 5
34.134175062179565 5
49.01487898826599 5
49.02053785324097 5
49.05174684524536 5
63.35926580429077 5
64.26941394805908 5
64.27009010314941 5
64.27308797836304 5
64.27658891677856 5
64.28259372711182 5
64.28266978263855 5
64.28278684616089 5
65.68183779716492 5
66.32315397262573 5
66.34783792495728 5
66.53617095947266 5
78.45054078102112 5
80.08188080787659 5
81.11457109451294 5
105.29001975059509 5
105.29007291793823 5
105.96171808242798 5
105.96500372886658 5
105.9650468826294 5
108.2713418006897 5
108.27140092849731 5
119.36220812797546 5
119.38697671890259 5
119.39170789718628 5
119.51749467849731 5
119.51767301559448 5
119.68394303321838 5
120.60174703598022 5
121.01184105873108 5
161.10238480567932 5
161.10774898529053 5
161.1087188720703 5
161.11361598968506 5
161.1177258491516 5
161.11775279045105 5
161.11778473854065 5
161.1251437664032 5
161.12699484825134 5
161.12710189819336 5
161.14197087287903 5
161.16005206108093 5
161.27816605567932 5
161.9578230381012 5
162.67373895645142 5
162.68396401405334 5
163.35139107704163 5
163.36110186576843 5
163.361154794693 5
163.3611810207367 5
163.36120986938477 5
163.6389148235321 5
164.65953278541565 5
166.67683100700378 5
167.5366017818451 5
178.73227500915527 5
188.1092460155487 5
188.1501488685608 5
188.17715573310852 5
188.17746376991272 5
188.44900798797607 5
188.45640087127686 5
189.19487285614014 5
189.19490575790405 5
189.19510412216187 5
189.1951208114624 5
189.59990787506104 5
190.81208992004395 5
191.67003297805786 5
201.96873497962952 5
201.99366688728333 5
202.0048749446869 5
202.00715589523315 5
202.00935888290405 5
202.01069688796997 5
215.80656480789185 5
228.58763694763184 5
228.60745096206665 5
231.50404381752014 5
233.33727478981018 5
256.9517047405243 5
270.20274591445923 5
270.2062690258026 5
270.2082269191742 5
270.2082529067993 5
345.0640490055084 5
346.0528190135956 5
346.2005488872528 5
346.8456289768219 5
347.339638710022 5
370.8410129547119 5
370.8410928249359 5
370.8491268157959 5
612.9166867733002 5
614.4716176986694 5
615.3863399028778 5
616.3542768955231 5
619.154718875885 5
720.3765909671783 5
902.3608169555664 5
903.3298199176788 5
978.0061569213867 5
1009.5634329319 5
1779.081535100937 5
1791.937085866928 5
1792.910048007965 5
1792.9100608825684 5
1792.910120010376 5
1792.910136938095 5
1792.910234928131 5
1795.3919088840485 5
1862.7878048419952 5
1863.9827620983124 5
1877.7728788852692 5
1891.7216379642487 5
1919.5656819343567 5
1919.5842587947845 5
1921.3389859199524 5
1975.0981500148773 5
2005.8611989021301 5
2005.862450838089 5
2007.0869660377502 5
2029.2230260372162 5
2057.0143089294434 5
2094.7873198986053 5
2094.8170750141144 5
2109.295140981674 5
2159.8483049869537 5
2160.038048028946 5
2350.1485509872437 5
2350.3675549030304 5
3428.119841814041 5
3428.661329984665 5
3428.8286027908325 5
3442.421690940857 5
3442.879103899002 5
3443.216310739517 5
3443.2258808612823 5
3444.0580308437347 5
3444.231109857559 5
3444.231157064438 5
3444.2312541007996 5
3444.3036727905273 5
3444.472133874893 5
3444.9497537612915 5
3445.7935588359833 5
3446.405872821808 5
3446.405910015106 5
3446.4059138298035 5
3446.405941963196 5
3446.4059500694275 5
3446.4060497283936 5
3447.2281239032745 5
3454.428570985794 5
3457.0215768814087 5
3457.1183507442474 5
3457.119432926178 5
3457.165911912918 5
3457.549703836441 5
3459.3969700336456 5
3485.598606824875 5
3487.3091700077057 5
3501.3406081199646 5
3501.340838909149 5
3501.421364068985 5
3501.4542400836945 5
3501.8514058589935 5
3501.851413011551 5
3501.8515768051147 5
3505.492488861084 5
3514.1414818763733 5
3528.813602924347 5
3528.9078080654144 5
3542.739648103714 5
3543.4981429576874 5
3543.5009558200836 5
3546.310688018799 5
3550.6264758110046 5
3585.2645840644836 5
3585.2646548748016 5
3586.2063529491425 5
3587.769597053528 5
