0.0003199577331542969 5
0.0003230571746826172 5
0.0003249645233154297 5
0.0003299713134765625 5
0.00033593177795410156 5
0.0003387928009033203 5
0.0003399848937988281 5
0.00034499168395996094 5
0.00034880638122558594 5
0.00035190582275390625 5
0.0003528594970703125 5
0.0003581047058105469 5
0.0003638267517089844 5
0.00036597251892089844 5
0.0003669261932373047 5
0.000370025634765625 5
0.0003719329833984375 5
0.0003781318664550781 5
0.0003829002380371094 5
0.00038695335388183594 5
0.0003879070281982422 5
0.000392913818359375 5
0.0003979206085205078 5
0.0003991127014160156 5
0.0004019737243652344 5
0.0004038810729980469 5
0.0004069805145263672 4
0.00041294097900390625 4
0.000576019287109375 4
0.0005970001220703125 4
0.0008518695831298828 4
0.0008640289306640625 4
0.0008738040924072266 4
0.0013229846954345703 4
0.0013260841369628906 4
0.0013270378112792969 4
0.0013318061828613281 4
0.0013501644134521484 4
0.0013549327850341797 4
0.0021097660064697266 4
0.0022068023681640625 4
0.002290010452270508 4
0.002301931381225586 4
0.0023119449615478516 4
0.0023229122161865234 4
0.0023779869079589844 4
0.0023839473724365234 4
0.0023908615112304688 4
0.002393007278442383 4
0.0024089813232421875 4
0.0024628639221191406 4
0.002463817596435547 4
0.002466917037963867 4
0.002588033676147461 4
0.003786802291870117 4
