0.00020694732666015625 4
0.0002148151397705078 4
0.000286102294921875 4
0.00029397010803222656 4
0.00029587745666503906 4
0.0002989768981933594 4
0.0003008842468261719 4
0.0003559589385986328 4
0.0003631114959716797 4
0.00041604042053222656 4
0.0004239082336425781 4
0.00042510032653808594 4
0.0004279613494873047 4
0.0004298686981201172 4
0.0004799365997314453 4
0.0005230903625488281 4
0.0005247592926025391 4
0.0005259513854980469 4
0.0005278587341308594 4
0.0005750656127929688 4
0.000576019287109375 4
0.0005779266357421875 4
0.0005788803100585938 4
0.0005960464477539062 4
0.0007839202880859375 4
0.0007917881011962891 4
0.0007939338684082031 4
0.0007958412170410156 4
0.0007979869842529297 4
0.0008559226989746094 4
0.0008630752563476562 4
0.0009188652038574219 4
0.000926971435546875 4
0.0009281635284423828 4
0.0009307861328125 4
0.0009329319000244141 4
0.0009739398956298828 4
0.000982046127319336 4
0.0009827613830566406 4
0.000985860824584961 4
0.000988006591796875 4
0.0010290145874023438 3
0.0010378360748291016 3
0.0013079643249511719 3
