8.606910705566406e-05 3
9.799003601074219e-05 3
0.00010275840759277344 3
0.00010704994201660156 3
0.00010895729064941406 3
0.00011110305786132812 3
0.00011181831359863281 3
0.00011396408081054688 3
0.00011491775512695312 3
0.00011897087097167969 3
0.00012111663818359375 3
0.0001227855682373047 3
0.00012803077697753906 3
0.00012993812561035156 3
0.00013113021850585938 3
0.00013589859008789062 3
0.00014495849609375 3
0.00015211105346679688 3
0.00015783309936523438 3
0.0001590251922607422 3
0.00015997886657714844 3
0.0001609325408935547 3
0.00016689300537109375 3
0.00017309188842773438 3
0.00017499923706054688 3
0.00018095970153808594 3
0.00018310546875 3
0.00018596649169921875 3
0.00019288063049316406 3
0.00019979476928710938 3
0.00020194053649902344 3
0.00020813941955566406 3
0.000209808349609375 3
0.00021386146545410156 3
0.00021600723266601562 3
0.00021696090698242188 3
0.0002219676971435547 3
0.0002238750457763672 3
0.00022983551025390625 3
0.0002307891845703125 3
0.0002319812774658203 3
0.0002338886260986328 3
0.00024199485778808594 3
0.00025177001953125 3
0.0002548694610595703 3
0.0002570152282714844 3
0.0002617835998535156 3
0.0002639293670654297 3
0.00026702880859375 3
0.0002727508544921875 3
0.0002758502960205078 3
0.0002779960632324219 3
0.00028014183044433594 3
0.0002810955047607422 3
0.00028395652770996094 3
0.0002899169921875 3
0.0002930164337158203 3
0.0007610321044921875 3
0.0007658004760742188 3
0.0007679462432861328 3
0.0007779598236083984 3
0.0007801055908203125 3
0.0007810592651367188 3
0.000782012939453125 3
0.0007879734039306641 3
0.0007941722869873047 3
0.0007948875427246094 3
0.0007958412170410156 3
0.00080108642578125 3
0.0008058547973632812 3
0.0008130073547363281 3
0.0008251667022705078 3
0.0008268356323242188 3
0.000827789306640625 3
0.0008289813995361328 3
0.0008318424224853516 3
0.0008409023284912109 3
0.0008418560028076172 3
0.0008609294891357422 3
0.0008671283721923828 3
0.0008890628814697266 2
