0.00010895729064941406 3
0.00011110305786132812 3
0.00011205673217773438 3
0.00011324882507324219 3
0.00011420249938964844 3
0.00011587142944335938 3
0.00011706352233886719 3
0.0001220703125 3
0.00012302398681640625 3
0.00012493133544921875 3
0.0001289844512939453 3
0.00012993812561035156 3
0.00013208389282226562 3
0.00013589859008789062 3
0.00013685226440429688 3
0.00013899803161621094 3
0.00014209747314453125 3
0.0001430511474609375 3
0.0001461505889892578 3
0.0001480579376220703 3
0.00014901161193847656 3
0.0001499652862548828 3
0.00015306472778320312 3
0.0001552104949951172 3
0.00015783309936523438 3
0.0001590251922607422 3
0.0001621246337890625 3
0.0001652240753173828 3
0.0001709461212158203 3
0.00017213821411132812 3
0.00017309188842773438 3
0.00017404556274414062 3
0.0001761913299560547 3
0.00017714500427246094 3
0.0001780986785888672 3
0.00018310546875 3
0.00018405914306640625 3
0.0001862049102783203 3
0.0001900196075439453 3
0.00019097328186035156 3
0.00019311904907226562 3
0.0001971721649169922 3
0.0002009868621826172 3
0.00020194053649902344 3
0.0002040863037109375 3
0.0002110004425048828 3
0.00021505355834960938 3
0.00021600723266601562 3
0.0002281665802001953 3
0.00022912025451660156 3
0.00023126602172851562 3
0.0002319812774658203 3
0.00023293495178222656 3
0.0002338886260986328 3
0.00023508071899414062 3
0.00023698806762695312 3
0.00023818016052246094 3
0.0006170272827148438 3
0.00061798095703125 3
0.0006189346313476562 3
0.0006201267242431641 3
0.0006210803985595703 3
0.0006229877471923828 3
0.0006241798400878906 3
0.0006270408630371094 3
0.0006279945373535156 3
0.0006289482116699219 3
0.0006299018859863281 3
0.0006310939788818359 2
0.0006341934204101562 2
