0.000186920166015625 3
0.0001938343048095703 3
0.00019478797912597656 3
0.00020194053649902344 3
0.00020575523376464844 3
0.0002067089080810547 3
0.00021076202392578125 3
0.00021195411682128906 3
0.0002129077911376953 3
0.00021386146545410156 3
0.00021576881408691406 3
0.0002167224884033203 3
0.00022077560424804688 3
0.0002238750457763672 3
0.00022673606872558594 3
0.0002307891845703125 3
0.00023293495178222656 3
0.0002338886260986328 3
0.0002357959747314453 3
0.0002377033233642578 3
0.00023889541625976562 3
0.00024175643920898438 3
0.0002429485321044922 3
0.0002460479736328125 2
