0.0001919269561767578 6
0.00019407272338867188 6
0.00020194053649902344 6
0.0002067089080810547 6
0.0002238750457763672 6
0.000225067138671875 6
0.00023293495178222656 6
0.00023794174194335938 6
0.0002548694610595703 6
0.0002579689025878906 6
0.0002598762512207031 6
0.0002627372741699219 6
0.00028586387634277344 6
0.00029587745666503906 6
0.0003020763397216797 6
0.0003120899200439453 6
0.0003478527069091797 6
0.00034880638122558594 6
0.0003769397735595703 5
0.00037789344787597656 5
0.00040602684020996094 5
0.0004069805145263672 5
0.00043702125549316406 5
0.0004417896270751953 5
0.0012578964233398438 5
