0.00015592575073242188 3
0.00015783309936523438 3
0.0001621246337890625 3
0.0001659393310546875 3
0.0001919269561767578 3
0.00019979476928710938 3
0.00020575523376464844 3
0.0002129077911376953 3
0.0002167224884033203 3
0.0002238750457763672 3
0.0002429485321044922 3
0.00025177001953125 3
0.00026297569274902344 3
0.00026988983154296875 3
0.0002849102020263672 3
0.0002899169921875 3
0.00029397010803222656 3
0.0003178119659423828 3
0.0003199577331542969 3
0.0003337860107421875 3
0.0003478527069091797 3
0.00034999847412109375 3
0.00037407875061035156 3
0.0003750324249267578 3
0.00039196014404296875 3
0.0003960132598876953 3
0.0003998279571533203 3
0.0004019737243652344 3
0.0004088878631591797 3
0.0004107952117919922 3
0.0004208087921142578 3
0.0004260540008544922 3
0.00042891502380371094 3
0.0004329681396484375 3
0.00043487548828125 3
0.00043702125549316406 3
0.00048089027404785156 3
0.0004937648773193359 3
0.00049591064453125 3
0.0005209445953369141 3
0.0005240440368652344 3
0.0005249977111816406 3
0.0005350112915039062 3
0.0005397796630859375 3
0.0005419254302978516 3
0.0005478858947753906 3
0.0005509853363037109 3
0.0005588531494140625 3
0.0005688667297363281 3
0.0005707740783691406 3
0.0005719661712646484 3
0.0005738735198974609 3
0.0005750656127929688 3
0.0005779266357421875 3
0.0005848407745361328 3
0.0005891323089599609 3
0.0005929470062255859 3
0.0006537437438964844 3
0.0006577968597412109 3
0.0007648468017578125 3
0.0007669925689697266 3
0.0007688999176025391 3
0.0007700920104980469 3
0.0007948875427246094 3
0.0008640289306640625 3
0.0008678436279296875 3
0.0008687973022460938 3
0.0008697509765625 3
0.0009620189666748047 2
