0.00013685226440429688 3
0.00013899803161621094 3
0.0001399517059326172 3
0.0001418590545654297 3
0.00014901161193847656 3
0.00015091896057128906 3
0.0001518726348876953 3
0.0001537799835205078 3
0.00015473365783691406 3
0.0001590251922607422 3
0.0001628398895263672 3
0.00017309188842773438 3
0.00018095970153808594 3
0.0001819133758544922 3
0.0001857280731201172 3
0.00019288063049316406 3
0.00019478797912597656 3
0.00019693374633789062 3
0.00019788742065429688 3
0.00019979476928710938 3
0.00020194053649902344 3
0.0002028942108154297 3
0.00020575523376464844 3
0.00020885467529296875 3
0.000209808349609375 3
0.0002110004425048828 3
0.0002129077911376953 3
0.00021386146545410156 3
0.0002167224884033203 3
0.00022077560424804688 3
0.00023293495178222656 3
0.00024700164794921875 3
0.000247955322265625 3
0.0002498626708984375 3
0.00025391578674316406 3
0.0002560615539550781 3
0.0002739429473876953 2
0.0002796649932861328 2
0.00028896331787109375 2
0.0002999305725097656 2
