0.00017309188842773438 3
0.00017499923706054688 3
0.00017714500427246094 3
0.0001800060272216797 3
0.00018310546875 3
0.0001850128173828125 3
0.0001900196075439453 3
0.00019097328186035156 3
0.0001919269561767578 3
0.00019288063049316406 3
0.00019598007202148438 3
0.0001971721649169922 3
0.0002028942108154297 3
0.0002071857452392578 3
0.00021195411682128906 3
0.00021600723266601562 3
0.0002181529998779297 3
0.00021910667419433594 3
0.0002219676971435547 3
0.000225067138671875 3
0.0002269744873046875 3
0.0002307891845703125 3
0.0002319812774658203 3
0.00023603439331054688 2
