0.00021076202392578125 3
0.0002129077911376953 3
0.00021386146545410156 3
0.00021600723266601562 3
0.00021696090698242188 3
0.00021910667419433594 3
0.00022077560424804688 3
0.0002269744873046875 3
0.00022912025451660156 3
0.0002319812774658203 3
0.00023698806762695312 3
0.0002391338348388672 3
0.00024080276489257812 3
0.0002460479736328125 3
0.000247955322265625 3
0.00025010108947753906 3
0.00025391578674316406 3
0.00025582313537597656 3
0.0002579689025878906 3
0.0002620220184326172 3
0.0002639293670654297 3
0.00026488304138183594 3
0.0002689361572265625 3
0.0002720355987548828 3
0.00027489662170410156 3
0.0002758502960205078 3
0.0002810955047607422 3
0.0002849102020263672 3
0.000293731689453125 3
0.0002949237823486328 3
0.0002968311309814453 3
0.0002980232238769531 3
0.0002999305725097656 3
0.0003020763397216797 3
0.00030303001403808594 3
0.00030994415283203125 3
0.0003120899200439453 3
0.0003139972686767578 3
0.0003190040588378906 3
0.0003209114074707031 3
0.00032401084899902344 3
0.0003299713134765625 3
0.0003349781036376953 3
0.0003368854522705078 3
0.0003399848937988281 3
0.00034880638122558594 3
0.00035500526428222656 3
0.0003559589385986328 3
0.00037288665771484375 3
0.0003750324249267578 3
0.0003769397735595703 3
0.0003781318664550781 3
0.0003790855407714844 3
0.00037980079650878906 3
0.0003807544708251953 3
0.00038504600524902344 3
0.0003859996795654297 3
0.0003879070281982422 3
0.00038909912109375 3
0.00039005279541015625 3
0.00039076805114746094 3
0.00039196014404296875 3
0.0003960132598876953 3
0.00039696693420410156 3
0.0004000663757324219 3
0.0004017353057861328 3
0.0004029273986816406 3
0.0004038810729980469 3
0.00040602684020996094 2
0.00040912628173828125 2
