0.0002689361572265625 6
0.000270843505859375 6
0.0002818107604980469 6
0.00028705596923828125 6
0.0003070831298828125 6
0.000308990478515625 6
0.0003180503845214844 6
0.0003237724304199219 6
0.0003428459167480469 6
0.0003459453582763672 6
0.0003509521484375 6
0.000354766845703125 6
0.0003800392150878906 6
0.00039196014404296875 6
0.00039887428283691406 6
0.00040984153747558594 6
0.0004508495330810547 6
0.00045299530029296875 6
0.0004849433898925781 5
0.0004868507385253906 5
0.0005178451538085938 5
0.0005199909210205078 5
0.0005540847778320312 5
0.0005598068237304688 5
0.0014238357543945312 5
