0.0004930496215820312 3
0.0004949569702148438 3
0.0004968643188476562 3
0.0004978179931640625 3
0.0005009174346923828 3
0.0005030632019042969 3
0.0005049705505371094 3
0.0005061626434326172 3
0.0005068778991699219 3
0.0005118846893310547 3
0.0005168914794921875 3
0.0005309581756591797 3
0.0005428791046142578 3
0.0005438327789306641 3
0.0005488395690917969 3
0.0005528926849365234 3
0.0005550384521484375 3
0.0005581378936767578 3
0.0005598068237304688 3
0.0005619525909423828 3
0.0005638599395751953 3
0.0005660057067871094 3
0.0005691051483154297 3
0.0005729198455810547 3
0.0005748271942138672 3
0.0005769729614257812 3
0.0005779266357421875 3
0.0005791187286376953 3
0.0005838871002197266 3
0.0005888938903808594 3
0.0006070137023925781 3
0.0006229877471923828 3
0.0006248950958251953 3
0.0006268024444580078 3
0.0006330013275146484 3
0.0006349086761474609 3
0.0006608963012695312 2
0.0006687641143798828 2
0.0006809234619140625 2
0.0006959438323974609 2
