0.00022721290588378906 3
0.00023412704467773438 3
0.00024008750915527344 3
0.00024437904357910156 3
0.0002460479736328125 3
0.00024819374084472656 3
0.00025010108947753906 3
0.0002522468566894531 3
0.0002532005310058594 3
0.0002582073211669922 3
0.0002601146697998047 3
0.00026226043701171875 3
0.0002701282501220703 3
0.0002722740173339844 3
0.0002732276916503906 3
0.0002791881561279297 3
0.00029015541076660156 3
0.0002989768981933594 3
0.00030612945556640625 3
0.0003082752227783203 3
0.000308990478515625 3
0.0003101825714111328 3
0.0003173351287841797 3
0.00032520294189453125 3
0.00032830238342285156 3
0.0003361701965332031 3
0.0003383159637451172 3
0.0003421306610107422 3
0.0003502368927001953 3
0.0003592967987060547 3
0.0003612041473388672 3
0.00037026405334472656 3
0.00037217140197753906 3
0.0003781318664550781 3
0.0003802776336669922 3
0.00038123130798339844 3
0.0003871917724609375 3
0.00038909912109375 3
0.0003972053527832031 3
0.0003981590270996094 3
0.0003991127014160156 3
0.00040221214294433594 3
0.00041222572326660156 3
0.0004260540008544922 3
0.0004291534423828125 3
0.000431060791015625 3
0.00043702125549316406 3
0.0004401206970214844 3
0.0004432201385498047 3
0.0004520416259765625 3
0.0004563331604003906 3
0.0004589557647705078 3
0.0004611015319824219 3
0.0004620552062988281 3
0.00046515464782714844 3
0.00047326087951660156 3
0.0004761219024658203 3
0.0004792213439941406 3
0.0004851818084716797 3
0.00048613548278808594 3
0.0005002021789550781 3
0.0005021095275878906 3
0.0005040168762207031 3
0.0005052089691162109 3
0.0005130767822265625 3
0.0005211830139160156 3
0.0005230903625488281 3
0.0005240440368652344 3
0.000530242919921875 3
0.0005381107330322266 3
0.0005471706390380859 3
0.0005643367767333984 3
0.0005671977996826172 3
0.0005691051483154297 3
0.0005700588226318359 3
0.0005743503570556641 3
0.0005853176116943359 3
0.0005869865417480469 3
0.0006151199340820312 3
0.0006232261657714844 3
0.0006542205810546875 2
