8.177757263183594e-05 3
8.487701416015625e-05 3
9.489059448242188e-05 3
9.703636169433594e-05 3
0.00010013580322265625 3
0.00010085105895996094 3
0.00010180473327636719 3
0.00010585784912109375 3
0.00010800361633300781 3
0.00010895729064941406 3
0.00011086463928222656 3
0.00011181831359863281 3
0.00011277198791503906 3
0.00011491775512695312 3
0.00011801719665527344 3
0.00011897087097167969 3
0.00012493133544921875 3
0.000125885009765625 3
0.00013113021850585938 3
0.00013184547424316406 3
0.0001327991485595703 3
0.00013494491577148438 3
0.0001380443572998047 2
0.00014209747314453125 2
0.0001468658447265625 2
0.00015091896057128906 2
0.00015473365783691406 2
