0.00018978118896484375 5
0.0001990795135498047 5
0.00019979476928710938 5
0.00020503997802734375 5
0.000209808349609375 5
0.00021195411682128906 5
0.00021386146545410156 5
0.00021791458129882812 5
0.00022077560424804688 5
0.0002238750457763672 5
0.00022482872009277344 5
0.00022912025451660156 5
0.00023293495178222656 5
0.00023484230041503906 5
0.00023603439331054688 5
0.00023889541625976562 5
0.00024008750915527344 5
0.0002448558807373047 5
0.00025010108947753906 5
0.00025391578674316406 5
0.0002548694610595703 5
0.0002579689025878906 5
0.0002620220184326172 5
0.00026297569274902344 5
0.00026488304138183594 5
0.00026702880859375 5
0.00026988983154296875 4
0.00027370452880859375 4
0.0003991127014160156 4
0.00041484832763671875 4
0.0006067752838134766 4
0.0006158351898193359 4
0.0006229877471923828 4
0.0009629726409912109 4
0.0009660720825195312 4
0.0009670257568359375 4
0.0009708404541015625 4
0.0009839534759521484 4
0.000988006591796875 4
0.0015709400177001953 4
0.00164794921875 4
0.0017130374908447266 4
0.001722097396850586 4
0.0017299652099609375 4
0.0017390251159667969 4
0.001786947250366211 4
0.0017919540405273438 4
0.0017981529235839844 4
0.0021610260009765625 4
0.002173900604248047 4
0.002215862274169922 4
0.002216815948486328 4
0.002218961715698242 4
0.0023148059844970703 4
0.0032269954681396484 4
