0.00011014938354492188 3
0.00011277198791503906 3
0.00011587142944335938 3
0.00011897087097167969 3
0.00013899803161621094 3
0.00014495849609375 3
0.00014901161193847656 3
0.00015497207641601562 3
0.00015783309936523438 3
0.00016307830810546875 3
0.00017690658569335938 3
0.00018405914306640625 3
0.0001919269561767578 3
0.00019693374633789062 3
0.0002079010009765625 3
0.00021195411682128906 3
0.00021505355834960938 3
0.00023293495178222656 3
0.00023603439331054688 3
0.0002460479736328125 3
0.0002570152282714844 3
0.0002579689025878906 3
0.0002758502960205078 3
0.0002770423889160156 3
0.00028896331787109375 3
0.00029206275939941406 3
0.0002949237823486328 3
0.0002968311309814453 3
0.0003020763397216797 3
0.0003037452697753906 3
0.00031113624572753906 3
0.00031495094299316406 3
0.00031685829162597656 3
0.0003199577331542969 3
0.00032210350036621094 3
0.0003230571746826172 3
0.00035500526428222656 3
0.0003650188446044922 3
0.0003669261932373047 3
0.0003840923309326172 3
0.0003859996795654297 3
0.00038695335388183594 3
0.00039386749267578125 3
0.0003981590270996094 3
0.0003998279571533203 3
0.0004050731658935547 3
0.00040602684020996094 3
0.0004119873046875 3
0.0004200935363769531 3
0.0004208087921142578 3
0.00042176246643066406 3
0.0004229545593261719 3
0.0007989406585693359 3
0.0008020401000976562 3
0.0008068084716796875 3
0.0008099079132080078 3
0.0008130073547363281 3
0.0008578300476074219 3
0.0008609294891357422 3
0.0009369850158691406 3
0.0009379386901855469 3
0.0009400844573974609 3
0.0009410381317138672 3
0.0009579658508300781 3
0.0010077953338623047 3
0.0010099411010742188 3
0.001010894775390625 3
0.0010118484497070312 3
0.0010769367218017578 2
