8.511543273925781e-05 3
8.916854858398438e-05 3
9.322166442871094e-05 3
9.703636169433594e-05 3
0.0001201629638671875 3
0.0001270771026611328 3
0.0001342296600341797 3
0.00014209747314453125 3
0.0001461505889892578 3
0.0001552104949951172 3
0.00017309188842773438 3
0.00018215179443359375 3
0.00019216537475585938 3
0.00019931793212890625 3
0.00021195411682128906 3
0.0002181529998779297 3
0.0002231597900390625 3
0.0002472400665283203 3
0.00025010108947753906 3
0.000263214111328125 3
0.0002770423889160156 3
0.00028014183044433594 3
0.0003001689910888672 3
0.0003032684326171875 3
0.00031828880310058594 3
0.0003230571746826172 3
0.00032830238342285156 3
0.0003311634063720703 3
0.0003383159637451172 3
0.0003421306610107422 3
0.0003509521484375 3
0.0003561973571777344 3
0.00036025047302246094 3
0.00036406517028808594 3
0.00036716461181640625 3
0.00037026405334472656 3
0.0004100799560546875 3
0.0004222393035888672 3
0.00042510032653808594 3
0.00044798851013183594 3
0.0004532337188720703 3
0.0004551410675048828 3
0.00046515464782714844 3
0.00047016143798828125 3
0.00047326087951660156 3
0.0004811286926269531 3
0.00048422813415527344 3
0.0004930496215820312 3
0.0005030632019042969 3
0.0005052089691162109 3
0.0005083084106445312 3
0.00051116943359375 3
0.0005130767822265625 3
0.0005171298980712891 3
0.0005240440368652344 3
0.0005292892456054688 3
0.0005331039428710938 3
0.0005881786346435547 3
0.0005931854248046875 3
0.0006830692291259766 3
0.0006861686706542969 3
0.0006892681121826172 3
0.0006921291351318359 3
0.0007150173187255859 3
0.0007762908935546875 3
0.0007801055908203125 3
0.0007822513580322266 3
0.0007853507995605469 3
0.0008623600006103516 2
