0.0 202
2.216526 201
3.36897 200
4.517766 199
5.412993 198
6.382644 197
7.199524 196
8.116147 195
9.019691 194
9.946082 193
10.770486 192
11.745112 191
12.82102 190
13.678642 189
14.613681 188
15.436479 187
16.131877 186
17.056107 185
17.947975 184
18.715247 183
19.781001 182
20.351716 181
21.023002 180
21.897222 179
22.670042 178
23.381069 177
24.136992 176
24.679477 175
25.407799 174
26.115993 173
26.582832 172
27.225303 171
27.902848 170
28.47749 169
28.958763 168
29.328908 167
29.925423 166
30.503952 165
30.984451 164
31.438979 163
31.929952 162
32.557484 161
33.105086 160
33.62297 159
34.081118 158
34.589235 157
35.099197 156
35.484249 155
35.981337 154
36.505238 153
37.009399 152
