0.0 541
1.437971 540
2.428269 539
3.208927 538
3.929552 537
4.591765 536
5.187131 535
5.624849 534
6.194983 533
6.658349 532
7.043363 531
7.549598 530
7.980294 529
8.408359 528
8.940268 527
9.541316 526
10.097591 525
10.570906 524
11.064513 523
11.69715 522
12.117758 521
12.453103 520
13.168599 519
13.667746 518
14.294962 517
14.710771 516
15.247521 515
15.689315 514
16.134029 513
16.68982 512
17.131208 511
17.51258 510
18.197885 509
18.709305 508
19.256482 507
19.713678 506
20.040378 505
20.580925 504
21.105022 503
21.627754 502
21.960624 501
22.436991 500
22.783209 499
23.090708 498
23.500933 497
23.866499 496
24.304049 495
24.744185 494
25.08616 493
25.577578 492
25.834126 491
26.212581 490
26.471206 489
26.808918 488
27.159893 487
27.605963 486
27.985572 485
28.248818 484
28.562133 483
28.921137 482
29.205769 481
29.542964 480
29.920973 479
30.245727 478
30.564786 477
30.872112 476
31.171741 475
31.563636 474
31.843165 473
32.183352 472
32.613607 471
32.894036 470
33.11768 469
33.477968 468
33.787855 467
34.109208 466
34.374396 465
34.6976 464
35.005406 463
35.264052 462
35.560106 461
35.875201 460
36.099698 459
36.461208 458
36.779061 457
37.027559 456
37.347956 455
37.56674 454
37.935416 453
38.212015 452
38.441471 451
38.670109 450
38.934535 449
39.226325 448
39.465486 447
39.778969 446
40.061169 445
40.380685 444
40.59493 443
40.862519 442
41.092099 441
41.274107 440
41.514955 439
41.692083 438
41.909813 437
42.098006 436
42.344749 435
42.543729 434
42.681926 433
42.903763 432
43.099226 431
43.259618 430
43.373823 429
43.525052 428
43.711879 427
43.871209 426
44.160019 425
44.316855 424
44.484848 423
44.594901 422
44.725601 421
44.843036 420
44.906045 419
45.081969 418
45.219674 417
45.320987 416
45.455532 415
45.582953 414
45.682627 413
45.746235 412
45.832539 411
45.891965 410
46.091066 409
46.174551 408
46.258914 407
46.292352 406
46.389531 405
46.475325 404
46.508553 403
46.582463 402
46.615593 401
46.711789 400
46.763998 399
46.819036 398
46.853699 397
46.886251 396
46.91958 395
