0.0 210
96.882343 209
99.837046 208
100.74808 207
119.852956 206
120.370019 205
123.405963 204
125.271315 203
126.141836 202
126.577944 201
128.0053 200
132.978176 199
133.891423 198
134.282999 197
135.155526 196
136.097655 195
142.804797 194
143.722908 193
145.159229 192
145.738948 191
147.563149 190
149.36268 189
149.753628 188
150.384278 187
151.760976 186
152.89069 185
153.555681 184
153.922606 183
154.99564 182
155.150358 181
155.538498 180
155.678876 179
156.049026 178
156.442634 177
158.003742 176
158.444045 175
158.608834 174
