0.0 274
13.633536 273
15.050949 272
21.15598 271
22.014474 270
22.501705 269
24.441644 268
32.301968 267
38.043819 266
45.990238 265
52.641963 264
53.413898 263
53.845943 262
54.193482 261
60.350084 260
62.112103 259
62.94574 258
64.086134 257
64.799098 256
65.667886 255
67.057805 254
67.669731 253
68.563096 252
69.060239 251
70.687194 250
71.25685 249
71.894183 248
72.217044 247
72.879006 246
73.396655 245
74.927128 244
78.430039 243
80.942477 242
85.048756 241
86.023056 240
86.562094 239
86.891975 238
87.092621 237
88.260097 236
89.45361 235
90.645079 234
91.573094 233
92.641085 232
94.640424 231
96.224421 230
96.52939 229
