0.0 527
0.876044 526
2.07443 525
2.851962 524
3.624537 523
4.253048 522
4.842472 521
5.344888 520
5.815883 519
6.405556 518
6.890274 517
7.405184 516
7.78443 515
8.371078 514
8.850111 513
9.526225 512
10.055678 511
10.510319 510
11.073353 509
11.600291 508
12.106204 507
12.716525 506
13.315328 505
13.767118 504
14.093899 503
14.733205 502
15.204161 501
15.721436 500
16.203367 499
16.729783 498
17.165956 497
17.563508 496
18.203901 495
18.65873 494
19.151614 493
19.764806 492
20.209086 491
20.487088 490
20.868598 489
21.227277 488
21.576262 487
22.124888 486
22.582271 485
22.975242 484
23.347249 483
23.676556 482
24.040918 481
24.480019 480
24.857685 479
25.279046 478
25.739648 477
26.051462 476
26.240871 475
26.760851 474
27.024867 473
27.364695 472
27.627504 471
28.021339 470
28.285234 469
28.50399 468
28.831671 467
29.136195 466
29.425255 465
29.831892 464
30.168638 463
30.454986 462
30.721393 461
31.109072 460
31.375127 459
31.654212 458
31.692881 457
32.096498 456
32.421218 455
32.622451 454
32.933849 453
33.207355 452
33.576269 451
33.920775 450
34.183141 449
34.349776 448
34.657506 447
35.020402 446
35.254998 445
35.577392 444
35.829609 443
36.145083 442
36.375919 441
36.60528 440
36.86988 439
37.15435 438
37.423134 437
37.677998 436
38.01367 435
38.255996 434
38.497641 433
38.711969 432
38.995914 431
39.198838 430
39.41243 429
39.684363 428
39.93615 427
40.194517 426
40.501483 425
40.716828 424
40.92054 423
41.191435 422
41.402769 421
41.629151 420
41.816085 419
41.990044 418
42.191905 417
42.39054 416
42.561676 415
42.772502 414
42.99707 413
43.204559 412
43.36111 411
43.531774 410
43.744056 409
43.893057 408
44.088008 407
44.398681 406
44.505134 405
44.648221 404
44.763118 403
44.924234 402
45.066137 401
45.099119 400
45.235852 399
45.288569 398
45.431435 397
45.549787 396
45.640159 395
45.744119 394
45.849857 393
45.966243 392
46.036318 391
46.068756 390
46.2669 389
46.351457 388
46.427282 387
46.47586 386
