0.0 205
1.913177 204
3.471246 203
4.617502 202
5.53846 201
6.221141 200
7.184016 199
8.158588 198
8.888635 197
9.903135 196
10.941019 195
11.917432 194
12.799454 193
13.66136 192
14.541114 191
15.563185 190
16.411607 189
17.293705 188
18.413754 187
19.368258 186
20.279481 185
21.080175 184
21.928345 183
22.788458 182
23.611462 181
24.30052 180
24.977023 179
25.730943 178
26.463986 177
27.122433 176
27.800192 175
28.390309 174
28.940154 173
29.534348 172
29.941953 171
30.495632 170
30.95404 169
31.535353 168
32.158993 167
32.524056 166
33.136431 165
33.821301 164
34.42314 163
34.92857 162
35.403639 161
35.941075 160
36.45886 159
36.897182 158
37.339114 157
37.77462 156
38.288191 155
38.830762 154
