0.0 311
1.962403 310
3.206454 309
4.161745 308
4.87933 307
5.572618 306
6.368016 305
7.026337 304
7.691222 303
8.384679 302
9.086588 301
9.900414 300
10.632253 299
11.419827 298
12.317078 297
13.085627 296
13.939779 295
14.582248 294
15.288266 293
16.080842 292
16.818698 291
17.575054 290
18.535813 289
19.410122 288
20.046569 287
20.634952 286
21.376637 285
22.014561 284
22.626913 283
23.076129 282
23.824528 281
24.369966 280
24.916202 279
25.557772 278
26.11264 277
26.545686 276
26.945948 275
27.538077 274
28.042771 273
28.513258 272
28.940224 271
29.418783 270
29.825838 269
30.23307 268
30.675315 267
31.202265 266
31.600156 265
32.097155 264
32.466246 263
32.856391 262
33.526238 261
33.900347 260
34.346722 259
34.814284 258
35.21959 257
35.632753 256
36.156759 255
36.552072 254
36.934332 253
37.32568 252
37.730058 251
38.168779 250
38.553152 249
38.874394 248
39.289496 247
39.624726 246
39.955207 245
40.436352 244
40.711047 243
40.921318 242
41.260084 241
41.592413 240
41.892665 239
42.161876 238
42.514498 237
42.802993 236
