0.0 548
1.35733 547
1.961102 546
3.163959 545
3.926763 544
4.608925 543
5.193559 542
5.674154 541
6.146311 540
6.644629 539
7.097437 538
7.617766 537
8.044596 536
8.599492 535
9.008871 534
9.611845 533
10.232045 532
10.578085 531
11.126063 530
11.743973 529
12.417157 528
12.84697 527
13.431285 526
13.928881 525
14.491083 524
14.975264 523
15.494014 522
15.920908 521
16.368054 520
16.813098 519
17.409127 518
17.860078 517
18.503184 516
19.185504 515
19.772514 514
20.299082 513
20.655265 512
21.106427 511
21.576534 510
22.227598 509
22.392633 508
23.041516 507
23.441057 506
23.880943 505
24.27988 504
24.642541 503
25.078569 502
25.46068 501
25.784822 500
26.072659 499
26.53272 498
26.716506 497
27.036861 496
27.373549 495
27.699186 494
27.90058 493
28.31442 492
28.576085 491
28.943367 490
29.219485 489
29.614854 488
29.899659 487
30.301131 486
30.600935 485
30.924473 484
31.186481 483
31.462663 482
31.83179 481
32.13006 480
32.431063 479
32.743567 478
32.971137 477
33.424914 476
33.782382 475
33.823401 474
34.299107 473
34.563721 472
34.787047 471
35.111652 470
35.425563 469
35.800137 468
36.09998 467
36.404448 466
36.664325 465
36.978546 464
37.271704 463
37.573772 462
37.834993 461
38.10712 460
38.428108 459
38.702416 458
39.032213 457
39.343638 456
39.569999 455
39.804756 454
40.13191 453
40.359147 452
40.677878 451
40.821657 450
41.213499 449
41.467358 448
41.763045 447
41.985631 446
42.240465 445
42.465532 444
42.635045 443
42.814548 442
43.037434 441
43.20665 440
43.396378 439
43.639874 438
43.892865 437
44.068167 436
44.18838 435
44.418309 434
44.655917 433
44.818216 432
45.016556 431
45.140958 430
45.241798 429
45.38946 428
45.481766 427
45.517413 426
45.684388 425
45.850398 424
45.910475 423
46.001265 422
46.126614 421
46.161211 420
46.295685 419
46.341361 418
46.467626 417
46.55694 416
46.678471 415
46.775989 414
46.835826 413
46.884076 412
47.002995 411
47.043354 410
47.115179 409
47.164887 408
47.217701 407
47.292784 406
47.346789 405
47.382008 404
47.425875 403
47.466078 402
47.498974 401
