0.0 276
0.599101 275
1.338915 274
2.297902 273
3.236964 272
3.673646 271
4.06211 270
4.375494 269
4.804982 268
5.212824 267
5.626673 266
6.010704 265
6.385207 264
6.674141 263
7.175984 262
7.492388 261
7.944714 260
8.334979 259
8.638144 258
8.894481 257
9.268542 256
9.508441 255
9.93035 254
10.268762 253
10.597265 252
10.963565 251
11.221425 250
11.518624 249
12.085998 248
12.481808 247
12.745654 246
13.198984 245
13.527738 244
13.798443 243
14.071988 242
14.435274 241
14.704906 240
15.05106 239
15.316583 238
15.675592 237
15.99169 236
16.373649 235
16.654909 234
17.085793 233
17.416958 232
17.735421 231
18.097781 230
18.211386 229
18.782512 228
19.143183 227
19.653649 226
20.09001 225
20.409584 224
20.732229 223
20.862388 222
21.191737 221
21.471607 220
21.790047 219
22.172681 218
22.385945 217
22.674001 216
22.944235 215
23.125085 214
23.451569 213
23.633531 212
23.947548 211
24.164348 210
24.365997 209
24.653951 208
24.891312 207
25.156275 206
25.332294 205
25.572005 204
25.804665 203
26.046721 202
