0.0 268
0.701425 267
1.659776 266
2.619407 265
3.20647 264
3.608745 263
4.068701 262
4.408814 261
4.440677 260
4.987848 259
5.285122 258
5.610256 257
6.001975 256
6.311223 255
6.770051 254
6.93445 253
7.347434 252
7.611456 251
8.005394 250
8.31314 249
8.529615 248
8.957181 247
9.242603 246
9.624076 245
9.973087 244
10.260218 243
10.613142 242
11.02112 241
11.380075 240
11.719222 239
11.989038 238
12.428808 237
12.689736 236
12.88142 235
13.163273 234
13.467089 233
13.824446 232
14.207519 231
14.511956 230
14.802382 229
15.183849 228
15.511635 227
15.663809 226
15.954191 225
16.306622 224
16.662989 223
16.900795 222
17.196381 221
17.545814 220
18.056254 219
18.261625 218
18.61311 217
18.936786 216
19.168511 215
19.604205 214
19.876586 213
20.073419 212
20.469023 211
20.743576 210
20.91827 209
21.260554 208
21.464853 207
21.625493 206
21.649488 205
21.672804 204
22.208074 203
22.453753 202
22.750876 201
22.961241 200
