0.0 532
1.272428 531
2.194325 530
2.645874 529
3.399481 528
4.003812 527
4.675285 526
5.089161 525
5.540956 524
5.992057 523
6.407595 522
6.872417 521
7.313619 520
7.85298 519
8.408998 518
8.96503 517
9.37223 516
10.018595 515
10.68014 514
11.28484 513
11.963113 512
12.315475 511
12.809263 510
13.37201 509
13.735121 508
14.305133 507
14.599635 506
15.087013 505
15.469532 504
15.958157 503
16.368117 502
17.142168 501
17.513786 500
18.095961 499
18.488038 498
18.685925 497
19.211293 496
19.691356 495
19.927796 494
20.499397 493
20.929418 492
21.416199 491
21.814402 490
22.172045 489
22.4621 488
22.985678 487
23.401139 486
23.784987 485
24.103319 484
24.47951 483
24.806897 482
25.236281 481
25.58328 480
25.920346 479
26.306482 478
26.668127 477
26.982319 476
27.295641 475
27.585757 474
27.862247 473
28.133964 472
28.575412 471
28.805421 470
29.276874 469
29.570027 468
29.839199 467
30.161841 466
30.494683 465
30.824889 464
31.111253 463
31.510382 462
31.744736 461
32.006519 460
32.330746 459
32.712027 458
33.034476 457
33.33999 456
33.644908 455
33.888609 454
34.197118 453
34.49183 452
34.854758 451
35.11625 450
35.412777 449
35.695137 448
35.940841 447
36.260768 446
36.613857 445
36.685233 444
37.006571 443
37.319758 442
37.580219 441
37.866337 440
38.072158 439
38.36456 438
38.602275 437
38.845366 436
39.18595 435
39.404259 434
39.604754 433
39.822947 432
40.007674 431
40.179525 430
40.467293 429
40.657063 428
40.89065 427
41.075711 426
41.361291 425
41.487667 424
41.660417 423
41.863536 422
42.064347 421
42.258885 420
42.486142 419
42.639121 418
42.829934 417
43.041503 416
43.15973 415
43.287687 414
43.456046 413
43.562054 412
43.710082 411
43.792035 410
43.88678 409
44.002279 408
44.138951 407
44.24483 406
44.308261 405
44.341907 404
44.523875 403
44.603828 402
44.637403 401
44.77852 400
44.809888 399
44.842522 398
44.874853 397
45.026995 396
45.084922 395
45.174648 394
