0.0 207
1.748545 206
2.922416 205
3.831795 204
4.753228 203
5.818233 202
6.6366 201
7.68184 200
8.515034 199
9.428704 198
10.39787 197
11.390986 196
12.368391 195
13.430187 194
14.227248 193
15.23226 192
16.10532 191
17.224761 190
18.188582 189
19.184752 188
20.121414 187
20.881508 186
21.564436 185
22.368817 184
23.103479 183
23.779932 182
24.375852 181
25.056239 180
25.773077 179
26.410395 178
26.952163 177
27.512905 176
28.134826 175
28.813712 174
29.332344 173
29.903281 172
30.486588 171
31.119581 170
31.532166 169
32.115999 168
32.54496 167
33.027201 166
33.590694 165
34.072551 164
34.652347 163
35.153534 162
35.708072 161
36.079311 160
36.641562 159
37.086044 158
37.614202 157
37.994127 156
