0.0 529
1.137316 528
2.3572 527
3.282258 526
4.099836 525
4.843721 524
5.363956 523
5.908576 522
6.335316 521
6.889034 520
7.281513 519
7.893524 518
8.277624 517
8.690011 516
9.114365 515
9.696348 514
10.160326 513
10.712045 512
11.263123 511
11.732017 510
12.137338 509
12.704357 508
13.184996 507
13.707281 506
14.145143 505
14.521311 504
15.169945 503
15.654349 502
16.091445 501
16.540363 500
16.936928 499
17.423809 498
17.92821 497
18.373938 496
18.777734 495
19.450835 494
20.040979 493
20.665235 492
21.136259 491
21.58782 490
22.030039 489
22.215488 488
22.873598 487
23.382501 486
23.670796 485
24.187847 484
24.547541 483
24.901538 482
25.305718 481
25.75944 480
26.20388 479
26.68716 478
27.207512 477
27.564933 476
27.992968 475
28.279555 474
28.656572 473
29.034108 472
29.342463 471
29.731403 470
30.075395 469
30.406914 468
30.765245 467
30.958077 466
31.363332 465
31.577572 464
31.859404 463
32.140496 462
32.44489 461
32.769177 460
33.022561 459
33.296209 458
33.793687 457
34.128874 456
34.447271 455
34.65659 454
34.966287 453
35.231882 452
35.533618 451
35.727292 450
36.006584 449
36.329971 448
36.535454 447
36.870746 446
37.122973 445
37.415713 444
37.690993 443
37.954816 442
38.222406 441
38.553901 440
38.747203 439
39.09262 438
39.335685 437
39.568835 436
39.832221 435
39.983962 434
40.25871 433
40.538879 432
40.771066 431
41.039677 430
41.315137 429
41.484898 428
41.731328 427
41.960672 426
42.245202 425
42.430592 424
42.621248 423
42.841009 422
42.875602 421
43.152645 420
43.375233 419
43.576827 418
43.752379 417
43.948689 416
44.180622 415
44.369443 414
44.571965 413
44.791115 412
44.937727 411
45.169615 410
45.369152 409
45.540995 408
45.623102 407
45.771069 406
45.89968 405
46.020009 404
46.169063 403
46.30975 402
46.420933 401
46.525935 400
