0.0 214
1.373905 213
3.795998 212
5.025827 211
6.182722 210
7.22029 209
8.216766 208
9.15351 207
10.10547 206
11.153513 205
12.130737 204
12.938324 203
13.978974 202
15.1446 201
16.211992 200
17.119857 199
18.166444 198
19.012531 197
20.241759 196
21.303108 195
22.251477 194
23.031557 193
23.55329 192
24.410846 191
25.199927 190
25.970286 189
26.655187 188
27.531181 187
28.140847 186
28.633758 185
29.312868 184
29.989935 183
30.64156 182
31.047571 181
31.651579 180
32.22267 179
32.767283 178
33.401486 177
34.005977 176
34.658201 175
35.31048 174
35.795176 173
36.429008 172
37.019634 171
37.522444 170
37.927413 169
38.458896 168
38.958647 167
39.455305 166
39.907409 165
40.355587 164
40.883711 163
41.289772 162
41.77769 161
42.210676 160
42.619843 159
43.013908 158
43.435461 157
43.781594 156
44.138966 155
44.443259 154
