0.0 273
0.221184 272
1.39462 271
2.064571 270
2.88884 269
3.534624 268
4.228539 267
4.724836 266
5.27966 265
5.767362 264
6.217285 263
6.460225 262
6.897827 261
7.138816 260
7.456951 259
7.852844 258
8.216886 257
8.657209 256
9.001282 255
9.292003 254
9.632089 253
10.057007 252
10.213174 251
10.672484 250
11.015474 249
11.351849 248
11.706199 247
12.079755 246
12.423116 245
12.732271 244
13.059595 243
13.491493 242
13.791212 241
14.118397 240
14.570112 239
14.84082 238
15.057327 237
15.567537 236
15.824233 235
16.154997 234
16.521149 233
16.833352 232
17.202078 231
17.483349 230
17.808419 229
18.143595 228
18.448565 227
18.758473 226
19.04105 225
19.374351 224
19.844299 223
20.196399 222
20.571807 221
20.939137 220
20.965436 219
21.384576 218
21.728273 217
21.969258 216
22.234617 215
22.468163 214
22.787917 213
23.089814 212
23.277417 211
23.518366 210
23.94928 209
24.210615 208
24.477165 207
24.738584 206
24.99428 205
25.304665 204
25.490984 203
25.632749 202
25.917728 201
25.97087 200
26.267301 199
