0.0 273
0.960208 272
1.781952 271
2.41507 270
2.91838 269
3.53796 268
3.981585 267
4.274054 266
4.600452 265
4.999398 264
5.557764 263
5.851129 262
6.216908 261
6.592057 260
6.959422 259
7.302125 258
7.466059 257
7.823747 256
8.191207 255
8.564247 254
8.950458 253
9.341816 252
9.62234 251
9.9395 250
10.387083 249
10.703441 248
11.076637 247
11.43338 246
11.82329 245
12.234851 244
12.563345 243
12.730323 242
13.153024 241
13.480899 240
13.866973 239
14.165684 238
14.510593 237
14.751346 236
15.158339 235
15.438423 234
15.798155 233
16.095831 232
16.416399 231
16.75462 230
17.053382 229
17.240827 228
17.72295 227
18.272858 226
18.590147 225
18.653156 224
19.062338 223
19.338556 222
19.643209 221
19.979469 220
20.20976 219
20.58551 218
20.811965 217
21.053071 216
21.378403 215
21.592762 214
21.818014 213
22.057709 212
22.380525 211
22.670297 210
22.9423 209
23.100747 208
23.367094 207
23.517994 206
23.747952 205
23.912084 204
24.207599 203
24.232543 202
24.594893 201
