0.0 542
0.867646 541
2.185453 540
2.869007 539
3.451964 538
4.22052 537
4.660862 536
5.077739 535
5.577065 534
6.067198 533
6.716824 532
7.20597 531
7.696469 530
8.199964 529
8.604032 528
9.257345 527
9.792459 526
10.17057 525
10.81174 524
11.308741 523
11.786752 522
12.1907 521
12.879746 520
13.32845 519
13.851929 518
14.449157 517
14.952352 516
15.389994 515
15.695831 514
16.408093 513
16.866883 512
17.272863 511
17.714824 510
18.392122 509
18.726556 508
19.336928 507
19.678589 506
19.968733 505
20.571578 504
21.103871 503
21.562168 502
22.091442 501
22.509519 500
22.933419 499
23.301024 498
23.343616 497
23.883258 496
24.416226 495
24.76723 494
24.953379 493
24.994231 492
25.529591 491
26.070905 490
26.413413 489
26.702372 488
27.025779 487
27.416469 486
27.740215 485
27.942154 484
28.257449 483
28.669883 482
28.9476 481
29.258049 480
29.644624 479
29.895287 478
30.26835 477
30.520728 476
30.85144 475
31.193087 474
31.517126 473
31.878611 472
32.169586 471
32.570218 470
32.832888 469
33.227821 468
33.55012 467
33.835996 466
34.140978 465
34.490474 464
34.727595 463
35.00719 462
35.347277 461
35.682017 460
35.958249 459
36.26388 458
36.528398 457
36.799123 456
37.061108 455
37.314138 454
37.682202 453
37.891251 452
38.141169 451
38.436998 450
38.760535 449
38.981406 448
39.245118 447
39.469097 446
39.758397 445
40.09148 444
40.272908 443
40.474726 442
40.776797 441
40.931572 440
41.099204 439
41.337937 438
41.473744 437
41.731232 436
41.907682 435
42.124148 434
42.3776 433
42.570312 432
42.785326 431
42.978343 430
43.183859 429
43.351384 428
43.387701 427
43.601845 426
43.90786 425
44.060745 424
44.183265 423
44.307578 422
44.462722 421
44.579638 420
44.693989 419
44.80893 418
44.940894 417
45.024374 416
45.125079 415
45.22715 414
45.312669 413
45.434038 412
45.472334 411
45.580992 410
45.672271 409
45.769326 408
45.926606 407
45.977516 406
46.038457 405
46.127378 404
46.214076 403
46.279702 402
46.328842 401
46.387803 400
46.438411 399
46.474906 398
