0.0 120
0.026276 119
0.095423 118
0.110583 117
0.523308 116
0.531574 115
0.761353 114
0.784922 113
0.963275 112
1.031963 111
1.308879 110
1.439725 109
1.511094 108
1.773067 107
1.867147 106
2.089184 105
2.271099 104
2.537239 103
2.844118 102
3.177788 101
3.495266 100
3.535772 99
3.693501 98
3.977436 97
4.086085 96
4.241392 95
4.253641 94
4.379841 93
4.539431 92
4.58219 91
4.58877 90
4.72358 89
4.802515 88
4.881351 87
4.946459 86
4.958678 85
5.134542 84
5.144123 83
5.193668 82
5.348269 81
5.511797 80
5.546523 79
