0.0 274
0.189729 273
0.867819 272
1.547232 271
2.442835 270
3.02856 269
3.987802 268
4.463132 267
4.890971 266
5.23854 265
5.726096 264
6.15403 263
6.607721 262
6.959802 261
7.355183 260
7.720305 259
8.182252 258
8.421591 257
8.764679 256
9.081752 255
9.412689 254
9.739731 253
10.041648 252
10.330863 251
10.746797 250
11.024088 249
11.366324 248
11.548718 247
11.936953 246
12.319809 245
12.58623 244
12.897828 243
13.382437 242
13.728221 241
14.121416 240
14.406741 239
14.72602 238
15.041137 237
15.217701 236
15.60539 235
15.908149 234
16.195772 233
16.4673 232
16.81681 231
17.135328 230
17.471765 229
17.734403 228
18.122958 227
18.301208 226
18.696414 225
18.939032 224
19.134353 223
19.699526 222
19.990125 221
20.32512 220
20.702866 219
21.018499 218
21.295097 217
21.638081 216
21.809169 215
22.028772 214
22.172432 213
22.562089 212
22.731059 211
23.082922 210
23.325487 209
23.657174 208
23.916859 207
24.202679 206
24.417545 205
24.582867 204
24.839681 203
25.067793 202
25.307079 201
25.478148 200
25.721149 199
25.964615 198
