0.0 120
0.406928 119
1.240546 118
1.993177 117
2.733642 116
3.89133 115
4.422781 114
4.812736 113
5.116726 112
5.143973 111
5.620356 110
6.011393 109
6.220901 108
6.506004 107
6.784946 106
7.208871 105
7.339845 104
7.827165 103
7.957708 102
8.302477 101
8.546 100
8.676475 99
9.04789 98
9.202252 97
9.395217 96
9.67017 95
9.708538 94
9.937424 93
10.349091 92
10.543184 91
10.695725 90
10.902488 89
11.082204 88
11.281518 87
11.458073 86
11.641152 85
11.888605 84
11.917099 83
12.101093 82
12.377325 81
12.647932 80
12.865102 79
