0.0 523
0.782449 522
1.471398 521
2.349051 520
3.47798 519
4.406095 518
4.908272 517
5.380299 516
5.843523 515
6.385925 514
6.944609 513
7.451686 512
8.000982 511
8.502688 510
8.987916 509
9.465578 508
9.988007 507
10.408699 506
11.015054 505
11.589144 504
12.058918 503
12.576939 502
13.092958 501
13.558957 500
14.173462 499
14.699668 498
15.093304 497
15.682549 496
16.187576 495
16.589559 494
16.920704 493
17.525552 492
18.082326 491
18.525 490
18.888433 489
19.177371 488
19.875695 487
20.231723 486
20.935307 485
21.392312 484
21.810342 483
22.252772 482
22.370834 481
23.010728 480
23.427074 479
23.836262 478
24.272258 477
24.617797 476
25.037976 475
25.449276 474
25.769068 473
26.218736 472
26.589014 471
27.052602 470
27.430186 469
27.683427 468
27.723868 467
28.184317 466
28.409263 465
28.708734 464
29.089872 463
29.301655 462
29.627314 461
29.914679 460
30.002896 459
30.410921 458
30.717782 457
31.04341 456
31.342276 455
31.381315 454
31.789779 453
32.07942 452
32.395401 451
32.688732 450
32.971654 449
33.32134 448
33.510046 447
33.88743 446
34.284831 445
34.485256 444
34.817323 443
35.079199 442
35.115962 441
35.504997 440
35.724601 439
35.972869 438
36.272236 437
36.555905 436
36.807398 435
37.061512 434
37.424293 433
37.64342 432
37.979548 431
38.176771 430
38.506574 429
38.737793 428
39.029194 427
39.252367 426
39.288582 425
39.602459 424
39.869991 423
40.039349 422
40.359107 421
40.635391 420
40.887967 419
41.183933 418
41.440542 417
41.63449 416
41.6696 415
41.980371 414
42.187466 413
42.33166 412
42.620361 411
42.845318 410
43.042093 409
43.294451 408
43.395855 407
43.618922 406
43.84639 405
44.058672 404
44.232353 403
44.411074 402
44.613279 401
44.792961 400
44.977399 399
45.199157 398
45.308134 397
45.580131 396
45.800653 395
