0.0 311
4.387521 310
6.486895 309
8.53491 308
10.448874 307
11.98384 306
13.264381 305
15.295088 304
16.870022 303
18.299876 302
20.24113 301
21.784667 300
23.383701 299
24.712246 298
26.387567 297
27.798334 296
29.138772 295
31.106252 294
32.923974 293
34.655136 292
36.102379 291
37.158365 290
38.974275 289
41.102312 288
42.353594 287
43.866552 286
44.936799 285
46.287826 284
47.817052 283
49.396448 282
50.725782 281
51.659789 280
52.493877 279
53.125918 278
53.792079 277
54.700399 276
55.570455 275
56.234504 274
56.841625 273
57.405695 272
58.141393 271
58.865572 270
59.929838 269
60.878411 268
61.584905 267
62.301308 266
63.072432 265
64.040175 264
65.187478 263
65.936272 262
66.791855 261
67.918791 260
68.657111 259
69.399132 258
70.156233 257
70.994978 256
71.865033 255
72.710537 254
73.326822 253
74.25492 252
75.059277 251
75.601573 250
76.244569 249
77.048016 248
77.940626 247
78.795917 246
79.461653 245
80.0556 244
80.759094 243
81.371917 242
81.936343 241
82.558734 240
83.151642 239
83.735727 238
84.262409 237
84.742266 236
85.242616 235
85.675169 234
86.153845 233
86.594445 232
87.035859 231
87.841555 230
