0.0 205
2.070608 204
4.117768 203
5.342775 202
6.610626 201
7.610585 200
8.594822 199
9.543554 198
10.500318 197
11.419368 196
12.314628 195
13.282258 194
14.170285 193
15.105348 192
16.053879 191
16.934742 190
17.80933 189
18.61797 188
19.731467 187
20.655894 186
21.727322 185
22.464196 184
23.206699 183
24.032249 182
24.906318 181
25.571056 180
26.284493 179
27.006471 178
27.536151 177
28.149925 176
28.718397 175
29.402699 174
29.958224 173
30.561578 172
31.13346 171
31.70054 170
32.198122 169
32.764866 168
33.366102 167
33.99709 166
34.558543 165
35.247023 164
35.667105 163
36.194173 162
36.707268 161
37.249085 160
37.714168 159
38.226144 158
38.637132 157
39.038309 156
39.526201 155
40.009975 154
40.451617 153
40.878615 152
41.308619 151
