0.0 267
0.86136 266
1.992069 265
2.665462 264
3.192914 263
3.666371 262
3.882483 261
4.501074 260
4.852412 259
5.110952 258
5.442031 257
5.785669 256
6.158664 255
6.623888 254
6.81415 253
7.103704 252
7.513515 251
7.878982 250
8.223349 249
8.672971 248
8.943699 247
9.458489 246
9.651492 245
10.105659 244
10.430412 243
10.844928 242
11.216439 241
11.650453 240
11.930314 239
12.295679 238
12.639041 237
13.020937 236
13.177008 235
13.644694 234
14.109379 233
14.345872 232
14.591085 231
15.024642 230
15.262471 229
15.672867 228
15.941268 227
16.18428 226
16.520794 225
16.835846 224
17.191235 223
17.381048 222
17.670374 221
18.215636 220
18.562377 219
18.701476 218
19.13875 217
19.333408 216
19.586472 215
19.940785 214
20.213676 213
20.532593 212
20.757574 211
20.961571 210
21.279509 209
21.515182 208
21.733125 207
22.069123 206
22.238231 205
22.533262 204
22.750631 203
