0.0 318
1.917162 317
2.731845 316
3.850619 315
4.797606 314
5.417224 313
6.307979 312
7.020415 311
7.699664 310
8.259067 309
9.132056 308
9.916745 307
10.704393 306
11.523898 305
12.41104 304
13.16187 303
13.94748 302
14.720986 301
15.516218 300
16.173379 299
17.022334 298
17.59685 297
18.359222 296
19.358357 295
20.032205 294
20.876565 293
21.636628 292
22.342267 291
22.90044 290
23.502019 289
24.108577 288
24.75848 287
25.361367 286
25.812827 285
26.289546 284
26.8885 283
27.48711 282
28.048186 281
28.487908 280
28.936367 279
29.502923 278
29.980297 277
30.40316 276
30.880101 275
31.379262 274
31.645455 273
32.270554 272
32.643954 271
33.331617 270
33.813614 269
34.170615 268
34.681246 267
35.11446 266
35.626984 265
36.065546 264
36.476867 263
36.898674 262
37.289613 261
37.802255 260
38.17929 259
38.55026 258
38.930494 257
39.317575 256
39.628739 255
40.101465 254
40.412319 253
40.860398 252
41.181479 251
41.561085 250
41.919574 249
42.201127 248
42.507684 247
42.773336 246
43.045916 245
43.34633 244
43.598405 243
43.838203 242
43.893308 241
44.199873 240
44.39969 239
44.608227 238
44.800766 237
44.968923 236
45.073269 235
45.286585 234
45.431481 233
