0.0 271
0.29732 270
0.890446 269
1.381459 268
1.944316 267
2.721171 266
3.399705 265
4.392815 264
4.869639 263
5.349551 262
5.863852 261
6.221363 260
6.6302 259
6.938447 258
7.451357 257
7.642336 256
8.007722 255
8.322195 254
8.715249 253
9.112944 252
9.504652 251
9.693638 250
10.010682 249
10.208853 248
10.608914 247
10.904843 246
11.251748 245
11.690201 244
11.995181 243
12.311676 242
12.533121 241
12.906373 240
13.261401 239
13.681978 238
13.932242 237
14.310532 236
14.516136 235
14.870997 234
15.177779 233
15.403765 232
15.745422 231
16.042749 230
16.358441 229
16.763883 228
17.014948 227
17.45261 226
17.706719 225
17.986143 224
18.246341 223
18.456989 222
18.678601 221
19.035358 220
19.422324 219
19.869931 218
20.294496 217
20.606571 216
21.036488 215
21.344129 214
21.516144 213
21.56379 212
21.940341 211
22.164242 210
22.469096 209
22.720471 208
23.042066 207
23.207642 206
23.48594 205
23.763142 204
24.099712 203
24.266274 202
